[2022-08-23T09:08:45.295Z] ログ レベル: Info
[2022-08-23T09:08:45.301Z] [info] Git の検証が検出されました: git
[2022-08-23T09:08:45.333Z] [info] git から Git 2.34.1 を使用しています
[2022-08-23T09:08:45.372Z] > git rev-parse --show-toplevel [24ms]
[2022-08-23T09:08:45.386Z] > git rev-parse --git-dir --git-common-dir [1ms]
[2022-08-23T09:08:45.392Z] [info] Open repository: /home/miura
[2022-08-23T09:08:45.465Z] > git status -z -uall [63ms]
[2022-08-23T09:08:45.476Z] > git symbolic-ref --short HEAD [1ms]
[2022-08-23T09:08:45.486Z] > git for-each-ref --format=%(refname)%00%(upstream:short)%00%(objectname)%00%(upstream:track)%00%(upstream:remotename)%00%(upstream:remoteref) refs/heads/master refs/remotes/master [1ms]
[2022-08-23T09:08:45.503Z] > git remote --verbose [2ms]
[2022-08-23T09:08:45.503Z] > git for-each-ref --sort -committerdate --format %(refname) %(objectname) %(*objectname) [9ms]
[2022-08-23T09:08:45.517Z] > git config --get commit.template [1ms]
[2022-08-23T09:08:45.580Z] > git status -z -uall [54ms]
[2022-08-23T09:08:45.590Z] > git symbolic-ref --short HEAD [1ms]
[2022-08-23T09:08:45.598Z] > git for-each-ref --format=%(refname)%00%(upstream:short)%00%(objectname)%00%(upstream:track)%00%(upstream:remotename)%00%(upstream:remoteref) refs/heads/master refs/remotes/master [1ms]
[2022-08-23T09:08:45.645Z] > git remote --verbose [31ms]
[2022-08-23T09:08:45.645Z] > git for-each-ref --sort -committerdate --format %(refname) %(objectname) %(*objectname) [38ms]
[2022-08-23T09:08:45.659Z] > git config --get commit.template [1ms]
[2022-08-23T09:08:46.237Z] > git show --textconv :index.py [11ms]
[2022-08-23T09:08:46.241Z] > git ls-files --stage -- /home/miura/index.py [5ms]
[2022-08-23T09:08:46.251Z] > git cat-file -s 714fc71f387addc60c00b1a29d802f90de3f212b [1ms]
[2022-08-23T09:08:46.487Z] > git check-ignore -v -z --stdin [17ms]
[2022-08-23T09:08:52.818Z] > git show --textconv :.gitconfig [11ms]
[2022-08-23T09:08:52.823Z] > git ls-files --stage -- /home/miura/.gitconfig [6ms]
[2022-08-23T09:08:59.718Z] > git show --textconv :index.py [7ms]
[2022-08-23T09:08:59.721Z] > git ls-files --stage -- /home/miura/index.py [4ms]
[2022-08-23T09:08:59.727Z] > git cat-file -s 714fc71f387addc60c00b1a29d802f90de3f212b [1ms]
[2022-08-23T09:09:00.548Z] > git status -z -uall [53ms]
[2022-08-23T09:09:00.555Z] > git symbolic-ref --short HEAD [1ms]
[2022-08-23T09:09:00.561Z] > git for-each-ref --format=%(refname)%00%(upstream:short)%00%(objectname)%00%(upstream:track)%00%(upstream:remotename)%00%(upstream:remoteref) refs/heads/master refs/remotes/master [1ms]
[2022-08-23T09:09:00.571Z] > git for-each-ref --sort -committerdate --format %(refname) %(objectname) %(*objectname) [5ms]
[2022-08-23T09:09:00.571Z] > git remote --verbose [1ms]
[2022-08-23T09:09:00.580Z] > git config --get commit.template [1ms]
[2022-08-23T09:09:04.770Z] > git show --textconv :.env [5ms]
[2022-08-23T09:09:04.775Z] > git ls-files --stage -- /home/miura/.env [5ms]
[2022-08-23T09:09:05.968Z] > git show --textconv :.gitignore [6ms]
[2022-08-23T09:09:05.972Z] > git ls-files --stage -- /home/miura/.gitignore [5ms]
[2022-08-23T09:09:05.977Z] > git cat-file -s 2eea525d885d5148108f6f3a9a8613863f783d36 [1ms]
[2022-08-23T09:09:13.210Z] > git show --textconv :.lesshst [6ms]
[2022-08-23T09:09:13.214Z] > git ls-files --stage -- /home/miura/.lesshst [4ms]
