[2022-08-15 17:31:13.289] [exthost] [info] Extension host with pid 6410 started
[2022-08-15 17:31:13.299] [exthost] [info] Lock '/home/miura/.vscode-server/data/User/workspaceStorage/79b5f0cc56094051dcea441296b611d0/vscode.lock': Lock acquired.
[2022-08-15 17:31:13.636] [exthost] [info] ExtensionService#_doActivateExtension ms-python.python, startup: false, activationEvent: 'onLanguage:python'
[2022-08-15 17:31:13.900] [exthost] [info] ExtensionService#_doActivateExtension ms-toolsai.jupyter, startup: false, activationEvent: 'onLanguage:python'
[2022-08-15 17:31:14.199] [exthost] [info] ExtensionService#_doActivateExtension vscode.debug-auto-launch, startup: true, activationEvent: '*'
[2022-08-15 17:31:14.202] [exthost] [info] ExtensionService#_doActivateExtension vscode.git-base, startup: true, activationEvent: '*', root cause: vscode.git
[2022-08-15 17:31:14.207] [exthost] [info] ExtensionService#_doActivateExtension vscode.ipynb, startup: true, activationEvent: '*'
[2022-08-15 17:31:15.244] [exthost] [info] ExtensionService#_doActivateExtension vscode.git, startup: true, activationEvent: '*'
[2022-08-15 17:31:15.311] [exthost] [info] ExtensionService#_doActivateExtension vscode.github, startup: true, activationEvent: '*'
[2022-08-15 17:31:15.819] [exthost] [info] ExtensionService#_doActivateExtension ms-toolsai.jupyter-renderers, startup: false, activationEvent: 'api', root cause: ms-toolsai.jupyter
[2022-08-15 17:31:15.984] [exthost] [info] ExtensionService#_doActivateExtension vscode.emmet, startup: false, activationEvent: 'onStartupFinished'
[2022-08-15 17:31:16.001] [exthost] [info] ExtensionService#_doActivateExtension vscode.merge-conflict, startup: false, activationEvent: 'onStartupFinished'
[2022-08-15 17:31:16.005] [exthost] [info] Eager extensions activated
[2022-08-15 17:31:16.152] [exthost] [info] ExtensionService#_doActivateExtension ms-python.vscode-pylance, startup: false, activationEvent: 'onLanguage:python'
[2022-08-15 17:31:18.560] [exthost] [info] ExtensionService#_doActivateExtension vscode.configuration-editing, startup: false, activationEvent: 'onLanguage:jsonc'
[2022-08-15 17:31:18.565] [exthost] [info] ExtensionService#_doActivateExtension vscode.json-language-features, startup: false, activationEvent: 'onLanguage:jsonc'
[2022-08-15 17:31:18.626] [exthost] [info] ExtensionService#_doActivateExtension vscode.typescript-language-features, startup: false, activationEvent: 'onLanguage:jsonc'
[2022-08-15 17:41:36.021] [exthost] [error] [ms-python.python] provider FAILED
[2022-08-15 17:41:36.021] [exthost] [error] Error: name must not be falsy
	at Function.validate (/home/miura/.vscode-server/bin/6d9b74a70ca9c7733b29f0456fd8195364076dda/out/vs/workbench/api/node/extensionHostProcess.js:78:131745)
	at new t (/home/miura/.vscode-server/bin/6d9b74a70ca9c7733b29f0456fd8195364076dda/out/vs/workbench/api/node/extensionHostProcess.js:78:131694)
	at new t (/home/miura/.vscode-server/bin/6d9b74a70ca9c7733b29f0456fd8195364076dda/out/vs/workbench/api/node/extensionHostProcess.js:78:117222)
	at G (/home/miura/.vscode-server/extensions/ms-python.python-2022.12.0/out/client/extension.js:2:2297898)
	at c (/home/miura/.vscode-server/extensions/ms-python.python-2022.12.0/out/client/extension.js:2:2335083)
	at Object.t.map (/home/miura/.vscode-server/extensions/ms-python.python-2022.12.0/out/client/extension.js:2:2335169)
	at Object.asDocumentSymbols (/home/miura/.vscode-server/extensions/ms-python.python-2022.12.0/out/client/extension.js:2:2305716)
	at /home/miura/.vscode-server/extensions/ms-python.python-2022.12.0/out/client/extension.js:2:2244261
	at async a.provideDocumentSymbols (/home/miura/.vscode-server/bin/6d9b74a70ca9c7733b29f0456fd8195364076dda/out/vs/workbench/api/node/extensionHostProcess.js:87:37442)
[2022-08-15 17:41:37.071] [exthost] [error] [ms-python.python] provider FAILED
[2022-08-15 17:41:37.071] [exthost] [error] Error: name must not be falsy
	at Function.validate (/home/miura/.vscode-server/bin/6d9b74a70ca9c7733b29f0456fd8195364076dda/out/vs/workbench/api/node/extensionHostProcess.js:78:131745)
	at new t (/home/miura/.vscode-server/bin/6d9b74a70ca9c7733b29f0456fd8195364076dda/out/vs/workbench/api/node/extensionHostProcess.js:78:131694)
	at new t (/home/miura/.vscode-server/bin/6d9b74a70ca9c7733b29f0456fd8195364076dda/out/vs/workbench/api/node/extensionHostProcess.js:78:117222)
	at G (/home/miura/.vscode-server/extensions/ms-python.python-2022.12.0/out/client/extension.js:2:2297898)
	at c (/home/miura/.vscode-server/extensions/ms-python.python-2022.12.0/out/client/extension.js:2:2335083)
	at Object.t.map (/home/miura/.vscode-server/extensions/ms-python.python-2022.12.0/out/client/extension.js:2:2335169)
	at Object.asDocumentSymbols (/home/miura/.vscode-server/extensions/ms-python.python-2022.12.0/out/client/extension.js:2:2305716)
	at /home/miura/.vscode-server/extensions/ms-python.python-2022.12.0/out/client/extension.js:2:2244261
	at async a.provideDocumentSymbols (/home/miura/.vscode-server/bin/6d9b74a70ca9c7733b29f0456fd8195364076dda/out/vs/workbench/api/node/extensionHostProcess.js:87:37442)
[2022-08-15 17:41:37.680] [exthost] [error] [ms-python.python] provider FAILED
[2022-08-15 17:41:37.680] [exthost] [error] Error: name must not be falsy
	at Function.validate (/home/miura/.vscode-server/bin/6d9b74a70ca9c7733b29f0456fd8195364076dda/out/vs/workbench/api/node/extensionHostProcess.js:78:131745)
	at new t (/home/miura/.vscode-server/bin/6d9b74a70ca9c7733b29f0456fd8195364076dda/out/vs/workbench/api/node/extensionHostProcess.js:78:131694)
	at new t (/home/miura/.vscode-server/bin/6d9b74a70ca9c7733b29f0456fd8195364076dda/out/vs/workbench/api/node/extensionHostProcess.js:78:117222)
	at G (/home/miura/.vscode-server/extensions/ms-python.python-2022.12.0/out/client/extension.js:2:2297898)
	at c (/home/miura/.vscode-server/extensions/ms-python.python-2022.12.0/out/client/extension.js:2:2335083)
	at Object.t.map (/home/miura/.vscode-server/extensions/ms-python.python-2022.12.0/out/client/extension.js:2:2335169)
	at Object.asDocumentSymbols (/home/miura/.vscode-server/extensions/ms-python.python-2022.12.0/out/client/extension.js:2:2305716)
	at /home/miura/.vscode-server/extensions/ms-python.python-2022.12.0/out/client/extension.js:2:2244261
	at async a.provideDocumentSymbols (/home/miura/.vscode-server/bin/6d9b74a70ca9c7733b29f0456fd8195364076dda/out/vs/workbench/api/node/extensionHostProcess.js:87:37442)
[2022-08-15 17:41:38.189] [exthost] [error] [ms-python.python] provider FAILED
[2022-08-15 17:41:38.189] [exthost] [error] Error: name must not be falsy
	at Function.validate (/home/miura/.vscode-server/bin/6d9b74a70ca9c7733b29f0456fd8195364076dda/out/vs/workbench/api/node/extensionHostProcess.js:78:131745)
	at new t (/home/miura/.vscode-server/bin/6d9b74a70ca9c7733b29f0456fd8195364076dda/out/vs/workbench/api/node/extensionHostProcess.js:78:131694)
	at new t (/home/miura/.vscode-server/bin/6d9b74a70ca9c7733b29f0456fd8195364076dda/out/vs/workbench/api/node/extensionHostProcess.js:78:117222)
	at G (/home/miura/.vscode-server/extensions/ms-python.python-2022.12.0/out/client/extension.js:2:2297898)
	at c (/home/miura/.vscode-server/extensions/ms-python.python-2022.12.0/out/client/extension.js:2:2335083)
	at Object.t.map (/home/miura/.vscode-server/extensions/ms-python.python-2022.12.0/out/client/extension.js:2:2335169)
	at Object.asDocumentSymbols (/home/miura/.vscode-server/extensions/ms-python.python-2022.12.0/out/client/extension.js:2:2305716)
	at /home/miura/.vscode-server/extensions/ms-python.python-2022.12.0/out/client/extension.js:2:2244261
	at async a.provideDocumentSymbols (/home/miura/.vscode-server/bin/6d9b74a70ca9c7733b29f0456fd8195364076dda/out/vs/workbench/api/node/extensionHostProcess.js:87:37442)
[2022-08-15 17:41:38.630] [exthost] [error] [ms-python.python] provider FAILED
[2022-08-15 17:41:38.630] [exthost] [error] Error: name must not be falsy
	at Function.validate (/home/miura/.vscode-server/bin/6d9b74a70ca9c7733b29f0456fd8195364076dda/out/vs/workbench/api/node/extensionHostProcess.js:78:131745)
	at new t (/home/miura/.vscode-server/bin/6d9b74a70ca9c7733b29f0456fd8195364076dda/out/vs/workbench/api/node/extensionHostProcess.js:78:131694)
	at new t (/home/miura/.vscode-server/bin/6d9b74a70ca9c7733b29f0456fd8195364076dda/out/vs/workbench/api/node/extensionHostProcess.js:78:117222)
	at G (/home/miura/.vscode-server/extensions/ms-python.python-2022.12.0/out/client/extension.js:2:2297898)
	at c (/home/miura/.vscode-server/extensions/ms-python.python-2022.12.0/out/client/extension.js:2:2335083)
	at Object.t.map (/home/miura/.vscode-server/extensions/ms-python.python-2022.12.0/out/client/extension.js:2:2335169)
	at Object.asDocumentSymbols (/home/miura/.vscode-server/extensions/ms-python.python-2022.12.0/out/client/extension.js:2:2305716)
	at /home/miura/.vscode-server/extensions/ms-python.python-2022.12.0/out/client/extension.js:2:2244261
	at async a.provideDocumentSymbols (/home/miura/.vscode-server/bin/6d9b74a70ca9c7733b29f0456fd8195364076dda/out/vs/workbench/api/node/extensionHostProcess.js:87:37442)
[2022-08-15 17:41:39.682] [exthost] [error] [ms-python.python] provider FAILED
[2022-08-15 17:41:39.682] [exthost] [error] Error: name must not be falsy
	at Function.validate (/home/miura/.vscode-server/bin/6d9b74a70ca9c7733b29f0456fd8195364076dda/out/vs/workbench/api/node/extensionHostProcess.js:78:131745)
	at new t (/home/miura/.vscode-server/bin/6d9b74a70ca9c7733b29f0456fd8195364076dda/out/vs/workbench/api/node/extensionHostProcess.js:78:131694)
	at new t (/home/miura/.vscode-server/bin/6d9b74a70ca9c7733b29f0456fd8195364076dda/out/vs/workbench/api/node/extensionHostProcess.js:78:117222)
	at G (/home/miura/.vscode-server/extensions/ms-python.python-2022.12.0/out/client/extension.js:2:2297898)
	at c (/home/miura/.vscode-server/extensions/ms-python.python-2022.12.0/out/client/extension.js:2:2335083)
	at Object.t.map (/home/miura/.vscode-server/extensions/ms-python.python-2022.12.0/out/client/extension.js:2:2335169)
	at Object.asDocumentSymbols (/home/miura/.vscode-server/extensions/ms-python.python-2022.12.0/out/client/extension.js:2:2305716)
	at /home/miura/.vscode-server/extensions/ms-python.python-2022.12.0/out/client/extension.js:2:2244261
	at async a.provideDocumentSymbols (/home/miura/.vscode-server/bin/6d9b74a70ca9c7733b29f0456fd8195364076dda/out/vs/workbench/api/node/extensionHostProcess.js:87:37442)
[2022-08-15 17:41:40.436] [exthost] [error] [ms-python.python] provider FAILED
[2022-08-15 17:41:40.436] [exthost] [error] Error: name must not be falsy
	at Function.validate (/home/miura/.vscode-server/bin/6d9b74a70ca9c7733b29f0456fd8195364076dda/out/vs/workbench/api/node/extensionHostProcess.js:78:131745)
	at new t (/home/miura/.vscode-server/bin/6d9b74a70ca9c7733b29f0456fd8195364076dda/out/vs/workbench/api/node/extensionHostProcess.js:78:131694)
	at new t (/home/miura/.vscode-server/bin/6d9b74a70ca9c7733b29f0456fd8195364076dda/out/vs/workbench/api/node/extensionHostProcess.js:78:117222)
	at G (/home/miura/.vscode-server/extensions/ms-python.python-2022.12.0/out/client/extension.js:2:2297898)
	at c (/home/miura/.vscode-server/extensions/ms-python.python-2022.12.0/out/client/extension.js:2:2335083)
	at Object.t.map (/home/miura/.vscode-server/extensions/ms-python.python-2022.12.0/out/client/extension.js:2:2335169)
	at Object.asDocumentSymbols (/home/miura/.vscode-server/extensions/ms-python.python-2022.12.0/out/client/extension.js:2:2305716)
	at /home/miura/.vscode-server/extensions/ms-python.python-2022.12.0/out/client/extension.js:2:2244261
	at async a.provideDocumentSymbols (/home/miura/.vscode-server/bin/6d9b74a70ca9c7733b29f0456fd8195364076dda/out/vs/workbench/api/node/extensionHostProcess.js:87:37442)
[2022-08-15 17:41:41.367] [exthost] [error] [ms-python.python] provider FAILED
[2022-08-15 17:41:41.367] [exthost] [error] Error: name must not be falsy
	at Function.validate (/home/miura/.vscode-server/bin/6d9b74a70ca9c7733b29f0456fd8195364076dda/out/vs/workbench/api/node/extensionHostProcess.js:78:131745)
	at new t (/home/miura/.vscode-server/bin/6d9b74a70ca9c7733b29f0456fd8195364076dda/out/vs/workbench/api/node/extensionHostProcess.js:78:131694)
	at new t (/home/miura/.vscode-server/bin/6d9b74a70ca9c7733b29f0456fd8195364076dda/out/vs/workbench/api/node/extensionHostProcess.js:78:117222)
	at G (/home/miura/.vscode-server/extensions/ms-python.python-2022.12.0/out/client/extension.js:2:2297898)
	at c (/home/miura/.vscode-server/extensions/ms-python.python-2022.12.0/out/client/extension.js:2:2335083)
	at Object.t.map (/home/miura/.vscode-server/extensions/ms-python.python-2022.12.0/out/client/extension.js:2:2335169)
	at Object.asDocumentSymbols (/home/miura/.vscode-server/extensions/ms-python.python-2022.12.0/out/client/extension.js:2:2305716)
	at /home/miura/.vscode-server/extensions/ms-python.python-2022.12.0/out/client/extension.js:2:2244261
	at async a.provideDocumentSymbols (/home/miura/.vscode-server/bin/6d9b74a70ca9c7733b29f0456fd8195364076dda/out/vs/workbench/api/node/extensionHostProcess.js:87:37442)
[2022-08-15 17:41:42.220] [exthost] [error] [ms-python.python] provider FAILED
[2022-08-15 17:41:42.220] [exthost] [error] Error: name must not be falsy
	at Function.validate (/home/miura/.vscode-server/bin/6d9b74a70ca9c7733b29f0456fd8195364076dda/out/vs/workbench/api/node/extensionHostProcess.js:78:131745)
	at new t (/home/miura/.vscode-server/bin/6d9b74a70ca9c7733b29f0456fd8195364076dda/out/vs/workbench/api/node/extensionHostProcess.js:78:131694)
	at new t (/home/miura/.vscode-server/bin/6d9b74a70ca9c7733b29f0456fd8195364076dda/out/vs/workbench/api/node/extensionHostProcess.js:78:117222)
	at G (/home/miura/.vscode-server/extensions/ms-python.python-2022.12.0/out/client/extension.js:2:2297898)
	at c (/home/miura/.vscode-server/extensions/ms-python.python-2022.12.0/out/client/extension.js:2:2335083)
	at Object.t.map (/home/miura/.vscode-server/extensions/ms-python.python-2022.12.0/out/client/extension.js:2:2335169)
	at Object.asDocumentSymbols (/home/miura/.vscode-server/extensions/ms-python.python-2022.12.0/out/client/extension.js:2:2305716)
	at /home/miura/.vscode-server/extensions/ms-python.python-2022.12.0/out/client/extension.js:2:2244261
	at async a.provideDocumentSymbols (/home/miura/.vscode-server/bin/6d9b74a70ca9c7733b29f0456fd8195364076dda/out/vs/workbench/api/node/extensionHostProcess.js:87:37442)
[2022-08-15 17:41:42.827] [exthost] [error] [ms-python.python] provider FAILED
[2022-08-15 17:41:42.827] [exthost] [error] Error: name must not be falsy
	at Function.validate (/home/miura/.vscode-server/bin/6d9b74a70ca9c7733b29f0456fd8195364076dda/out/vs/workbench/api/node/extensionHostProcess.js:78:131745)
	at new t (/home/miura/.vscode-server/bin/6d9b74a70ca9c7733b29f0456fd8195364076dda/out/vs/workbench/api/node/extensionHostProcess.js:78:131694)
	at new t (/home/miura/.vscode-server/bin/6d9b74a70ca9c7733b29f0456fd8195364076dda/out/vs/workbench/api/node/extensionHostProcess.js:78:117222)
	at G (/home/miura/.vscode-server/extensions/ms-python.python-2022.12.0/out/client/extension.js:2:2297898)
	at c (/home/miura/.vscode-server/extensions/ms-python.python-2022.12.0/out/client/extension.js:2:2335083)
	at Object.t.map (/home/miura/.vscode-server/extensions/ms-python.python-2022.12.0/out/client/extension.js:2:2335169)
	at Object.asDocumentSymbols (/home/miura/.vscode-server/extensions/ms-python.python-2022.12.0/out/client/extension.js:2:2305716)
	at /home/miura/.vscode-server/extensions/ms-python.python-2022.12.0/out/client/extension.js:2:2244261
	at async a.provideDocumentSymbols (/home/miura/.vscode-server/bin/6d9b74a70ca9c7733b29f0456fd8195364076dda/out/vs/workbench/api/node/extensionHostProcess.js:87:37442)
[2022-08-15 17:41:43.539] [exthost] [error] [ms-python.python] provider FAILED
[2022-08-15 17:41:43.539] [exthost] [error] Error: name must not be falsy
	at Function.validate (/home/miura/.vscode-server/bin/6d9b74a70ca9c7733b29f0456fd8195364076dda/out/vs/workbench/api/node/extensionHostProcess.js:78:131745)
	at new t (/home/miura/.vscode-server/bin/6d9b74a70ca9c7733b29f0456fd8195364076dda/out/vs/workbench/api/node/extensionHostProcess.js:78:131694)
	at new t (/home/miura/.vscode-server/bin/6d9b74a70ca9c7733b29f0456fd8195364076dda/out/vs/workbench/api/node/extensionHostProcess.js:78:117222)
	at G (/home/miura/.vscode-server/extensions/ms-python.python-2022.12.0/out/client/extension.js:2:2297898)
	at c (/home/miura/.vscode-server/extensions/ms-python.python-2022.12.0/out/client/extension.js:2:2335083)
	at Object.t.map (/home/miura/.vscode-server/extensions/ms-python.python-2022.12.0/out/client/extension.js:2:2335169)
	at Object.asDocumentSymbols (/home/miura/.vscode-server/extensions/ms-python.python-2022.12.0/out/client/extension.js:2:2305716)
	at /home/miura/.vscode-server/extensions/ms-python.python-2022.12.0/out/client/extension.js:2:2244261
	at async a.provideDocumentSymbols (/home/miura/.vscode-server/bin/6d9b74a70ca9c7733b29f0456fd8195364076dda/out/vs/workbench/api/node/extensionHostProcess.js:87:37442)
[2022-08-15 17:41:44.760] [exthost] [error] [ms-python.python] provider FAILED
[2022-08-15 17:41:44.760] [exthost] [error] Error: name must not be falsy
	at Function.validate (/home/miura/.vscode-server/bin/6d9b74a70ca9c7733b29f0456fd8195364076dda/out/vs/workbench/api/node/extensionHostProcess.js:78:131745)
	at new t (/home/miura/.vscode-server/bin/6d9b74a70ca9c7733b29f0456fd8195364076dda/out/vs/workbench/api/node/extensionHostProcess.js:78:131694)
	at new t (/home/miura/.vscode-server/bin/6d9b74a70ca9c7733b29f0456fd8195364076dda/out/vs/workbench/api/node/extensionHostProcess.js:78:117222)
	at G (/home/miura/.vscode-server/extensions/ms-python.python-2022.12.0/out/client/extension.js:2:2297898)
	at c (/home/miura/.vscode-server/extensions/ms-python.python-2022.12.0/out/client/extension.js:2:2335083)
	at Object.t.map (/home/miura/.vscode-server/extensions/ms-python.python-2022.12.0/out/client/extension.js:2:2335169)
	at Object.asDocumentSymbols (/home/miura/.vscode-server/extensions/ms-python.python-2022.12.0/out/client/extension.js:2:2305716)
	at /home/miura/.vscode-server/extensions/ms-python.python-2022.12.0/out/client/extension.js:2:2244261
	at async a.provideDocumentSymbols (/home/miura/.vscode-server/bin/6d9b74a70ca9c7733b29f0456fd8195364076dda/out/vs/workbench/api/node/extensionHostProcess.js:87:37442)
[2022-08-15 17:41:45.596] [exthost] [error] [ms-python.python] provider FAILED
[2022-08-15 17:41:45.596] [exthost] [error] Error: name must not be falsy
	at Function.validate (/home/miura/.vscode-server/bin/6d9b74a70ca9c7733b29f0456fd8195364076dda/out/vs/workbench/api/node/extensionHostProcess.js:78:131745)
	at new t (/home/miura/.vscode-server/bin/6d9b74a70ca9c7733b29f0456fd8195364076dda/out/vs/workbench/api/node/extensionHostProcess.js:78:131694)
	at new t (/home/miura/.vscode-server/bin/6d9b74a70ca9c7733b29f0456fd8195364076dda/out/vs/workbench/api/node/extensionHostProcess.js:78:117222)
	at G (/home/miura/.vscode-server/extensions/ms-python.python-2022.12.0/out/client/extension.js:2:2297898)
	at c (/home/miura/.vscode-server/extensions/ms-python.python-2022.12.0/out/client/extension.js:2:2335083)
	at Object.t.map (/home/miura/.vscode-server/extensions/ms-python.python-2022.12.0/out/client/extension.js:2:2335169)
	at Object.asDocumentSymbols (/home/miura/.vscode-server/extensions/ms-python.python-2022.12.0/out/client/extension.js:2:2305716)
	at /home/miura/.vscode-server/extensions/ms-python.python-2022.12.0/out/client/extension.js:2:2244261
	at async a.provideDocumentSymbols (/home/miura/.vscode-server/bin/6d9b74a70ca9c7733b29f0456fd8195364076dda/out/vs/workbench/api/node/extensionHostProcess.js:87:37442)
[2022-08-15 17:41:46.046] [exthost] [error] [ms-python.python] provider FAILED
[2022-08-15 17:41:46.046] [exthost] [error] Error: name must not be falsy
	at Function.validate (/home/miura/.vscode-server/bin/6d9b74a70ca9c7733b29f0456fd8195364076dda/out/vs/workbench/api/node/extensionHostProcess.js:78:131745)
	at new t (/home/miura/.vscode-server/bin/6d9b74a70ca9c7733b29f0456fd8195364076dda/out/vs/workbench/api/node/extensionHostProcess.js:78:131694)
	at new t (/home/miura/.vscode-server/bin/6d9b74a70ca9c7733b29f0456fd8195364076dda/out/vs/workbench/api/node/extensionHostProcess.js:78:117222)
	at G (/home/miura/.vscode-server/extensions/ms-python.python-2022.12.0/out/client/extension.js:2:2297898)
	at c (/home/miura/.vscode-server/extensions/ms-python.python-2022.12.0/out/client/extension.js:2:2335083)
	at Object.t.map (/home/miura/.vscode-server/extensions/ms-python.python-2022.12.0/out/client/extension.js:2:2335169)
	at Object.asDocumentSymbols (/home/miura/.vscode-server/extensions/ms-python.python-2022.12.0/out/client/extension.js:2:2305716)
	at /home/miura/.vscode-server/extensions/ms-python.python-2022.12.0/out/client/extension.js:2:2244261
	at async a.provideDocumentSymbols (/home/miura/.vscode-server/bin/6d9b74a70ca9c7733b29f0456fd8195364076dda/out/vs/workbench/api/node/extensionHostProcess.js:87:37442)
[2022-08-15 17:42:01.394] [exthost] [error] [ms-python.python] provider FAILED
[2022-08-15 17:42:01.394] [exthost] [error] Error: name must not be falsy
	at Function.validate (/home/miura/.vscode-server/bin/6d9b74a70ca9c7733b29f0456fd8195364076dda/out/vs/workbench/api/node/extensionHostProcess.js:78:131745)
	at new t (/home/miura/.vscode-server/bin/6d9b74a70ca9c7733b29f0456fd8195364076dda/out/vs/workbench/api/node/extensionHostProcess.js:78:131694)
	at new t (/home/miura/.vscode-server/bin/6d9b74a70ca9c7733b29f0456fd8195364076dda/out/vs/workbench/api/node/extensionHostProcess.js:78:117222)
	at G (/home/miura/.vscode-server/extensions/ms-python.python-2022.12.0/out/client/extension.js:2:2297898)
	at c (/home/miura/.vscode-server/extensions/ms-python.python-2022.12.0/out/client/extension.js:2:2335083)
	at Object.t.map (/home/miura/.vscode-server/extensions/ms-python.python-2022.12.0/out/client/extension.js:2:2335169)
	at Object.asDocumentSymbols (/home/miura/.vscode-server/extensions/ms-python.python-2022.12.0/out/client/extension.js:2:2305716)
	at /home/miura/.vscode-server/extensions/ms-python.python-2022.12.0/out/client/extension.js:2:2244261
	at async a.provideDocumentSymbols (/home/miura/.vscode-server/bin/6d9b74a70ca9c7733b29f0456fd8195364076dda/out/vs/workbench/api/node/extensionHostProcess.js:87:37442)
[2022-08-15 17:42:03.957] [exthost] [error] [ms-python.python] provider FAILED
[2022-08-15 17:42:03.957] [exthost] [error] Error: name must not be falsy
	at Function.validate (/home/miura/.vscode-server/bin/6d9b74a70ca9c7733b29f0456fd8195364076dda/out/vs/workbench/api/node/extensionHostProcess.js:78:131745)
	at new t (/home/miura/.vscode-server/bin/6d9b74a70ca9c7733b29f0456fd8195364076dda/out/vs/workbench/api/node/extensionHostProcess.js:78:131694)
	at new t (/home/miura/.vscode-server/bin/6d9b74a70ca9c7733b29f0456fd8195364076dda/out/vs/workbench/api/node/extensionHostProcess.js:78:117222)
	at G (/home/miura/.vscode-server/extensions/ms-python.python-2022.12.0/out/client/extension.js:2:2297898)
	at c (/home/miura/.vscode-server/extensions/ms-python.python-2022.12.0/out/client/extension.js:2:2335083)
	at Object.t.map (/home/miura/.vscode-server/extensions/ms-python.python-2022.12.0/out/client/extension.js:2:2335169)
	at Object.asDocumentSymbols (/home/miura/.vscode-server/extensions/ms-python.python-2022.12.0/out/client/extension.js:2:2305716)
	at /home/miura/.vscode-server/extensions/ms-python.python-2022.12.0/out/client/extension.js:2:2244261
	at async a.provideDocumentSymbols (/home/miura/.vscode-server/bin/6d9b74a70ca9c7733b29f0456fd8195364076dda/out/vs/workbench/api/node/extensionHostProcess.js:87:37442)
[2022-08-15 17:42:06.418] [exthost] [error] [ms-python.python] provider FAILED
[2022-08-15 17:42:06.418] [exthost] [error] Error: name must not be falsy
	at Function.validate (/home/miura/.vscode-server/bin/6d9b74a70ca9c7733b29f0456fd8195364076dda/out/vs/workbench/api/node/extensionHostProcess.js:78:131745)
	at new t (/home/miura/.vscode-server/bin/6d9b74a70ca9c7733b29f0456fd8195364076dda/out/vs/workbench/api/node/extensionHostProcess.js:78:131694)
	at new t (/home/miura/.vscode-server/bin/6d9b74a70ca9c7733b29f0456fd8195364076dda/out/vs/workbench/api/node/extensionHostProcess.js:78:117222)
	at G (/home/miura/.vscode-server/extensions/ms-python.python-2022.12.0/out/client/extension.js:2:2297898)
	at c (/home/miura/.vscode-server/extensions/ms-python.python-2022.12.0/out/client/extension.js:2:2335083)
	at Object.t.map (/home/miura/.vscode-server/extensions/ms-python.python-2022.12.0/out/client/extension.js:2:2335169)
	at Object.asDocumentSymbols (/home/miura/.vscode-server/extensions/ms-python.python-2022.12.0/out/client/extension.js:2:2305716)
	at /home/miura/.vscode-server/extensions/ms-python.python-2022.12.0/out/client/extension.js:2:2244261
	at async a.provideDocumentSymbols (/home/miura/.vscode-server/bin/6d9b74a70ca9c7733b29f0456fd8195364076dda/out/vs/workbench/api/node/extensionHostProcess.js:87:37442)
[2022-08-15 17:42:10.093] [exthost] [error] [ms-python.python] provider FAILED
[2022-08-15 17:42:10.094] [exthost] [error] Error: name must not be falsy
	at Function.validate (/home/miura/.vscode-server/bin/6d9b74a70ca9c7733b29f0456fd8195364076dda/out/vs/workbench/api/node/extensionHostProcess.js:78:131745)
	at new t (/home/miura/.vscode-server/bin/6d9b74a70ca9c7733b29f0456fd8195364076dda/out/vs/workbench/api/node/extensionHostProcess.js:78:131694)
	at new t (/home/miura/.vscode-server/bin/6d9b74a70ca9c7733b29f0456fd8195364076dda/out/vs/workbench/api/node/extensionHostProcess.js:78:117222)
	at G (/home/miura/.vscode-server/extensions/ms-python.python-2022.12.0/out/client/extension.js:2:2297898)
	at c (/home/miura/.vscode-server/extensions/ms-python.python-2022.12.0/out/client/extension.js:2:2335083)
	at Object.t.map (/home/miura/.vscode-server/extensions/ms-python.python-2022.12.0/out/client/extension.js:2:2335169)
	at Object.asDocumentSymbols (/home/miura/.vscode-server/extensions/ms-python.python-2022.12.0/out/client/extension.js:2:2305716)
	at /home/miura/.vscode-server/extensions/ms-python.python-2022.12.0/out/client/extension.js:2:2244261
	at async a.provideDocumentSymbols (/home/miura/.vscode-server/bin/6d9b74a70ca9c7733b29f0456fd8195364076dda/out/vs/workbench/api/node/extensionHostProcess.js:87:37442)
[2022-08-15 17:42:11.145] [exthost] [error] [ms-python.python] provider FAILED
[2022-08-15 17:42:11.145] [exthost] [error] Error: name must not be falsy
	at Function.validate (/home/miura/.vscode-server/bin/6d9b74a70ca9c7733b29f0456fd8195364076dda/out/vs/workbench/api/node/extensionHostProcess.js:78:131745)
	at new t (/home/miura/.vscode-server/bin/6d9b74a70ca9c7733b29f0456fd8195364076dda/out/vs/workbench/api/node/extensionHostProcess.js:78:131694)
	at new t (/home/miura/.vscode-server/bin/6d9b74a70ca9c7733b29f0456fd8195364076dda/out/vs/workbench/api/node/extensionHostProcess.js:78:117222)
	at G (/home/miura/.vscode-server/extensions/ms-python.python-2022.12.0/out/client/extension.js:2:2297898)
	at c (/home/miura/.vscode-server/extensions/ms-python.python-2022.12.0/out/client/extension.js:2:2335083)
	at Object.t.map (/home/miura/.vscode-server/extensions/ms-python.python-2022.12.0/out/client/extension.js:2:2335169)
	at Object.asDocumentSymbols (/home/miura/.vscode-server/extensions/ms-python.python-2022.12.0/out/client/extension.js:2:2305716)
	at /home/miura/.vscode-server/extensions/ms-python.python-2022.12.0/out/client/extension.js:2:2244261
	at async a.provideDocumentSymbols (/home/miura/.vscode-server/bin/6d9b74a70ca9c7733b29f0456fd8195364076dda/out/vs/workbench/api/node/extensionHostProcess.js:87:37442)
[2022-08-15 17:42:11.394] [exthost] [error] [ms-python.python] provider FAILED
[2022-08-15 17:42:11.395] [exthost] [error] Error: name must not be falsy
	at Function.validate (/home/miura/.vscode-server/bin/6d9b74a70ca9c7733b29f0456fd8195364076dda/out/vs/workbench/api/node/extensionHostProcess.js:78:131745)
	at new t (/home/miura/.vscode-server/bin/6d9b74a70ca9c7733b29f0456fd8195364076dda/out/vs/workbench/api/node/extensionHostProcess.js:78:131694)
	at new t (/home/miura/.vscode-server/bin/6d9b74a70ca9c7733b29f0456fd8195364076dda/out/vs/workbench/api/node/extensionHostProcess.js:78:117222)
	at G (/home/miura/.vscode-server/extensions/ms-python.python-2022.12.0/out/client/extension.js:2:2297898)
	at c (/home/miura/.vscode-server/extensions/ms-python.python-2022.12.0/out/client/extension.js:2:2335083)
	at Object.t.map (/home/miura/.vscode-server/extensions/ms-python.python-2022.12.0/out/client/extension.js:2:2335169)
	at Object.asDocumentSymbols (/home/miura/.vscode-server/extensions/ms-python.python-2022.12.0/out/client/extension.js:2:2305716)
	at /home/miura/.vscode-server/extensions/ms-python.python-2022.12.0/out/client/extension.js:2:2244261
	at async a.provideDocumentSymbols (/home/miura/.vscode-server/bin/6d9b74a70ca9c7733b29f0456fd8195364076dda/out/vs/workbench/api/node/extensionHostProcess.js:87:37442)
[2022-08-15 17:42:11.793] [exthost] [error] [ms-python.python] provider FAILED
[2022-08-15 17:42:11.793] [exthost] [error] Error: name must not be falsy
	at Function.validate (/home/miura/.vscode-server/bin/6d9b74a70ca9c7733b29f0456fd8195364076dda/out/vs/workbench/api/node/extensionHostProcess.js:78:131745)
	at new t (/home/miura/.vscode-server/bin/6d9b74a70ca9c7733b29f0456fd8195364076dda/out/vs/workbench/api/node/extensionHostProcess.js:78:131694)
	at new t (/home/miura/.vscode-server/bin/6d9b74a70ca9c7733b29f0456fd8195364076dda/out/vs/workbench/api/node/extensionHostProcess.js:78:117222)
	at G (/home/miura/.vscode-server/extensions/ms-python.python-2022.12.0/out/client/extension.js:2:2297898)
	at c (/home/miura/.vscode-server/extensions/ms-python.python-2022.12.0/out/client/extension.js:2:2335083)
	at Object.t.map (/home/miura/.vscode-server/extensions/ms-python.python-2022.12.0/out/client/extension.js:2:2335169)
	at Object.asDocumentSymbols (/home/miura/.vscode-server/extensions/ms-python.python-2022.12.0/out/client/extension.js:2:2305716)
	at /home/miura/.vscode-server/extensions/ms-python.python-2022.12.0/out/client/extension.js:2:2244261
	at async a.provideDocumentSymbols (/home/miura/.vscode-server/bin/6d9b74a70ca9c7733b29f0456fd8195364076dda/out/vs/workbench/api/node/extensionHostProcess.js:87:37442)
[2022-08-15 17:42:13.638] [exthost] [error] [ms-python.python] provider FAILED
[2022-08-15 17:42:13.638] [exthost] [error] Error: name must not be falsy
	at Function.validate (/home/miura/.vscode-server/bin/6d9b74a70ca9c7733b29f0456fd8195364076dda/out/vs/workbench/api/node/extensionHostProcess.js:78:131745)
	at new t (/home/miura/.vscode-server/bin/6d9b74a70ca9c7733b29f0456fd8195364076dda/out/vs/workbench/api/node/extensionHostProcess.js:78:131694)
	at new t (/home/miura/.vscode-server/bin/6d9b74a70ca9c7733b29f0456fd8195364076dda/out/vs/workbench/api/node/extensionHostProcess.js:78:117222)
	at G (/home/miura/.vscode-server/extensions/ms-python.python-2022.12.0/out/client/extension.js:2:2297898)
	at c (/home/miura/.vscode-server/extensions/ms-python.python-2022.12.0/out/client/extension.js:2:2335083)
	at Object.t.map (/home/miura/.vscode-server/extensions/ms-python.python-2022.12.0/out/client/extension.js:2:2335169)
	at Object.asDocumentSymbols (/home/miura/.vscode-server/extensions/ms-python.python-2022.12.0/out/client/extension.js:2:2305716)
	at /home/miura/.vscode-server/extensions/ms-python.python-2022.12.0/out/client/extension.js:2:2244261
	at async a.provideDocumentSymbols (/home/miura/.vscode-server/bin/6d9b74a70ca9c7733b29f0456fd8195364076dda/out/vs/workbench/api/node/extensionHostProcess.js:87:37442)
[2022-08-15 17:42:15.336] [exthost] [error] [ms-python.python] provider FAILED
[2022-08-15 17:42:15.336] [exthost] [error] Error: name must not be falsy
	at Function.validate (/home/miura/.vscode-server/bin/6d9b74a70ca9c7733b29f0456fd8195364076dda/out/vs/workbench/api/node/extensionHostProcess.js:78:131745)
	at new t (/home/miura/.vscode-server/bin/6d9b74a70ca9c7733b29f0456fd8195364076dda/out/vs/workbench/api/node/extensionHostProcess.js:78:131694)
	at new t (/home/miura/.vscode-server/bin/6d9b74a70ca9c7733b29f0456fd8195364076dda/out/vs/workbench/api/node/extensionHostProcess.js:78:117222)
	at G (/home/miura/.vscode-server/extensions/ms-python.python-2022.12.0/out/client/extension.js:2:2297898)
	at c (/home/miura/.vscode-server/extensions/ms-python.python-2022.12.0/out/client/extension.js:2:2335083)
	at Object.t.map (/home/miura/.vscode-server/extensions/ms-python.python-2022.12.0/out/client/extension.js:2:2335169)
	at Object.asDocumentSymbols (/home/miura/.vscode-server/extensions/ms-python.python-2022.12.0/out/client/extension.js:2:2305716)
	at /home/miura/.vscode-server/extensions/ms-python.python-2022.12.0/out/client/extension.js:2:2244261
	at async a.provideDocumentSymbols (/home/miura/.vscode-server/bin/6d9b74a70ca9c7733b29f0456fd8195364076dda/out/vs/workbench/api/node/extensionHostProcess.js:87:37442)
[2022-08-15 17:42:43.346] [exthost] [error] [ms-python.python] provider FAILED
[2022-08-15 17:42:43.346] [exthost] [error] Error: name must not be falsy
	at Function.validate (/home/miura/.vscode-server/bin/6d9b74a70ca9c7733b29f0456fd8195364076dda/out/vs/workbench/api/node/extensionHostProcess.js:78:131745)
	at new t (/home/miura/.vscode-server/bin/6d9b74a70ca9c7733b29f0456fd8195364076dda/out/vs/workbench/api/node/extensionHostProcess.js:78:131694)
	at new t (/home/miura/.vscode-server/bin/6d9b74a70ca9c7733b29f0456fd8195364076dda/out/vs/workbench/api/node/extensionHostProcess.js:78:117222)
	at G (/home/miura/.vscode-server/extensions/ms-python.python-2022.12.0/out/client/extension.js:2:2297898)
	at c (/home/miura/.vscode-server/extensions/ms-python.python-2022.12.0/out/client/extension.js:2:2335083)
	at Object.t.map (/home/miura/.vscode-server/extensions/ms-python.python-2022.12.0/out/client/extension.js:2:2335169)
	at Object.asDocumentSymbols (/home/miura/.vscode-server/extensions/ms-python.python-2022.12.0/out/client/extension.js:2:2305716)
	at /home/miura/.vscode-server/extensions/ms-python.python-2022.12.0/out/client/extension.js:2:2244261
	at async a.provideDocumentSymbols (/home/miura/.vscode-server/bin/6d9b74a70ca9c7733b29f0456fd8195364076dda/out/vs/workbench/api/node/extensionHostProcess.js:87:37442)
[2022-08-15 17:42:48.898] [exthost] [error] [ms-python.python] provider FAILED
[2022-08-15 17:42:48.898] [exthost] [error] Error: name must not be falsy
	at Function.validate (/home/miura/.vscode-server/bin/6d9b74a70ca9c7733b29f0456fd8195364076dda/out/vs/workbench/api/node/extensionHostProcess.js:78:131745)
	at new t (/home/miura/.vscode-server/bin/6d9b74a70ca9c7733b29f0456fd8195364076dda/out/vs/workbench/api/node/extensionHostProcess.js:78:131694)
	at new t (/home/miura/.vscode-server/bin/6d9b74a70ca9c7733b29f0456fd8195364076dda/out/vs/workbench/api/node/extensionHostProcess.js:78:117222)
	at G (/home/miura/.vscode-server/extensions/ms-python.python-2022.12.0/out/client/extension.js:2:2297898)
	at c (/home/miura/.vscode-server/extensions/ms-python.python-2022.12.0/out/client/extension.js:2:2335083)
	at Object.t.map (/home/miura/.vscode-server/extensions/ms-python.python-2022.12.0/out/client/extension.js:2:2335169)
	at Object.asDocumentSymbols (/home/miura/.vscode-server/extensions/ms-python.python-2022.12.0/out/client/extension.js:2:2305716)
	at /home/miura/.vscode-server/extensions/ms-python.python-2022.12.0/out/client/extension.js:2:2244261
	at async a.provideDocumentSymbols (/home/miura/.vscode-server/bin/6d9b74a70ca9c7733b29f0456fd8195364076dda/out/vs/workbench/api/node/extensionHostProcess.js:87:37442)
[2022-08-15 17:42:50.339] [exthost] [error] [ms-python.python] provider FAILED
[2022-08-15 17:42:50.340] [exthost] [error] Error: name must not be falsy
	at Function.validate (/home/miura/.vscode-server/bin/6d9b74a70ca9c7733b29f0456fd8195364076dda/out/vs/workbench/api/node/extensionHostProcess.js:78:131745)
	at new t (/home/miura/.vscode-server/bin/6d9b74a70ca9c7733b29f0456fd8195364076dda/out/vs/workbench/api/node/extensionHostProcess.js:78:131694)
	at new t (/home/miura/.vscode-server/bin/6d9b74a70ca9c7733b29f0456fd8195364076dda/out/vs/workbench/api/node/extensionHostProcess.js:78:117222)
	at G (/home/miura/.vscode-server/extensions/ms-python.python-2022.12.0/out/client/extension.js:2:2297898)
	at c (/home/miura/.vscode-server/extensions/ms-python.python-2022.12.0/out/client/extension.js:2:2335083)
	at Object.t.map (/home/miura/.vscode-server/extensions/ms-python.python-2022.12.0/out/client/extension.js:2:2335169)
	at Object.asDocumentSymbols (/home/miura/.vscode-server/extensions/ms-python.python-2022.12.0/out/client/extension.js:2:2305716)
	at /home/miura/.vscode-server/extensions/ms-python.python-2022.12.0/out/client/extension.js:2:2244261
	at async a.provideDocumentSymbols (/home/miura/.vscode-server/bin/6d9b74a70ca9c7733b29f0456fd8195364076dda/out/vs/workbench/api/node/extensionHostProcess.js:87:37442)
[2022-08-15 17:43:00.131] [exthost] [error] [ms-python.python] provider FAILED
[2022-08-15 17:43:00.131] [exthost] [error] Error: name must not be falsy
	at Function.validate (/home/miura/.vscode-server/bin/6d9b74a70ca9c7733b29f0456fd8195364076dda/out/vs/workbench/api/node/extensionHostProcess.js:78:131745)
	at new t (/home/miura/.vscode-server/bin/6d9b74a70ca9c7733b29f0456fd8195364076dda/out/vs/workbench/api/node/extensionHostProcess.js:78:131694)
	at new t (/home/miura/.vscode-server/bin/6d9b74a70ca9c7733b29f0456fd8195364076dda/out/vs/workbench/api/node/extensionHostProcess.js:78:117222)
	at G (/home/miura/.vscode-server/extensions/ms-python.python-2022.12.0/out/client/extension.js:2:2297898)
	at c (/home/miura/.vscode-server/extensions/ms-python.python-2022.12.0/out/client/extension.js:2:2335083)
	at Object.t.map (/home/miura/.vscode-server/extensions/ms-python.python-2022.12.0/out/client/extension.js:2:2335169)
	at Object.asDocumentSymbols (/home/miura/.vscode-server/extensions/ms-python.python-2022.12.0/out/client/extension.js:2:2305716)
	at /home/miura/.vscode-server/extensions/ms-python.python-2022.12.0/out/client/extension.js:2:2244261
	at async a.provideDocumentSymbols (/home/miura/.vscode-server/bin/6d9b74a70ca9c7733b29f0456fd8195364076dda/out/vs/workbench/api/node/extensionHostProcess.js:87:37442)
[2022-08-15 17:43:00.881] [exthost] [error] [ms-python.python] provider FAILED
[2022-08-15 17:43:00.881] [exthost] [error] Error: name must not be falsy
	at Function.validate (/home/miura/.vscode-server/bin/6d9b74a70ca9c7733b29f0456fd8195364076dda/out/vs/workbench/api/node/extensionHostProcess.js:78:131745)
	at new t (/home/miura/.vscode-server/bin/6d9b74a70ca9c7733b29f0456fd8195364076dda/out/vs/workbench/api/node/extensionHostProcess.js:78:131694)
	at new t (/home/miura/.vscode-server/bin/6d9b74a70ca9c7733b29f0456fd8195364076dda/out/vs/workbench/api/node/extensionHostProcess.js:78:117222)
	at G (/home/miura/.vscode-server/extensions/ms-python.python-2022.12.0/out/client/extension.js:2:2297898)
	at c (/home/miura/.vscode-server/extensions/ms-python.python-2022.12.0/out/client/extension.js:2:2335083)
	at Object.t.map (/home/miura/.vscode-server/extensions/ms-python.python-2022.12.0/out/client/extension.js:2:2335169)
	at Object.asDocumentSymbols (/home/miura/.vscode-server/extensions/ms-python.python-2022.12.0/out/client/extension.js:2:2305716)
	at /home/miura/.vscode-server/extensions/ms-python.python-2022.12.0/out/client/extension.js:2:2244261
	at async a.provideDocumentSymbols (/home/miura/.vscode-server/bin/6d9b74a70ca9c7733b29f0456fd8195364076dda/out/vs/workbench/api/node/extensionHostProcess.js:87:37442)
[2022-08-15 17:43:02.532] [exthost] [error] [ms-python.python] provider FAILED
[2022-08-15 17:43:02.533] [exthost] [error] Error: name must not be falsy
	at Function.validate (/home/miura/.vscode-server/bin/6d9b74a70ca9c7733b29f0456fd8195364076dda/out/vs/workbench/api/node/extensionHostProcess.js:78:131745)
	at new t (/home/miura/.vscode-server/bin/6d9b74a70ca9c7733b29f0456fd8195364076dda/out/vs/workbench/api/node/extensionHostProcess.js:78:131694)
	at new t (/home/miura/.vscode-server/bin/6d9b74a70ca9c7733b29f0456fd8195364076dda/out/vs/workbench/api/node/extensionHostProcess.js:78:117222)
	at G (/home/miura/.vscode-server/extensions/ms-python.python-2022.12.0/out/client/extension.js:2:2297898)
	at c (/home/miura/.vscode-server/extensions/ms-python.python-2022.12.0/out/client/extension.js:2:2335083)
	at Object.t.map (/home/miura/.vscode-server/extensions/ms-python.python-2022.12.0/out/client/extension.js:2:2335169)
	at Object.asDocumentSymbols (/home/miura/.vscode-server/extensions/ms-python.python-2022.12.0/out/client/extension.js:2:2305716)
	at /home/miura/.vscode-server/extensions/ms-python.python-2022.12.0/out/client/extension.js:2:2244261
	at async a.provideDocumentSymbols (/home/miura/.vscode-server/bin/6d9b74a70ca9c7733b29f0456fd8195364076dda/out/vs/workbench/api/node/extensionHostProcess.js:87:37442)
[2022-08-15 17:43:05.349] [exthost] [error] [ms-python.python] provider FAILED
[2022-08-15 17:43:05.349] [exthost] [error] Error: name must not be falsy
	at Function.validate (/home/miura/.vscode-server/bin/6d9b74a70ca9c7733b29f0456fd8195364076dda/out/vs/workbench/api/node/extensionHostProcess.js:78:131745)
	at new t (/home/miura/.vscode-server/bin/6d9b74a70ca9c7733b29f0456fd8195364076dda/out/vs/workbench/api/node/extensionHostProcess.js:78:131694)
	at new t (/home/miura/.vscode-server/bin/6d9b74a70ca9c7733b29f0456fd8195364076dda/out/vs/workbench/api/node/extensionHostProcess.js:78:117222)
	at G (/home/miura/.vscode-server/extensions/ms-python.python-2022.12.0/out/client/extension.js:2:2297898)
	at c (/home/miura/.vscode-server/extensions/ms-python.python-2022.12.0/out/client/extension.js:2:2335083)
	at Object.t.map (/home/miura/.vscode-server/extensions/ms-python.python-2022.12.0/out/client/extension.js:2:2335169)
	at Object.asDocumentSymbols (/home/miura/.vscode-server/extensions/ms-python.python-2022.12.0/out/client/extension.js:2:2305716)
	at /home/miura/.vscode-server/extensions/ms-python.python-2022.12.0/out/client/extension.js:2:2244261
	at async a.provideDocumentSymbols (/home/miura/.vscode-server/bin/6d9b74a70ca9c7733b29f0456fd8195364076dda/out/vs/workbench/api/node/extensionHostProcess.js:87:37442)
[2022-08-15 17:43:06.174] [exthost] [error] [ms-python.python] provider FAILED
[2022-08-15 17:43:06.174] [exthost] [error] Error: name must not be falsy
	at Function.validate (/home/miura/.vscode-server/bin/6d9b74a70ca9c7733b29f0456fd8195364076dda/out/vs/workbench/api/node/extensionHostProcess.js:78:131745)
	at new t (/home/miura/.vscode-server/bin/6d9b74a70ca9c7733b29f0456fd8195364076dda/out/vs/workbench/api/node/extensionHostProcess.js:78:131694)
	at new t (/home/miura/.vscode-server/bin/6d9b74a70ca9c7733b29f0456fd8195364076dda/out/vs/workbench/api/node/extensionHostProcess.js:78:117222)
	at G (/home/miura/.vscode-server/extensions/ms-python.python-2022.12.0/out/client/extension.js:2:2297898)
	at c (/home/miura/.vscode-server/extensions/ms-python.python-2022.12.0/out/client/extension.js:2:2335083)
	at Object.t.map (/home/miura/.vscode-server/extensions/ms-python.python-2022.12.0/out/client/extension.js:2:2335169)
	at Object.asDocumentSymbols (/home/miura/.vscode-server/extensions/ms-python.python-2022.12.0/out/client/extension.js:2:2305716)
	at /home/miura/.vscode-server/extensions/ms-python.python-2022.12.0/out/client/extension.js:2:2244261
	at async a.provideDocumentSymbols (/home/miura/.vscode-server/bin/6d9b74a70ca9c7733b29f0456fd8195364076dda/out/vs/workbench/api/node/extensionHostProcess.js:87:37442)
[2022-08-15 17:43:06.953] [exthost] [error] [ms-python.python] provider FAILED
[2022-08-15 17:43:06.954] [exthost] [error] Error: name must not be falsy
	at Function.validate (/home/miura/.vscode-server/bin/6d9b74a70ca9c7733b29f0456fd8195364076dda/out/vs/workbench/api/node/extensionHostProcess.js:78:131745)
	at new t (/home/miura/.vscode-server/bin/6d9b74a70ca9c7733b29f0456fd8195364076dda/out/vs/workbench/api/node/extensionHostProcess.js:78:131694)
	at new t (/home/miura/.vscode-server/bin/6d9b74a70ca9c7733b29f0456fd8195364076dda/out/vs/workbench/api/node/extensionHostProcess.js:78:117222)
	at G (/home/miura/.vscode-server/extensions/ms-python.python-2022.12.0/out/client/extension.js:2:2297898)
	at c (/home/miura/.vscode-server/extensions/ms-python.python-2022.12.0/out/client/extension.js:2:2335083)
	at Object.t.map (/home/miura/.vscode-server/extensions/ms-python.python-2022.12.0/out/client/extension.js:2:2335169)
	at Object.asDocumentSymbols (/home/miura/.vscode-server/extensions/ms-python.python-2022.12.0/out/client/extension.js:2:2305716)
	at /home/miura/.vscode-server/extensions/ms-python.python-2022.12.0/out/client/extension.js:2:2244261
	at async a.provideDocumentSymbols (/home/miura/.vscode-server/bin/6d9b74a70ca9c7733b29f0456fd8195364076dda/out/vs/workbench/api/node/extensionHostProcess.js:87:37442)
[2022-08-15 17:43:08.979] [exthost] [error] [ms-python.python] provider FAILED
[2022-08-15 17:43:08.979] [exthost] [error] Error: name must not be falsy
	at Function.validate (/home/miura/.vscode-server/bin/6d9b74a70ca9c7733b29f0456fd8195364076dda/out/vs/workbench/api/node/extensionHostProcess.js:78:131745)
	at new t (/home/miura/.vscode-server/bin/6d9b74a70ca9c7733b29f0456fd8195364076dda/out/vs/workbench/api/node/extensionHostProcess.js:78:131694)
	at new t (/home/miura/.vscode-server/bin/6d9b74a70ca9c7733b29f0456fd8195364076dda/out/vs/workbench/api/node/extensionHostProcess.js:78:117222)
	at G (/home/miura/.vscode-server/extensions/ms-python.python-2022.12.0/out/client/extension.js:2:2297898)
	at c (/home/miura/.vscode-server/extensions/ms-python.python-2022.12.0/out/client/extension.js:2:2335083)
	at Object.t.map (/home/miura/.vscode-server/extensions/ms-python.python-2022.12.0/out/client/extension.js:2:2335169)
	at Object.asDocumentSymbols (/home/miura/.vscode-server/extensions/ms-python.python-2022.12.0/out/client/extension.js:2:2305716)
	at /home/miura/.vscode-server/extensions/ms-python.python-2022.12.0/out/client/extension.js:2:2244261
	at async a.provideDocumentSymbols (/home/miura/.vscode-server/bin/6d9b74a70ca9c7733b29f0456fd8195364076dda/out/vs/workbench/api/node/extensionHostProcess.js:87:37442)
[2022-08-15 17:43:09.400] [exthost] [error] [ms-python.python] provider FAILED
[2022-08-15 17:43:09.400] [exthost] [error] Error: name must not be falsy
	at Function.validate (/home/miura/.vscode-server/bin/6d9b74a70ca9c7733b29f0456fd8195364076dda/out/vs/workbench/api/node/extensionHostProcess.js:78:131745)
	at new t (/home/miura/.vscode-server/bin/6d9b74a70ca9c7733b29f0456fd8195364076dda/out/vs/workbench/api/node/extensionHostProcess.js:78:131694)
	at new t (/home/miura/.vscode-server/bin/6d9b74a70ca9c7733b29f0456fd8195364076dda/out/vs/workbench/api/node/extensionHostProcess.js:78:117222)
	at G (/home/miura/.vscode-server/extensions/ms-python.python-2022.12.0/out/client/extension.js:2:2297898)
	at c (/home/miura/.vscode-server/extensions/ms-python.python-2022.12.0/out/client/extension.js:2:2335083)
	at Object.t.map (/home/miura/.vscode-server/extensions/ms-python.python-2022.12.0/out/client/extension.js:2:2335169)
	at Object.asDocumentSymbols (/home/miura/.vscode-server/extensions/ms-python.python-2022.12.0/out/client/extension.js:2:2305716)
	at /home/miura/.vscode-server/extensions/ms-python.python-2022.12.0/out/client/extension.js:2:2244261
	at async a.provideDocumentSymbols (/home/miura/.vscode-server/bin/6d9b74a70ca9c7733b29f0456fd8195364076dda/out/vs/workbench/api/node/extensionHostProcess.js:87:37442)
[2022-08-15 17:43:41.999] [exthost] [error] [ms-python.python] provider FAILED
[2022-08-15 17:43:41.999] [exthost] [error] Error: name must not be falsy
	at Function.validate (/home/miura/.vscode-server/bin/6d9b74a70ca9c7733b29f0456fd8195364076dda/out/vs/workbench/api/node/extensionHostProcess.js:78:131745)
	at new t (/home/miura/.vscode-server/bin/6d9b74a70ca9c7733b29f0456fd8195364076dda/out/vs/workbench/api/node/extensionHostProcess.js:78:131694)
	at new t (/home/miura/.vscode-server/bin/6d9b74a70ca9c7733b29f0456fd8195364076dda/out/vs/workbench/api/node/extensionHostProcess.js:78:117222)
	at G (/home/miura/.vscode-server/extensions/ms-python.python-2022.12.0/out/client/extension.js:2:2297898)
	at c (/home/miura/.vscode-server/extensions/ms-python.python-2022.12.0/out/client/extension.js:2:2335083)
	at Object.t.map (/home/miura/.vscode-server/extensions/ms-python.python-2022.12.0/out/client/extension.js:2:2335169)
	at Object.asDocumentSymbols (/home/miura/.vscode-server/extensions/ms-python.python-2022.12.0/out/client/extension.js:2:2305716)
	at /home/miura/.vscode-server/extensions/ms-python.python-2022.12.0/out/client/extension.js:2:2244261
	at async a.provideDocumentSymbols (/home/miura/.vscode-server/bin/6d9b74a70ca9c7733b29f0456fd8195364076dda/out/vs/workbench/api/node/extensionHostProcess.js:87:37442)
[2022-08-15 21:00:28.944] [exthost] [info] Extension host terminating: renderer disconnected for too long (1)
[2022-08-15 21:00:28.945] [exthost] [info] Lock '/home/miura/.vscode-server/data/User/workspaceStorage/79b5f0cc56094051dcea441296b611d0/vscode.lock': Marking the lockfile as scheduled to be released in 6000 ms.
[2022-08-15 21:00:28.978] [exthost] [info] Extension host with pid 6410 exiting with code 0
