[2022-08-26T00:23:45.206Z] ログ レベル: Info
[2022-08-26T00:23:45.212Z] [info] Git の検証が検出されました: git
[2022-08-26T00:23:45.238Z] [info] git から Git 2.34.1 を使用しています
[2022-08-26T00:23:45.273Z] > git rev-parse --show-toplevel [24ms]
[2022-08-26T00:23:45.286Z] > git rev-parse --git-dir --git-common-dir [6ms]
[2022-08-26T00:23:45.294Z] [info] Open repository: /home/miura
[2022-08-26T00:23:45.390Z] > git status -z -uall [87ms]
[2022-08-26T00:23:45.411Z] > git symbolic-ref --short HEAD [16ms]
[2022-08-26T00:23:45.418Z] > git for-each-ref --format=%(refname)%00%(upstream:short)%00%(objectname)%00%(upstream:track)%00%(upstream:remotename)%00%(upstream:remoteref) refs/heads/feature/get-name refs/remotes/feature/get-name [2ms]
[2022-08-26T00:23:45.427Z] > git remote --verbose [2ms]
[2022-08-26T00:23:45.427Z] > git for-each-ref --sort -committerdate --format %(refname) %(objectname) %(*objectname) [5ms]
[2022-08-26T00:23:45.440Z] > git config --get commit.template [1ms]
[2022-08-26T00:23:45.508Z] > git status -z -uall [63ms]
[2022-08-26T00:23:45.514Z] > git symbolic-ref --short HEAD [1ms]
[2022-08-26T00:23:45.519Z] > git for-each-ref --format=%(refname)%00%(upstream:short)%00%(objectname)%00%(upstream:track)%00%(upstream:remotename)%00%(upstream:remoteref) refs/heads/feature/get-name refs/remotes/feature/get-name [1ms]
[2022-08-26T00:23:45.526Z] > git for-each-ref --sort -committerdate --format %(refname) %(objectname) %(*objectname) [4ms]
[2022-08-26T00:23:45.526Z] > git remote --verbose [1ms]
[2022-08-26T00:23:45.533Z] > git config --get commit.template [2ms]
[2022-08-26T00:23:45.961Z] > git check-ignore -v -z --stdin [20ms]
[2022-08-26T00:23:46.044Z] > git show --textconv :static/style.css [7ms]
[2022-08-26T00:23:46.046Z] > git ls-files --stage -- /home/miura/static/style.css [4ms]
[2022-08-26T00:23:46.051Z] > git cat-file -s 105e394a7ad784a9b73e9ae805c33f1cc4eac9ac [1ms]
[2022-08-26T00:42:35.891Z] > git show --textconv :templates/next-page.html [7ms]
[2022-08-26T00:42:35.893Z] > git ls-files --stage -- /home/miura/templates/next-page.html [5ms]
[2022-08-26T00:42:35.904Z] > git cat-file -s 5843a65260c8e262916ee75c72f5f5c95d3b663a [7ms]
[2022-08-26T00:42:49.095Z] > git status -z -uall [69ms]
[2022-08-26T00:42:49.100Z] > git symbolic-ref --short HEAD [1ms]
[2022-08-26T00:42:49.105Z] > git for-each-ref --format=%(refname)%00%(upstream:short)%00%(objectname)%00%(upstream:track)%00%(upstream:remotename)%00%(upstream:remoteref) refs/heads/feature/get-name refs/remotes/feature/get-name [1ms]
[2022-08-26T00:42:49.114Z] > git for-each-ref --sort -committerdate --format %(refname) %(objectname) %(*objectname) [5ms]
[2022-08-26T00:42:49.115Z] > git remote --verbose [3ms]
[2022-08-26T00:42:49.130Z] > git config --get commit.template [10ms]
[2022-08-26T00:42:49.628Z] > git show --textconv :static/style.css [5ms]
[2022-08-26T00:42:49.632Z] > git ls-files --stage -- /home/miura/static/style.css [5ms]
[2022-08-26T00:42:49.640Z] > git cat-file -s 105e394a7ad784a9b73e9ae805c33f1cc4eac9ac [5ms]
[2022-08-26T00:43:04.459Z] > git status -z -uall [63ms]
[2022-08-26T00:43:04.464Z] > git symbolic-ref --short HEAD [0ms]
[2022-08-26T00:43:04.469Z] > git for-each-ref --format=%(refname)%00%(upstream:short)%00%(objectname)%00%(upstream:track)%00%(upstream:remotename)%00%(upstream:remoteref) refs/heads/feature/get-name refs/remotes/feature/get-name [1ms]
[2022-08-26T00:43:04.476Z] > git for-each-ref --sort -committerdate --format %(refname) %(objectname) %(*objectname) [4ms]
[2022-08-26T00:43:04.476Z] > git remote --verbose [1ms]
[2022-08-26T00:43:04.482Z] > git config --get commit.template [1ms]
[2022-08-26T00:44:31.808Z] > git status -z -uall [63ms]
[2022-08-26T00:44:31.814Z] > git symbolic-ref --short HEAD [1ms]
[2022-08-26T00:44:31.818Z] > git for-each-ref --format=%(refname)%00%(upstream:short)%00%(objectname)%00%(upstream:track)%00%(upstream:remotename)%00%(upstream:remoteref) refs/heads/feature/get-name refs/remotes/feature/get-name [1ms]
[2022-08-26T00:44:31.826Z] > git for-each-ref --sort -committerdate --format %(refname) %(objectname) %(*objectname) [4ms]
[2022-08-26T00:44:31.826Z] > git remote --verbose [1ms]
[2022-08-26T00:44:31.832Z] > git config --get commit.template [0ms]
[2022-08-26T00:44:31.899Z] > git ls-files --stage -- /home/miura/static/style.css [9ms]
[2022-08-26T00:44:31.904Z] > git cat-file -s 105e394a7ad784a9b73e9ae805c33f1cc4eac9ac [2ms]
[2022-08-26T00:44:31.963Z] > git show --textconv :static/style.css [5ms]
[2022-08-26T00:45:20.281Z] > git status -z -uall [65ms]
[2022-08-26T00:45:20.287Z] > git symbolic-ref --short HEAD [1ms]
[2022-08-26T00:45:20.292Z] > git for-each-ref --format=%(refname)%00%(upstream:short)%00%(objectname)%00%(upstream:track)%00%(upstream:remotename)%00%(upstream:remoteref) refs/heads/feature/locate-box refs/remotes/feature/locate-box [1ms]
[2022-08-26T00:45:20.299Z] > git for-each-ref --sort -committerdate --format %(refname) %(objectname) %(*objectname) [4ms]
[2022-08-26T00:45:20.300Z] > git remote --verbose [1ms]
[2022-08-26T00:45:20.307Z] > git config --get commit.template [1ms]
[2022-08-26T00:45:20.391Z] > git ls-files --stage -- /home/miura/static/style.css [5ms]
[2022-08-26T00:45:20.396Z] > git cat-file -s 105e394a7ad784a9b73e9ae805c33f1cc4eac9ac [1ms]
[2022-08-26T00:45:20.443Z] > git show --textconv :static/style.css [5ms]
[2022-08-26T00:45:25.375Z] > git status -z -uall [62ms]
[2022-08-26T00:45:25.380Z] > git symbolic-ref --short HEAD [1ms]
[2022-08-26T00:45:25.385Z] > git for-each-ref --format=%(refname)%00%(upstream:short)%00%(objectname)%00%(upstream:track)%00%(upstream:remotename)%00%(upstream:remoteref) refs/heads/feature/locate-box refs/remotes/feature/locate-box [1ms]
[2022-08-26T00:45:25.392Z] > git for-each-ref --sort -committerdate --format %(refname) %(objectname) %(*objectname) [4ms]
[2022-08-26T00:45:25.392Z] > git remote --verbose [1ms]
[2022-08-26T00:45:25.398Z] > git config --get commit.template [1ms]
[2022-08-26T00:46:11.401Z] > git status -z -uall [61ms]
[2022-08-26T00:46:11.407Z] > git symbolic-ref --short HEAD [1ms]
[2022-08-26T00:46:11.412Z] > git for-each-ref --format=%(refname)%00%(upstream:short)%00%(objectname)%00%(upstream:track)%00%(upstream:remotename)%00%(upstream:remoteref) refs/heads/feature/locate-box refs/remotes/feature/locate-box [1ms]
[2022-08-26T00:46:11.419Z] > git for-each-ref --sort -committerdate --format %(refname) %(objectname) %(*objectname) [4ms]
[2022-08-26T00:46:11.419Z] > git remote --verbose [1ms]
[2022-08-26T00:46:11.425Z] > git config --get commit.template [1ms]
[2022-08-26T00:46:11.499Z] > git ls-files --stage -- /home/miura/static/style.css [4ms]
[2022-08-26T00:46:11.504Z] > git cat-file -s 105e394a7ad784a9b73e9ae805c33f1cc4eac9ac [1ms]
[2022-08-26T00:46:11.552Z] > git show --textconv :static/style.css [6ms]
[2022-08-26T00:46:50.023Z] > git status -z -uall [63ms]
[2022-08-26T00:46:50.029Z] > git symbolic-ref --short HEAD [0ms]
[2022-08-26T00:46:50.033Z] > git for-each-ref --format=%(refname)%00%(upstream:short)%00%(objectname)%00%(upstream:track)%00%(upstream:remotename)%00%(upstream:remoteref) refs/heads/feature/locate-box refs/remotes/feature/locate-box [1ms]
[2022-08-26T00:46:50.041Z] > git for-each-ref --sort -committerdate --format %(refname) %(objectname) %(*objectname) [4ms]
[2022-08-26T00:46:50.041Z] > git remote --verbose [1ms]
[2022-08-26T00:46:50.046Z] > git config --get commit.template [0ms]
[2022-08-26T00:46:54.752Z] > git show --textconv :templates/next-page.html [5ms]
[2022-08-26T00:46:54.755Z] > git ls-files --stage -- /home/miura/templates/next-page.html [4ms]
[2022-08-26T00:46:54.760Z] > git cat-file -s 5843a65260c8e262916ee75c72f5f5c95d3b663a [1ms]
[2022-08-26T00:46:55.686Z] > git show --textconv :static/style.css [5ms]
[2022-08-26T00:46:55.689Z] > git ls-files --stage -- /home/miura/static/style.css [4ms]
[2022-08-26T00:46:55.694Z] > git cat-file -s 105e394a7ad784a9b73e9ae805c33f1cc4eac9ac [1ms]
[2022-08-26T00:46:58.376Z] > git show --textconv :templates/next-page.html [5ms]
[2022-08-26T00:46:58.380Z] > git ls-files --stage -- /home/miura/templates/next-page.html [5ms]
[2022-08-26T00:46:58.385Z] > git cat-file -s 5843a65260c8e262916ee75c72f5f5c95d3b663a [1ms]
[2022-08-26T00:47:00.250Z] > git show --textconv :static/style.css [6ms]
[2022-08-26T00:47:00.253Z] > git ls-files --stage -- /home/miura/static/style.css [4ms]
[2022-08-26T00:47:00.258Z] > git cat-file -s 105e394a7ad784a9b73e9ae805c33f1cc4eac9ac [1ms]
