[2022-08-23T01:58:09.370Z] ログ レベル: Info
[2022-08-23T01:58:09.376Z] [info] Git の検証が検出されました: git
[2022-08-23T01:58:09.406Z] [info] git から Git 2.34.1 を使用しています
[2022-08-23T01:58:09.446Z] > git rev-parse --show-toplevel [25ms]
[2022-08-23T01:58:09.446Z] fatal: not a git repository (or any of the parent directories): .git
[2022-08-23T01:58:09.463Z] > git rev-parse --show-toplevel [6ms]
[2022-08-23T01:58:09.463Z] fatal: not a git repository (or any of the parent directories): .git
[2022-08-23T01:58:09.472Z] > git rev-parse --show-toplevel [1ms]
[2022-08-23T01:58:09.472Z] fatal: not a git repository (or any of the parent directories): .git
[2022-08-23T01:58:09.480Z] > git rev-parse --show-toplevel [1ms]
[2022-08-23T01:58:09.480Z] fatal: not a git repository (or any of the parent directories): .git
[2022-08-23T01:58:09.692Z] > git rev-parse --show-toplevel [205ms]
[2022-08-23T01:58:09.692Z] fatal: not a git repository (or any of the parent directories): .git
[2022-08-23T01:58:09.708Z] > git rev-parse --show-toplevel [6ms]
[2022-08-23T01:58:09.708Z] fatal: not a git repository (or any of the parent directories): .git
[2022-08-23T01:58:09.718Z] > git rev-parse --show-toplevel [2ms]
[2022-08-23T01:58:09.718Z] fatal: not a git repository (or any of the parent directories): .git
[2022-08-23T01:58:09.727Z] > git rev-parse --show-toplevel [1ms]
[2022-08-23T01:58:09.727Z] fatal: not a git repository (or any of the parent directories): .git
[2022-08-23T01:58:09.750Z] > git rev-parse --show-toplevel [16ms]
[2022-08-23T01:58:09.750Z] fatal: not a git repository (or any of the parent directories): .git
[2022-08-23T01:58:09.758Z] > git rev-parse --show-toplevel [1ms]
[2022-08-23T01:58:09.758Z] fatal: not a git repository (or any of the parent directories): .git
[2022-08-23T01:58:10.445Z] > git rev-parse --show-toplevel [15ms]
[2022-08-23T01:58:10.445Z] fatal: not a git repository (or any of the parent directories): .git
[2022-08-23T01:58:10.465Z] > git rev-parse --show-toplevel [1ms]
[2022-08-23T01:58:10.465Z] fatal: not a git repository (or any of the parent directories): .git
[2022-08-23T01:58:10.485Z] > git rev-parse --show-toplevel [2ms]
[2022-08-23T01:58:10.485Z] fatal: not a git repository (or any of the parent directories): .git
[2022-08-23T01:58:10.511Z] > git rev-parse --show-toplevel [18ms]
[2022-08-23T01:58:10.511Z] fatal: not a git repository (or any of the parent directories): .git
[2022-08-23T01:58:29.592Z] > git rev-parse --show-toplevel [2ms]
[2022-08-23T01:58:29.592Z] fatal: not a git repository (or any of the parent directories): .git
[2022-08-23T01:58:31.383Z] > git rev-parse --show-toplevel [4ms]
[2022-08-23T01:58:31.383Z] fatal: not a git repository (or any of the parent directories): .git
[2022-08-23T01:59:18.389Z] > git rev-parse --show-toplevel [2ms]
[2022-08-23T01:59:18.389Z] fatal: not a git repository (or any of the parent directories): .git
[2022-08-23T02:02:28.727Z] > git rev-parse --show-toplevel [2ms]
[2022-08-23T02:02:28.727Z] fatal: not a git repository (or any of the parent directories): .git
[2022-08-23T02:02:54.953Z] > git rev-parse --show-toplevel [3ms]
[2022-08-23T02:02:54.953Z] fatal: not a git repository (or any of the parent directories): .git
[2022-08-23T02:04:29.650Z] > git rev-parse --show-toplevel [2ms]
[2022-08-23T02:04:29.650Z] fatal: not a git repository (or any of the parent directories): .git
[2022-08-23T02:05:39.021Z] > git rev-parse --show-toplevel [3ms]
[2022-08-23T02:05:39.021Z] fatal: not a git repository (or any of the parent directories): .git
[2022-08-23T02:06:44.913Z] > git rev-parse --show-toplevel [3ms]
[2022-08-23T02:06:44.913Z] fatal: not a git repository (or any of the parent directories): .git
[2022-08-23T02:11:57.041Z] > git rev-parse --show-toplevel [1ms]
[2022-08-23T02:11:57.041Z] fatal: not a git repository (or any of the parent directories): .git
[2022-08-23T02:12:05.085Z] > git rev-parse --show-toplevel [3ms]
[2022-08-23T02:12:05.085Z] fatal: not a git repository (or any of the parent directories): .git
[2022-08-23T02:12:07.745Z] > git rev-parse --show-toplevel [1ms]
[2022-08-23T02:12:07.745Z] fatal: not a git repository (or any of the parent directories): .git
[2022-08-23T02:12:17.648Z] > git rev-parse --show-toplevel [1ms]
[2022-08-23T02:12:17.648Z] fatal: not a git repository (or any of the parent directories): .git
[2022-08-23T02:14:20.273Z] > git rev-parse --show-toplevel [4ms]
[2022-08-23T02:14:20.273Z] fatal: not a git repository (or any of the parent directories): .git
[2022-08-23T02:14:26.938Z] > git rev-parse --show-toplevel [2ms]
[2022-08-23T02:14:26.938Z] fatal: not a git repository (or any of the parent directories): .git
[2022-08-23T02:16:05.276Z] > git rev-parse --show-toplevel [1ms]
[2022-08-23T02:16:05.276Z] fatal: not a git repository (or any of the parent directories): .git
[2022-08-23T02:17:07.942Z] > git rev-parse --show-toplevel [1ms]
[2022-08-23T02:17:07.942Z] fatal: not a git repository (or any of the parent directories): .git
[2022-08-23T02:19:09.086Z] > git rev-parse --show-toplevel [1ms]
[2022-08-23T02:19:09.086Z] fatal: not a git repository (or any of the parent directories): .git
[2022-08-23T02:20:09.684Z] > git rev-parse --show-toplevel [2ms]
[2022-08-23T02:20:09.684Z] fatal: not a git repository (or any of the parent directories): .git
[2022-08-23T02:21:34.527Z] > git rev-parse --show-toplevel [1ms]
[2022-08-23T02:21:34.527Z] fatal: not a git repository (or any of the parent directories): .git
[2022-08-23T02:24:22.850Z] > git rev-parse --show-toplevel [1ms]
[2022-08-23T02:24:22.850Z] fatal: not a git repository (or any of the parent directories): .git
[2022-08-23T02:26:30.785Z] > git rev-parse --show-toplevel [2ms]
[2022-08-23T02:26:30.785Z] fatal: not a git repository (or any of the parent directories): .git
[2022-08-23T02:29:43.708Z] > git rev-parse --show-toplevel [1ms]
[2022-08-23T02:29:43.708Z] fatal: not a git repository (or any of the parent directories): .git
[2022-08-23T02:30:21.425Z] > git rev-parse --show-toplevel [2ms]
[2022-08-23T02:30:21.425Z] fatal: not a git repository (or any of the parent directories): .git
[2022-08-23T02:31:12.830Z] > git rev-parse --show-toplevel [1ms]
[2022-08-23T02:31:12.830Z] fatal: not a git repository (or any of the parent directories): .git
[2022-08-23T02:32:19.697Z] > git rev-parse --show-toplevel [1ms]
[2022-08-23T02:32:19.697Z] fatal: not a git repository (or any of the parent directories): .git
[2022-08-23T02:34:41.865Z] > git rev-parse --show-toplevel [1ms]
[2022-08-23T02:34:41.865Z] fatal: not a git repository (or any of the parent directories): .git
[2022-08-23T02:36:37.705Z] > git rev-parse --show-toplevel [3ms]
[2022-08-23T02:36:37.705Z] fatal: not a git repository (or any of the parent directories): .git
[2022-08-23T02:37:20.640Z] > git rev-parse --show-toplevel [2ms]
[2022-08-23T02:37:20.640Z] fatal: not a git repository (or any of the parent directories): .git
[2022-08-23T02:37:39.079Z] > git rev-parse --show-toplevel [1ms]
[2022-08-23T02:37:39.079Z] fatal: not a git repository (or any of the parent directories): .git
[2022-08-23T02:37:55.662Z] > git rev-parse --show-toplevel [2ms]
[2022-08-23T02:37:55.662Z] fatal: not a git repository (or any of the parent directories): .git
[2022-08-23T02:38:18.531Z] > git rev-parse --show-toplevel [1ms]
[2022-08-23T02:38:18.531Z] fatal: not a git repository (or any of the parent directories): .git
[2022-08-23T02:38:34.923Z] > git rev-parse --show-toplevel [1ms]
[2022-08-23T02:38:34.923Z] fatal: not a git repository (or any of the parent directories): .git
[2022-08-23T02:39:10.517Z] > git rev-parse --show-toplevel [2ms]
[2022-08-23T02:39:10.517Z] fatal: not a git repository (or any of the parent directories): .git
[2022-08-23T02:39:43.008Z] > git rev-parse --show-toplevel [1ms]
[2022-08-23T02:39:43.008Z] fatal: not a git repository (or any of the parent directories): .git
[2022-08-23T02:40:19.519Z] > git rev-parse --show-toplevel [3ms]
[2022-08-23T02:40:19.519Z] fatal: not a git repository (or any of the parent directories): .git
[2022-08-23T02:40:21.216Z] > git rev-parse --show-toplevel [2ms]
[2022-08-23T02:40:21.216Z] fatal: not a git repository (or any of the parent directories): .git
[2022-08-23T02:40:22.891Z] > git rev-parse --show-toplevel [1ms]
[2022-08-23T02:40:22.891Z] fatal: not a git repository (or any of the parent directories): .git
[2022-08-23T02:40:32.172Z] > git rev-parse --show-toplevel [2ms]
[2022-08-23T02:40:32.172Z] fatal: not a git repository (or any of the parent directories): .git
[2022-08-23T02:40:43.976Z] > git rev-parse --show-toplevel [2ms]
[2022-08-23T02:40:43.976Z] fatal: not a git repository (or any of the parent directories): .git
[2022-08-23T02:40:43.982Z] > git rev-parse --show-toplevel [1ms]
[2022-08-23T02:40:43.982Z] fatal: not a git repository (or any of the parent directories): .git
[2022-08-23T02:40:45.434Z] > git rev-parse --show-toplevel [1ms]
[2022-08-23T02:40:45.434Z] fatal: not a git repository (or any of the parent directories): .git
[2022-08-23T02:40:45.441Z] > git rev-parse --show-toplevel [1ms]
[2022-08-23T02:40:45.441Z] fatal: not a git repository (or any of the parent directories): .git
[2022-08-23T02:40:45.447Z] > git rev-parse --show-toplevel [1ms]
[2022-08-23T02:40:45.447Z] fatal: not a git repository (or any of the parent directories): .git
[2022-08-23T02:40:55.600Z] > git rev-parse --show-toplevel [2ms]
[2022-08-23T02:40:55.600Z] fatal: not a git repository (or any of the parent directories): .git
[2022-08-23T02:40:56.666Z] > git rev-parse --show-toplevel [1ms]
[2022-08-23T02:40:56.666Z] fatal: not a git repository (or any of the parent directories): .git
[2022-08-23T02:44:34.564Z] > git rev-parse --show-toplevel [1ms]
[2022-08-23T02:44:34.564Z] fatal: not a git repository (or any of the parent directories): .git
[2022-08-23T02:45:58.864Z] > git rev-parse --show-toplevel [1ms]
[2022-08-23T02:45:58.864Z] fatal: not a git repository (or any of the parent directories): .git
[2022-08-23T02:50:58.370Z] > git rev-parse --show-toplevel [4ms]
[2022-08-23T02:50:58.370Z] fatal: not a git repository (or any of the parent directories): .git
[2022-08-23T02:51:52.341Z] > git rev-parse --show-toplevel [1ms]
[2022-08-23T02:51:52.341Z] fatal: not a git repository (or any of the parent directories): .git
[2022-08-23T02:52:09.869Z] > git rev-parse --show-toplevel [2ms]
[2022-08-23T02:52:09.869Z] fatal: not a git repository (or any of the parent directories): .git
[2022-08-23T02:58:23.391Z] > git rev-parse --show-toplevel [2ms]
[2022-08-23T02:58:23.391Z] fatal: not a git repository (or any of the parent directories): .git
[2022-08-23T02:58:26.112Z] > git rev-parse --show-toplevel [1ms]
[2022-08-23T02:58:26.112Z] fatal: not a git repository (or any of the parent directories): .git
[2022-08-23T02:58:34.847Z] > git rev-parse --show-toplevel [2ms]
[2022-08-23T02:58:34.847Z] fatal: not a git repository (or any of the parent directories): .git
[2022-08-23T02:59:29.545Z] > git rev-parse --show-toplevel [1ms]
[2022-08-23T02:59:29.545Z] fatal: not a git repository (or any of the parent directories): .git
[2022-08-23T02:59:35.409Z] > git rev-parse --show-toplevel [1ms]
[2022-08-23T02:59:35.409Z] fatal: not a git repository (or any of the parent directories): .git
[2022-08-23T03:01:19.435Z] > git rev-parse --show-toplevel [1ms]
[2022-08-23T03:01:19.435Z] fatal: not a git repository (or any of the parent directories): .git
[2022-08-23T03:01:43.946Z] > git rev-parse --show-toplevel [2ms]
[2022-08-23T03:01:43.946Z] fatal: not a git repository (or any of the parent directories): .git
[2022-08-23T03:01:50.647Z] > git rev-parse --show-toplevel [1ms]
[2022-08-23T03:01:50.647Z] fatal: not a git repository (or any of the parent directories): .git
[2022-08-23T03:02:51.714Z] > git rev-parse --show-toplevel [1ms]
[2022-08-23T03:02:51.714Z] fatal: not a git repository (or any of the parent directories): .git
[2022-08-23T03:23:26.162Z] > git rev-parse --show-toplevel [1ms]
[2022-08-23T03:23:26.162Z] fatal: not a git repository (or any of the parent directories): .git
