[2022-08-18T07:36:39.082Z] ログ レベル: Info
[2022-08-18T07:36:39.088Z] [info] Git の検証が検出されました: git
[2022-08-18T07:36:39.114Z] [info] git から Git 2.34.1 を使用しています
[2022-08-18T07:36:39.149Z] > git rev-parse --show-toplevel [22ms]
[2022-08-18T07:36:39.149Z] fatal: not a git repository (or any of the parent directories): .git
[2022-08-18T07:36:39.157Z] > git rev-parse --show-toplevel [1ms]
[2022-08-18T07:36:39.157Z] fatal: not a git repository (or any of the parent directories): .git
[2022-08-18T07:36:39.161Z] > git rev-parse --show-toplevel [1ms]
[2022-08-18T07:36:39.161Z] fatal: not a git repository (or any of the parent directories): .git
[2022-08-18T07:36:39.174Z] > git rev-parse --show-toplevel [10ms]
[2022-08-18T07:36:39.174Z] fatal: not a git repository (or any of the parent directories): .git
[2022-08-18T07:36:39.178Z] > git rev-parse --show-toplevel [1ms]
[2022-08-18T07:36:39.178Z] fatal: not a git repository (or any of the parent directories): .git
[2022-08-18T07:36:39.183Z] > git rev-parse --show-toplevel [1ms]
[2022-08-18T07:36:39.183Z] fatal: not a git repository (or any of the parent directories): .git
[2022-08-18T07:36:39.188Z] > git rev-parse --show-toplevel [1ms]
[2022-08-18T07:36:39.188Z] fatal: not a git repository (or any of the parent directories): .git
[2022-08-18T07:36:39.192Z] > git rev-parse --show-toplevel [1ms]
[2022-08-18T07:36:39.192Z] fatal: not a git repository (or any of the parent directories): .git
[2022-08-18T07:36:39.198Z] > git rev-parse --show-toplevel [2ms]
[2022-08-18T07:36:39.198Z] fatal: not a git repository (or any of the parent directories): .git
[2022-08-18T07:36:39.203Z] > git rev-parse --show-toplevel [2ms]
[2022-08-18T07:36:39.203Z] fatal: not a git repository (or any of the parent directories): .git
[2022-08-18T07:36:40.221Z] > git rev-parse --show-toplevel [4ms]
[2022-08-18T07:36:40.221Z] fatal: not a git repository (or any of the parent directories): .git
[2022-08-18T07:36:40.231Z] > git rev-parse --show-toplevel [1ms]
[2022-08-18T07:36:40.231Z] fatal: not a git repository (or any of the parent directories): .git
[2022-08-18T08:41:48.032Z] > git rev-parse --show-toplevel [3ms]
[2022-08-18T08:41:48.032Z] fatal: not a git repository (or any of the parent directories): .git
[2022-08-18T08:41:49.727Z] > git rev-parse --show-toplevel [1ms]
[2022-08-18T08:41:49.727Z] fatal: not a git repository (or any of the parent directories): .git
[2022-08-18T09:22:59.286Z] > git rev-parse --show-toplevel [2ms]
[2022-08-18T09:22:59.286Z] fatal: not a git repository (or any of the parent directories): .git
[2022-08-18T09:23:32.899Z] > git rev-parse --show-toplevel [1ms]
[2022-08-18T09:23:32.899Z] fatal: not a git repository (or any of the parent directories): .git
[2022-08-18T09:24:00.516Z] > git rev-parse --show-toplevel [1ms]
[2022-08-18T09:24:00.516Z] fatal: not a git repository (or any of the parent directories): .git
[2022-08-18T09:24:02.782Z] > git rev-parse --show-toplevel [1ms]
[2022-08-18T09:24:02.782Z] fatal: not a git repository (or any of the parent directories): .git
[2022-08-18T09:24:34.930Z] > git rev-parse --show-toplevel [0ms]
[2022-08-18T09:24:34.930Z] fatal: not a git repository (or any of the parent directories): .git
[2022-08-18T09:24:53.601Z] > git rev-parse --show-toplevel [1ms]
[2022-08-18T09:24:53.601Z] fatal: not a git repository (or any of the parent directories): .git
[2022-08-18T09:29:47.131Z] > git rev-parse --show-toplevel [2ms]
[2022-08-18T09:29:47.131Z] fatal: not a git repository (or any of the parent directories): .git
