[2022-08-24T04:56:19.821Z] ログ レベル: Info
[2022-08-24T04:56:19.827Z] [info] Git の検証が検出されました: git
[2022-08-24T04:56:19.861Z] [info] git から Git 2.34.1 を使用しています
[2022-08-24T04:56:19.903Z] > git rev-parse --show-toplevel [25ms]
[2022-08-24T04:56:19.923Z] > git rev-parse --git-dir --git-common-dir [6ms]
[2022-08-24T04:56:19.929Z] [info] Open repository: /home/miura
[2022-08-24T04:56:20.156Z] > git status -z -uall [214ms]
[2022-08-24T04:56:20.175Z] > git symbolic-ref --short HEAD [6ms]
[2022-08-24T04:56:20.187Z] > git for-each-ref --format=%(refname)%00%(upstream:short)%00%(objectname)%00%(upstream:track)%00%(upstream:remotename)%00%(upstream:remoteref) refs/heads/feature/shape-list refs/remotes/feature/shape-list [1ms]
[2022-08-24T04:56:20.207Z] > git for-each-ref --sort -committerdate --format %(refname) %(objectname) %(*objectname) [10ms]
[2022-08-24T04:56:20.208Z] > git remote --verbose [3ms]
[2022-08-24T04:56:20.234Z] > git config --get commit.template [4ms]
[2022-08-24T04:56:20.423Z] > git status -z -uall [179ms]
[2022-08-24T04:56:20.438Z] > git symbolic-ref --short HEAD [3ms]
[2022-08-24T04:56:20.452Z] > git for-each-ref --format=%(refname)%00%(upstream:short)%00%(objectname)%00%(upstream:track)%00%(upstream:remotename)%00%(upstream:remoteref) refs/heads/feature/shape-list refs/remotes/feature/shape-list [4ms]
[2022-08-24T04:56:20.469Z] > git for-each-ref --sort -committerdate --format %(refname) %(objectname) %(*objectname) [8ms]
[2022-08-24T04:56:20.471Z] > git remote --verbose [2ms]
[2022-08-24T04:56:20.499Z] > git config --get commit.template [13ms]
[2022-08-24T04:56:20.810Z] > git check-ignore -v -z --stdin [22ms]
[2022-08-24T04:56:22.875Z] > git show --textconv :index.py [19ms]
[2022-08-24T04:56:22.893Z] > git ls-files --stage -- /home/miura/index.py [19ms]
[2022-08-24T04:56:22.907Z] > git cat-file -s 36462e744cc998a882ffc13baca45ed2a6645174 [1ms]
[2022-08-24T04:57:47.456Z] > git show --textconv :templates/next-page.html [6ms]
[2022-08-24T04:57:47.461Z] > git ls-files --stage -- /home/miura/templates/next-page.html [5ms]
[2022-08-24T04:57:47.469Z] > git cat-file -s a219c0fd46844159e09cde75adfa8a399edf1853 [1ms]
[2022-08-24T04:58:19.747Z] > git status -z -uall [61ms]
[2022-08-24T04:58:19.755Z] > git symbolic-ref --short HEAD [1ms]
[2022-08-24T04:58:19.762Z] > git for-each-ref --format=%(refname)%00%(upstream:short)%00%(objectname)%00%(upstream:track)%00%(upstream:remotename)%00%(upstream:remoteref) refs/heads/feature/shape-list refs/remotes/feature/shape-list [1ms]
[2022-08-24T04:58:19.772Z] > git for-each-ref --sort -committerdate --format %(refname) %(objectname) %(*objectname) [5ms]
[2022-08-24T04:58:19.774Z] > git remote --verbose [3ms]
[2022-08-24T04:58:19.790Z] > git config --get commit.template [1ms]
[2022-08-24T04:58:34.887Z] > git status -z -uall [62ms]
[2022-08-24T04:58:34.895Z] > git symbolic-ref --short HEAD [1ms]
[2022-08-24T04:58:34.901Z] > git for-each-ref --format=%(refname)%00%(upstream:short)%00%(objectname)%00%(upstream:track)%00%(upstream:remotename)%00%(upstream:remoteref) refs/heads/feature/shape-list refs/remotes/feature/shape-list [1ms]
[2022-08-24T04:58:34.911Z] > git for-each-ref --sort -committerdate --format %(refname) %(objectname) %(*objectname) [5ms]
[2022-08-24T04:58:34.911Z] > git remote --verbose [1ms]
[2022-08-24T04:58:34.926Z] > git config --get commit.template [1ms]
[2022-08-24T04:58:52.439Z] > git show --textconv :index.py [7ms]
[2022-08-24T04:58:52.444Z] > git ls-files --stage -- /home/miura/index.py [6ms]
[2022-08-24T04:58:52.450Z] > git cat-file -s 36462e744cc998a882ffc13baca45ed2a6645174 [1ms]
[2022-08-24T04:59:17.149Z] > git status -z -uall [63ms]
[2022-08-24T04:59:17.157Z] > git symbolic-ref --short HEAD [1ms]
[2022-08-24T04:59:17.164Z] > git for-each-ref --format=%(refname)%00%(upstream:short)%00%(objectname)%00%(upstream:track)%00%(upstream:remotename)%00%(upstream:remoteref) refs/heads/feature/shape-list refs/remotes/feature/shape-list [1ms]
[2022-08-24T04:59:17.173Z] > git for-each-ref --sort -committerdate --format %(refname) %(objectname) %(*objectname) [5ms]
[2022-08-24T04:59:17.173Z] > git remote --verbose [1ms]
[2022-08-24T04:59:17.186Z] > git config --get commit.template [1ms]
[2022-08-24T04:59:22.523Z] > git status -z -uall [61ms]
[2022-08-24T04:59:22.531Z] > git symbolic-ref --short HEAD [1ms]
[2022-08-24T04:59:22.538Z] > git for-each-ref --format=%(refname)%00%(upstream:short)%00%(objectname)%00%(upstream:track)%00%(upstream:remotename)%00%(upstream:remoteref) refs/heads/feature/shape-list refs/remotes/feature/shape-list [1ms]
[2022-08-24T04:59:22.548Z] > git for-each-ref --sort -committerdate --format %(refname) %(objectname) %(*objectname) [5ms]
[2022-08-24T04:59:22.549Z] > git remote --verbose [2ms]
[2022-08-24T04:59:22.564Z] > git config --get commit.template [0ms]
[2022-08-24T05:00:51.733Z] > git show --textconv :templates/first-page.html [8ms]
[2022-08-24T05:00:51.736Z] > git ls-files --stage -- /home/miura/templates/first-page.html [5ms]
[2022-08-24T05:00:51.742Z] > git cat-file -s 460e5101e5f53aee10fca4cace3447f76a4df7f1 [1ms]
[2022-08-24T05:00:55.415Z] > git show --textconv :templates/next-page.html [7ms]
[2022-08-24T05:00:55.418Z] > git ls-files --stage -- /home/miura/templates/next-page.html [5ms]
[2022-08-24T05:00:55.424Z] > git cat-file -s a219c0fd46844159e09cde75adfa8a399edf1853 [1ms]
[2022-08-24T05:00:56.918Z] > git show --textconv :templates/first-page.html [6ms]
[2022-08-24T05:00:56.923Z] > git ls-files --stage -- /home/miura/templates/first-page.html [6ms]
[2022-08-24T05:00:56.930Z] > git cat-file -s 460e5101e5f53aee10fca4cace3447f76a4df7f1 [1ms]
[2022-08-24T05:00:59.365Z] > git show --textconv :templates/next-page.html [6ms]
[2022-08-24T05:00:59.369Z] > git ls-files --stage -- /home/miura/templates/next-page.html [4ms]
[2022-08-24T05:00:59.375Z] > git cat-file -s a219c0fd46844159e09cde75adfa8a399edf1853 [1ms]
[2022-08-24T05:01:19.451Z] > git status -z -uall [64ms]
[2022-08-24T05:01:19.459Z] > git symbolic-ref --short HEAD [1ms]
[2022-08-24T05:01:19.466Z] > git for-each-ref --format=%(refname)%00%(upstream:short)%00%(objectname)%00%(upstream:track)%00%(upstream:remotename)%00%(upstream:remoteref) refs/heads/feature/shape-list refs/remotes/feature/shape-list [1ms]
[2022-08-24T05:01:19.476Z] > git for-each-ref --sort -committerdate --format %(refname) %(objectname) %(*objectname) [5ms]
[2022-08-24T05:01:19.477Z] > git remote --verbose [2ms]
[2022-08-24T05:01:19.489Z] > git config --get commit.template [0ms]
[2022-08-24T05:01:35.813Z] > git show --textconv :index.py [7ms]
[2022-08-24T05:01:35.818Z] > git ls-files --stage -- /home/miura/index.py [5ms]
[2022-08-24T05:01:35.824Z] > git cat-file -s 36462e744cc998a882ffc13baca45ed2a6645174 [1ms]
[2022-08-24T05:01:42.276Z] > git status -z -uall [62ms]
[2022-08-24T05:01:42.283Z] > git symbolic-ref --short HEAD [1ms]
[2022-08-24T05:01:42.289Z] > git for-each-ref --format=%(refname)%00%(upstream:short)%00%(objectname)%00%(upstream:track)%00%(upstream:remotename)%00%(upstream:remoteref) refs/heads/feature/shape-list refs/remotes/feature/shape-list [1ms]
[2022-08-24T05:01:42.299Z] > git for-each-ref --sort -committerdate --format %(refname) %(objectname) %(*objectname) [5ms]
[2022-08-24T05:01:42.300Z] > git remote --verbose [1ms]
[2022-08-24T05:01:42.316Z] > git config --get commit.template [1ms]
[2022-08-24T05:02:04.473Z] > git show --textconv :templates/next-page.html [7ms]
[2022-08-24T05:02:04.478Z] > git ls-files --stage -- /home/miura/templates/next-page.html [5ms]
[2022-08-24T05:02:04.484Z] > git cat-file -s a219c0fd46844159e09cde75adfa8a399edf1853 [1ms]
[2022-08-24T05:04:02.433Z] > git status -z -uall [63ms]
[2022-08-24T05:04:02.440Z] > git symbolic-ref --short HEAD [1ms]
[2022-08-24T05:04:02.447Z] > git for-each-ref --format=%(refname)%00%(upstream:short)%00%(objectname)%00%(upstream:track)%00%(upstream:remotename)%00%(upstream:remoteref) refs/heads/feature/shape-list refs/remotes/feature/shape-list [1ms]
[2022-08-24T05:04:02.457Z] > git for-each-ref --sort -committerdate --format %(refname) %(objectname) %(*objectname) [6ms]
[2022-08-24T05:04:02.457Z] > git remote --verbose [1ms]
[2022-08-24T05:04:02.471Z] > git config --get commit.template [1ms]
[2022-08-24T05:04:58.460Z] > git show --textconv :templates/first-page.html [7ms]
[2022-08-24T05:04:58.464Z] > git ls-files --stage -- /home/miura/templates/first-page.html [5ms]
[2022-08-24T05:04:58.470Z] > git cat-file -s 460e5101e5f53aee10fca4cace3447f76a4df7f1 [1ms]
[2022-08-24T05:07:13.793Z] > git show --textconv :static/style.css [7ms]
[2022-08-24T05:07:13.797Z] > git ls-files --stage -- /home/miura/static/style.css [5ms]
[2022-08-24T05:07:13.805Z] > git cat-file -s 9c0ef8043f4a7098e4c38e2c57817cb2bb9bae82 [3ms]
[2022-08-24T05:07:48.541Z] > git status -z -uall [63ms]
[2022-08-24T05:07:48.550Z] > git symbolic-ref --short HEAD [1ms]
[2022-08-24T05:07:48.558Z] > git for-each-ref --format=%(refname)%00%(upstream:short)%00%(objectname)%00%(upstream:track)%00%(upstream:remotename)%00%(upstream:remoteref) refs/heads/feature/shape-list refs/remotes/feature/shape-list [1ms]
[2022-08-24T05:07:48.568Z] > git for-each-ref --sort -committerdate --format %(refname) %(objectname) %(*objectname) [5ms]
[2022-08-24T05:07:48.568Z] > git remote --verbose [1ms]
[2022-08-24T05:07:48.582Z] > git config --get commit.template [0ms]
[2022-08-24T05:07:49.202Z] > git show --textconv :index.py [6ms]
[2022-08-24T05:07:49.207Z] > git ls-files --stage -- /home/miura/index.py [5ms]
[2022-08-24T05:07:49.214Z] > git cat-file -s 36462e744cc998a882ffc13baca45ed2a6645174 [1ms]
[2022-08-24T05:07:55.803Z] > git status -z -uall [62ms]
[2022-08-24T05:07:55.811Z] > git symbolic-ref --short HEAD [1ms]
[2022-08-24T05:07:55.817Z] > git for-each-ref --format=%(refname)%00%(upstream:short)%00%(objectname)%00%(upstream:track)%00%(upstream:remotename)%00%(upstream:remoteref) refs/heads/feature/shape-list refs/remotes/feature/shape-list [1ms]
[2022-08-24T05:07:55.827Z] > git for-each-ref --sort -committerdate --format %(refname) %(objectname) %(*objectname) [5ms]
[2022-08-24T05:07:55.828Z] > git remote --verbose [1ms]
[2022-08-24T05:07:55.845Z] > git config --get commit.template [2ms]
[2022-08-24T05:08:21.394Z] > git show --textconv :static/style.css [6ms]
[2022-08-24T05:08:21.399Z] > git ls-files --stage -- /home/miura/static/style.css [5ms]
[2022-08-24T05:08:21.405Z] > git cat-file -s 9c0ef8043f4a7098e4c38e2c57817cb2bb9bae82 [1ms]
[2022-08-24T05:08:36.412Z] > git status -z -uall [63ms]
[2022-08-24T05:08:36.420Z] > git symbolic-ref --short HEAD [1ms]
[2022-08-24T05:08:36.427Z] > git for-each-ref --format=%(refname)%00%(upstream:short)%00%(objectname)%00%(upstream:track)%00%(upstream:remotename)%00%(upstream:remoteref) refs/heads/feature/shape-list refs/remotes/feature/shape-list [1ms]
[2022-08-24T05:08:36.437Z] > git for-each-ref --sort -committerdate --format %(refname) %(objectname) %(*objectname) [5ms]
[2022-08-24T05:08:36.440Z] > git remote --verbose [4ms]
[2022-08-24T05:08:36.453Z] > git config --get commit.template [1ms]
[2022-08-24T05:08:37.198Z] > git show --textconv :index.py [7ms]
[2022-08-24T05:08:37.203Z] > git ls-files --stage -- /home/miura/index.py [6ms]
[2022-08-24T05:08:37.209Z] > git cat-file -s 36462e744cc998a882ffc13baca45ed2a6645174 [1ms]
[2022-08-24T05:08:42.236Z] > git status -z -uall [62ms]
[2022-08-24T05:08:42.244Z] > git symbolic-ref --short HEAD [1ms]
[2022-08-24T05:08:42.251Z] > git for-each-ref --format=%(refname)%00%(upstream:short)%00%(objectname)%00%(upstream:track)%00%(upstream:remotename)%00%(upstream:remoteref) refs/heads/feature/shape-list refs/remotes/feature/shape-list [1ms]
[2022-08-24T05:08:42.264Z] > git for-each-ref --sort -committerdate --format %(refname) %(objectname) %(*objectname) [8ms]
[2022-08-24T05:08:42.264Z] > git remote --verbose [3ms]
[2022-08-24T05:08:42.279Z] > git config --get commit.template [1ms]
[2022-08-24T05:09:15.243Z] > git show --textconv :static/style.css [6ms]
[2022-08-24T05:09:15.247Z] > git ls-files --stage -- /home/miura/static/style.css [4ms]
[2022-08-24T05:09:15.254Z] > git cat-file -s 9c0ef8043f4a7098e4c38e2c57817cb2bb9bae82 [1ms]
[2022-08-24T05:09:20.374Z] > git status -z -uall [65ms]
[2022-08-24T05:09:20.382Z] > git symbolic-ref --short HEAD [1ms]
[2022-08-24T05:09:20.388Z] > git for-each-ref --format=%(refname)%00%(upstream:short)%00%(objectname)%00%(upstream:track)%00%(upstream:remotename)%00%(upstream:remoteref) refs/heads/feature/shape-list refs/remotes/feature/shape-list [1ms]
[2022-08-24T05:09:20.398Z] > git for-each-ref --sort -committerdate --format %(refname) %(objectname) %(*objectname) [5ms]
[2022-08-24T05:09:20.399Z] > git remote --verbose [1ms]
[2022-08-24T05:09:20.413Z] > git config --get commit.template [0ms]
[2022-08-24T05:11:46.701Z] > git status -z -uall [64ms]
[2022-08-24T05:11:46.709Z] > git symbolic-ref --short HEAD [1ms]
[2022-08-24T05:11:46.715Z] > git for-each-ref --format=%(refname)%00%(upstream:short)%00%(objectname)%00%(upstream:track)%00%(upstream:remotename)%00%(upstream:remoteref) refs/heads/feature/shape-list refs/remotes/feature/shape-list [1ms]
[2022-08-24T05:11:46.726Z] > git for-each-ref --sort -committerdate --format %(refname) %(objectname) %(*objectname) [6ms]
[2022-08-24T05:11:46.726Z] > git remote --verbose [1ms]
[2022-08-24T05:11:46.738Z] > git config --get commit.template [1ms]
[2022-08-24T05:11:47.710Z] > git show --textconv :templates/next-page.html [6ms]
[2022-08-24T05:11:47.715Z] > git ls-files --stage -- /home/miura/templates/next-page.html [5ms]
[2022-08-24T05:11:47.721Z] > git cat-file -s a219c0fd46844159e09cde75adfa8a399edf1853 [1ms]
[2022-08-24T05:11:50.761Z] > git show --textconv :templates/first-page.html [7ms]
[2022-08-24T05:11:50.765Z] > git ls-files --stage -- /home/miura/templates/first-page.html [5ms]
[2022-08-24T05:11:50.771Z] > git cat-file -s 460e5101e5f53aee10fca4cace3447f76a4df7f1 [1ms]
[2022-08-24T05:12:18.318Z] > git status -z -uall [64ms]
[2022-08-24T05:12:18.326Z] > git symbolic-ref --short HEAD [1ms]
[2022-08-24T05:12:18.332Z] > git for-each-ref --format=%(refname)%00%(upstream:short)%00%(objectname)%00%(upstream:track)%00%(upstream:remotename)%00%(upstream:remoteref) refs/heads/feature/shape-list refs/remotes/feature/shape-list [0ms]
[2022-08-24T05:12:18.343Z] > git for-each-ref --sort -committerdate --format %(refname) %(objectname) %(*objectname) [5ms]
[2022-08-24T05:12:18.343Z] > git remote --verbose [1ms]
[2022-08-24T05:12:18.358Z] > git config --get commit.template [1ms]
[2022-08-24T05:12:21.594Z] > git show --textconv :index.py [6ms]
[2022-08-24T05:12:21.600Z] > git ls-files --stage -- /home/miura/index.py [5ms]
[2022-08-24T05:12:21.606Z] > git cat-file -s 36462e744cc998a882ffc13baca45ed2a6645174 [1ms]
[2022-08-24T05:12:34.042Z] > git status -z -uall [62ms]
[2022-08-24T05:12:34.054Z] > git symbolic-ref --short HEAD [1ms]
[2022-08-24T05:12:34.061Z] > git for-each-ref --format=%(refname)%00%(upstream:short)%00%(objectname)%00%(upstream:track)%00%(upstream:remotename)%00%(upstream:remoteref) refs/heads/feature/shape-list refs/remotes/feature/shape-list [1ms]
[2022-08-24T05:12:34.071Z] > git for-each-ref --sort -committerdate --format %(refname) %(objectname) %(*objectname) [5ms]
[2022-08-24T05:12:34.072Z] > git remote --verbose [1ms]
[2022-08-24T05:12:34.086Z] > git config --get commit.template [0ms]
[2022-08-24T05:12:35.235Z] > git show --textconv :templates/first-page.html [7ms]
[2022-08-24T05:12:35.239Z] > git ls-files --stage -- /home/miura/templates/first-page.html [5ms]
[2022-08-24T05:12:35.245Z] > git cat-file -s 460e5101e5f53aee10fca4cace3447f76a4df7f1 [1ms]
[2022-08-24T05:12:48.210Z] > git status -z -uall [71ms]
[2022-08-24T05:12:48.219Z] > git symbolic-ref --short HEAD [1ms]
[2022-08-24T05:12:48.227Z] > git for-each-ref --format=%(refname)%00%(upstream:short)%00%(objectname)%00%(upstream:track)%00%(upstream:remotename)%00%(upstream:remoteref) refs/heads/feature/shape-list refs/remotes/feature/shape-list [1ms]
[2022-08-24T05:12:48.238Z] > git for-each-ref --sort -committerdate --format %(refname) %(objectname) %(*objectname) [6ms]
[2022-08-24T05:12:48.240Z] > git remote --verbose [3ms]
[2022-08-24T05:12:48.256Z] > git config --get commit.template [1ms]
[2022-08-24T05:12:48.659Z] > git show --textconv :index.py [7ms]
[2022-08-24T05:12:48.664Z] > git ls-files --stage -- /home/miura/index.py [6ms]
[2022-08-24T05:12:48.671Z] > git cat-file -s 36462e744cc998a882ffc13baca45ed2a6645174 [1ms]
[2022-08-24T05:12:53.614Z] > git status -z -uall [62ms]
[2022-08-24T05:12:53.622Z] > git symbolic-ref --short HEAD [1ms]
[2022-08-24T05:12:53.629Z] > git for-each-ref --format=%(refname)%00%(upstream:short)%00%(objectname)%00%(upstream:track)%00%(upstream:remotename)%00%(upstream:remoteref) refs/heads/feature/shape-list refs/remotes/feature/shape-list [1ms]
[2022-08-24T05:12:53.638Z] > git for-each-ref --sort -committerdate --format %(refname) %(objectname) %(*objectname) [5ms]
[2022-08-24T05:12:53.639Z] > git remote --verbose [1ms]
[2022-08-24T05:12:53.651Z] > git config --get commit.template [1ms]
[2022-08-24T05:13:14.555Z] > git show --textconv :templates/first-page.html [6ms]
[2022-08-24T05:13:14.559Z] > git ls-files --stage -- /home/miura/templates/first-page.html [4ms]
[2022-08-24T05:13:14.566Z] > git cat-file -s 460e5101e5f53aee10fca4cace3447f76a4df7f1 [1ms]
[2022-08-24T05:13:27.391Z] > git status -z -uall [63ms]
[2022-08-24T05:13:27.399Z] > git symbolic-ref --short HEAD [1ms]
[2022-08-24T05:13:27.406Z] > git for-each-ref --format=%(refname)%00%(upstream:short)%00%(objectname)%00%(upstream:track)%00%(upstream:remotename)%00%(upstream:remoteref) refs/heads/feature/shape-list refs/remotes/feature/shape-list [1ms]
[2022-08-24T05:13:27.416Z] > git for-each-ref --sort -committerdate --format %(refname) %(objectname) %(*objectname) [5ms]
[2022-08-24T05:13:27.416Z] > git remote --verbose [1ms]
[2022-08-24T05:13:27.431Z] > git config --get commit.template [1ms]
[2022-08-24T05:13:38.159Z] > git show --textconv :index.py [7ms]
[2022-08-24T05:13:38.164Z] > git ls-files --stage -- /home/miura/index.py [5ms]
[2022-08-24T05:13:38.171Z] > git cat-file -s 36462e744cc998a882ffc13baca45ed2a6645174 [1ms]
[2022-08-24T05:13:43.024Z] > git status -z -uall [63ms]
[2022-08-24T05:13:43.032Z] > git symbolic-ref --short HEAD [1ms]
[2022-08-24T05:13:43.039Z] > git for-each-ref --format=%(refname)%00%(upstream:short)%00%(objectname)%00%(upstream:track)%00%(upstream:remotename)%00%(upstream:remoteref) refs/heads/feature/shape-list refs/remotes/feature/shape-list [1ms]
[2022-08-24T05:13:43.049Z] > git for-each-ref --sort -committerdate --format %(refname) %(objectname) %(*objectname) [5ms]
[2022-08-24T05:13:43.050Z] > git remote --verbose [1ms]
[2022-08-24T05:13:43.062Z] > git config --get commit.template [1ms]
[2022-08-24T05:16:18.162Z] > git show --textconv :static/style.css [6ms]
[2022-08-24T05:16:18.166Z] > git ls-files --stage -- /home/miura/static/style.css [4ms]
[2022-08-24T05:16:18.173Z] > git cat-file -s 9c0ef8043f4a7098e4c38e2c57817cb2bb9bae82 [1ms]
[2022-08-24T05:16:28.639Z] > git status -z -uall [64ms]
[2022-08-24T05:16:28.647Z] > git symbolic-ref --short HEAD [1ms]
[2022-08-24T05:16:28.654Z] > git for-each-ref --format=%(refname)%00%(upstream:short)%00%(objectname)%00%(upstream:track)%00%(upstream:remotename)%00%(upstream:remoteref) refs/heads/feature/shape-list refs/remotes/feature/shape-list [1ms]
[2022-08-24T05:16:28.665Z] > git for-each-ref --sort -committerdate --format %(refname) %(objectname) %(*objectname) [5ms]
[2022-08-24T05:16:28.665Z] > git remote --verbose [1ms]
[2022-08-24T05:16:28.676Z] > git config --get commit.template [2ms]
[2022-08-24T05:16:29.136Z] > git show --textconv :index.py [7ms]
[2022-08-24T05:16:29.141Z] > git ls-files --stage -- /home/miura/index.py [6ms]
[2022-08-24T05:16:29.147Z] > git cat-file -s 36462e744cc998a882ffc13baca45ed2a6645174 [1ms]
[2022-08-24T05:17:04.557Z] > git status -z -uall [64ms]
[2022-08-24T05:17:04.565Z] > git symbolic-ref --short HEAD [1ms]
[2022-08-24T05:17:04.572Z] > git for-each-ref --format=%(refname)%00%(upstream:short)%00%(objectname)%00%(upstream:track)%00%(upstream:remotename)%00%(upstream:remoteref) refs/heads/feature/shape-list refs/remotes/feature/shape-list [1ms]
[2022-08-24T05:17:04.583Z] > git for-each-ref --sort -committerdate --format %(refname) %(objectname) %(*objectname) [5ms]
[2022-08-24T05:17:04.584Z] > git remote --verbose [1ms]
[2022-08-24T05:17:04.598Z] > git config --get commit.template [2ms]
[2022-08-24T05:17:05.480Z] > git show --textconv :static/style.css [7ms]
[2022-08-24T05:17:05.484Z] > git ls-files --stage -- /home/miura/static/style.css [5ms]
[2022-08-24T05:17:05.491Z] > git cat-file -s 9c0ef8043f4a7098e4c38e2c57817cb2bb9bae82 [1ms]
[2022-08-24T05:17:13.311Z] > git status -z -uall [63ms]
[2022-08-24T05:17:13.323Z] > git symbolic-ref --short HEAD [1ms]
[2022-08-24T05:17:13.331Z] > git for-each-ref --format=%(refname)%00%(upstream:short)%00%(objectname)%00%(upstream:track)%00%(upstream:remotename)%00%(upstream:remoteref) refs/heads/feature/shape-list refs/remotes/feature/shape-list [1ms]
[2022-08-24T05:17:13.341Z] > git for-each-ref --sort -committerdate --format %(refname) %(objectname) %(*objectname) [5ms]
[2022-08-24T05:17:13.342Z] > git remote --verbose [1ms]
[2022-08-24T05:17:13.353Z] > git config --get commit.template [1ms]
[2022-08-24T05:17:13.968Z] > git show --textconv :index.py [9ms]
[2022-08-24T05:17:13.972Z] > git ls-files --stage -- /home/miura/index.py [6ms]
[2022-08-24T05:17:13.978Z] > git cat-file -s 36462e744cc998a882ffc13baca45ed2a6645174 [1ms]
[2022-08-24T05:18:11.435Z] > git status -z -uall [66ms]
[2022-08-24T05:18:11.443Z] > git symbolic-ref --short HEAD [1ms]
[2022-08-24T05:18:11.449Z] > git for-each-ref --format=%(refname)%00%(upstream:short)%00%(objectname)%00%(upstream:track)%00%(upstream:remotename)%00%(upstream:remoteref) refs/heads/feature/shape-list refs/remotes/feature/shape-list [1ms]
[2022-08-24T05:18:11.460Z] > git for-each-ref --sort -committerdate --format %(refname) %(objectname) %(*objectname) [5ms]
[2022-08-24T05:18:11.460Z] > git remote --verbose [1ms]
[2022-08-24T05:18:11.473Z] > git config --get commit.template [1ms]
[2022-08-24T05:19:09.489Z] > git show --textconv :templates/next-page.html [7ms]
[2022-08-24T05:19:09.493Z] > git ls-files --stage -- /home/miura/templates/next-page.html [5ms]
[2022-08-24T05:19:09.499Z] > git cat-file -s a219c0fd46844159e09cde75adfa8a399edf1853 [1ms]
[2022-08-24T05:19:23.505Z] > git status -z -uall [62ms]
[2022-08-24T05:19:23.513Z] > git symbolic-ref --short HEAD [1ms]
[2022-08-24T05:19:23.519Z] > git for-each-ref --format=%(refname)%00%(upstream:short)%00%(objectname)%00%(upstream:track)%00%(upstream:remotename)%00%(upstream:remoteref) refs/heads/feature/shape-list refs/remotes/feature/shape-list [1ms]
[2022-08-24T05:19:23.529Z] > git for-each-ref --sort -committerdate --format %(refname) %(objectname) %(*objectname) [5ms]
[2022-08-24T05:19:23.530Z] > git remote --verbose [1ms]
[2022-08-24T05:19:23.542Z] > git config --get commit.template [0ms]
[2022-08-24T05:21:50.202Z] > git show --textconv :templates/first-page.html [7ms]
[2022-08-24T05:21:50.206Z] > git ls-files --stage -- /home/miura/templates/first-page.html [5ms]
[2022-08-24T05:21:50.212Z] > git cat-file -s 460e5101e5f53aee10fca4cace3447f76a4df7f1 [1ms]
[2022-08-24T05:21:57.522Z] > git show --textconv :static/style.css [7ms]
[2022-08-24T05:21:57.526Z] > git ls-files --stage -- /home/miura/static/style.css [5ms]
[2022-08-24T05:21:57.532Z] > git cat-file -s 9c0ef8043f4a7098e4c38e2c57817cb2bb9bae82 [1ms]
[2022-08-24T05:21:58.908Z] > git show --textconv :templates/next-page.html [7ms]
[2022-08-24T05:21:58.912Z] > git ls-files --stage -- /home/miura/templates/next-page.html [5ms]
[2022-08-24T05:21:58.918Z] > git cat-file -s a219c0fd46844159e09cde75adfa8a399edf1853 [1ms]
[2022-08-24T05:22:48.489Z] > git status -z -uall [107ms]
[2022-08-24T05:22:48.498Z] > git symbolic-ref --short HEAD [1ms]
[2022-08-24T05:22:48.505Z] > git for-each-ref --format=%(refname)%00%(upstream:short)%00%(objectname)%00%(upstream:track)%00%(upstream:remotename)%00%(upstream:remoteref) refs/heads/feature/shape-list refs/remotes/feature/shape-list [1ms]
[2022-08-24T05:22:48.517Z] > git for-each-ref --sort -committerdate --format %(refname) %(objectname) %(*objectname) [6ms]
[2022-08-24T05:22:48.518Z] > git remote --verbose [2ms]
[2022-08-24T05:22:48.530Z] > git config --get commit.template [1ms]
[2022-08-24T05:22:52.521Z] > git show --textconv :index.py [7ms]
[2022-08-24T05:22:52.526Z] > git ls-files --stage -- /home/miura/index.py [6ms]
[2022-08-24T05:22:52.533Z] > git cat-file -s 36462e744cc998a882ffc13baca45ed2a6645174 [1ms]
[2022-08-24T05:22:57.722Z] > git status -z -uall [63ms]
[2022-08-24T05:22:57.730Z] > git symbolic-ref --short HEAD [1ms]
[2022-08-24T05:22:57.737Z] > git for-each-ref --format=%(refname)%00%(upstream:short)%00%(objectname)%00%(upstream:track)%00%(upstream:remotename)%00%(upstream:remoteref) refs/heads/feature/shape-list refs/remotes/feature/shape-list [1ms]
[2022-08-24T05:22:57.747Z] > git for-each-ref --sort -committerdate --format %(refname) %(objectname) %(*objectname) [5ms]
[2022-08-24T05:22:57.748Z] > git remote --verbose [1ms]
[2022-08-24T05:22:57.761Z] > git config --get commit.template [1ms]
[2022-08-24T05:23:25.781Z] > git show --textconv :templates/next-page.html [7ms]
[2022-08-24T05:23:25.785Z] > git ls-files --stage -- /home/miura/templates/next-page.html [4ms]
[2022-08-24T05:23:25.792Z] > git cat-file -s a219c0fd46844159e09cde75adfa8a399edf1853 [1ms]
[2022-08-24T05:23:37.190Z] > git status -z -uall [62ms]
[2022-08-24T05:23:37.198Z] > git symbolic-ref --short HEAD [1ms]
[2022-08-24T05:23:37.205Z] > git for-each-ref --format=%(refname)%00%(upstream:short)%00%(objectname)%00%(upstream:track)%00%(upstream:remotename)%00%(upstream:remoteref) refs/heads/feature/shape-list refs/remotes/feature/shape-list [1ms]
[2022-08-24T05:23:37.216Z] > git for-each-ref --sort -committerdate --format %(refname) %(objectname) %(*objectname) [5ms]
[2022-08-24T05:23:37.217Z] > git remote --verbose [1ms]
[2022-08-24T05:23:37.230Z] > git config --get commit.template [1ms]
[2022-08-24T05:24:32.340Z] > git show --textconv :templates/first-page.html [6ms]
[2022-08-24T05:24:32.344Z] > git ls-files --stage -- /home/miura/templates/first-page.html [4ms]
[2022-08-24T05:24:32.351Z] > git cat-file -s 460e5101e5f53aee10fca4cace3447f76a4df7f1 [1ms]
[2022-08-24T05:24:50.762Z] > git show --textconv :static/style.css [7ms]
[2022-08-24T05:24:50.766Z] > git ls-files --stage -- /home/miura/static/style.css [5ms]
[2022-08-24T05:24:50.773Z] > git cat-file -s 9c0ef8043f4a7098e4c38e2c57817cb2bb9bae82 [1ms]
[2022-08-24T05:24:52.403Z] > git show --textconv :templates/next-page.html [6ms]
[2022-08-24T05:24:52.407Z] > git ls-files --stage -- /home/miura/templates/next-page.html [4ms]
[2022-08-24T05:24:52.413Z] > git cat-file -s a219c0fd46844159e09cde75adfa8a399edf1853 [1ms]
[2022-08-24T05:25:59.171Z] > git status -z -uall [64ms]
[2022-08-24T05:25:59.180Z] > git symbolic-ref --short HEAD [1ms]
[2022-08-24T05:25:59.186Z] > git for-each-ref --format=%(refname)%00%(upstream:short)%00%(objectname)%00%(upstream:track)%00%(upstream:remotename)%00%(upstream:remoteref) refs/heads/feature/shape-list refs/remotes/feature/shape-list [0ms]
[2022-08-24T05:25:59.197Z] > git for-each-ref --sort -committerdate --format %(refname) %(objectname) %(*objectname) [5ms]
[2022-08-24T05:25:59.197Z] > git remote --verbose [1ms]
[2022-08-24T05:25:59.208Z] > git config --get commit.template [0ms]
[2022-08-24T05:25:59.980Z] > git show --textconv :index.py [7ms]
[2022-08-24T05:25:59.985Z] > git ls-files --stage -- /home/miura/index.py [6ms]
[2022-08-24T05:25:59.992Z] > git cat-file -s 36462e744cc998a882ffc13baca45ed2a6645174 [1ms]
[2022-08-24T05:26:09.735Z] > git status -z -uall [62ms]
[2022-08-24T05:26:09.744Z] > git symbolic-ref --short HEAD [1ms]
[2022-08-24T05:26:09.751Z] > git for-each-ref --format=%(refname)%00%(upstream:short)%00%(objectname)%00%(upstream:track)%00%(upstream:remotename)%00%(upstream:remoteref) refs/heads/feature/shape-list refs/remotes/feature/shape-list [1ms]
[2022-08-24T05:26:09.761Z] > git for-each-ref --sort -committerdate --format %(refname) %(objectname) %(*objectname) [5ms]
[2022-08-24T05:26:09.762Z] > git remote --verbose [1ms]
[2022-08-24T05:26:09.774Z] > git config --get commit.template [1ms]
[2022-08-24T05:26:09.861Z] > git show --textconv :templates/next-page.html [5ms]
[2022-08-24T05:26:10.038Z] > git ls-files --stage -- /home/miura/templates/next-page.html [177ms]
[2022-08-24T05:26:10.046Z] > git cat-file -s a219c0fd46844159e09cde75adfa8a399edf1853 [1ms]
[2022-08-24T05:26:10.521Z] > git show --textconv :templates/first-page.html [7ms]
[2022-08-24T05:26:10.525Z] > git ls-files --stage -- /home/miura/templates/first-page.html [5ms]
[2022-08-24T05:26:10.531Z] > git cat-file -s 460e5101e5f53aee10fca4cace3447f76a4df7f1 [1ms]
[2022-08-24T05:26:11.447Z] > git show --textconv :templates/next-page.html [7ms]
[2022-08-24T05:26:11.451Z] > git ls-files --stage -- /home/miura/templates/next-page.html [4ms]
[2022-08-24T05:26:11.458Z] > git cat-file -s a219c0fd46844159e09cde75adfa8a399edf1853 [1ms]
[2022-08-24T05:26:31.298Z] > git status -z -uall [62ms]
[2022-08-24T05:26:31.306Z] > git symbolic-ref --short HEAD [1ms]
[2022-08-24T05:26:31.313Z] > git for-each-ref --format=%(refname)%00%(upstream:short)%00%(objectname)%00%(upstream:track)%00%(upstream:remotename)%00%(upstream:remoteref) refs/heads/feature/shape-list refs/remotes/feature/shape-list [1ms]
[2022-08-24T05:26:31.324Z] > git for-each-ref --sort -committerdate --format %(refname) %(objectname) %(*objectname) [6ms]
[2022-08-24T05:26:31.325Z] > git remote --verbose [3ms]
[2022-08-24T05:26:31.336Z] > git config --get commit.template [1ms]
[2022-08-24T05:27:40.252Z] > git status -z -uall [61ms]
[2022-08-24T05:27:40.260Z] > git symbolic-ref --short HEAD [1ms]
[2022-08-24T05:27:40.267Z] > git for-each-ref --format=%(refname)%00%(upstream:short)%00%(objectname)%00%(upstream:track)%00%(upstream:remotename)%00%(upstream:remoteref) refs/heads/feature/shape-list refs/remotes/feature/shape-list [1ms]
[2022-08-24T05:27:40.278Z] > git for-each-ref --sort -committerdate --format %(refname) %(objectname) %(*objectname) [6ms]
[2022-08-24T05:27:40.278Z] > git remote --verbose [1ms]
[2022-08-24T05:27:40.290Z] > git config --get commit.template [1ms]
[2022-08-24T05:27:51.127Z] > git status -z -uall [65ms]
[2022-08-24T05:27:51.135Z] > git symbolic-ref --short HEAD [1ms]
[2022-08-24T05:27:51.142Z] > git for-each-ref --format=%(refname)%00%(upstream:short)%00%(objectname)%00%(upstream:track)%00%(upstream:remotename)%00%(upstream:remoteref) refs/heads/feature/shape-list refs/remotes/feature/shape-list [1ms]
[2022-08-24T05:27:51.151Z] > git for-each-ref --sort -committerdate --format %(refname) %(objectname) %(*objectname) [5ms]
[2022-08-24T05:27:51.152Z] > git remote --verbose [1ms]
[2022-08-24T05:27:51.164Z] > git config --get commit.template [1ms]
[2022-08-24T05:27:54.829Z] > git show --textconv :index.py [6ms]
[2022-08-24T05:27:54.834Z] > git ls-files --stage -- /home/miura/index.py [5ms]
[2022-08-24T05:27:54.840Z] > git cat-file -s 36462e744cc998a882ffc13baca45ed2a6645174 [1ms]
[2022-08-24T05:28:16.733Z] > git status -z -uall [63ms]
[2022-08-24T05:28:16.742Z] > git symbolic-ref --short HEAD [1ms]
[2022-08-24T05:28:16.748Z] > git for-each-ref --format=%(refname)%00%(upstream:short)%00%(objectname)%00%(upstream:track)%00%(upstream:remotename)%00%(upstream:remoteref) refs/heads/feature/shape-list refs/remotes/feature/shape-list [1ms]
[2022-08-24T05:28:16.758Z] > git for-each-ref --sort -committerdate --format %(refname) %(objectname) %(*objectname) [5ms]
[2022-08-24T05:28:16.759Z] > git remote --verbose [1ms]
[2022-08-24T05:28:16.771Z] > git config --get commit.template [1ms]
[2022-08-24T05:28:39.987Z] > git show --textconv :templates/next-page.html [7ms]
[2022-08-24T05:28:39.991Z] > git ls-files --stage -- /home/miura/templates/next-page.html [4ms]
[2022-08-24T05:28:39.997Z] > git cat-file -s a219c0fd46844159e09cde75adfa8a399edf1853 [1ms]
[2022-08-24T05:28:40.648Z] > git show --textconv :templates/first-page.html [7ms]
[2022-08-24T05:28:40.651Z] > git ls-files --stage -- /home/miura/templates/first-page.html [4ms]
[2022-08-24T05:28:40.658Z] > git cat-file -s 460e5101e5f53aee10fca4cace3447f76a4df7f1 [1ms]
[2022-08-24T05:28:56.024Z] > git status -z -uall [64ms]
[2022-08-24T05:28:56.033Z] > git symbolic-ref --short HEAD [2ms]
[2022-08-24T05:28:56.039Z] > git for-each-ref --format=%(refname)%00%(upstream:short)%00%(objectname)%00%(upstream:track)%00%(upstream:remotename)%00%(upstream:remoteref) refs/heads/feature/shape-list refs/remotes/feature/shape-list [1ms]
[2022-08-24T05:28:56.050Z] > git for-each-ref --sort -committerdate --format %(refname) %(objectname) %(*objectname) [6ms]
[2022-08-24T05:28:56.050Z] > git remote --verbose [1ms]
[2022-08-24T05:28:56.064Z] > git config --get commit.template [2ms]
[2022-08-24T05:28:57.294Z] > git show --textconv :index.py [6ms]
[2022-08-24T05:28:57.300Z] > git ls-files --stage -- /home/miura/index.py [6ms]
[2022-08-24T05:28:57.306Z] > git cat-file -s 36462e744cc998a882ffc13baca45ed2a6645174 [1ms]
[2022-08-24T05:29:01.859Z] > git status -z -uall [62ms]
[2022-08-24T05:29:01.867Z] > git symbolic-ref --short HEAD [1ms]
[2022-08-24T05:29:01.874Z] > git for-each-ref --format=%(refname)%00%(upstream:short)%00%(objectname)%00%(upstream:track)%00%(upstream:remotename)%00%(upstream:remoteref) refs/heads/feature/shape-list refs/remotes/feature/shape-list [1ms]
[2022-08-24T05:29:01.884Z] > git for-each-ref --sort -committerdate --format %(refname) %(objectname) %(*objectname) [5ms]
[2022-08-24T05:29:01.884Z] > git remote --verbose [0ms]
[2022-08-24T05:29:01.896Z] > git config --get commit.template [1ms]
[2022-08-24T05:36:06.742Z] > git show --textconv :templates/next-page.html [7ms]
[2022-08-24T05:36:06.746Z] > git ls-files --stage -- /home/miura/templates/next-page.html [5ms]
[2022-08-24T05:36:06.752Z] > git cat-file -s a219c0fd46844159e09cde75adfa8a399edf1853 [1ms]
[2022-08-24T05:36:09.142Z] > git show --textconv :templates/first-page.html [7ms]
[2022-08-24T05:36:09.146Z] > git ls-files --stage -- /home/miura/templates/first-page.html [5ms]
[2022-08-24T05:36:09.152Z] > git cat-file -s 460e5101e5f53aee10fca4cace3447f76a4df7f1 [1ms]
[2022-08-24T05:36:14.134Z] > git show --textconv :static/style.css [7ms]
[2022-08-24T05:36:14.138Z] > git ls-files --stage -- /home/miura/static/style.css [5ms]
[2022-08-24T05:36:14.144Z] > git cat-file -s 9c0ef8043f4a7098e4c38e2c57817cb2bb9bae82 [1ms]
[2022-08-24T05:36:16.392Z] > git show --textconv :templates/first-page.html [6ms]
[2022-08-24T05:36:16.396Z] > git ls-files --stage -- /home/miura/templates/first-page.html [4ms]
[2022-08-24T05:36:16.402Z] > git cat-file -s 460e5101e5f53aee10fca4cace3447f76a4df7f1 [1ms]
[2022-08-24T05:36:18.792Z] > git show --textconv :templates/next-page.html [7ms]
[2022-08-24T05:36:18.796Z] > git ls-files --stage -- /home/miura/templates/next-page.html [4ms]
[2022-08-24T05:36:18.802Z] > git cat-file -s a219c0fd46844159e09cde75adfa8a399edf1853 [1ms]
[2022-08-24T05:37:02.397Z] > git show --textconv :static/style.css [6ms]
[2022-08-24T05:37:02.402Z] > git ls-files --stage -- /home/miura/static/style.css [5ms]
[2022-08-24T05:37:02.408Z] > git cat-file -s 9c0ef8043f4a7098e4c38e2c57817cb2bb9bae82 [1ms]
[2022-08-24T05:37:06.776Z] > git show --textconv :templates/first-page.html [8ms]
[2022-08-24T05:37:06.780Z] > git ls-files --stage -- /home/miura/templates/first-page.html [4ms]
[2022-08-24T05:37:06.787Z] > git cat-file -s 460e5101e5f53aee10fca4cace3447f76a4df7f1 [1ms]
[2022-08-24T05:37:09.302Z] > git show --textconv :templates/next-page.html [6ms]
[2022-08-24T05:37:09.306Z] > git ls-files --stage -- /home/miura/templates/next-page.html [4ms]
[2022-08-24T05:37:09.313Z] > git cat-file -s a219c0fd46844159e09cde75adfa8a399edf1853 [1ms]
[2022-08-24T05:37:17.987Z] > git status -z -uall [66ms]
[2022-08-24T05:37:17.995Z] > git symbolic-ref --short HEAD [1ms]
[2022-08-24T05:37:18.001Z] > git for-each-ref --format=%(refname)%00%(upstream:short)%00%(objectname)%00%(upstream:track)%00%(upstream:remotename)%00%(upstream:remoteref) refs/heads/feature/shape-list refs/remotes/feature/shape-list [1ms]
[2022-08-24T05:37:18.011Z] > git for-each-ref --sort -committerdate --format %(refname) %(objectname) %(*objectname) [5ms]
[2022-08-24T05:37:18.012Z] > git remote --verbose [1ms]
[2022-08-24T05:37:18.024Z] > git config --get commit.template [1ms]
[2022-08-24T05:37:18.402Z] > git show --textconv :index.py [7ms]
[2022-08-24T05:37:18.407Z] > git ls-files --stage -- /home/miura/index.py [6ms]
[2022-08-24T05:37:18.413Z] > git cat-file -s 36462e744cc998a882ffc13baca45ed2a6645174 [1ms]
[2022-08-24T05:37:26.985Z] > git status -z -uall [64ms]
[2022-08-24T05:37:26.993Z] > git symbolic-ref --short HEAD [1ms]
[2022-08-24T05:37:27.001Z] > git for-each-ref --format=%(refname)%00%(upstream:short)%00%(objectname)%00%(upstream:track)%00%(upstream:remotename)%00%(upstream:remoteref) refs/heads/feature/shape-list refs/remotes/feature/shape-list [1ms]
[2022-08-24T05:37:27.012Z] > git for-each-ref --sort -committerdate --format %(refname) %(objectname) %(*objectname) [6ms]
[2022-08-24T05:37:27.013Z] > git remote --verbose [1ms]
[2022-08-24T05:37:27.026Z] > git config --get commit.template [1ms]
[2022-08-24T05:37:32.484Z] > git status -z -uall [66ms]
[2022-08-24T05:37:32.492Z] > git symbolic-ref --short HEAD [1ms]
[2022-08-24T05:37:32.499Z] > git for-each-ref --format=%(refname)%00%(upstream:short)%00%(objectname)%00%(upstream:track)%00%(upstream:remotename)%00%(upstream:remoteref) refs/heads/feature/shape-list refs/remotes/feature/shape-list [1ms]
[2022-08-24T05:37:32.509Z] > git for-each-ref --sort -committerdate --format %(refname) %(objectname) %(*objectname) [5ms]
[2022-08-24T05:37:32.510Z] > git remote --verbose [1ms]
[2022-08-24T05:37:32.522Z] > git config --get commit.template [1ms]
[2022-08-24T05:38:32.063Z] > git status -z -uall [65ms]
[2022-08-24T05:38:32.071Z] > git symbolic-ref --short HEAD [1ms]
[2022-08-24T05:38:32.078Z] > git for-each-ref --format=%(refname)%00%(upstream:short)%00%(objectname)%00%(upstream:track)%00%(upstream:remotename)%00%(upstream:remoteref) refs/heads/feature/shape-list refs/remotes/feature/shape-list [1ms]
[2022-08-24T05:38:32.088Z] > git for-each-ref --sort -committerdate --format %(refname) %(objectname) %(*objectname) [5ms]
[2022-08-24T05:38:32.088Z] > git remote --verbose [1ms]
[2022-08-24T05:38:32.100Z] > git config --get commit.template [1ms]
[2022-08-24T05:38:33.075Z] > git show --textconv :templates/first-page.html [7ms]
[2022-08-24T05:38:33.080Z] > git ls-files --stage -- /home/miura/templates/first-page.html [6ms]
[2022-08-24T05:38:33.086Z] > git cat-file -s 460e5101e5f53aee10fca4cace3447f76a4df7f1 [1ms]
[2022-08-24T05:38:39.968Z] > git show --textconv :static/style.css [7ms]
[2022-08-24T05:38:39.972Z] > git ls-files --stage -- /home/miura/static/style.css [5ms]
[2022-08-24T05:38:39.979Z] > git cat-file -s 9c0ef8043f4a7098e4c38e2c57817cb2bb9bae82 [1ms]
[2022-08-24T05:38:40.851Z] > git show --textconv :templates/next-page.html [7ms]
[2022-08-24T05:38:40.855Z] > git ls-files --stage -- /home/miura/templates/next-page.html [5ms]
[2022-08-24T05:38:40.861Z] > git cat-file -s a219c0fd46844159e09cde75adfa8a399edf1853 [1ms]
[2022-08-24T05:38:53.438Z] > git show --textconv :static/style.css [8ms]
[2022-08-24T05:38:53.441Z] > git ls-files --stage -- /home/miura/static/style.css [5ms]
[2022-08-24T05:38:53.447Z] > git cat-file -s 9c0ef8043f4a7098e4c38e2c57817cb2bb9bae82 [1ms]
[2022-08-24T05:38:56.791Z] > git show --textconv :templates/next-page.html [7ms]
[2022-08-24T05:38:56.795Z] > git ls-files --stage -- /home/miura/templates/next-page.html [4ms]
[2022-08-24T05:38:56.802Z] > git cat-file -s a219c0fd46844159e09cde75adfa8a399edf1853 [1ms]
[2022-08-24T05:39:05.023Z] > git status -z -uall [63ms]
[2022-08-24T05:39:05.031Z] > git symbolic-ref --short HEAD [1ms]
[2022-08-24T05:39:05.041Z] > git for-each-ref --format=%(refname)%00%(upstream:short)%00%(objectname)%00%(upstream:track)%00%(upstream:remotename)%00%(upstream:remoteref) refs/heads/feature/shape-list refs/remotes/feature/shape-list [1ms]
[2022-08-24T05:39:05.053Z] > git for-each-ref --sort -committerdate --format %(refname) %(objectname) %(*objectname) [7ms]
[2022-08-24T05:39:05.053Z] > git remote --verbose [1ms]
[2022-08-24T05:39:05.067Z] > git config --get commit.template [1ms]
[2022-08-24T05:39:06.140Z] > git show --textconv :index.py [7ms]
[2022-08-24T05:39:06.145Z] > git ls-files --stage -- /home/miura/index.py [6ms]
[2022-08-24T05:39:06.152Z] > git cat-file -s 36462e744cc998a882ffc13baca45ed2a6645174 [1ms]
[2022-08-24T05:39:29.279Z] > git status -z -uall [64ms]
[2022-08-24T05:39:29.288Z] > git symbolic-ref --short HEAD [1ms]
[2022-08-24T05:39:29.295Z] > git for-each-ref --format=%(refname)%00%(upstream:short)%00%(objectname)%00%(upstream:track)%00%(upstream:remotename)%00%(upstream:remoteref) refs/heads/feature/shape-list refs/remotes/feature/shape-list [1ms]
[2022-08-24T05:39:29.306Z] > git for-each-ref --sort -committerdate --format %(refname) %(objectname) %(*objectname) [5ms]
[2022-08-24T05:39:29.307Z] > git remote --verbose [1ms]
[2022-08-24T05:39:29.321Z] > git config --get commit.template [2ms]
[2022-08-24T05:39:34.392Z] > git status -z -uall [62ms]
[2022-08-24T05:39:34.400Z] > git symbolic-ref --short HEAD [1ms]
[2022-08-24T05:39:34.407Z] > git for-each-ref --format=%(refname)%00%(upstream:short)%00%(objectname)%00%(upstream:track)%00%(upstream:remotename)%00%(upstream:remoteref) refs/heads/feature/shape-list refs/remotes/feature/shape-list [1ms]
[2022-08-24T05:39:34.418Z] > git for-each-ref --sort -committerdate --format %(refname) %(objectname) %(*objectname) [6ms]
[2022-08-24T05:39:34.418Z] > git remote --verbose [1ms]
[2022-08-24T05:39:34.429Z] > git config --get commit.template [1ms]
[2022-08-24T05:39:55.583Z] > git show --textconv :templates/next-page.html [9ms]
[2022-08-24T05:39:55.586Z] > git ls-files --stage -- /home/miura/templates/next-page.html [5ms]
[2022-08-24T05:39:55.593Z] > git cat-file -s a219c0fd46844159e09cde75adfa8a399edf1853 [1ms]
[2022-08-24T05:40:34.096Z] > git status -z -uall [61ms]
[2022-08-24T05:40:34.105Z] > git symbolic-ref --short HEAD [1ms]
[2022-08-24T05:40:34.111Z] > git for-each-ref --format=%(refname)%00%(upstream:short)%00%(objectname)%00%(upstream:track)%00%(upstream:remotename)%00%(upstream:remoteref) refs/heads/feature/shape-list refs/remotes/feature/shape-list [1ms]
[2022-08-24T05:40:34.122Z] > git for-each-ref --sort -committerdate --format %(refname) %(objectname) %(*objectname) [6ms]
[2022-08-24T05:40:34.122Z] > git remote --verbose [1ms]
[2022-08-24T05:40:34.135Z] > git config --get commit.template [0ms]
[2022-08-24T05:40:46.936Z] > git status -z -uall [91ms]
[2022-08-24T05:40:46.947Z] > git symbolic-ref --short HEAD [2ms]
[2022-08-24T05:40:46.955Z] > git for-each-ref --format=%(refname)%00%(upstream:short)%00%(objectname)%00%(upstream:track)%00%(upstream:remotename)%00%(upstream:remoteref) refs/heads/feature/shape-list refs/remotes/feature/shape-list [1ms]
[2022-08-24T05:40:46.969Z] > git for-each-ref --sort -committerdate --format %(refname) %(objectname) %(*objectname) [7ms]
[2022-08-24T05:40:46.970Z] > git remote --verbose [1ms]
[2022-08-24T05:40:46.983Z] > git config --get commit.template [1ms]
[2022-08-24T05:40:47.890Z] > git show --textconv :index.py [7ms]
[2022-08-24T05:40:47.895Z] > git ls-files --stage -- /home/miura/index.py [6ms]
[2022-08-24T05:40:47.901Z] > git cat-file -s 36462e744cc998a882ffc13baca45ed2a6645174 [1ms]
[2022-08-24T05:40:58.653Z] > git status -z -uall [66ms]
[2022-08-24T05:40:58.662Z] > git symbolic-ref --short HEAD [1ms]
[2022-08-24T05:40:58.669Z] > git for-each-ref --format=%(refname)%00%(upstream:short)%00%(objectname)%00%(upstream:track)%00%(upstream:remotename)%00%(upstream:remoteref) refs/heads/feature/shape-list refs/remotes/feature/shape-list [1ms]
[2022-08-24T05:40:58.682Z] > git for-each-ref --sort -committerdate --format %(refname) %(objectname) %(*objectname) [6ms]
[2022-08-24T05:40:58.683Z] > git remote --verbose [2ms]
[2022-08-24T05:40:58.694Z] > git config --get commit.template [0ms]
[2022-08-24T05:42:23.259Z] > git status -z -uall [63ms]
[2022-08-24T05:42:23.267Z] > git symbolic-ref --short HEAD [1ms]
[2022-08-24T05:42:23.274Z] > git for-each-ref --format=%(refname)%00%(upstream:short)%00%(objectname)%00%(upstream:track)%00%(upstream:remotename)%00%(upstream:remoteref) refs/heads/feature/shape-list refs/remotes/feature/shape-list [1ms]
[2022-08-24T05:42:23.284Z] > git for-each-ref --sort -committerdate --format %(refname) %(objectname) %(*objectname) [5ms]
[2022-08-24T05:42:23.285Z] > git remote --verbose [1ms]
[2022-08-24T05:42:23.297Z] > git config --get commit.template [1ms]
[2022-08-24T05:42:25.977Z] > git show --textconv :templates/next-page.html [6ms]
[2022-08-24T05:42:25.981Z] > git ls-files --stage -- /home/miura/templates/next-page.html [4ms]
[2022-08-24T05:42:25.988Z] > git cat-file -s a219c0fd46844159e09cde75adfa8a399edf1853 [0ms]
[2022-08-24T05:43:03.999Z] > git status -z -uall [64ms]
[2022-08-24T05:43:04.007Z] > git symbolic-ref --short HEAD [1ms]
[2022-08-24T05:43:04.014Z] > git for-each-ref --format=%(refname)%00%(upstream:short)%00%(objectname)%00%(upstream:track)%00%(upstream:remotename)%00%(upstream:remoteref) refs/heads/feature/shape-list refs/remotes/feature/shape-list [1ms]
[2022-08-24T05:43:04.025Z] > git for-each-ref --sort -committerdate --format %(refname) %(objectname) %(*objectname) [7ms]
[2022-08-24T05:43:04.025Z] > git remote --verbose [2ms]
[2022-08-24T05:43:04.037Z] > git config --get commit.template [2ms]
[2022-08-24T05:43:17.080Z] > git show --textconv :index.py [7ms]
[2022-08-24T05:43:17.085Z] > git ls-files --stage -- /home/miura/index.py [6ms]
[2022-08-24T05:43:17.092Z] > git cat-file -s 36462e744cc998a882ffc13baca45ed2a6645174 [1ms]
[2022-08-24T05:43:43.767Z] > git status -z -uall [61ms]
[2022-08-24T05:43:43.774Z] > git symbolic-ref --short HEAD [0ms]
[2022-08-24T05:43:43.781Z] > git for-each-ref --format=%(refname)%00%(upstream:short)%00%(objectname)%00%(upstream:track)%00%(upstream:remotename)%00%(upstream:remoteref) refs/heads/feature/shape-list refs/remotes/feature/shape-list [1ms]
[2022-08-24T05:43:43.792Z] > git for-each-ref --sort -committerdate --format %(refname) %(objectname) %(*objectname) [6ms]
[2022-08-24T05:43:43.792Z] > git remote --verbose [0ms]
[2022-08-24T05:43:43.806Z] > git config --get commit.template [1ms]
[2022-08-24T05:44:05.130Z] > git status -z -uall [64ms]
[2022-08-24T05:44:05.138Z] > git symbolic-ref --short HEAD [1ms]
[2022-08-24T05:44:05.146Z] > git for-each-ref --format=%(refname)%00%(upstream:short)%00%(objectname)%00%(upstream:track)%00%(upstream:remotename)%00%(upstream:remoteref) refs/heads/feature/shape-list refs/remotes/feature/shape-list [1ms]
[2022-08-24T05:44:05.156Z] > git for-each-ref --sort -committerdate --format %(refname) %(objectname) %(*objectname) [5ms]
[2022-08-24T05:44:05.157Z] > git remote --verbose [1ms]
[2022-08-24T05:44:05.170Z] > git config --get commit.template [1ms]
[2022-08-24T05:44:06.566Z] > git show --textconv :templates/first-page.html [7ms]
[2022-08-24T05:44:06.570Z] > git ls-files --stage -- /home/miura/templates/first-page.html [4ms]
[2022-08-24T05:44:06.577Z] > git cat-file -s 460e5101e5f53aee10fca4cace3447f76a4df7f1 [1ms]
[2022-08-24T05:44:09.946Z] > git show --textconv :templates/next-page.html [6ms]
[2022-08-24T05:44:09.950Z] > git ls-files --stage -- /home/miura/templates/next-page.html [4ms]
[2022-08-24T05:44:09.956Z] > git cat-file -s a219c0fd46844159e09cde75adfa8a399edf1853 [1ms]
[2022-08-24T05:46:11.427Z] > git status -z -uall [73ms]
[2022-08-24T05:46:11.437Z] > git symbolic-ref --short HEAD [3ms]
[2022-08-24T05:46:11.444Z] > git for-each-ref --format=%(refname)%00%(upstream:short)%00%(objectname)%00%(upstream:track)%00%(upstream:remotename)%00%(upstream:remoteref) refs/heads/feature/shape-list refs/remotes/feature/shape-list [1ms]
[2022-08-24T05:46:11.455Z] > git for-each-ref --sort -committerdate --format %(refname) %(objectname) %(*objectname) [5ms]
[2022-08-24T05:46:11.455Z] > git remote --verbose [1ms]
[2022-08-24T05:46:11.468Z] > git config --get commit.template [1ms]
[2022-08-24T05:46:13.859Z] > git show --textconv :index.py [7ms]
[2022-08-24T05:46:13.864Z] > git ls-files --stage -- /home/miura/index.py [6ms]
[2022-08-24T05:46:13.871Z] > git cat-file -s 36462e744cc998a882ffc13baca45ed2a6645174 [1ms]
[2022-08-24T05:46:18.811Z] > git status -z -uall [61ms]
[2022-08-24T05:46:18.819Z] > git symbolic-ref --short HEAD [1ms]
[2022-08-24T05:46:18.827Z] > git for-each-ref --format=%(refname)%00%(upstream:short)%00%(objectname)%00%(upstream:track)%00%(upstream:remotename)%00%(upstream:remoteref) refs/heads/feature/shape-list refs/remotes/feature/shape-list [0ms]
[2022-08-24T05:46:18.838Z] > git for-each-ref --sort -committerdate --format %(refname) %(objectname) %(*objectname) [6ms]
[2022-08-24T05:46:18.839Z] > git remote --verbose [2ms]
[2022-08-24T05:46:18.851Z] > git config --get commit.template [1ms]
[2022-08-24T05:47:06.358Z] > git status -z -uall [63ms]
[2022-08-24T05:47:06.367Z] > git symbolic-ref --short HEAD [1ms]
[2022-08-24T05:47:06.374Z] > git for-each-ref --format=%(refname)%00%(upstream:short)%00%(objectname)%00%(upstream:track)%00%(upstream:remotename)%00%(upstream:remoteref) refs/heads/feature/shape-list refs/remotes/feature/shape-list [1ms]
[2022-08-24T05:47:06.384Z] > git for-each-ref --sort -committerdate --format %(refname) %(objectname) %(*objectname) [5ms]
[2022-08-24T05:47:06.384Z] > git remote --verbose [0ms]
[2022-08-24T05:47:06.397Z] > git config --get commit.template [1ms]
[2022-08-24T05:47:08.643Z] > git show --textconv :templates/next-page.html [7ms]
[2022-08-24T05:47:08.648Z] > git ls-files --stage -- /home/miura/templates/next-page.html [6ms]
[2022-08-24T05:47:08.654Z] > git cat-file -s a219c0fd46844159e09cde75adfa8a399edf1853 [1ms]
[2022-08-24T05:47:36.108Z] > git status -z -uall [62ms]
[2022-08-24T05:47:36.117Z] > git symbolic-ref --short HEAD [1ms]
[2022-08-24T05:47:36.123Z] > git for-each-ref --format=%(refname)%00%(upstream:short)%00%(objectname)%00%(upstream:track)%00%(upstream:remotename)%00%(upstream:remoteref) refs/heads/feature/shape-list refs/remotes/feature/shape-list [1ms]
[2022-08-24T05:47:36.135Z] > git for-each-ref --sort -committerdate --format %(refname) %(objectname) %(*objectname) [6ms]
[2022-08-24T05:47:36.135Z] > git remote --verbose [1ms]
[2022-08-24T05:47:36.147Z] > git config --get commit.template [1ms]
[2022-08-24T05:47:52.943Z] > git show --textconv :index.py [7ms]
[2022-08-24T05:47:52.948Z] > git ls-files --stage -- /home/miura/index.py [6ms]
[2022-08-24T05:47:52.957Z] > git cat-file -s 36462e744cc998a882ffc13baca45ed2a6645174 [4ms]
[2022-08-24T05:47:57.690Z] > git status -z -uall [63ms]
[2022-08-24T05:47:57.699Z] > git symbolic-ref --short HEAD [1ms]
[2022-08-24T05:47:57.706Z] > git for-each-ref --format=%(refname)%00%(upstream:short)%00%(objectname)%00%(upstream:track)%00%(upstream:remotename)%00%(upstream:remoteref) refs/heads/feature/shape-list refs/remotes/feature/shape-list [1ms]
[2022-08-24T05:47:57.718Z] > git for-each-ref --sort -committerdate --format %(refname) %(objectname) %(*objectname) [7ms]
[2022-08-24T05:47:57.719Z] > git remote --verbose [3ms]
[2022-08-24T05:47:57.731Z] > git config --get commit.template [1ms]
[2022-08-24T05:48:27.883Z] > git status -z -uall [65ms]
[2022-08-24T05:48:27.891Z] > git symbolic-ref --short HEAD [1ms]
[2022-08-24T05:48:27.897Z] > git for-each-ref --format=%(refname)%00%(upstream:short)%00%(objectname)%00%(upstream:track)%00%(upstream:remotename)%00%(upstream:remoteref) refs/heads/feature/shape-list refs/remotes/feature/shape-list [1ms]
[2022-08-24T05:48:27.908Z] > git for-each-ref --sort -committerdate --format %(refname) %(objectname) %(*objectname) [5ms]
[2022-08-24T05:48:27.908Z] > git remote --verbose [1ms]
[2022-08-24T05:48:27.921Z] > git config --get commit.template [1ms]
[2022-08-24T05:48:29.520Z] > git show --textconv :templates/next-page.html [7ms]
[2022-08-24T05:48:29.524Z] > git ls-files --stage -- /home/miura/templates/next-page.html [5ms]
[2022-08-24T05:48:29.531Z] > git cat-file -s a219c0fd46844159e09cde75adfa8a399edf1853 [1ms]
[2022-08-24T05:52:10.505Z] > git status -z -uall [64ms]
[2022-08-24T05:52:10.513Z] > git symbolic-ref --short HEAD [1ms]
[2022-08-24T05:52:10.520Z] > git for-each-ref --format=%(refname)%00%(upstream:short)%00%(objectname)%00%(upstream:track)%00%(upstream:remotename)%00%(upstream:remoteref) refs/heads/feature/shape-list refs/remotes/feature/shape-list [1ms]
[2022-08-24T05:52:10.530Z] > git for-each-ref --sort -committerdate --format %(refname) %(objectname) %(*objectname) [5ms]
[2022-08-24T05:52:10.530Z] > git remote --verbose [1ms]
[2022-08-24T05:52:10.543Z] > git config --get commit.template [1ms]
[2022-08-24T05:52:11.670Z] > git show --textconv :index.py [7ms]
[2022-08-24T05:52:11.675Z] > git ls-files --stage -- /home/miura/index.py [5ms]
[2022-08-24T05:52:11.682Z] > git cat-file -s 36462e744cc998a882ffc13baca45ed2a6645174 [1ms]
[2022-08-24T05:52:20.103Z] > git status -z -uall [63ms]
[2022-08-24T05:52:20.112Z] > git symbolic-ref --short HEAD [1ms]
[2022-08-24T05:52:20.119Z] > git for-each-ref --format=%(refname)%00%(upstream:short)%00%(objectname)%00%(upstream:track)%00%(upstream:remotename)%00%(upstream:remoteref) refs/heads/feature/shape-list refs/remotes/feature/shape-list [1ms]
[2022-08-24T05:52:20.131Z] > git for-each-ref --sort -committerdate --format %(refname) %(objectname) %(*objectname) [6ms]
[2022-08-24T05:52:20.131Z] > git remote --verbose [1ms]
[2022-08-24T05:52:20.142Z] > git config --get commit.template [1ms]
[2022-08-24T05:52:31.411Z] > git status -z -uall [63ms]
[2022-08-24T05:52:31.419Z] > git symbolic-ref --short HEAD [1ms]
[2022-08-24T05:52:31.425Z] > git for-each-ref --format=%(refname)%00%(upstream:short)%00%(objectname)%00%(upstream:track)%00%(upstream:remotename)%00%(upstream:remoteref) refs/heads/feature/shape-list refs/remotes/feature/shape-list [1ms]
[2022-08-24T05:52:31.436Z] > git for-each-ref --sort -committerdate --format %(refname) %(objectname) %(*objectname) [6ms]
[2022-08-24T05:52:31.436Z] > git remote --verbose [1ms]
[2022-08-24T05:52:31.448Z] > git config --get commit.template [1ms]
[2022-08-24T05:53:44.290Z] > git show --textconv :static/style.css [7ms]
[2022-08-24T05:53:44.294Z] > git ls-files --stage -- /home/miura/static/style.css [4ms]
[2022-08-24T05:53:44.301Z] > git cat-file -s 9c0ef8043f4a7098e4c38e2c57817cb2bb9bae82 [1ms]
[2022-08-24T05:53:48.297Z] > git show --textconv :templates/first-page.html [7ms]
[2022-08-24T05:53:48.301Z] > git ls-files --stage -- /home/miura/templates/first-page.html [4ms]
[2022-08-24T05:53:48.308Z] > git cat-file -s 460e5101e5f53aee10fca4cace3447f76a4df7f1 [1ms]
[2022-08-24T05:53:54.004Z] > git show --textconv :templates/next-page.html [7ms]
[2022-08-24T05:53:54.008Z] > git ls-files --stage -- /home/miura/templates/next-page.html [5ms]
[2022-08-24T05:53:54.014Z] > git cat-file -s a219c0fd46844159e09cde75adfa8a399edf1853 [1ms]
[2022-08-24T05:54:26.067Z] > git status -z -uall [63ms]
[2022-08-24T05:54:26.076Z] > git symbolic-ref --short HEAD [1ms]
[2022-08-24T05:54:26.082Z] > git for-each-ref --format=%(refname)%00%(upstream:short)%00%(objectname)%00%(upstream:track)%00%(upstream:remotename)%00%(upstream:remoteref) refs/heads/feature/shape-list refs/remotes/feature/shape-list [1ms]
[2022-08-24T05:54:26.093Z] > git for-each-ref --sort -committerdate --format %(refname) %(objectname) %(*objectname) [6ms]
[2022-08-24T05:54:26.093Z] > git remote --verbose [1ms]
[2022-08-24T05:54:26.105Z] > git config --get commit.template [2ms]
[2022-08-24T05:54:27.065Z] > git show --textconv :index.py [7ms]
[2022-08-24T05:54:27.071Z] > git ls-files --stage -- /home/miura/index.py [6ms]
[2022-08-24T05:54:27.077Z] > git cat-file -s 36462e744cc998a882ffc13baca45ed2a6645174 [1ms]
[2022-08-24T05:54:31.176Z] > git status -z -uall [62ms]
[2022-08-24T05:54:31.184Z] > git symbolic-ref --short HEAD [1ms]
[2022-08-24T05:54:31.191Z] > git for-each-ref --format=%(refname)%00%(upstream:short)%00%(objectname)%00%(upstream:track)%00%(upstream:remotename)%00%(upstream:remoteref) refs/heads/feature/shape-list refs/remotes/feature/shape-list [1ms]
[2022-08-24T05:54:31.202Z] > git for-each-ref --sort -committerdate --format %(refname) %(objectname) %(*objectname) [6ms]
[2022-08-24T05:54:31.202Z] > git remote --verbose [1ms]
[2022-08-24T05:54:31.214Z] > git config --get commit.template [1ms]
[2022-08-24T05:54:53.498Z] > git status -z -uall [61ms]
[2022-08-24T05:54:53.507Z] > git symbolic-ref --short HEAD [1ms]
[2022-08-24T05:54:53.514Z] > git for-each-ref --format=%(refname)%00%(upstream:short)%00%(objectname)%00%(upstream:track)%00%(upstream:remotename)%00%(upstream:remoteref) refs/heads/feature/shape-list refs/remotes/feature/shape-list [1ms]
[2022-08-24T05:54:53.524Z] > git for-each-ref --sort -committerdate --format %(refname) %(objectname) %(*objectname) [5ms]
[2022-08-24T05:54:53.524Z] > git remote --verbose [1ms]
[2022-08-24T05:54:53.535Z] > git config --get commit.template [1ms]
[2022-08-24T05:55:00.014Z] > git show --textconv :templates/next-page.html [7ms]
[2022-08-24T05:55:00.018Z] > git ls-files --stage -- /home/miura/templates/next-page.html [4ms]
[2022-08-24T05:55:00.025Z] > git cat-file -s a219c0fd46844159e09cde75adfa8a399edf1853 [1ms]
[2022-08-24T05:55:13.610Z] > git status -z -uall [62ms]
[2022-08-24T05:55:13.618Z] > git symbolic-ref --short HEAD [1ms]
[2022-08-24T05:55:13.625Z] > git for-each-ref --format=%(refname)%00%(upstream:short)%00%(objectname)%00%(upstream:track)%00%(upstream:remotename)%00%(upstream:remoteref) refs/heads/feature/shape-list refs/remotes/feature/shape-list [1ms]
[2022-08-24T05:55:13.635Z] > git for-each-ref --sort -committerdate --format %(refname) %(objectname) %(*objectname) [5ms]
[2022-08-24T05:55:13.636Z] > git remote --verbose [1ms]
[2022-08-24T05:55:13.649Z] > git config --get commit.template [1ms]
[2022-08-24T05:55:14.380Z] > git show --textconv :index.py [7ms]
[2022-08-24T05:55:14.385Z] > git ls-files --stage -- /home/miura/index.py [5ms]
[2022-08-24T05:55:14.392Z] > git cat-file -s 36462e744cc998a882ffc13baca45ed2a6645174 [1ms]
[2022-08-24T05:55:15.992Z] > git show --textconv :templates/next-page.html [7ms]
[2022-08-24T05:55:15.996Z] > git ls-files --stage -- /home/miura/templates/next-page.html [4ms]
[2022-08-24T05:55:16.003Z] > git cat-file -s a219c0fd46844159e09cde75adfa8a399edf1853 [1ms]
[2022-08-24T05:55:21.429Z] > git status -z -uall [63ms]
[2022-08-24T05:55:21.437Z] > git symbolic-ref --short HEAD [1ms]
[2022-08-24T05:55:21.445Z] > git for-each-ref --format=%(refname)%00%(upstream:short)%00%(objectname)%00%(upstream:track)%00%(upstream:remotename)%00%(upstream:remoteref) refs/heads/feature/shape-list refs/remotes/feature/shape-list [2ms]
[2022-08-24T05:55:21.455Z] > git for-each-ref --sort -committerdate --format %(refname) %(objectname) %(*objectname) [6ms]
[2022-08-24T05:55:21.455Z] > git remote --verbose [1ms]
[2022-08-24T05:55:21.467Z] > git config --get commit.template [1ms]
[2022-08-24T05:55:21.859Z] > git show --textconv :index.py [7ms]
[2022-08-24T05:55:21.864Z] > git ls-files --stage -- /home/miura/index.py [6ms]
[2022-08-24T05:55:21.870Z] > git cat-file -s 36462e744cc998a882ffc13baca45ed2a6645174 [1ms]
[2022-08-24T05:55:28.824Z] > git status -z -uall [66ms]
[2022-08-24T05:55:28.833Z] > git symbolic-ref --short HEAD [1ms]
[2022-08-24T05:55:28.840Z] > git for-each-ref --format=%(refname)%00%(upstream:short)%00%(objectname)%00%(upstream:track)%00%(upstream:remotename)%00%(upstream:remoteref) refs/heads/feature/shape-list refs/remotes/feature/shape-list [1ms]
[2022-08-24T05:55:28.851Z] > git for-each-ref --sort -committerdate --format %(refname) %(objectname) %(*objectname) [6ms]
[2022-08-24T05:55:28.851Z] > git remote --verbose [1ms]
[2022-08-24T05:55:28.864Z] > git config --get commit.template [0ms]
[2022-08-24T05:55:52.124Z] > git status -z -uall [62ms]
[2022-08-24T05:55:52.132Z] > git symbolic-ref --short HEAD [1ms]
[2022-08-24T05:55:52.139Z] > git for-each-ref --format=%(refname)%00%(upstream:short)%00%(objectname)%00%(upstream:track)%00%(upstream:remotename)%00%(upstream:remoteref) refs/heads/feature/shape-list refs/remotes/feature/shape-list [1ms]
[2022-08-24T05:55:52.149Z] > git for-each-ref --sort -committerdate --format %(refname) %(objectname) %(*objectname) [5ms]
[2022-08-24T05:55:52.149Z] > git remote --verbose [1ms]
[2022-08-24T05:55:52.162Z] > git config --get commit.template [0ms]
[2022-08-24T05:55:54.016Z] > git show --textconv :templates/next-page.html [6ms]
[2022-08-24T05:55:54.021Z] > git ls-files --stage -- /home/miura/templates/next-page.html [5ms]
[2022-08-24T05:55:54.027Z] > git cat-file -s a219c0fd46844159e09cde75adfa8a399edf1853 [1ms]
[2022-08-24T05:55:58.929Z] > git status -z -uall [62ms]
[2022-08-24T05:55:58.937Z] > git symbolic-ref --short HEAD [1ms]
[2022-08-24T05:55:58.945Z] > git for-each-ref --format=%(refname)%00%(upstream:short)%00%(objectname)%00%(upstream:track)%00%(upstream:remotename)%00%(upstream:remoteref) refs/heads/feature/shape-list refs/remotes/feature/shape-list [2ms]
[2022-08-24T05:55:58.955Z] > git for-each-ref --sort -committerdate --format %(refname) %(objectname) %(*objectname) [5ms]
[2022-08-24T05:55:58.957Z] > git remote --verbose [3ms]
[2022-08-24T05:55:58.969Z] > git config --get commit.template [1ms]
[2022-08-24T05:55:59.028Z] > git show --textconv :static/style.css [6ms]
[2022-08-24T05:55:59.032Z] > git ls-files --stage -- /home/miura/static/style.css [5ms]
[2022-08-24T05:55:59.037Z] > git cat-file -s 9c0ef8043f4a7098e4c38e2c57817cb2bb9bae82 [1ms]
[2022-08-24T05:56:12.909Z] > git status -z -uall [61ms]
[2022-08-24T05:56:12.917Z] > git symbolic-ref --short HEAD [1ms]
[2022-08-24T05:56:12.924Z] > git for-each-ref --format=%(refname)%00%(upstream:short)%00%(objectname)%00%(upstream:track)%00%(upstream:remotename)%00%(upstream:remoteref) refs/heads/feature/shape-list refs/remotes/feature/shape-list [1ms]
[2022-08-24T05:56:12.935Z] > git for-each-ref --sort -committerdate --format %(refname) %(objectname) %(*objectname) [6ms]
[2022-08-24T05:56:12.935Z] > git remote --verbose [1ms]
[2022-08-24T05:56:12.946Z] > git config --get commit.template [1ms]
[2022-08-24T05:56:13.548Z] > git show --textconv :index.py [7ms]
[2022-08-24T05:56:13.553Z] > git ls-files --stage -- /home/miura/index.py [5ms]
[2022-08-24T05:56:13.560Z] > git cat-file -s 36462e744cc998a882ffc13baca45ed2a6645174 [1ms]
[2022-08-24T05:56:19.808Z] > git status -z -uall [62ms]
[2022-08-24T05:56:19.817Z] > git symbolic-ref --short HEAD [1ms]
[2022-08-24T05:56:19.824Z] > git for-each-ref --format=%(refname)%00%(upstream:short)%00%(objectname)%00%(upstream:track)%00%(upstream:remotename)%00%(upstream:remoteref) refs/heads/feature/shape-list refs/remotes/feature/shape-list [1ms]
[2022-08-24T05:56:19.836Z] > git for-each-ref --sort -committerdate --format %(refname) %(objectname) %(*objectname) [6ms]
[2022-08-24T05:56:19.836Z] > git remote --verbose [1ms]
[2022-08-24T05:56:19.846Z] > git config --get commit.template [1ms]
[2022-08-24T05:56:39.140Z] > git status -z -uall [63ms]
[2022-08-24T05:56:39.149Z] > git symbolic-ref --short HEAD [1ms]
[2022-08-24T05:56:39.156Z] > git for-each-ref --format=%(refname)%00%(upstream:short)%00%(objectname)%00%(upstream:track)%00%(upstream:remotename)%00%(upstream:remoteref) refs/heads/feature/shape-list refs/remotes/feature/shape-list [1ms]
[2022-08-24T05:56:39.167Z] > git for-each-ref --sort -committerdate --format %(refname) %(objectname) %(*objectname) [6ms]
[2022-08-24T05:56:39.167Z] > git remote --verbose [1ms]
[2022-08-24T05:56:39.178Z] > git config --get commit.template [1ms]
[2022-08-24T05:57:06.450Z] > git show --textconv :static/style.css [6ms]
[2022-08-24T05:57:06.454Z] > git ls-files --stage -- /home/miura/static/style.css [5ms]
[2022-08-24T05:57:06.460Z] > git cat-file -s 9c0ef8043f4a7098e4c38e2c57817cb2bb9bae82 [1ms]
[2022-08-24T05:57:10.059Z] > git show --textconv :templates/first-page.html [6ms]
[2022-08-24T05:57:10.064Z] > git ls-files --stage -- /home/miura/templates/first-page.html [5ms]
[2022-08-24T05:57:10.070Z] > git cat-file -s 460e5101e5f53aee10fca4cace3447f76a4df7f1 [1ms]
[2022-08-24T05:57:12.393Z] > git show --textconv :templates/next-page.html [7ms]
[2022-08-24T05:57:12.397Z] > git ls-files --stage -- /home/miura/templates/next-page.html [5ms]
[2022-08-24T05:57:12.403Z] > git cat-file -s a219c0fd46844159e09cde75adfa8a399edf1853 [1ms]
[2022-08-24T05:57:54.969Z] > git show --textconv :templates/first-page.html [7ms]
[2022-08-24T05:57:54.973Z] > git ls-files --stage -- /home/miura/templates/first-page.html [5ms]
[2022-08-24T05:57:54.979Z] > git cat-file -s 460e5101e5f53aee10fca4cace3447f76a4df7f1 [1ms]
[2022-08-24T05:58:02.706Z] > git show --textconv :static/style.css [6ms]
[2022-08-24T05:58:02.710Z] > git ls-files --stage -- /home/miura/static/style.css [4ms]
[2022-08-24T05:58:02.717Z] > git cat-file -s 9c0ef8043f4a7098e4c38e2c57817cb2bb9bae82 [1ms]
[2022-08-24T05:58:04.588Z] > git show --textconv :templates/next-page.html [7ms]
[2022-08-24T05:58:04.592Z] > git ls-files --stage -- /home/miura/templates/next-page.html [4ms]
[2022-08-24T05:58:04.599Z] > git cat-file -s a219c0fd46844159e09cde75adfa8a399edf1853 [1ms]
[2022-08-24T05:59:33.492Z] > git status -z -uall [61ms]
[2022-08-24T05:59:33.500Z] > git symbolic-ref --short HEAD [1ms]
[2022-08-24T05:59:33.508Z] > git for-each-ref --format=%(refname)%00%(upstream:short)%00%(objectname)%00%(upstream:track)%00%(upstream:remotename)%00%(upstream:remoteref) refs/heads/feature/shape-list refs/remotes/feature/shape-list [1ms]
[2022-08-24T05:59:33.518Z] > git for-each-ref --sort -committerdate --format %(refname) %(objectname) %(*objectname) [5ms]
[2022-08-24T05:59:33.519Z] > git remote --verbose [1ms]
[2022-08-24T05:59:33.533Z] > git config --get commit.template [1ms]
[2022-08-24T06:00:03.695Z] > git show --textconv :index.py [6ms]
[2022-08-24T06:00:03.700Z] > git ls-files --stage -- /home/miura/index.py [6ms]
[2022-08-24T06:00:03.706Z] > git cat-file -s 36462e744cc998a882ffc13baca45ed2a6645174 [1ms]
[2022-08-24T06:00:11.132Z] > git status -z -uall [64ms]
[2022-08-24T06:00:11.141Z] > git symbolic-ref --short HEAD [1ms]
[2022-08-24T06:00:11.148Z] > git for-each-ref --format=%(refname)%00%(upstream:short)%00%(objectname)%00%(upstream:track)%00%(upstream:remotename)%00%(upstream:remoteref) refs/heads/feature/shape-list refs/remotes/feature/shape-list [1ms]
[2022-08-24T06:00:11.161Z] > git remote --verbose [3ms]
[2022-08-24T06:00:11.161Z] > git for-each-ref --sort -committerdate --format %(refname) %(objectname) %(*objectname) [7ms]
[2022-08-24T06:00:11.174Z] > git config --get commit.template [1ms]
[2022-08-24T06:00:26.463Z] > git status -z -uall [69ms]
[2022-08-24T06:00:26.472Z] > git symbolic-ref --short HEAD [1ms]
[2022-08-24T06:00:26.480Z] > git for-each-ref --format=%(refname)%00%(upstream:short)%00%(objectname)%00%(upstream:track)%00%(upstream:remotename)%00%(upstream:remoteref) refs/heads/feature/shape-list refs/remotes/feature/shape-list [1ms]
[2022-08-24T06:00:26.493Z] > git for-each-ref --sort -committerdate --format %(refname) %(objectname) %(*objectname) [7ms]
[2022-08-24T06:00:26.493Z] > git remote --verbose [2ms]
[2022-08-24T06:00:26.506Z] > git config --get commit.template [1ms]
[2022-08-24T06:00:47.229Z] > git show --textconv :templates/next-page.html [7ms]
[2022-08-24T06:00:47.233Z] > git ls-files --stage -- /home/miura/templates/next-page.html [4ms]
[2022-08-24T06:00:47.239Z] > git cat-file -s a219c0fd46844159e09cde75adfa8a399edf1853 [1ms]
[2022-08-24T06:01:37.418Z] > git status -z -uall [65ms]
[2022-08-24T06:01:37.426Z] > git symbolic-ref --short HEAD [1ms]
[2022-08-24T06:01:37.433Z] > git for-each-ref --format=%(refname)%00%(upstream:short)%00%(objectname)%00%(upstream:track)%00%(upstream:remotename)%00%(upstream:remoteref) refs/heads/feature/shape-list refs/remotes/feature/shape-list [1ms]
[2022-08-24T06:01:37.444Z] > git for-each-ref --sort -committerdate --format %(refname) %(objectname) %(*objectname) [5ms]
[2022-08-24T06:01:37.445Z] > git remote --verbose [1ms]
[2022-08-24T06:01:37.459Z] > git config --get commit.template [1ms]
[2022-08-24T06:01:37.877Z] > git show --textconv :index.py [7ms]
[2022-08-24T06:01:37.882Z] > git ls-files --stage -- /home/miura/index.py [6ms]
[2022-08-24T06:01:37.889Z] > git cat-file -s 36462e744cc998a882ffc13baca45ed2a6645174 [1ms]
[2022-08-24T06:01:45.015Z] > git status -z -uall [64ms]
[2022-08-24T06:01:45.023Z] > git symbolic-ref --short HEAD [1ms]
[2022-08-24T06:01:45.030Z] > git for-each-ref --format=%(refname)%00%(upstream:short)%00%(objectname)%00%(upstream:track)%00%(upstream:remotename)%00%(upstream:remoteref) refs/heads/feature/shape-list refs/remotes/feature/shape-list [1ms]
[2022-08-24T06:01:45.040Z] > git for-each-ref --sort -committerdate --format %(refname) %(objectname) %(*objectname) [5ms]
[2022-08-24T06:01:45.040Z] > git remote --verbose [1ms]
[2022-08-24T06:01:45.055Z] > git config --get commit.template [1ms]
[2022-08-24T06:02:15.365Z] > git status -z -uall [66ms]
[2022-08-24T06:02:15.376Z] > git symbolic-ref --short HEAD [1ms]
[2022-08-24T06:02:15.385Z] > git for-each-ref --format=%(refname)%00%(upstream:short)%00%(objectname)%00%(upstream:track)%00%(upstream:remotename)%00%(upstream:remoteref) refs/heads/feature/shape-list refs/remotes/feature/shape-list [3ms]
[2022-08-24T06:02:15.395Z] > git for-each-ref --sort -committerdate --format %(refname) %(objectname) %(*objectname) [5ms]
[2022-08-24T06:02:15.395Z] > git remote --verbose [0ms]
[2022-08-24T06:02:15.412Z] > git config --get commit.template [1ms]
[2022-08-24T06:02:22.761Z] > git show --textconv :templates/next-page.html [8ms]
[2022-08-24T06:02:22.765Z] > git ls-files --stage -- /home/miura/templates/next-page.html [4ms]
[2022-08-24T06:02:22.772Z] > git cat-file -s a219c0fd46844159e09cde75adfa8a399edf1853 [1ms]
[2022-08-24T06:02:47.607Z] > git status -z -uall [63ms]
[2022-08-24T06:02:47.615Z] > git symbolic-ref --short HEAD [1ms]
[2022-08-24T06:02:47.622Z] > git for-each-ref --format=%(refname)%00%(upstream:short)%00%(objectname)%00%(upstream:track)%00%(upstream:remotename)%00%(upstream:remoteref) refs/heads/feature/shape-list refs/remotes/feature/shape-list [1ms]
[2022-08-24T06:02:47.633Z] > git for-each-ref --sort -committerdate --format %(refname) %(objectname) %(*objectname) [6ms]
[2022-08-24T06:02:47.633Z] > git remote --verbose [1ms]
[2022-08-24T06:02:47.648Z] > git config --get commit.template [1ms]
[2022-08-24T06:04:16.120Z] > git show --textconv :templates/first-page.html [7ms]
[2022-08-24T06:04:16.124Z] > git ls-files --stage -- /home/miura/templates/first-page.html [5ms]
[2022-08-24T06:04:16.131Z] > git cat-file -s 460e5101e5f53aee10fca4cace3447f76a4df7f1 [1ms]
[2022-08-24T06:07:55.646Z] > git show --textconv :static/style.css [6ms]
[2022-08-24T06:07:55.651Z] > git ls-files --stage -- /home/miura/static/style.css [5ms]
[2022-08-24T06:07:55.657Z] > git cat-file -s 9c0ef8043f4a7098e4c38e2c57817cb2bb9bae82 [1ms]
[2022-08-24T06:07:58.477Z] > git show --textconv :templates/first-page.html [7ms]
[2022-08-24T06:07:58.481Z] > git ls-files --stage -- /home/miura/templates/first-page.html [5ms]
[2022-08-24T06:07:58.487Z] > git cat-file -s 460e5101e5f53aee10fca4cace3447f76a4df7f1 [1ms]
[2022-08-24T06:07:59.477Z] > git show --textconv :templates/next-page.html [6ms]
[2022-08-24T06:07:59.482Z] > git ls-files --stage -- /home/miura/templates/next-page.html [5ms]
[2022-08-24T06:07:59.488Z] > git cat-file -s a219c0fd46844159e09cde75adfa8a399edf1853 [0ms]
[2022-08-24T06:08:04.601Z] > git show --textconv :database.py [8ms]
[2022-08-24T06:08:04.605Z] > git ls-files --stage -- /home/miura/database.py [6ms]
[2022-08-24T06:08:04.612Z] > git cat-file -s e3ba82f3486d1510e27589e6848be7e4dbad6b1b [1ms]
[2022-08-24T06:08:05.236Z] > git show --textconv :static/style.css [7ms]
[2022-08-24T06:08:05.240Z] > git ls-files --stage -- /home/miura/static/style.css [5ms]
[2022-08-24T06:08:05.246Z] > git cat-file -s 9c0ef8043f4a7098e4c38e2c57817cb2bb9bae82 [1ms]
[2022-08-24T06:08:06.375Z] > git show --textconv :templates/first-page.html [7ms]
[2022-08-24T06:08:06.379Z] > git ls-files --stage -- /home/miura/templates/first-page.html [4ms]
[2022-08-24T06:08:06.385Z] > git cat-file -s 460e5101e5f53aee10fca4cace3447f76a4df7f1 [1ms]
[2022-08-24T06:17:56.778Z] > git show --textconv :static/style.css [6ms]
[2022-08-24T06:17:56.782Z] > git ls-files --stage -- /home/miura/static/style.css [4ms]
[2022-08-24T06:17:56.789Z] > git cat-file -s 9c0ef8043f4a7098e4c38e2c57817cb2bb9bae82 [1ms]
[2022-08-24T06:17:58.254Z] > git show --textconv :database.py [7ms]
[2022-08-24T06:17:58.259Z] > git ls-files --stage -- /home/miura/database.py [6ms]
[2022-08-24T06:17:58.265Z] > git cat-file -s e3ba82f3486d1510e27589e6848be7e4dbad6b1b [1ms]
[2022-08-24T06:20:33.480Z] > git show --textconv :templates/next-page.html [7ms]
[2022-08-24T06:20:33.485Z] > git ls-files --stage -- /home/miura/templates/next-page.html [5ms]
[2022-08-24T06:20:33.491Z] > git cat-file -s a219c0fd46844159e09cde75adfa8a399edf1853 [1ms]
[2022-08-24T06:20:52.701Z] > git status -z -uall [67ms]
[2022-08-24T06:20:52.709Z] > git symbolic-ref --short HEAD [1ms]
[2022-08-24T06:20:52.716Z] > git for-each-ref --format=%(refname)%00%(upstream:short)%00%(objectname)%00%(upstream:track)%00%(upstream:remotename)%00%(upstream:remoteref) refs/heads/feature/shape-list refs/remotes/feature/shape-list [1ms]
[2022-08-24T06:20:52.728Z] > git for-each-ref --sort -committerdate --format %(refname) %(objectname) %(*objectname) [6ms]
[2022-08-24T06:20:52.728Z] > git remote --verbose [1ms]
[2022-08-24T06:20:52.743Z] > git config --get commit.template [1ms]
[2022-08-24T06:20:59.311Z] > git show --textconv :index.py [7ms]
[2022-08-24T06:20:59.316Z] > git ls-files --stage -- /home/miura/index.py [5ms]
[2022-08-24T06:20:59.323Z] > git cat-file -s 36462e744cc998a882ffc13baca45ed2a6645174 [1ms]
[2022-08-24T06:21:06.447Z] > git status -z -uall [63ms]
[2022-08-24T06:21:06.455Z] > git symbolic-ref --short HEAD [1ms]
[2022-08-24T06:21:06.462Z] > git for-each-ref --format=%(refname)%00%(upstream:short)%00%(objectname)%00%(upstream:track)%00%(upstream:remotename)%00%(upstream:remoteref) refs/heads/feature/shape-list refs/remotes/feature/shape-list [1ms]
[2022-08-24T06:21:06.472Z] > git for-each-ref --sort -committerdate --format %(refname) %(objectname) %(*objectname) [5ms]
[2022-08-24T06:21:06.472Z] > git remote --verbose [1ms]
[2022-08-24T06:21:06.485Z] > git config --get commit.template [1ms]
[2022-08-24T06:22:17.219Z] > git status -z -uall [64ms]
[2022-08-24T06:22:17.228Z] > git symbolic-ref --short HEAD [1ms]
[2022-08-24T06:22:17.235Z] > git for-each-ref --format=%(refname)%00%(upstream:short)%00%(objectname)%00%(upstream:track)%00%(upstream:remotename)%00%(upstream:remoteref) refs/heads/feature/shape-list refs/remotes/feature/shape-list [1ms]
[2022-08-24T06:22:17.246Z] > git for-each-ref --sort -committerdate --format %(refname) %(objectname) %(*objectname) [5ms]
[2022-08-24T06:22:17.246Z] > git remote --verbose [1ms]
[2022-08-24T06:22:17.258Z] > git config --get commit.template [0ms]
[2022-08-24T06:41:12.783Z] > git show --textconv :static/style.css [7ms]
[2022-08-24T06:41:12.787Z] > git ls-files --stage -- /home/miura/static/style.css [4ms]
[2022-08-24T06:41:12.794Z] > git cat-file -s 9c0ef8043f4a7098e4c38e2c57817cb2bb9bae82 [1ms]
[2022-08-24T06:41:16.641Z] > git show --textconv :index.py [7ms]
[2022-08-24T06:41:16.646Z] > git ls-files --stage -- /home/miura/index.py [5ms]
[2022-08-24T06:41:16.656Z] > git cat-file -s 36462e744cc998a882ffc13baca45ed2a6645174 [0ms]
[2022-08-24T06:41:17.969Z] > git show --textconv :templates/next-page.html [7ms]
[2022-08-24T06:41:17.973Z] > git ls-files --stage -- /home/miura/templates/next-page.html [5ms]
[2022-08-24T06:41:17.979Z] > git cat-file -s a219c0fd46844159e09cde75adfa8a399edf1853 [1ms]
[2022-08-24T06:41:19.759Z] > git show --textconv :templates/first-page.html [7ms]
[2022-08-24T06:41:19.763Z] > git ls-files --stage -- /home/miura/templates/first-page.html [4ms]
[2022-08-24T06:41:19.770Z] > git cat-file -s 460e5101e5f53aee10fca4cace3447f76a4df7f1 [1ms]
[2022-08-24T06:45:08.379Z] > git show --textconv :static/style.css [7ms]
[2022-08-24T06:45:08.383Z] > git ls-files --stage -- /home/miura/static/style.css [5ms]
[2022-08-24T06:45:08.389Z] > git cat-file -s 9c0ef8043f4a7098e4c38e2c57817cb2bb9bae82 [1ms]
[2022-08-24T06:45:11.875Z] > git show --textconv :templates/next-page.html [6ms]
[2022-08-24T06:45:11.880Z] > git ls-files --stage -- /home/miura/templates/next-page.html [5ms]
[2022-08-24T06:45:11.886Z] > git cat-file -s a219c0fd46844159e09cde75adfa8a399edf1853 [1ms]
[2022-08-24T06:45:13.072Z] > git show --textconv :templates/first-page.html [6ms]
[2022-08-24T06:45:13.076Z] > git ls-files --stage -- /home/miura/templates/first-page.html [5ms]
[2022-08-24T06:45:13.082Z] > git cat-file -s 460e5101e5f53aee10fca4cace3447f76a4df7f1 [1ms]
[2022-08-24T06:45:14.483Z] > git show --textconv :static/style.css [6ms]
[2022-08-24T06:45:14.487Z] > git ls-files --stage -- /home/miura/static/style.css [4ms]
[2022-08-24T06:45:14.494Z] > git cat-file -s 9c0ef8043f4a7098e4c38e2c57817cb2bb9bae82 [1ms]
[2022-08-24T06:45:52.824Z] > git show --textconv :templates/next-page.html [7ms]
[2022-08-24T06:45:52.828Z] > git ls-files --stage -- /home/miura/templates/next-page.html [4ms]
[2022-08-24T06:45:52.835Z] > git cat-file -s a219c0fd46844159e09cde75adfa8a399edf1853 [1ms]
[2022-08-24T06:46:27.181Z] > git status -z -uall [91ms]
[2022-08-24T06:46:27.189Z] > git symbolic-ref --short HEAD [1ms]
[2022-08-24T06:46:27.195Z] > git for-each-ref --format=%(refname)%00%(upstream:short)%00%(objectname)%00%(upstream:track)%00%(upstream:remotename)%00%(upstream:remoteref) refs/heads/feature/shape-list refs/remotes/feature/shape-list [0ms]
[2022-08-24T06:46:27.206Z] > git for-each-ref --sort -committerdate --format %(refname) %(objectname) %(*objectname) [6ms]
[2022-08-24T06:46:27.206Z] > git remote --verbose [1ms]
[2022-08-24T06:46:27.221Z] > git config --get commit.template [1ms]
[2022-08-24T06:46:59.359Z] > git show --textconv :templates/first-page.html [7ms]
[2022-08-24T06:46:59.363Z] > git ls-files --stage -- /home/miura/templates/first-page.html [5ms]
[2022-08-24T06:46:59.369Z] > git cat-file -s 460e5101e5f53aee10fca4cace3447f76a4df7f1 [1ms]
[2022-08-24T06:47:18.970Z] > git show --textconv :templates/next-page.html [12ms]
[2022-08-24T06:47:18.970Z] > git ls-files --stage -- /home/miura/templates/next-page.html [1ms]
[2022-08-24T06:47:18.976Z] > git cat-file -s a219c0fd46844159e09cde75adfa8a399edf1853 [0ms]
[2022-08-24T06:47:21.145Z] > git show --textconv :static/style.css [7ms]
[2022-08-24T06:47:21.149Z] > git ls-files --stage -- /home/miura/static/style.css [5ms]
[2022-08-24T06:47:21.155Z] > git cat-file -s 9c0ef8043f4a7098e4c38e2c57817cb2bb9bae82 [1ms]
[2022-08-24T06:47:30.024Z] > git status -z -uall [62ms]
[2022-08-24T06:47:30.032Z] > git symbolic-ref --short HEAD [1ms]
[2022-08-24T06:47:30.038Z] > git for-each-ref --format=%(refname)%00%(upstream:short)%00%(objectname)%00%(upstream:track)%00%(upstream:remotename)%00%(upstream:remoteref) refs/heads/feature/shape-list refs/remotes/feature/shape-list [1ms]
[2022-08-24T06:47:30.048Z] > git for-each-ref --sort -committerdate --format %(refname) %(objectname) %(*objectname) [5ms]
[2022-08-24T06:47:30.049Z] > git remote --verbose [1ms]
[2022-08-24T06:47:30.062Z] > git config --get commit.template [2ms]
[2022-08-24T06:47:37.016Z] > git show --textconv :index.py [7ms]
[2022-08-24T06:47:37.021Z] > git ls-files --stage -- /home/miura/index.py [6ms]
[2022-08-24T06:47:37.027Z] > git cat-file -s 36462e744cc998a882ffc13baca45ed2a6645174 [1ms]
[2022-08-24T06:47:43.368Z] > git status -z -uall [62ms]
[2022-08-24T06:47:43.376Z] > git symbolic-ref --short HEAD [0ms]
[2022-08-24T06:47:43.383Z] > git for-each-ref --format=%(refname)%00%(upstream:short)%00%(objectname)%00%(upstream:track)%00%(upstream:remotename)%00%(upstream:remoteref) refs/heads/feature/shape-list refs/remotes/feature/shape-list [1ms]
[2022-08-24T06:47:43.393Z] > git for-each-ref --sort -committerdate --format %(refname) %(objectname) %(*objectname) [5ms]
[2022-08-24T06:47:43.394Z] > git remote --verbose [1ms]
[2022-08-24T06:47:43.407Z] > git config --get commit.template [1ms]
[2022-08-24T06:47:48.479Z] > git status -z -uall [63ms]
[2022-08-24T06:47:48.488Z] > git symbolic-ref --short HEAD [1ms]
[2022-08-24T06:47:48.495Z] > git for-each-ref --format=%(refname)%00%(upstream:short)%00%(objectname)%00%(upstream:track)%00%(upstream:remotename)%00%(upstream:remoteref) refs/heads/feature/shape-list refs/remotes/feature/shape-list [1ms]
[2022-08-24T06:47:48.506Z] > git for-each-ref --sort -committerdate --format %(refname) %(objectname) %(*objectname) [6ms]
[2022-08-24T06:47:48.506Z] > git remote --verbose [0ms]
[2022-08-24T06:47:48.518Z] > git config --get commit.template [1ms]
[2022-08-24T06:50:49.667Z] > git show --textconv :static/style.css [13ms]
[2022-08-24T06:50:49.669Z] > git ls-files --stage -- /home/miura/static/style.css [5ms]
[2022-08-24T06:50:49.677Z] > git cat-file -s 9c0ef8043f4a7098e4c38e2c57817cb2bb9bae82 [2ms]
[2022-08-24T06:50:51.316Z] > git show --textconv :database.py [7ms]
[2022-08-24T06:50:51.321Z] > git ls-files --stage -- /home/miura/database.py [5ms]
[2022-08-24T06:50:51.328Z] > git cat-file -s e3ba82f3486d1510e27589e6848be7e4dbad6b1b [1ms]
[2022-08-24T06:50:53.160Z] > git show --textconv :templates/first-page.html [8ms]
[2022-08-24T06:50:53.164Z] > git ls-files --stage -- /home/miura/templates/first-page.html [4ms]
[2022-08-24T06:50:53.171Z] > git cat-file -s 460e5101e5f53aee10fca4cace3447f76a4df7f1 [1ms]
[2022-08-24T06:50:54.089Z] > git show --textconv :static/style.css [7ms]
[2022-08-24T06:50:54.093Z] > git ls-files --stage -- /home/miura/static/style.css [4ms]
[2022-08-24T06:50:54.100Z] > git cat-file -s 9c0ef8043f4a7098e4c38e2c57817cb2bb9bae82 [1ms]
[2022-08-24T06:50:55.100Z] > git show --textconv :templates/next-page.html [7ms]
[2022-08-24T06:50:55.105Z] > git ls-files --stage -- /home/miura/templates/next-page.html [5ms]
[2022-08-24T06:50:55.111Z] > git cat-file -s a219c0fd46844159e09cde75adfa8a399edf1853 [1ms]
[2022-08-24T06:50:56.069Z] > git show --textconv :templates/first-page.html [7ms]
[2022-08-24T06:50:56.073Z] > git ls-files --stage -- /home/miura/templates/first-page.html [5ms]
[2022-08-24T06:50:56.079Z] > git cat-file -s 460e5101e5f53aee10fca4cace3447f76a4df7f1 [1ms]
[2022-08-24T06:50:57.037Z] > git show --textconv :static/style.css [7ms]
[2022-08-24T06:50:57.041Z] > git ls-files --stage -- /home/miura/static/style.css [5ms]
[2022-08-24T06:50:57.047Z] > git cat-file -s 9c0ef8043f4a7098e4c38e2c57817cb2bb9bae82 [1ms]
[2022-08-24T06:52:27.612Z] > git show --textconv :index.py [7ms]
[2022-08-24T06:52:27.618Z] > git ls-files --stage -- /home/miura/index.py [6ms]
[2022-08-24T06:52:27.624Z] > git cat-file -s 36462e744cc998a882ffc13baca45ed2a6645174 [1ms]
[2022-08-24T06:53:11.535Z] > git show --textconv :database.py [7ms]
[2022-08-24T06:53:11.540Z] > git ls-files --stage -- /home/miura/database.py [6ms]
[2022-08-24T06:53:11.546Z] > git cat-file -s e3ba82f3486d1510e27589e6848be7e4dbad6b1b [1ms]
[2022-08-24T06:53:14.008Z] > git show --textconv :templates/next-page.html [7ms]
[2022-08-24T06:53:14.012Z] > git ls-files --stage -- /home/miura/templates/next-page.html [4ms]
[2022-08-24T06:53:14.019Z] > git cat-file -s a219c0fd46844159e09cde75adfa8a399edf1853 [1ms]
[2022-08-24T06:53:15.840Z] > git show --textconv :index.py [6ms]
[2022-08-24T06:53:15.847Z] > git ls-files --stage -- /home/miura/index.py [7ms]
[2022-08-24T06:53:15.856Z] > git cat-file -s 36462e744cc998a882ffc13baca45ed2a6645174 [2ms]
[2022-08-24T06:53:37.699Z] > git show --textconv :templates/next-page.html [7ms]
[2022-08-24T06:53:37.703Z] > git ls-files --stage -- /home/miura/templates/next-page.html [5ms]
[2022-08-24T06:53:37.709Z] > git cat-file -s a219c0fd46844159e09cde75adfa8a399edf1853 [1ms]
[2022-08-24T07:05:06.413Z] > git show --textconv :templates/first-page.html [6ms]
[2022-08-24T07:05:06.418Z] > git ls-files --stage -- /home/miura/templates/first-page.html [5ms]
[2022-08-24T07:05:06.424Z] > git cat-file -s 460e5101e5f53aee10fca4cace3447f76a4df7f1 [1ms]
[2022-08-24T07:05:08.789Z] > git show --textconv :static/style.css [7ms]
[2022-08-24T07:05:08.793Z] > git ls-files --stage -- /home/miura/static/style.css [4ms]
[2022-08-24T07:05:08.800Z] > git cat-file -s 9c0ef8043f4a7098e4c38e2c57817cb2bb9bae82 [1ms]
[2022-08-24T07:05:45.142Z] > git status -z -uall [64ms]
[2022-08-24T07:05:45.152Z] > git symbolic-ref --short HEAD [2ms]
[2022-08-24T07:05:45.159Z] > git for-each-ref --format=%(refname)%00%(upstream:short)%00%(objectname)%00%(upstream:track)%00%(upstream:remotename)%00%(upstream:remoteref) refs/heads/feature/shape-list refs/remotes/feature/shape-list [1ms]
[2022-08-24T07:05:45.170Z] > git for-each-ref --sort -committerdate --format %(refname) %(objectname) %(*objectname) [6ms]
[2022-08-24T07:05:45.170Z] > git remote --verbose [1ms]
[2022-08-24T07:05:45.184Z] > git config --get commit.template [2ms]
[2022-08-24T07:05:49.425Z] > git show --textconv :index.py [8ms]
[2022-08-24T07:05:49.430Z] > git ls-files --stage -- /home/miura/index.py [5ms]
[2022-08-24T07:05:49.436Z] > git cat-file -s 36462e744cc998a882ffc13baca45ed2a6645174 [1ms]
[2022-08-24T07:06:40.052Z] > git status -z -uall [62ms]
[2022-08-24T07:06:40.060Z] > git symbolic-ref --short HEAD [1ms]
[2022-08-24T07:06:40.067Z] > git for-each-ref --format=%(refname)%00%(upstream:short)%00%(objectname)%00%(upstream:track)%00%(upstream:remotename)%00%(upstream:remoteref) refs/heads/feature/shape-list refs/remotes/feature/shape-list [1ms]
[2022-08-24T07:06:40.078Z] > git for-each-ref --sort -committerdate --format %(refname) %(objectname) %(*objectname) [6ms]
[2022-08-24T07:06:40.078Z] > git remote --verbose [1ms]
[2022-08-24T07:06:40.093Z] > git config --get commit.template [1ms]
[2022-08-24T07:07:28.726Z] > git status -z -uall [67ms]
[2022-08-24T07:07:28.736Z] > git symbolic-ref --short HEAD [1ms]
[2022-08-24T07:07:28.743Z] > git for-each-ref --format=%(refname)%00%(upstream:short)%00%(objectname)%00%(upstream:track)%00%(upstream:remotename)%00%(upstream:remoteref) refs/heads/feature/shape-list refs/remotes/feature/shape-list [1ms]
[2022-08-24T07:07:28.754Z] > git for-each-ref --sort -committerdate --format %(refname) %(objectname) %(*objectname) [5ms]
[2022-08-24T07:07:28.755Z] > git remote --verbose [1ms]
[2022-08-24T07:07:28.771Z] > git config --get commit.template [1ms]
[2022-08-24T07:07:56.881Z] > git show --textconv :templates/next-page.html [7ms]
[2022-08-24T07:07:56.885Z] > git ls-files --stage -- /home/miura/templates/next-page.html [4ms]
[2022-08-24T07:07:56.892Z] > git cat-file -s a219c0fd46844159e09cde75adfa8a399edf1853 [1ms]
[2022-08-24T07:08:16.417Z] > git show --textconv :static/style.css [7ms]
[2022-08-24T07:08:16.421Z] > git ls-files --stage -- /home/miura/static/style.css [4ms]
[2022-08-24T07:08:16.428Z] > git cat-file -s 9c0ef8043f4a7098e4c38e2c57817cb2bb9bae82 [1ms]
[2022-08-24T07:08:27.468Z] > git show --textconv :templates/first-page.html [7ms]
[2022-08-24T07:08:27.473Z] > git ls-files --stage -- /home/miura/templates/first-page.html [5ms]
[2022-08-24T07:08:27.479Z] > git cat-file -s 460e5101e5f53aee10fca4cace3447f76a4df7f1 [1ms]
[2022-08-24T07:08:27.626Z] > git status -z -uall [62ms]
[2022-08-24T07:08:27.634Z] > git symbolic-ref --short HEAD [1ms]
[2022-08-24T07:08:27.641Z] > git for-each-ref --format=%(refname)%00%(upstream:short)%00%(objectname)%00%(upstream:track)%00%(upstream:remotename)%00%(upstream:remoteref) refs/heads/feature/shape-list refs/remotes/feature/shape-list [1ms]
[2022-08-24T07:08:27.651Z] > git for-each-ref --sort -committerdate --format %(refname) %(objectname) %(*objectname) [5ms]
[2022-08-24T07:08:27.652Z] > git remote --verbose [1ms]
[2022-08-24T07:08:27.663Z] > git config --get commit.template [1ms]
[2022-08-24T07:08:44.756Z] > git show --textconv :static/style.css [7ms]
[2022-08-24T07:08:44.760Z] > git ls-files --stage -- /home/miura/static/style.css [4ms]
[2022-08-24T07:08:44.767Z] > git cat-file -s 9c0ef8043f4a7098e4c38e2c57817cb2bb9bae82 [1ms]
[2022-08-24T07:08:54.053Z] > git show --textconv :templates/first-page.html [7ms]
[2022-08-24T07:08:54.057Z] > git ls-files --stage -- /home/miura/templates/first-page.html [5ms]
[2022-08-24T07:08:54.064Z] > git cat-file -s 460e5101e5f53aee10fca4cace3447f76a4df7f1 [1ms]
[2022-08-24T07:09:01.957Z] > git status -z -uall [63ms]
[2022-08-24T07:09:01.966Z] > git symbolic-ref --short HEAD [1ms]
[2022-08-24T07:09:01.973Z] > git for-each-ref --format=%(refname)%00%(upstream:short)%00%(objectname)%00%(upstream:track)%00%(upstream:remotename)%00%(upstream:remoteref) refs/heads/feature/shape-list refs/remotes/feature/shape-list [1ms]
[2022-08-24T07:09:01.984Z] > git for-each-ref --sort -committerdate --format %(refname) %(objectname) %(*objectname) [6ms]
[2022-08-24T07:09:01.985Z] > git remote --verbose [1ms]
[2022-08-24T07:09:01.997Z] > git config --get commit.template [1ms]
[2022-08-24T07:09:02.642Z] > git show --textconv :templates/next-page.html [7ms]
[2022-08-24T07:09:02.646Z] > git ls-files --stage -- /home/miura/templates/next-page.html [5ms]
[2022-08-24T07:09:02.653Z] > git cat-file -s a219c0fd46844159e09cde75adfa8a399edf1853 [1ms]
[2022-08-24T07:09:36.671Z] > git show --textconv :static/style.css [7ms]
[2022-08-24T07:09:36.675Z] > git ls-files --stage -- /home/miura/static/style.css [4ms]
[2022-08-24T07:09:36.683Z] > git cat-file -s 9c0ef8043f4a7098e4c38e2c57817cb2bb9bae82 [1ms]
[2022-08-24T07:09:38.896Z] > git show --textconv :templates/next-page.html [7ms]
[2022-08-24T07:09:38.900Z] > git ls-files --stage -- /home/miura/templates/next-page.html [5ms]
[2022-08-24T07:09:38.908Z] > git cat-file -s a219c0fd46844159e09cde75adfa8a399edf1853 [2ms]
[2022-08-24T07:10:23.587Z] > git status -z -uall [63ms]
[2022-08-24T07:10:23.595Z] > git symbolic-ref --short HEAD [1ms]
[2022-08-24T07:10:23.602Z] > git for-each-ref --format=%(refname)%00%(upstream:short)%00%(objectname)%00%(upstream:track)%00%(upstream:remotename)%00%(upstream:remoteref) refs/heads/feature/shape-list refs/remotes/feature/shape-list [1ms]
[2022-08-24T07:10:23.613Z] > git for-each-ref --sort -committerdate --format %(refname) %(objectname) %(*objectname) [6ms]
[2022-08-24T07:10:23.613Z] > git remote --verbose [1ms]
[2022-08-24T07:10:23.626Z] > git config --get commit.template [1ms]
[2022-08-24T07:10:30.048Z] > git show --textconv :index.py [7ms]
[2022-08-24T07:10:30.054Z] > git ls-files --stage -- /home/miura/index.py [6ms]
[2022-08-24T07:10:30.060Z] > git cat-file -s 36462e744cc998a882ffc13baca45ed2a6645174 [1ms]
[2022-08-24T07:10:36.384Z] > git status -z -uall [63ms]
[2022-08-24T07:10:36.393Z] > git symbolic-ref --short HEAD [1ms]
[2022-08-24T07:10:36.400Z] > git for-each-ref --format=%(refname)%00%(upstream:short)%00%(objectname)%00%(upstream:track)%00%(upstream:remotename)%00%(upstream:remoteref) refs/heads/feature/shape-list refs/remotes/feature/shape-list [1ms]
[2022-08-24T07:10:36.411Z] > git for-each-ref --sort -committerdate --format %(refname) %(objectname) %(*objectname) [6ms]
[2022-08-24T07:10:36.411Z] > git remote --verbose [1ms]
[2022-08-24T07:10:36.425Z] > git config --get commit.template [1ms]
[2022-08-24T07:10:43.676Z] > git status -z -uall [62ms]
[2022-08-24T07:10:43.684Z] > git symbolic-ref --short HEAD [1ms]
[2022-08-24T07:10:43.691Z] > git for-each-ref --format=%(refname)%00%(upstream:short)%00%(objectname)%00%(upstream:track)%00%(upstream:remotename)%00%(upstream:remoteref) refs/heads/feature/shape-list refs/remotes/feature/shape-list [1ms]
[2022-08-24T07:10:43.702Z] > git for-each-ref --sort -committerdate --format %(refname) %(objectname) %(*objectname) [6ms]
[2022-08-24T07:10:43.702Z] > git remote --verbose [1ms]
[2022-08-24T07:10:43.714Z] > git config --get commit.template [1ms]
[2022-08-24T07:10:52.162Z] > git show --textconv :templates/next-page.html [7ms]
[2022-08-24T07:10:52.166Z] > git ls-files --stage -- /home/miura/templates/next-page.html [4ms]
[2022-08-24T07:10:52.173Z] > git cat-file -s a219c0fd46844159e09cde75adfa8a399edf1853 [2ms]
[2022-08-24T07:10:59.382Z] > git status -z -uall [64ms]
[2022-08-24T07:10:59.391Z] > git symbolic-ref --short HEAD [1ms]
[2022-08-24T07:10:59.397Z] > git for-each-ref --format=%(refname)%00%(upstream:short)%00%(objectname)%00%(upstream:track)%00%(upstream:remotename)%00%(upstream:remoteref) refs/heads/feature/shape-list refs/remotes/feature/shape-list [1ms]
[2022-08-24T07:10:59.408Z] > git for-each-ref --sort -committerdate --format %(refname) %(objectname) %(*objectname) [5ms]
[2022-08-24T07:10:59.409Z] > git remote --verbose [1ms]
[2022-08-24T07:10:59.424Z] > git config --get commit.template [1ms]
[2022-08-24T07:11:00.455Z] > git show --textconv :index.py [7ms]
[2022-08-24T07:11:00.460Z] > git ls-files --stage -- /home/miura/index.py [6ms]
[2022-08-24T07:11:00.466Z] > git cat-file -s 36462e744cc998a882ffc13baca45ed2a6645174 [1ms]
[2022-08-24T07:11:08.025Z] > git status -z -uall [62ms]
[2022-08-24T07:11:08.033Z] > git symbolic-ref --short HEAD [1ms]
[2022-08-24T07:11:08.040Z] > git for-each-ref --format=%(refname)%00%(upstream:short)%00%(objectname)%00%(upstream:track)%00%(upstream:remotename)%00%(upstream:remoteref) refs/heads/feature/shape-list refs/remotes/feature/shape-list [1ms]
[2022-08-24T07:11:08.050Z] > git for-each-ref --sort -committerdate --format %(refname) %(objectname) %(*objectname) [5ms]
[2022-08-24T07:11:08.050Z] > git remote --verbose [1ms]
[2022-08-24T07:11:08.064Z] > git config --get commit.template [2ms]
[2022-08-24T07:11:13.136Z] > git status -z -uall [63ms]
[2022-08-24T07:11:13.144Z] > git symbolic-ref --short HEAD [1ms]
[2022-08-24T07:11:13.152Z] > git for-each-ref --format=%(refname)%00%(upstream:short)%00%(objectname)%00%(upstream:track)%00%(upstream:remotename)%00%(upstream:remoteref) refs/heads/feature/shape-list refs/remotes/feature/shape-list [1ms]
[2022-08-24T07:11:13.163Z] > git for-each-ref --sort -committerdate --format %(refname) %(objectname) %(*objectname) [6ms]
[2022-08-24T07:11:13.163Z] > git remote --verbose [1ms]
[2022-08-24T07:11:13.176Z] > git config --get commit.template [0ms]
