[2022-08-15T06:55:28.220Z] ログ レベル: Info
[2022-08-15T06:55:28.225Z] [info] Git の検証が検出されました: git
[2022-08-15T06:55:28.262Z] [info] git から Git 2.34.1 を使用しています
[2022-08-15T06:55:28.304Z] > git rev-parse --show-toplevel [25ms]
[2022-08-15T06:55:28.305Z] fatal: not a git repository (or any of the parent directories): .git
[2022-08-15T06:55:28.323Z] > git rev-parse --show-toplevel [6ms]
[2022-08-15T06:55:28.323Z] fatal: not a git repository (or any of the parent directories): .git
[2022-08-15T06:55:28.333Z] > git rev-parse --show-toplevel [1ms]
[2022-08-15T06:55:28.333Z] fatal: not a git repository (or any of the parent directories): .git
[2022-08-15T06:55:28.342Z] > git rev-parse --show-toplevel [1ms]
[2022-08-15T06:55:28.342Z] fatal: not a git repository (or any of the parent directories): .git
[2022-08-15T06:55:28.350Z] > git rev-parse --show-toplevel [1ms]
[2022-08-15T06:55:28.350Z] fatal: not a git repository (or any of the parent directories): .git
[2022-08-15T06:55:28.358Z] > git rev-parse --show-toplevel [1ms]
[2022-08-15T06:55:28.358Z] fatal: not a git repository (or any of the parent directories): .git
[2022-08-15T06:55:28.366Z] > git rev-parse --show-toplevel [1ms]
[2022-08-15T06:55:28.366Z] fatal: not a git repository (or any of the parent directories): .git
[2022-08-15T06:55:28.373Z] > git rev-parse --show-toplevel [0ms]
[2022-08-15T06:55:28.373Z] fatal: not a git repository (or any of the parent directories): .git
[2022-08-15T06:55:30.353Z] > git rev-parse --show-toplevel [2ms]
[2022-08-15T06:55:30.353Z] fatal: not a git repository (or any of the parent directories): .git
[2022-08-15T06:55:30.411Z] > git rev-parse --show-toplevel [1ms]
[2022-08-15T06:55:30.411Z] fatal: not a git repository (or any of the parent directories): .git
[2022-08-15T06:55:30.429Z] > git rev-parse --show-toplevel [1ms]
[2022-08-15T06:55:30.429Z] fatal: not a git repository (or any of the parent directories): .git
[2022-08-15T06:55:30.515Z] > git rev-parse --show-toplevel [3ms]
[2022-08-15T06:55:30.516Z] fatal: not a git repository (or any of the parent directories): .git
[2022-08-15T06:55:30.534Z] > git rev-parse --show-toplevel [9ms]
[2022-08-15T06:55:30.534Z] fatal: not a git repository (or any of the parent directories): .git
[2022-08-15T07:01:55.906Z] > git rev-parse --show-toplevel [1ms]
[2022-08-15T07:01:55.906Z] fatal: not a git repository (or any of the parent directories): .git
