[2022-08-17 09:40:40.673] [exthost] [info] Extension host with pid 28197 started
[2022-08-17 09:40:40.683] [exthost] [info] Lock '/home/miura/.vscode-server/data/User/workspaceStorage/79b5f0cc56094051dcea441296b611d0/vscode.lock': Lock acquired.
[2022-08-17 09:40:40.892] [exthost] [info] ExtensionService#_doActivateExtension vscode.html-language-features, startup: false, activationEvent: 'onLanguage:html'
[2022-08-17 09:40:40.952] [exthost] [info] ExtensionService#_doActivateExtension vscode.debug-auto-launch, startup: true, activationEvent: '*'
[2022-08-17 09:40:40.955] [exthost] [info] ExtensionService#_doActivateExtension vscode.git-base, startup: true, activationEvent: '*', root cause: vscode.git
[2022-08-17 09:40:40.959] [exthost] [info] ExtensionService#_doActivateExtension vscode.ipynb, startup: true, activationEvent: '*'
[2022-08-17 09:40:44.222] [exthost] [info] ExtensionService#_doActivateExtension vscode.git, startup: true, activationEvent: '*'
[2022-08-17 09:40:44.288] [exthost] [info] ExtensionService#_doActivateExtension vscode.github, startup: true, activationEvent: '*'
[2022-08-17 09:40:45.924] [exthost] [info] ExtensionService#_doActivateExtension vscode.emmet, startup: false, activationEvent: 'onStartupFinished'
[2022-08-17 09:40:45.940] [exthost] [info] ExtensionService#_doActivateExtension vscode.merge-conflict, startup: false, activationEvent: 'onStartupFinished'
[2022-08-17 09:40:45.944] [exthost] [info] Eager extensions activated
[2022-08-17 09:43:58.943] [exthost] [info] ExtensionService#_doActivateExtension ms-python.python, startup: false, activationEvent: 'onLanguage:python'
[2022-08-17 09:43:59.236] [exthost] [info] ExtensionService#_doActivateExtension ms-toolsai.jupyter, startup: false, activationEvent: 'onLanguage:python'
[2022-08-17 09:44:00.425] [exthost] [info] ExtensionService#_doActivateExtension ms-toolsai.jupyter-renderers, startup: false, activationEvent: 'api', root cause: ms-toolsai.jupyter
[2022-08-17 09:44:00.609] [exthost] [info] ExtensionService#_doActivateExtension ms-python.vscode-pylance, startup: false, activationEvent: 'onLanguage:python'
[2022-08-17 09:44:01.742] [exthost] [info] ExtensionService#_doActivateExtension vscode.configuration-editing, startup: false, activationEvent: 'onLanguage:jsonc'
[2022-08-17 09:44:01.747] [exthost] [info] ExtensionService#_doActivateExtension vscode.json-language-features, startup: false, activationEvent: 'onLanguage:jsonc'
[2022-08-17 09:44:01.806] [exthost] [info] ExtensionService#_doActivateExtension vscode.typescript-language-features, startup: false, activationEvent: 'onLanguage:jsonc'
[2022-08-17 09:52:57.379] [exthost] [error] [vscode.emmet] provider FAILED
[2022-08-17 09:52:57.380] [exthost] [error] TypeError: Cannot read properties of undefined (reading 'start')
	at t.DefaultCompletionItemProvider.provideCompletionItemsInternal (/home/miura/.vscode-server/bin/6d9b74a70ca9c7733b29f0456fd8195364076dda/extensions/emmet/dist/node/emmetNodeMain.js:1:187346)
	at t.DefaultCompletionItemProvider.provideCompletionItems (/home/miura/.vscode-server/bin/6d9b74a70ca9c7733b29f0456fd8195364076dda/extensions/emmet/dist/node/emmetNodeMain.js:1:185653)
	at te.provideCompletionItems (/home/miura/.vscode-server/bin/6d9b74a70ca9c7733b29f0456fd8195364076dda/out/vs/workbench/api/node/extensionHostProcess.js:87:51894)
	at /home/miura/.vscode-server/bin/6d9b74a70ca9c7733b29f0456fd8195364076dda/out/vs/workbench/api/node/extensionHostProcess.js:87:77036
	at Z._withAdapter (/home/miura/.vscode-server/bin/6d9b74a70ca9c7733b29f0456fd8195364076dda/out/vs/workbench/api/node/extensionHostProcess.js:87:67207)
	at Z.$provideCompletionItems (/home/miura/.vscode-server/bin/6d9b74a70ca9c7733b29f0456fd8195364076dda/out/vs/workbench/api/node/extensionHostProcess.js:87:77011)
	at o._doInvokeHandler (/home/miura/.vscode-server/bin/6d9b74a70ca9c7733b29f0456fd8195364076dda/out/vs/workbench/api/node/extensionHostProcess.js:95:13691)
	at o._invokeHandler (/home/miura/.vscode-server/bin/6d9b74a70ca9c7733b29f0456fd8195364076dda/out/vs/workbench/api/node/extensionHostProcess.js:95:13373)
	at o._receiveRequest (/home/miura/.vscode-server/bin/6d9b74a70ca9c7733b29f0456fd8195364076dda/out/vs/workbench/api/node/extensionHostProcess.js:95:12092)
	at o._receiveOneMessage (/home/miura/.vscode-server/bin/6d9b74a70ca9c7733b29f0456fd8195364076dda/out/vs/workbench/api/node/extensionHostProcess.js:95:10845)
	at /home/miura/.vscode-server/bin/6d9b74a70ca9c7733b29f0456fd8195364076dda/out/vs/workbench/api/node/extensionHostProcess.js:95:8952
	at b.invoke (/home/miura/.vscode-server/bin/6d9b74a70ca9c7733b29f0456fd8195364076dda/out/vs/workbench/api/node/extensionHostProcess.js:61:145)
	at w.deliver (/home/miura/.vscode-server/bin/6d9b74a70ca9c7733b29f0456fd8195364076dda/out/vs/workbench/api/node/extensionHostProcess.js:61:2266)
	at p.fire (/home/miura/.vscode-server/bin/6d9b74a70ca9c7733b29f0456fd8195364076dda/out/vs/workbench/api/node/extensionHostProcess.js:61:1844)
	at c.fire (/home/miura/.vscode-server/bin/6d9b74a70ca9c7733b29f0456fd8195364076dda/out/vs/workbench/api/node/extensionHostProcess.js:69:19006)
	at /home/miura/.vscode-server/bin/6d9b74a70ca9c7733b29f0456fd8195364076dda/out/vs/workbench/api/node/extensionHostProcess.js:111:17079
	at b.invoke (/home/miura/.vscode-server/bin/6d9b74a70ca9c7733b29f0456fd8195364076dda/out/vs/workbench/api/node/extensionHostProcess.js:61:145)
	at w.deliver (/home/miura/.vscode-server/bin/6d9b74a70ca9c7733b29f0456fd8195364076dda/out/vs/workbench/api/node/extensionHostProcess.js:61:2266)
	at p.fire (/home/miura/.vscode-server/bin/6d9b74a70ca9c7733b29f0456fd8195364076dda/out/vs/workbench/api/node/extensionHostProcess.js:61:1844)
	at c.fire (/home/miura/.vscode-server/bin/6d9b74a70ca9c7733b29f0456fd8195364076dda/out/vs/workbench/api/node/extensionHostProcess.js:69:19006)
	at i._receiveMessage (/home/miura/.vscode-server/bin/6d9b74a70ca9c7733b29f0456fd8195364076dda/out/vs/workbench/api/node/extensionHostProcess.js:69:23593)
	at /home/miura/.vscode-server/bin/6d9b74a70ca9c7733b29f0456fd8195364076dda/out/vs/workbench/api/node/extensionHostProcess.js:69:21127
	at b.invoke (/home/miura/.vscode-server/bin/6d9b74a70ca9c7733b29f0456fd8195364076dda/out/vs/workbench/api/node/extensionHostProcess.js:61:145)
	at w.deliver (/home/miura/.vscode-server/bin/6d9b74a70ca9c7733b29f0456fd8195364076dda/out/vs/workbench/api/node/extensionHostProcess.js:61:2266)
	at p.fire (/home/miura/.vscode-server/bin/6d9b74a70ca9c7733b29f0456fd8195364076dda/out/vs/workbench/api/node/extensionHostProcess.js:61:1844)
	at p.acceptChunk (/home/miura/.vscode-server/bin/6d9b74a70ca9c7733b29f0456fd8195364076dda/out/vs/workbench/api/node/extensionHostProcess.js:69:15837)
	at /home/miura/.vscode-server/bin/6d9b74a70ca9c7733b29f0456fd8195364076dda/out/vs/workbench/api/node/extensionHostProcess.js:69:14967
	at b.invoke (/home/miura/.vscode-server/bin/6d9b74a70ca9c7733b29f0456fd8195364076dda/out/vs/workbench/api/node/extensionHostProcess.js:61:145)
	at w.deliver (/home/miura/.vscode-server/bin/6d9b74a70ca9c7733b29f0456fd8195364076dda/out/vs/workbench/api/node/extensionHostProcess.js:61:2266)
	at p.fire (/home/miura/.vscode-server/bin/6d9b74a70ca9c7733b29f0456fd8195364076dda/out/vs/workbench/api/node/extensionHostProcess.js:61:1844)
	at p._processReadQueue (/home/miura/.vscode-server/bin/6d9b74a70ca9c7733b29f0456fd8195364076dda/out/vs/workbench/api/node/extensionHostProcess.js:69:33785)
[2022-08-17 09:53:56.193] [exthost] [error] [vscode.emmet] provider FAILED
[2022-08-17 09:53:56.193] [exthost] [error] TypeError: Cannot read properties of undefined (reading 'find')
	at t.DefaultCompletionItemProvider.provideCompletionItemsInternal (/home/miura/.vscode-server/bin/6d9b74a70ca9c7733b29f0456fd8195364076dda/extensions/emmet/dist/node/emmetNodeMain.js:1:187296)
	at t.DefaultCompletionItemProvider.provideCompletionItems (/home/miura/.vscode-server/bin/6d9b74a70ca9c7733b29f0456fd8195364076dda/extensions/emmet/dist/node/emmetNodeMain.js:1:185653)
	at te.provideCompletionItems (/home/miura/.vscode-server/bin/6d9b74a70ca9c7733b29f0456fd8195364076dda/out/vs/workbench/api/node/extensionHostProcess.js:87:51894)
	at /home/miura/.vscode-server/bin/6d9b74a70ca9c7733b29f0456fd8195364076dda/out/vs/workbench/api/node/extensionHostProcess.js:87:77036
	at Z._withAdapter (/home/miura/.vscode-server/bin/6d9b74a70ca9c7733b29f0456fd8195364076dda/out/vs/workbench/api/node/extensionHostProcess.js:87:67207)
	at Z.$provideCompletionItems (/home/miura/.vscode-server/bin/6d9b74a70ca9c7733b29f0456fd8195364076dda/out/vs/workbench/api/node/extensionHostProcess.js:87:77011)
	at o._doInvokeHandler (/home/miura/.vscode-server/bin/6d9b74a70ca9c7733b29f0456fd8195364076dda/out/vs/workbench/api/node/extensionHostProcess.js:95:13691)
	at o._invokeHandler (/home/miura/.vscode-server/bin/6d9b74a70ca9c7733b29f0456fd8195364076dda/out/vs/workbench/api/node/extensionHostProcess.js:95:13373)
	at o._receiveRequest (/home/miura/.vscode-server/bin/6d9b74a70ca9c7733b29f0456fd8195364076dda/out/vs/workbench/api/node/extensionHostProcess.js:95:12092)
	at o._receiveOneMessage (/home/miura/.vscode-server/bin/6d9b74a70ca9c7733b29f0456fd8195364076dda/out/vs/workbench/api/node/extensionHostProcess.js:95:10845)
	at /home/miura/.vscode-server/bin/6d9b74a70ca9c7733b29f0456fd8195364076dda/out/vs/workbench/api/node/extensionHostProcess.js:95:8952
	at b.invoke (/home/miura/.vscode-server/bin/6d9b74a70ca9c7733b29f0456fd8195364076dda/out/vs/workbench/api/node/extensionHostProcess.js:61:145)
	at w.deliver (/home/miura/.vscode-server/bin/6d9b74a70ca9c7733b29f0456fd8195364076dda/out/vs/workbench/api/node/extensionHostProcess.js:61:2266)
	at p.fire (/home/miura/.vscode-server/bin/6d9b74a70ca9c7733b29f0456fd8195364076dda/out/vs/workbench/api/node/extensionHostProcess.js:61:1844)
	at c.fire (/home/miura/.vscode-server/bin/6d9b74a70ca9c7733b29f0456fd8195364076dda/out/vs/workbench/api/node/extensionHostProcess.js:69:19006)
	at /home/miura/.vscode-server/bin/6d9b74a70ca9c7733b29f0456fd8195364076dda/out/vs/workbench/api/node/extensionHostProcess.js:111:17079
	at b.invoke (/home/miura/.vscode-server/bin/6d9b74a70ca9c7733b29f0456fd8195364076dda/out/vs/workbench/api/node/extensionHostProcess.js:61:145)
	at w.deliver (/home/miura/.vscode-server/bin/6d9b74a70ca9c7733b29f0456fd8195364076dda/out/vs/workbench/api/node/extensionHostProcess.js:61:2266)
	at p.fire (/home/miura/.vscode-server/bin/6d9b74a70ca9c7733b29f0456fd8195364076dda/out/vs/workbench/api/node/extensionHostProcess.js:61:1844)
	at c.fire (/home/miura/.vscode-server/bin/6d9b74a70ca9c7733b29f0456fd8195364076dda/out/vs/workbench/api/node/extensionHostProcess.js:69:19006)
	at i._receiveMessage (/home/miura/.vscode-server/bin/6d9b74a70ca9c7733b29f0456fd8195364076dda/out/vs/workbench/api/node/extensionHostProcess.js:69:23593)
	at /home/miura/.vscode-server/bin/6d9b74a70ca9c7733b29f0456fd8195364076dda/out/vs/workbench/api/node/extensionHostProcess.js:69:21127
	at b.invoke (/home/miura/.vscode-server/bin/6d9b74a70ca9c7733b29f0456fd8195364076dda/out/vs/workbench/api/node/extensionHostProcess.js:61:145)
	at w.deliver (/home/miura/.vscode-server/bin/6d9b74a70ca9c7733b29f0456fd8195364076dda/out/vs/workbench/api/node/extensionHostProcess.js:61:2266)
	at p.fire (/home/miura/.vscode-server/bin/6d9b74a70ca9c7733b29f0456fd8195364076dda/out/vs/workbench/api/node/extensionHostProcess.js:61:1844)
	at p.acceptChunk (/home/miura/.vscode-server/bin/6d9b74a70ca9c7733b29f0456fd8195364076dda/out/vs/workbench/api/node/extensionHostProcess.js:69:15837)
	at /home/miura/.vscode-server/bin/6d9b74a70ca9c7733b29f0456fd8195364076dda/out/vs/workbench/api/node/extensionHostProcess.js:69:14967
	at b.invoke (/home/miura/.vscode-server/bin/6d9b74a70ca9c7733b29f0456fd8195364076dda/out/vs/workbench/api/node/extensionHostProcess.js:61:145)
	at w.deliver (/home/miura/.vscode-server/bin/6d9b74a70ca9c7733b29f0456fd8195364076dda/out/vs/workbench/api/node/extensionHostProcess.js:61:2266)
	at p.fire (/home/miura/.vscode-server/bin/6d9b74a70ca9c7733b29f0456fd8195364076dda/out/vs/workbench/api/node/extensionHostProcess.js:61:1844)
	at p._processReadQueue (/home/miura/.vscode-server/bin/6d9b74a70ca9c7733b29f0456fd8195364076dda/out/vs/workbench/api/node/extensionHostProcess.js:69:33785)
[2022-08-17 10:23:18.643] [exthost] [info] Extension host terminating: renderer disconnected for too long (2)
[2022-08-17 10:23:18.644] [exthost] [info] Lock '/home/miura/.vscode-server/data/User/workspaceStorage/79b5f0cc56094051dcea441296b611d0/vscode.lock': Marking the lockfile as scheduled to be released in 6000 ms.
[2022-08-17 10:23:18.677] [exthost] [info] Extension host with pid 28197 exiting with code 0
