[2022-08-26T07:25:44.113Z] ログ レベル: Info
[2022-08-26T07:25:44.118Z] [info] Git の検証が検出されました: git
[2022-08-26T07:25:44.145Z] [info] git から Git 2.34.1 を使用しています
[2022-08-26T07:25:44.180Z] > git rev-parse --show-toplevel [23ms]
[2022-08-26T07:25:44.187Z] > git rev-parse --git-dir --git-common-dir [1ms]
[2022-08-26T07:25:44.194Z] [info] Open repository: /home/miura
[2022-08-26T07:25:44.267Z] > git status -z -uall [67ms]
[2022-08-26T07:25:44.272Z] > git symbolic-ref --short HEAD [1ms]
[2022-08-26T07:25:44.276Z] > git for-each-ref --format=%(refname)%00%(upstream:short)%00%(objectname)%00%(upstream:track)%00%(upstream:remotename)%00%(upstream:remoteref) refs/heads/feature/locate-box refs/remotes/feature/locate-box [1ms]
[2022-08-26T07:25:44.284Z] > git for-each-ref --sort -committerdate --format %(refname) %(objectname) %(*objectname) [4ms]
[2022-08-26T07:25:44.285Z] > git remote --verbose [2ms]
[2022-08-26T07:25:44.398Z] > git config --get commit.template [1ms]
[2022-08-26T07:25:44.478Z] > git status -z -uall [74ms]
[2022-08-26T07:25:44.488Z] > git symbolic-ref --short HEAD [1ms]
[2022-08-26T07:25:44.493Z] > git for-each-ref --format=%(refname)%00%(upstream:short)%00%(objectname)%00%(upstream:track)%00%(upstream:remotename)%00%(upstream:remoteref) refs/heads/feature/locate-box refs/remotes/feature/locate-box [1ms]
[2022-08-26T07:25:44.501Z] > git for-each-ref --sort -committerdate --format %(refname) %(objectname) %(*objectname) [5ms]
[2022-08-26T07:25:44.501Z] > git remote --verbose [1ms]
[2022-08-26T07:25:44.511Z] > git config --get commit.template [1ms]
[2022-08-26T07:25:44.850Z] > git show --textconv :.gitignore [5ms]
[2022-08-26T07:25:44.855Z] > git ls-files --stage -- /home/miura/.gitignore [5ms]
[2022-08-26T07:25:44.860Z] > git cat-file -s 2eea525d885d5148108f6f3a9a8613863f783d36 [1ms]
[2022-08-26T07:25:44.960Z] > git check-ignore -v -z --stdin [18ms]
[2022-08-26T07:26:14.934Z] > git check-ignore -v -z --stdin [18ms]
[2022-08-26T07:26:15.357Z] > git status -z -uall [61ms]
[2022-08-26T07:26:15.362Z] > git symbolic-ref --short HEAD [1ms]
[2022-08-26T07:26:15.367Z] > git for-each-ref --format=%(refname)%00%(upstream:short)%00%(objectname)%00%(upstream:track)%00%(upstream:remotename)%00%(upstream:remoteref) refs/heads/feature/locate-box refs/remotes/feature/locate-box [1ms]
[2022-08-26T07:26:15.374Z] > git for-each-ref --sort -committerdate --format %(refname) %(objectname) %(*objectname) [3ms]
[2022-08-26T07:26:15.375Z] > git remote --verbose [1ms]
[2022-08-26T07:26:15.384Z] > git config --get commit.template [0ms]
[2022-08-26T07:26:23.862Z] > git status -z -uall [68ms]
[2022-08-26T07:26:23.867Z] > git symbolic-ref --short HEAD [1ms]
[2022-08-26T07:26:23.872Z] > git for-each-ref --format=%(refname)%00%(upstream:short)%00%(objectname)%00%(upstream:track)%00%(upstream:remotename)%00%(upstream:remoteref) refs/heads/feature/locate-box refs/remotes/feature/locate-box [1ms]
[2022-08-26T07:26:23.879Z] > git for-each-ref --sort -committerdate --format %(refname) %(objectname) %(*objectname) [4ms]
[2022-08-26T07:26:23.879Z] > git remote --verbose [1ms]
[2022-08-26T07:26:23.891Z] > git config --get commit.template [3ms]
[2022-08-26T07:26:24.060Z] > git ls-files --stage -- /home/miura/.gitignore [6ms]
[2022-08-26T07:26:24.064Z] > git cat-file -s 4cb512ec1f69ca61da8f4e280399077945848a06 [1ms]
[2022-08-26T07:26:24.115Z] > git show --textconv :.gitignore [5ms]
[2022-08-26T07:27:03.786Z] > git status -z -uall [62ms]
[2022-08-26T07:27:03.791Z] > git symbolic-ref --short HEAD [1ms]
[2022-08-26T07:27:03.795Z] > git for-each-ref --format=%(refname)%00%(upstream:short)%00%(objectname)%00%(upstream:track)%00%(upstream:remotename)%00%(upstream:remoteref) refs/heads/feature/locate-box refs/remotes/feature/locate-box [1ms]
[2022-08-26T07:27:03.802Z] > git for-each-ref --sort -committerdate --format %(refname) %(objectname) %(*objectname) [4ms]
[2022-08-26T07:27:03.802Z] > git remote --verbose [1ms]
[2022-08-26T07:27:03.810Z] > git config --get commit.template [1ms]
[2022-08-26T07:27:03.898Z] > git ls-files --stage -- /home/miura/.gitignore [5ms]
[2022-08-26T07:27:03.902Z] > git cat-file -s 4cb512ec1f69ca61da8f4e280399077945848a06 [1ms]
[2022-08-26T07:27:03.957Z] > git show --textconv :.gitignore [6ms]
[2022-08-26T07:27:19.249Z] > git status -z -uall [61ms]
[2022-08-26T07:27:19.254Z] > git symbolic-ref --short HEAD [1ms]
[2022-08-26T07:27:19.258Z] > git for-each-ref --format=%(refname)%00%(upstream:short)%00%(objectname)%00%(upstream:track)%00%(upstream:remotename)%00%(upstream:remoteref) refs/heads/feature/locate-box refs/remotes/feature/locate-box [1ms]
[2022-08-26T07:27:19.265Z] > git for-each-ref --sort -committerdate --format %(refname) %(objectname) %(*objectname) [4ms]
[2022-08-26T07:27:19.265Z] > git remote --verbose [1ms]
[2022-08-26T07:27:19.270Z] > git config --get commit.template [1ms]
[2022-08-26T07:27:56.522Z] > git show --textconv :static/style.css [7ms]
[2022-08-26T07:27:56.524Z] > git ls-files --stage -- /home/miura/static/style.css [5ms]
[2022-08-26T07:27:56.528Z] > git cat-file -s d0c16c498a573fb60ee6985ae517efb318978ff7 [1ms]
[2022-08-26T07:27:57.686Z] > git show --textconv :templates/next-page.html [6ms]
[2022-08-26T07:27:57.690Z] > git ls-files --stage -- /home/miura/templates/next-page.html [5ms]
[2022-08-26T07:27:57.695Z] > git cat-file -s 742f706ae5e23f8ba5f2ba4b4e307df765d322cd [1ms]
[2022-08-26T07:27:58.454Z] > git check-ignore -v -z --stdin [5ms]
[2022-08-26T07:28:00.540Z] > git show --textconv :static/style.css [5ms]
[2022-08-26T07:28:00.543Z] > git ls-files --stage -- /home/miura/static/style.css [4ms]
[2022-08-26T07:28:00.548Z] > git cat-file -s d0c16c498a573fb60ee6985ae517efb318978ff7 [1ms]
[2022-08-26T07:28:01.912Z] > git show --textconv :.gitignore [5ms]
[2022-08-26T07:28:01.916Z] > git ls-files --stage -- /home/miura/.gitignore [5ms]
[2022-08-26T07:28:01.921Z] > git cat-file -s 4cb512ec1f69ca61da8f4e280399077945848a06 [1ms]
[2022-08-26T07:29:25.281Z] > git status -z -uall [62ms]
[2022-08-26T07:29:25.286Z] > git symbolic-ref --short HEAD [1ms]
[2022-08-26T07:29:25.291Z] > git for-each-ref --format=%(refname)%00%(upstream:short)%00%(objectname)%00%(upstream:track)%00%(upstream:remotename)%00%(upstream:remoteref) refs/heads/feature/locate-box refs/remotes/feature/locate-box [0ms]
[2022-08-26T07:29:25.298Z] > git for-each-ref --sort -committerdate --format %(refname) %(objectname) %(*objectname) [4ms]
[2022-08-26T07:29:25.298Z] > git remote --verbose [1ms]
[2022-08-26T07:29:25.304Z] > git config --get commit.template [1ms]
[2022-08-26T07:29:25.367Z] > git ls-files --stage -- /home/miura/.gitignore [5ms]
[2022-08-26T07:29:25.372Z] > git cat-file -s 4cb512ec1f69ca61da8f4e280399077945848a06 [0ms]
[2022-08-26T07:29:25.419Z] > git show --textconv :.gitignore [5ms]
[2022-08-26T07:29:48.297Z] > git show --textconv :.env [4ms]
[2022-08-26T07:29:48.302Z] > git ls-files --stage -- /home/miura/.env [5ms]
[2022-08-26T07:29:49.485Z] > git show --textconv :.gitignore [5ms]
[2022-08-26T07:29:49.489Z] > git ls-files --stage -- /home/miura/.gitignore [5ms]
[2022-08-26T07:29:49.494Z] > git cat-file -s 4cb512ec1f69ca61da8f4e280399077945848a06 [1ms]
[2022-08-26T07:29:53.387Z] > git check-ignore -v -z --stdin [18ms]
[2022-08-26T07:29:53.724Z] > git status -z -uall [61ms]
[2022-08-26T07:29:53.729Z] > git symbolic-ref --short HEAD [1ms]
[2022-08-26T07:29:53.734Z] > git for-each-ref --format=%(refname)%00%(upstream:short)%00%(objectname)%00%(upstream:track)%00%(upstream:remotename)%00%(upstream:remoteref) refs/heads/feature/locate-box refs/remotes/feature/locate-box [1ms]
[2022-08-26T07:29:53.741Z] > git for-each-ref --sort -committerdate --format %(refname) %(objectname) %(*objectname) [4ms]
[2022-08-26T07:29:53.741Z] > git remote --verbose [1ms]
[2022-08-26T07:29:53.747Z] > git config --get commit.template [2ms]
[2022-08-26T07:29:59.627Z] > git check-ignore -v -z --stdin [19ms]
[2022-08-26T07:29:59.862Z] > git status -z -uall [60ms]
[2022-08-26T07:29:59.868Z] > git symbolic-ref --short HEAD [2ms]
[2022-08-26T07:29:59.872Z] > git for-each-ref --format=%(refname)%00%(upstream:short)%00%(objectname)%00%(upstream:track)%00%(upstream:remotename)%00%(upstream:remoteref) refs/heads/feature/locate-box refs/remotes/feature/locate-box [1ms]
[2022-08-26T07:29:59.879Z] > git for-each-ref --sort -committerdate --format %(refname) %(objectname) %(*objectname) [4ms]
[2022-08-26T07:29:59.879Z] > git remote --verbose [1ms]
[2022-08-26T07:29:59.884Z] > git config --get commit.template [0ms]
[2022-08-26T07:30:01.928Z] > git check-ignore -v -z --stdin [18ms]
[2022-08-26T07:30:04.952Z] > git status -z -uall [62ms]
[2022-08-26T07:30:04.957Z] > git symbolic-ref --short HEAD [1ms]
[2022-08-26T07:30:04.962Z] > git for-each-ref --format=%(refname)%00%(upstream:short)%00%(objectname)%00%(upstream:track)%00%(upstream:remotename)%00%(upstream:remoteref) refs/heads/feature/locate-box refs/remotes/feature/locate-box [1ms]
[2022-08-26T07:30:04.969Z] > git for-each-ref --sort -committerdate --format %(refname) %(objectname) %(*objectname) [4ms]
[2022-08-26T07:30:04.969Z] > git remote --verbose [1ms]
[2022-08-26T07:30:04.974Z] > git config --get commit.template [0ms]
[2022-08-26T07:30:07.393Z] > git ls-files --stage -- /home/miura/.gitignore [6ms]
[2022-08-26T07:30:07.398Z] > git cat-file -s 4cb512ec1f69ca61da8f4e280399077945848a06 [1ms]
[2022-08-26T07:30:07.449Z] > git show --textconv :.gitignore [5ms]
[2022-08-26T07:30:10.042Z] > git status -z -uall [62ms]
[2022-08-26T07:30:10.047Z] > git symbolic-ref --short HEAD [1ms]
[2022-08-26T07:30:10.052Z] > git for-each-ref --format=%(refname)%00%(upstream:short)%00%(objectname)%00%(upstream:track)%00%(upstream:remotename)%00%(upstream:remoteref) refs/heads/feature/locate-box refs/remotes/feature/locate-box [1ms]
[2022-08-26T07:30:10.059Z] > git for-each-ref --sort -committerdate --format %(refname) %(objectname) %(*objectname) [4ms]
[2022-08-26T07:30:10.059Z] > git remote --verbose [1ms]
[2022-08-26T07:30:10.064Z] > git config --get commit.template [1ms]
[2022-08-26T07:30:14.712Z] > git ls-files --stage -- /home/miura/.gitignore [6ms]
[2022-08-26T07:30:14.717Z] > git cat-file -s 4cb512ec1f69ca61da8f4e280399077945848a06 [1ms]
[2022-08-26T07:30:14.769Z] > git show --textconv :.gitignore [5ms]
[2022-08-26T07:30:15.132Z] > git status -z -uall [62ms]
[2022-08-26T07:30:15.138Z] > git symbolic-ref --short HEAD [1ms]
[2022-08-26T07:30:15.142Z] > git for-each-ref --format=%(refname)%00%(upstream:short)%00%(objectname)%00%(upstream:track)%00%(upstream:remotename)%00%(upstream:remoteref) refs/heads/feature/locate-box refs/remotes/feature/locate-box [1ms]
[2022-08-26T07:30:15.150Z] > git for-each-ref --sort -committerdate --format %(refname) %(objectname) %(*objectname) [5ms]
[2022-08-26T07:30:15.154Z] > git remote --verbose [6ms]
[2022-08-26T07:30:15.159Z] > git config --get commit.template [0ms]
[2022-08-26T07:30:16.705Z] > git ls-files --stage -- /home/miura/.gitignore [5ms]
[2022-08-26T07:30:16.710Z] > git cat-file -s 4cb512ec1f69ca61da8f4e280399077945848a06 [1ms]
[2022-08-26T07:30:16.817Z] > git show --textconv :.gitignore [5ms]
[2022-08-26T07:30:20.228Z] > git status -z -uall [63ms]
[2022-08-26T07:30:20.233Z] > git symbolic-ref --short HEAD [1ms]
[2022-08-26T07:30:20.238Z] > git for-each-ref --format=%(refname)%00%(upstream:short)%00%(objectname)%00%(upstream:track)%00%(upstream:remotename)%00%(upstream:remoteref) refs/heads/feature/locate-box refs/remotes/feature/locate-box [1ms]
[2022-08-26T07:30:20.247Z] > git for-each-ref --sort -committerdate --format %(refname) %(objectname) %(*objectname) [6ms]
[2022-08-26T07:30:20.247Z] > git remote --verbose [1ms]
[2022-08-26T07:30:20.252Z] > git config --get commit.template [1ms]
