[2022-08-22T01:06:44.320Z] ログ レベル: Info
[2022-08-22T01:06:44.326Z] [info] Git の検証が検出されました: git
[2022-08-22T01:06:44.351Z] [info] git から Git 2.34.1 を使用しています
[2022-08-22T01:06:44.388Z] > git rev-parse --show-toplevel [24ms]
[2022-08-22T01:06:44.388Z] fatal: not a git repository (or any of the parent directories): .git
[2022-08-22T01:06:44.401Z] > git rev-parse --show-toplevel [5ms]
[2022-08-22T01:06:44.401Z] fatal: not a git repository (or any of the parent directories): .git
[2022-08-22T01:06:44.408Z] > git rev-parse --show-toplevel [1ms]
[2022-08-22T01:06:44.408Z] fatal: not a git repository (or any of the parent directories): .git
[2022-08-22T01:06:44.414Z] > git rev-parse --show-toplevel [2ms]
[2022-08-22T01:06:44.414Z] fatal: not a git repository (or any of the parent directories): .git
[2022-08-22T01:06:44.419Z] > git rev-parse --show-toplevel [1ms]
[2022-08-22T01:06:44.419Z] fatal: not a git repository (or any of the parent directories): .git
[2022-08-22T01:06:44.424Z] > git rev-parse --show-toplevel [1ms]
[2022-08-22T01:06:44.424Z] fatal: not a git repository (or any of the parent directories): .git
[2022-08-22T01:06:44.429Z] > git rev-parse --show-toplevel [1ms]
[2022-08-22T01:06:44.429Z] fatal: not a git repository (or any of the parent directories): .git
[2022-08-22T01:06:44.434Z] > git rev-parse --show-toplevel [2ms]
[2022-08-22T01:06:44.434Z] fatal: not a git repository (or any of the parent directories): .git
[2022-08-22T01:06:44.440Z] > git rev-parse --show-toplevel [2ms]
[2022-08-22T01:06:44.440Z] fatal: not a git repository (or any of the parent directories): .git
[2022-08-22T01:06:44.446Z] > git rev-parse --show-toplevel [2ms]
[2022-08-22T01:06:44.446Z] fatal: not a git repository (or any of the parent directories): .git
[2022-08-22T01:06:45.682Z] > git rev-parse --show-toplevel [1ms]
[2022-08-22T01:06:45.682Z] fatal: not a git repository (or any of the parent directories): .git
[2022-08-22T01:06:45.778Z] > git rev-parse --show-toplevel [1ms]
[2022-08-22T01:06:45.778Z] fatal: not a git repository (or any of the parent directories): .git
[2022-08-22T01:06:45.804Z] > git rev-parse --show-toplevel [0ms]
[2022-08-22T01:06:45.804Z] fatal: not a git repository (or any of the parent directories): .git
[2022-08-22T01:06:49.808Z] > git rev-parse --show-toplevel [1ms]
[2022-08-22T01:06:49.808Z] fatal: not a git repository (or any of the parent directories): .git
[2022-08-22T01:26:11.079Z] > git rev-parse --show-toplevel [2ms]
[2022-08-22T01:26:11.079Z] fatal: not a git repository (or any of the parent directories): .git
