[2022-08-19T03:43:37.398Z] ログ レベル: Info
[2022-08-19T03:43:37.403Z] [info] Git の検証が検出されました: git
[2022-08-19T03:43:37.429Z] [info] git から Git 2.34.1 を使用しています
[2022-08-19T03:43:37.471Z] > git rev-parse --show-toplevel [31ms]
[2022-08-19T03:43:37.471Z] fatal: not a git repository (or any of the parent directories): .git
[2022-08-19T03:43:37.481Z] > git rev-parse --show-toplevel [2ms]
[2022-08-19T03:43:37.481Z] fatal: not a git repository (or any of the parent directories): .git
[2022-08-19T03:43:37.486Z] > git rev-parse --show-toplevel [1ms]
[2022-08-19T03:43:37.486Z] fatal: not a git repository (or any of the parent directories): .git
[2022-08-19T03:43:37.493Z] > git rev-parse --show-toplevel [3ms]
[2022-08-19T03:43:37.493Z] fatal: not a git repository (or any of the parent directories): .git
[2022-08-19T03:43:37.497Z] > git rev-parse --show-toplevel [1ms]
[2022-08-19T03:43:37.497Z] fatal: not a git repository (or any of the parent directories): .git
[2022-08-19T03:43:37.501Z] > git rev-parse --show-toplevel [0ms]
[2022-08-19T03:43:37.501Z] fatal: not a git repository (or any of the parent directories): .git
[2022-08-19T03:43:37.507Z] > git rev-parse --show-toplevel [2ms]
[2022-08-19T03:43:37.507Z] fatal: not a git repository (or any of the parent directories): .git
[2022-08-19T03:43:37.511Z] > git rev-parse --show-toplevel [1ms]
[2022-08-19T03:43:37.511Z] fatal: not a git repository (or any of the parent directories): .git
[2022-08-19T03:43:37.515Z] > git rev-parse --show-toplevel [1ms]
[2022-08-19T03:43:37.515Z] fatal: not a git repository (or any of the parent directories): .git
[2022-08-19T03:43:37.520Z] > git rev-parse --show-toplevel [1ms]
[2022-08-19T03:43:37.520Z] fatal: not a git repository (or any of the parent directories): .git
[2022-08-19T03:43:39.131Z] > git rev-parse --show-toplevel [0ms]
[2022-08-19T03:43:39.131Z] fatal: not a git repository (or any of the parent directories): .git
[2022-08-19T03:43:39.201Z] > git rev-parse --show-toplevel [1ms]
[2022-08-19T03:43:39.201Z] fatal: not a git repository (or any of the parent directories): .git
[2022-08-19T03:43:39.211Z] > git rev-parse --show-toplevel [2ms]
[2022-08-19T03:43:39.211Z] fatal: not a git repository (or any of the parent directories): .git
[2022-08-19T03:48:50.202Z] > git rev-parse --show-toplevel [1ms]
[2022-08-19T03:48:50.202Z] fatal: not a git repository (or any of the parent directories): .git
[2022-08-19T03:50:28.240Z] > git rev-parse --show-toplevel [1ms]
[2022-08-19T03:50:28.240Z] fatal: not a git repository (or any of the parent directories): .git
[2022-08-19T03:50:35.203Z] > git rev-parse --show-toplevel [1ms]
[2022-08-19T03:50:35.203Z] fatal: not a git repository (or any of the parent directories): .git
[2022-08-19T03:50:40.215Z] > git rev-parse --show-toplevel [2ms]
[2022-08-19T03:50:40.215Z] fatal: not a git repository (or any of the parent directories): .git
[2022-08-19T04:01:26.055Z] > git rev-parse --show-toplevel [2ms]
[2022-08-19T04:01:26.055Z] fatal: not a git repository (or any of the parent directories): .git
[2022-08-19T04:01:26.940Z] > git rev-parse --show-toplevel [2ms]
[2022-08-19T04:01:26.940Z] fatal: not a git repository (or any of the parent directories): .git
[2022-08-19T04:01:32.713Z] > git rev-parse --show-toplevel [2ms]
[2022-08-19T04:01:32.713Z] fatal: not a git repository (or any of the parent directories): .git
[2022-08-19T04:01:38.993Z] > git rev-parse --show-toplevel [2ms]
[2022-08-19T04:01:38.993Z] fatal: not a git repository (or any of the parent directories): .git
[2022-08-19T04:06:44.407Z] > git rev-parse --show-toplevel [4ms]
[2022-08-19T04:06:44.407Z] fatal: not a git repository (or any of the parent directories): .git
[2022-08-19T04:07:44.611Z] > git rev-parse --show-toplevel [1ms]
[2022-08-19T04:07:44.611Z] fatal: not a git repository (or any of the parent directories): .git
[2022-08-19T04:28:33.978Z] > git rev-parse --show-toplevel [2ms]
[2022-08-19T04:28:33.978Z] fatal: not a git repository (or any of the parent directories): .git
[2022-08-19T04:28:40.124Z] > git rev-parse --show-toplevel [2ms]
[2022-08-19T04:28:40.124Z] fatal: not a git repository (or any of the parent directories): .git
[2022-08-19T04:28:49.560Z] > git rev-parse --show-toplevel [1ms]
[2022-08-19T04:28:49.560Z] fatal: not a git repository (or any of the parent directories): .git
[2022-08-19T04:29:13.179Z] > git rev-parse --show-toplevel [1ms]
[2022-08-19T04:29:13.179Z] fatal: not a git repository (or any of the parent directories): .git
[2022-08-19T04:29:19.224Z] > git rev-parse --show-toplevel [3ms]
[2022-08-19T04:29:19.224Z] fatal: not a git repository (or any of the parent directories): .git
[2022-08-19T04:36:43.281Z] > git rev-parse --show-toplevel [2ms]
[2022-08-19T04:36:43.281Z] fatal: not a git repository (or any of the parent directories): .git
[2022-08-19T04:51:10.445Z] > git rev-parse --show-toplevel [1ms]
[2022-08-19T04:51:10.445Z] fatal: not a git repository (or any of the parent directories): .git
[2022-08-19T04:52:14.718Z] > git rev-parse --show-toplevel [1ms]
[2022-08-19T04:52:14.718Z] fatal: not a git repository (or any of the parent directories): .git
[2022-08-19T04:55:31.261Z] > git rev-parse --show-toplevel [2ms]
[2022-08-19T04:55:31.261Z] fatal: not a git repository (or any of the parent directories): .git
[2022-08-19T04:55:34.504Z] > git rev-parse --show-toplevel [5ms]
[2022-08-19T04:55:34.504Z] fatal: not a git repository (or any of the parent directories): .git
[2022-08-19T05:03:31.226Z] > git rev-parse --show-toplevel [2ms]
[2022-08-19T05:03:31.227Z] fatal: not a git repository (or any of the parent directories): .git
[2022-08-19T05:06:41.132Z] > git rev-parse --show-toplevel [3ms]
[2022-08-19T05:06:41.132Z] fatal: not a git repository (or any of the parent directories): .git
[2022-08-19T05:07:52.988Z] > git rev-parse --show-toplevel [3ms]
[2022-08-19T05:07:52.988Z] fatal: not a git repository (or any of the parent directories): .git
[2022-08-19T05:09:09.859Z] > git rev-parse --show-toplevel [2ms]
[2022-08-19T05:09:09.859Z] fatal: not a git repository (or any of the parent directories): .git
[2022-08-19T05:11:07.913Z] > git rev-parse --show-toplevel [2ms]
[2022-08-19T05:11:07.913Z] fatal: not a git repository (or any of the parent directories): .git
[2022-08-19T05:12:18.525Z] > git rev-parse --show-toplevel [1ms]
[2022-08-19T05:12:18.525Z] fatal: not a git repository (or any of the parent directories): .git
[2022-08-19T05:20:35.393Z] > git rev-parse --show-toplevel [1ms]
[2022-08-19T05:20:35.393Z] fatal: not a git repository (or any of the parent directories): .git
[2022-08-19T05:21:30.338Z] > git rev-parse --show-toplevel [3ms]
[2022-08-19T05:21:30.338Z] fatal: not a git repository (or any of the parent directories): .git
[2022-08-19T05:21:30.344Z] > git rev-parse --show-toplevel [0ms]
[2022-08-19T05:21:30.344Z] fatal: not a git repository (or any of the parent directories): .git
[2022-08-19T05:22:39.538Z] > git rev-parse --show-toplevel [1ms]
[2022-08-19T05:22:39.538Z] fatal: not a git repository (or any of the parent directories): .git
[2022-08-19T05:23:06.359Z] > git rev-parse --show-toplevel [2ms]
[2022-08-19T05:23:06.359Z] fatal: not a git repository (or any of the parent directories): .git
[2022-08-19T05:24:02.877Z] > git rev-parse --show-toplevel [2ms]
[2022-08-19T05:24:02.877Z] fatal: not a git repository (or any of the parent directories): .git
[2022-08-19T05:24:55.433Z] > git rev-parse --show-toplevel [1ms]
[2022-08-19T05:24:55.433Z] fatal: not a git repository (or any of the parent directories): .git
[2022-08-19T05:25:18.919Z] > git rev-parse --show-toplevel [4ms]
[2022-08-19T05:25:18.919Z] fatal: not a git repository (or any of the parent directories): .git
[2022-08-19T05:26:26.546Z] > git rev-parse --show-toplevel [3ms]
[2022-08-19T05:26:26.546Z] fatal: not a git repository (or any of the parent directories): .git
[2022-08-19T05:31:41.896Z] > git rev-parse --show-toplevel [2ms]
[2022-08-19T05:31:41.896Z] fatal: not a git repository (or any of the parent directories): .git
[2022-08-19T05:31:43.691Z] > git rev-parse --show-toplevel [1ms]
[2022-08-19T05:31:43.691Z] fatal: not a git repository (or any of the parent directories): .git
[2022-08-19T05:32:58.450Z] > git rev-parse --show-toplevel [3ms]
[2022-08-19T05:32:58.450Z] fatal: not a git repository (or any of the parent directories): .git
[2022-08-19T05:33:08.107Z] > git rev-parse --show-toplevel [3ms]
[2022-08-19T05:33:08.107Z] fatal: not a git repository (or any of the parent directories): .git
[2022-08-19T05:33:11.449Z] > git rev-parse --show-toplevel [1ms]
[2022-08-19T05:33:11.449Z] fatal: not a git repository (or any of the parent directories): .git
[2022-08-19T05:36:34.272Z] > git rev-parse --show-toplevel [2ms]
[2022-08-19T05:36:34.272Z] fatal: not a git repository (or any of the parent directories): .git
[2022-08-19T05:36:36.432Z] > git rev-parse --show-toplevel [1ms]
[2022-08-19T05:36:36.432Z] fatal: not a git repository (or any of the parent directories): .git
[2022-08-19T05:42:52.754Z] > git rev-parse --show-toplevel [3ms]
[2022-08-19T05:42:52.754Z] fatal: not a git repository (or any of the parent directories): .git
[2022-08-19T05:48:05.241Z] > git rev-parse --show-toplevel [2ms]
[2022-08-19T05:48:05.241Z] fatal: not a git repository (or any of the parent directories): .git
[2022-08-19T05:58:54.354Z] > git rev-parse --show-toplevel [6ms]
[2022-08-19T05:58:54.354Z] fatal: not a git repository (or any of the parent directories): .git
[2022-08-19T05:59:01.773Z] > git rev-parse --show-toplevel [1ms]
[2022-08-19T05:59:01.773Z] fatal: not a git repository (or any of the parent directories): .git
[2022-08-19T05:59:02.438Z] > git rev-parse --show-toplevel [1ms]
[2022-08-19T05:59:02.438Z] fatal: not a git repository (or any of the parent directories): .git
[2022-08-19T06:01:14.421Z] > git rev-parse --show-toplevel [4ms]
[2022-08-19T06:01:14.421Z] fatal: not a git repository (or any of the parent directories): .git
[2022-08-19T06:20:27.239Z] > git rev-parse --show-toplevel [2ms]
[2022-08-19T06:20:27.239Z] fatal: not a git repository (or any of the parent directories): .git
[2022-08-19T06:21:25.442Z] > git rev-parse --show-toplevel [1ms]
[2022-08-19T06:21:25.443Z] fatal: not a git repository (or any of the parent directories): .git
[2022-08-19T06:24:35.639Z] > git rev-parse --show-toplevel [1ms]
[2022-08-19T06:24:35.639Z] fatal: not a git repository (or any of the parent directories): .git
[2022-08-19T06:27:26.406Z] > git rev-parse --show-toplevel [2ms]
[2022-08-19T06:27:26.406Z] fatal: not a git repository (or any of the parent directories): .git
[2022-08-19T06:33:32.431Z] > git rev-parse --show-toplevel [4ms]
[2022-08-19T06:33:32.431Z] fatal: not a git repository (or any of the parent directories): .git
[2022-08-19T06:52:53.794Z] > git rev-parse --show-toplevel [1ms]
[2022-08-19T06:52:53.794Z] fatal: not a git repository (or any of the parent directories): .git
[2022-08-19T06:53:22.838Z] > git rev-parse --show-toplevel [1ms]
[2022-08-19T06:53:22.838Z] fatal: not a git repository (or any of the parent directories): .git
[2022-08-19T06:53:44.107Z] > git rev-parse --show-toplevel [1ms]
[2022-08-19T06:53:44.107Z] fatal: not a git repository (or any of the parent directories): .git
[2022-08-19T06:54:15.224Z] > git rev-parse --show-toplevel [1ms]
[2022-08-19T06:54:15.224Z] fatal: not a git repository (or any of the parent directories): .git
[2022-08-19T06:54:47.534Z] > git rev-parse --show-toplevel [2ms]
[2022-08-19T06:54:47.534Z] fatal: not a git repository (or any of the parent directories): .git
[2022-08-19T06:55:17.497Z] > git rev-parse --show-toplevel [1ms]
[2022-08-19T06:55:17.497Z] fatal: not a git repository (or any of the parent directories): .git
[2022-08-19T06:56:42.522Z] > git rev-parse --show-toplevel [1ms]
[2022-08-19T06:56:42.522Z] fatal: not a git repository (or any of the parent directories): .git
[2022-08-19T06:58:13.593Z] > git rev-parse --show-toplevel [0ms]
[2022-08-19T06:58:13.593Z] fatal: not a git repository (or any of the parent directories): .git
[2022-08-19T06:58:29.136Z] > git rev-parse --show-toplevel [2ms]
[2022-08-19T06:58:29.136Z] fatal: not a git repository (or any of the parent directories): .git
[2022-08-19T06:59:07.075Z] > git rev-parse --show-toplevel [2ms]
[2022-08-19T06:59:07.075Z] fatal: not a git repository (or any of the parent directories): .git
[2022-08-19T06:59:45.323Z] > git rev-parse --show-toplevel [2ms]
[2022-08-19T06:59:45.323Z] fatal: not a git repository (or any of the parent directories): .git
[2022-08-19T07:05:57.853Z] > git rev-parse --show-toplevel [2ms]
[2022-08-19T07:05:57.853Z] fatal: not a git repository (or any of the parent directories): .git
[2022-08-19T07:06:33.480Z] > git rev-parse --show-toplevel [2ms]
[2022-08-19T07:06:33.480Z] fatal: not a git repository (or any of the parent directories): .git
[2022-08-19T07:06:59.387Z] > git rev-parse --show-toplevel [2ms]
[2022-08-19T07:06:59.387Z] fatal: not a git repository (or any of the parent directories): .git
[2022-08-19T07:07:11.579Z] > git rev-parse --show-toplevel [1ms]
[2022-08-19T07:07:11.579Z] fatal: not a git repository (or any of the parent directories): .git
[2022-08-19T07:07:20.220Z] > git rev-parse --show-toplevel [1ms]
[2022-08-19T07:07:20.220Z] fatal: not a git repository (or any of the parent directories): .git
[2022-08-19T07:07:32.557Z] > git rev-parse --show-toplevel [1ms]
[2022-08-19T07:07:32.557Z] fatal: not a git repository (or any of the parent directories): .git
[2022-08-19T07:08:27.267Z] > git rev-parse --show-toplevel [1ms]
[2022-08-19T07:08:27.267Z] fatal: not a git repository (or any of the parent directories): .git
[2022-08-19T07:08:31.285Z] > git rev-parse --show-toplevel [2ms]
[2022-08-19T07:08:31.285Z] fatal: not a git repository (or any of the parent directories): .git
[2022-08-19T07:08:33.972Z] > git rev-parse --show-toplevel [2ms]
[2022-08-19T07:08:33.972Z] fatal: not a git repository (or any of the parent directories): .git
[2022-08-19T07:08:35.588Z] > git rev-parse --show-toplevel [1ms]
[2022-08-19T07:08:35.588Z] fatal: not a git repository (or any of the parent directories): .git
[2022-08-19T07:08:44.083Z] > git rev-parse --show-toplevel [1ms]
[2022-08-19T07:08:44.083Z] fatal: not a git repository (or any of the parent directories): .git
[2022-08-19T07:08:52.699Z] > git rev-parse --show-toplevel [1ms]
[2022-08-19T07:08:52.699Z] fatal: not a git repository (or any of the parent directories): .git
[2022-08-19T07:09:28.175Z] > git rev-parse --show-toplevel [1ms]
[2022-08-19T07:09:28.175Z] fatal: not a git repository (or any of the parent directories): .git
[2022-08-19T07:09:55.925Z] > git rev-parse --show-toplevel [1ms]
[2022-08-19T07:09:55.925Z] fatal: not a git repository (or any of the parent directories): .git
[2022-08-19T07:10:08.812Z] > git rev-parse --show-toplevel [3ms]
[2022-08-19T07:10:08.812Z] fatal: not a git repository (or any of the parent directories): .git
[2022-08-19T07:10:17.630Z] > git rev-parse --show-toplevel [1ms]
[2022-08-19T07:10:17.630Z] fatal: not a git repository (or any of the parent directories): .git
[2022-08-19T07:10:21.562Z] > git rev-parse --show-toplevel [2ms]
[2022-08-19T07:10:21.562Z] fatal: not a git repository (or any of the parent directories): .git
[2022-08-19T07:10:45.696Z] > git rev-parse --show-toplevel [2ms]
[2022-08-19T07:10:45.696Z] fatal: not a git repository (or any of the parent directories): .git
[2022-08-19T07:12:22.151Z] > git rev-parse --show-toplevel [1ms]
[2022-08-19T07:12:22.151Z] fatal: not a git repository (or any of the parent directories): .git
[2022-08-19T07:12:25.840Z] > git rev-parse --show-toplevel [2ms]
[2022-08-19T07:12:25.840Z] fatal: not a git repository (or any of the parent directories): .git
[2022-08-19T07:13:02.371Z] > git rev-parse --show-toplevel [1ms]
[2022-08-19T07:13:02.371Z] fatal: not a git repository (or any of the parent directories): .git
[2022-08-19T07:14:39.170Z] > git rev-parse --show-toplevel [1ms]
[2022-08-19T07:14:39.170Z] fatal: not a git repository (or any of the parent directories): .git
[2022-08-19T07:14:50.312Z] > git rev-parse --show-toplevel [1ms]
[2022-08-19T07:14:50.312Z] fatal: not a git repository (or any of the parent directories): .git
[2022-08-19T07:15:52.286Z] > git rev-parse --show-toplevel [1ms]
[2022-08-19T07:15:52.286Z] fatal: not a git repository (or any of the parent directories): .git
[2022-08-19T07:16:24.214Z] > git rev-parse --show-toplevel [1ms]
[2022-08-19T07:16:24.214Z] fatal: not a git repository (or any of the parent directories): .git
[2022-08-19T07:18:57.522Z] > git rev-parse --show-toplevel [2ms]
[2022-08-19T07:18:57.522Z] fatal: not a git repository (or any of the parent directories): .git
[2022-08-19T07:19:34.505Z] > git rev-parse --show-toplevel [4ms]
[2022-08-19T07:19:34.505Z] fatal: not a git repository (or any of the parent directories): .git
[2022-08-19T07:20:59.295Z] > git rev-parse --show-toplevel [2ms]
[2022-08-19T07:20:59.295Z] fatal: not a git repository (or any of the parent directories): .git
[2022-08-19T07:21:06.547Z] > git rev-parse --show-toplevel [1ms]
[2022-08-19T07:21:06.547Z] fatal: not a git repository (or any of the parent directories): .git
[2022-08-19T07:21:35.117Z] > git rev-parse --show-toplevel [3ms]
[2022-08-19T07:21:35.117Z] fatal: not a git repository (or any of the parent directories): .git
[2022-08-19T07:23:23.324Z] > git rev-parse --show-toplevel [1ms]
[2022-08-19T07:23:23.324Z] fatal: not a git repository (or any of the parent directories): .git
[2022-08-19T07:23:53.257Z] > git rev-parse --show-toplevel [3ms]
[2022-08-19T07:23:53.257Z] fatal: not a git repository (or any of the parent directories): .git
[2022-08-19T07:24:00.154Z] > git rev-parse --show-toplevel [1ms]
[2022-08-19T07:24:00.154Z] fatal: not a git repository (or any of the parent directories): .git
[2022-08-19T07:24:07.032Z] > git rev-parse --show-toplevel [2ms]
[2022-08-19T07:24:07.032Z] fatal: not a git repository (or any of the parent directories): .git
[2022-08-19T07:24:35.034Z] > git rev-parse --show-toplevel [1ms]
[2022-08-19T07:24:35.034Z] fatal: not a git repository (or any of the parent directories): .git
[2022-08-19T07:24:42.035Z] > git rev-parse --show-toplevel [0ms]
[2022-08-19T07:24:42.035Z] fatal: not a git repository (or any of the parent directories): .git
[2022-08-19T07:24:46.180Z] > git rev-parse --show-toplevel [3ms]
[2022-08-19T07:24:46.180Z] fatal: not a git repository (or any of the parent directories): .git
[2022-08-19T07:25:49.096Z] > git rev-parse --show-toplevel [2ms]
[2022-08-19T07:25:49.096Z] fatal: not a git repository (or any of the parent directories): .git
[2022-08-19T07:26:05.672Z] > git rev-parse --show-toplevel [1ms]
[2022-08-19T07:26:05.672Z] fatal: not a git repository (or any of the parent directories): .git
[2022-08-19T07:27:17.464Z] > git rev-parse --show-toplevel [2ms]
[2022-08-19T07:27:17.464Z] fatal: not a git repository (or any of the parent directories): .git
[2022-08-19T07:27:20.330Z] > git rev-parse --show-toplevel [1ms]
[2022-08-19T07:27:20.330Z] fatal: not a git repository (or any of the parent directories): .git
[2022-08-19T07:27:26.242Z] > git rev-parse --show-toplevel [2ms]
[2022-08-19T07:27:26.243Z] fatal: not a git repository (or any of the parent directories): .git
[2022-08-19T07:28:42.128Z] > git rev-parse --show-toplevel [0ms]
[2022-08-19T07:28:42.128Z] fatal: not a git repository (or any of the parent directories): .git
[2022-08-19T07:28:43.697Z] > git rev-parse --show-toplevel [1ms]
[2022-08-19T07:28:43.697Z] fatal: not a git repository (or any of the parent directories): .git
[2022-08-19T07:28:48.847Z] > git rev-parse --show-toplevel [1ms]
[2022-08-19T07:28:48.847Z] fatal: not a git repository (or any of the parent directories): .git
[2022-08-19T07:29:10.471Z] > git rev-parse --show-toplevel [2ms]
[2022-08-19T07:29:10.471Z] fatal: not a git repository (or any of the parent directories): .git
[2022-08-19T07:29:31.710Z] > git rev-parse --show-toplevel [1ms]
[2022-08-19T07:29:31.710Z] fatal: not a git repository (or any of the parent directories): .git
[2022-08-19T07:30:02.232Z] > git rev-parse --show-toplevel [1ms]
[2022-08-19T07:30:02.232Z] fatal: not a git repository (or any of the parent directories): .git
[2022-08-19T07:31:35.202Z] > git rev-parse --show-toplevel [1ms]
[2022-08-19T07:31:35.202Z] fatal: not a git repository (or any of the parent directories): .git
[2022-08-19T07:31:38.725Z] > git rev-parse --show-toplevel [1ms]
[2022-08-19T07:31:38.725Z] fatal: not a git repository (or any of the parent directories): .git
[2022-08-19T07:37:15.209Z] > git rev-parse --show-toplevel [1ms]
[2022-08-19T07:37:15.209Z] fatal: not a git repository (or any of the parent directories): .git
[2022-08-19T07:37:17.180Z] > git rev-parse --show-toplevel [1ms]
[2022-08-19T07:37:17.180Z] fatal: not a git repository (or any of the parent directories): .git
[2022-08-19T07:37:25.728Z] > git rev-parse --show-toplevel [1ms]
[2022-08-19T07:37:25.728Z] fatal: not a git repository (or any of the parent directories): .git
[2022-08-19T07:37:42.275Z] > git rev-parse --show-toplevel [1ms]
[2022-08-19T07:37:42.275Z] fatal: not a git repository (or any of the parent directories): .git
[2022-08-19T07:38:49.336Z] > git rev-parse --show-toplevel [1ms]
[2022-08-19T07:38:49.336Z] fatal: not a git repository (or any of the parent directories): .git
[2022-08-19T07:39:14.292Z] > git rev-parse --show-toplevel [2ms]
[2022-08-19T07:39:14.292Z] fatal: not a git repository (or any of the parent directories): .git
[2022-08-19T07:39:29.726Z] > git rev-parse --show-toplevel [1ms]
[2022-08-19T07:39:29.726Z] fatal: not a git repository (or any of the parent directories): .git
[2022-08-19T07:42:33.982Z] > git rev-parse --show-toplevel [1ms]
[2022-08-19T07:42:33.982Z] fatal: not a git repository (or any of the parent directories): .git
[2022-08-19T07:43:22.436Z] > git rev-parse --show-toplevel [1ms]
[2022-08-19T07:43:22.436Z] fatal: not a git repository (or any of the parent directories): .git
[2022-08-19T07:43:28.132Z] > git rev-parse --show-toplevel [1ms]
[2022-08-19T07:43:28.132Z] fatal: not a git repository (or any of the parent directories): .git
[2022-08-19T07:44:18.415Z] > git rev-parse --show-toplevel [1ms]
[2022-08-19T07:44:18.415Z] fatal: not a git repository (or any of the parent directories): .git
[2022-08-19T07:45:12.620Z] > git rev-parse --show-toplevel [1ms]
[2022-08-19T07:45:12.620Z] fatal: not a git repository (or any of the parent directories): .git
[2022-08-19T07:45:25.455Z] > git rev-parse --show-toplevel [2ms]
[2022-08-19T07:45:25.455Z] fatal: not a git repository (or any of the parent directories): .git
[2022-08-19T07:52:53.049Z] > git rev-parse --show-toplevel [1ms]
[2022-08-19T07:52:53.049Z] fatal: not a git repository (or any of the parent directories): .git
[2022-08-19T07:53:47.306Z] > git rev-parse --show-toplevel [1ms]
[2022-08-19T07:53:47.306Z] fatal: not a git repository (or any of the parent directories): .git
[2022-08-19T07:54:28.476Z] > git rev-parse --show-toplevel [3ms]
[2022-08-19T07:54:28.476Z] fatal: not a git repository (or any of the parent directories): .git
[2022-08-19T07:55:08.797Z] > git rev-parse --show-toplevel [2ms]
[2022-08-19T07:55:08.797Z] fatal: not a git repository (or any of the parent directories): .git
[2022-08-19T07:55:13.060Z] > git rev-parse --show-toplevel [2ms]
[2022-08-19T07:55:13.060Z] fatal: not a git repository (or any of the parent directories): .git
[2022-08-19T07:58:56.325Z] > git rev-parse --show-toplevel [1ms]
[2022-08-19T07:58:56.325Z] fatal: not a git repository (or any of the parent directories): .git
[2022-08-19T07:59:00.554Z] > git rev-parse --show-toplevel [6ms]
[2022-08-19T07:59:00.554Z] fatal: not a git repository (or any of the parent directories): .git
[2022-08-19T07:59:02.886Z] > git rev-parse --show-toplevel [1ms]
[2022-08-19T07:59:02.886Z] fatal: not a git repository (or any of the parent directories): .git
[2022-08-19T07:59:04.359Z] > git rev-parse --show-toplevel [1ms]
[2022-08-19T07:59:04.359Z] fatal: not a git repository (or any of the parent directories): .git
[2022-08-19T07:59:04.366Z] > git rev-parse --show-toplevel [1ms]
[2022-08-19T07:59:04.366Z] fatal: not a git repository (or any of the parent directories): .git
[2022-08-19T07:59:06.730Z] > git rev-parse --show-toplevel [1ms]
[2022-08-19T07:59:06.730Z] fatal: not a git repository (or any of the parent directories): .git
[2022-08-19T07:59:06.738Z] > git rev-parse --show-toplevel [1ms]
[2022-08-19T07:59:06.738Z] fatal: not a git repository (or any of the parent directories): .git
[2022-08-19T07:59:06.747Z] > git rev-parse --show-toplevel [3ms]
[2022-08-19T07:59:06.747Z] fatal: not a git repository (or any of the parent directories): .git
[2022-08-19T08:01:08.326Z] > git rev-parse --show-toplevel [1ms]
[2022-08-19T08:01:08.326Z] fatal: not a git repository (or any of the parent directories): .git
[2022-08-19T08:01:20.074Z] > git rev-parse --show-toplevel [1ms]
[2022-08-19T08:01:20.074Z] fatal: not a git repository (or any of the parent directories): .git
[2022-08-19T08:01:34.716Z] > git rev-parse --show-toplevel [1ms]
[2022-08-19T08:01:34.717Z] fatal: not a git repository (or any of the parent directories): .git
[2022-08-19T08:02:15.029Z] > git rev-parse --show-toplevel [1ms]
[2022-08-19T08:02:15.029Z] fatal: not a git repository (or any of the parent directories): .git
[2022-08-19T08:02:18.121Z] > git rev-parse --show-toplevel [2ms]
[2022-08-19T08:02:18.121Z] fatal: not a git repository (or any of the parent directories): .git
[2022-08-19T08:03:43.586Z] > git rev-parse --show-toplevel [1ms]
[2022-08-19T08:03:43.586Z] fatal: not a git repository (or any of the parent directories): .git
