[2022-08-23T09:11:14.108Z] ログ レベル: Info
[2022-08-23T09:11:14.114Z] [info] Git の検証が検出されました: git
[2022-08-23T09:11:14.147Z] [info] git から Git 2.34.1 を使用しています
[2022-08-23T09:11:14.188Z] > git rev-parse --show-toplevel [26ms]
[2022-08-23T09:11:14.201Z] > git rev-parse --git-dir --git-common-dir [1ms]
[2022-08-23T09:11:14.207Z] [info] Open repository: /home/miura
[2022-08-23T09:11:14.294Z] > git status -z -uall [76ms]
[2022-08-23T09:11:14.306Z] > git symbolic-ref --short HEAD [2ms]
[2022-08-23T09:11:14.316Z] > git for-each-ref --format=%(refname)%00%(upstream:short)%00%(objectname)%00%(upstream:track)%00%(upstream:remotename)%00%(upstream:remoteref) refs/heads/master refs/remotes/master [1ms]
[2022-08-23T09:11:14.333Z] > git remote --verbose [2ms]
[2022-08-23T09:11:14.333Z] > git for-each-ref --sort -committerdate --format %(refname) %(objectname) %(*objectname) [9ms]
[2022-08-23T09:11:14.384Z] > git config --get commit.template [1ms]
[2022-08-23T09:11:14.909Z] > git status -z -uall [515ms]
[2022-08-23T09:11:14.937Z] > git symbolic-ref --short HEAD [14ms]
[2022-08-23T09:11:14.960Z] > git for-each-ref --format=%(refname)%00%(upstream:short)%00%(objectname)%00%(upstream:track)%00%(upstream:remotename)%00%(upstream:remoteref) refs/heads/master refs/remotes/master [12ms]
[2022-08-23T09:11:14.979Z] > git for-each-ref --sort -committerdate --format %(refname) %(objectname) %(*objectname) [9ms]
[2022-08-23T09:11:14.980Z] > git remote --verbose [2ms]
[2022-08-23T09:11:15.990Z] > git config --get commit.template [776ms]
[2022-08-23T09:11:16.552Z] > git check-ignore -v -z --stdin [18ms]
[2022-08-23T09:11:17.074Z] > git show --textconv :index.py [11ms]
[2022-08-23T09:11:17.079Z] > git ls-files --stage -- /home/miura/index.py [5ms]
[2022-08-23T09:11:17.090Z] > git cat-file -s 714fc71f387addc60c00b1a29d802f90de3f212b [1ms]
[2022-08-23T09:11:25.356Z] > git check-ignore -v -z --stdin [11ms]
[2022-08-23T09:11:27.841Z] > git check-ignore -v -z --stdin [8ms]
[2022-08-23T09:11:31.787Z] > git check-ignore -v -z --stdin [8ms]
[2022-08-23T09:11:34.909Z] > git check-ignore -v -z --stdin [11ms]
[2022-08-23T09:13:24.181Z] > git show --textconv :index.py [7ms]
[2022-08-23T09:13:24.185Z] > git ls-files --stage -- /home/miura/index.py [5ms]
[2022-08-23T09:13:24.191Z] > git cat-file -s 714fc71f387addc60c00b1a29d802f90de3f212b [1ms]
[2022-08-23T09:14:56.717Z] > git status -z -uall [70ms]
[2022-08-23T09:14:56.724Z] > git symbolic-ref --short HEAD [1ms]
[2022-08-23T09:14:56.730Z] > git for-each-ref --format=%(refname)%00%(upstream:short)%00%(objectname)%00%(upstream:track)%00%(upstream:remotename)%00%(upstream:remoteref) refs/heads/master refs/remotes/master [0ms]
[2022-08-23T09:14:56.741Z] > git remote --verbose [2ms]
[2022-08-23T09:14:56.741Z] > git for-each-ref --sort -committerdate --format %(refname) %(objectname) %(*objectname) [6ms]
[2022-08-23T09:14:56.783Z] > git config --get commit.template [1ms]
[2022-08-23T09:14:57.732Z] > git ls-files --stage -- /home/miura/index.py [6ms]
[2022-08-23T09:14:57.739Z] > git cat-file -s 714fc71f387addc60c00b1a29d802f90de3f212b [1ms]
[2022-08-23T09:14:57.936Z] > git show --textconv :index.py [5ms]
[2022-08-23T09:15:50.238Z] > git check-ignore -v -z --stdin [6ms]
[2022-08-23T09:15:53.918Z] > git check-ignore -v -z --stdin [5ms]
[2022-08-23T09:16:06.285Z] > git check-ignore -v -z --stdin [21ms]
[2022-08-23T09:16:08.250Z] > git check-ignore -v -z --stdin [7ms]
[2022-08-23T09:16:09.810Z] > git check-ignore -v -z --stdin [5ms]
[2022-08-23T09:16:29.760Z] > git check-ignore -v -z --stdin [5ms]
[2022-08-23T09:16:31.524Z] > git check-ignore -v -z --stdin [5ms]
[2022-08-23T09:16:35.416Z] > git check-ignore -v -z --stdin [5ms]
[2022-08-23T09:18:21.500Z] > git status -z -uall [128ms]
[2022-08-23T09:18:21.508Z] > git symbolic-ref --short HEAD [1ms]
[2022-08-23T09:18:21.515Z] > git for-each-ref --format=%(refname)%00%(upstream:short)%00%(objectname)%00%(upstream:track)%00%(upstream:remotename)%00%(upstream:remoteref) refs/heads/master refs/remotes/master [1ms]
[2022-08-23T09:18:21.525Z] > git for-each-ref --sort -committerdate --format %(refname) %(objectname) %(*objectname) [5ms]
[2022-08-23T09:18:21.526Z] > git remote --verbose [2ms]
[2022-08-23T09:18:21.567Z] > git config --get commit.template [1ms]
[2022-08-23T09:18:22.181Z] > git ls-files --stage -- /home/miura/index.py [6ms]
[2022-08-23T09:18:22.188Z] > git cat-file -s 36462e744cc998a882ffc13baca45ed2a6645174 [1ms]
[2022-08-23T09:18:22.315Z] > git show --textconv :index.py [4ms]
[2022-08-23T09:18:40.106Z] > git status -z -uall [126ms]
[2022-08-23T09:18:40.114Z] > git symbolic-ref --short HEAD [1ms]
[2022-08-23T09:18:40.121Z] > git for-each-ref --format=%(refname)%00%(upstream:short)%00%(objectname)%00%(upstream:track)%00%(upstream:remotename)%00%(upstream:remoteref) refs/heads/master refs/remotes/master [1ms]
[2022-08-23T09:18:40.131Z] > git for-each-ref --sort -committerdate --format %(refname) %(objectname) %(*objectname) [6ms]
[2022-08-23T09:18:40.131Z] > git remote --verbose [1ms]
[2022-08-23T09:18:40.181Z] > git ls-files --stage -- /home/miura/index.py [6ms]
[2022-08-23T09:18:40.187Z] > git config --get commit.template [6ms]
[2022-08-23T09:18:40.188Z] > git cat-file -s 36462e744cc998a882ffc13baca45ed2a6645174 [2ms]
[2022-08-23T09:18:41.102Z] > git show --textconv :index.py [5ms]
[2022-08-23T09:19:36.972Z] > git status -z -uall [126ms]
[2022-08-23T09:19:36.981Z] > git symbolic-ref --short HEAD [0ms]
[2022-08-23T09:19:36.988Z] > git for-each-ref --format=%(refname)%00%(upstream:short)%00%(objectname)%00%(upstream:track)%00%(upstream:remotename)%00%(upstream:remoteref) refs/heads/master refs/remotes/master [1ms]
[2022-08-23T09:19:36.999Z] > git for-each-ref --sort -committerdate --format %(refname) %(objectname) %(*objectname) [5ms]
[2022-08-23T09:19:37.000Z] > git remote --verbose [1ms]
[2022-08-23T09:19:37.036Z] > git config --get commit.template [1ms]
[2022-08-23T09:19:37.048Z] > git check-ignore -v -z --stdin [5ms]
[2022-08-23T09:19:42.173Z] > git status -z -uall [126ms]
[2022-08-23T09:19:42.183Z] > git symbolic-ref --short HEAD [1ms]
[2022-08-23T09:19:42.190Z] > git for-each-ref --format=%(refname)%00%(upstream:short)%00%(objectname)%00%(upstream:track)%00%(upstream:remotename)%00%(upstream:remoteref) refs/heads/master refs/remotes/master [1ms]
[2022-08-23T09:19:42.202Z] > git for-each-ref --sort -committerdate --format %(refname) %(objectname) %(*objectname) [6ms]
[2022-08-23T09:19:42.202Z] > git remote --verbose [1ms]
[2022-08-23T09:19:42.234Z] > git config --get commit.template [4ms]
[2022-08-23T09:20:32.973Z] > git show --textconv :.gitconfig [6ms]
[2022-08-23T09:20:32.978Z] > git ls-files --stage -- /home/miura/.gitconfig [5ms]
[2022-08-23T09:22:06.978Z] > git ls-files --stage -- /home/miura/.gitconfig [6ms]
[2022-08-23T09:22:07.013Z] > git status -z -uall [129ms]
[2022-08-23T09:22:07.021Z] > git symbolic-ref --short HEAD [1ms]
[2022-08-23T09:22:07.032Z] > git for-each-ref --format=%(refname)%00%(upstream:short)%00%(objectname)%00%(upstream:track)%00%(upstream:remotename)%00%(upstream:remoteref) refs/heads/master refs/remotes/master [6ms]
[2022-08-23T09:22:07.042Z] > git show --textconv :.gitconfig [10ms]
[2022-08-23T09:22:07.042Z] > git for-each-ref --sort -committerdate --format %(refname) %(objectname) %(*objectname) [5ms]
[2022-08-23T09:22:07.045Z] > git remote --verbose [4ms]
[2022-08-23T09:22:07.085Z] > git config --get commit.template [1ms]
[2022-08-23T09:22:36.744Z] > git show --textconv :database.py [7ms]
[2022-08-23T09:22:36.749Z] > git ls-files --stage -- /home/miura/database.py [6ms]
[2022-08-23T09:22:36.756Z] > git cat-file -s e3ba82f3486d1510e27589e6848be7e4dbad6b1b [1ms]
[2022-08-23T09:42:37.338Z] > git status -z -uall [132ms]
[2022-08-23T09:42:37.347Z] > git symbolic-ref --short HEAD [1ms]
[2022-08-23T09:42:37.355Z] > git for-each-ref --format=%(refname)%00%(upstream:short)%00%(objectname)%00%(upstream:track)%00%(upstream:remotename)%00%(upstream:remoteref) refs/heads/master refs/remotes/master [1ms]
[2022-08-23T09:42:37.367Z] > git for-each-ref --sort -committerdate --format %(refname) %(objectname) %(*objectname) [6ms]
[2022-08-23T09:42:37.367Z] > git remote --verbose [1ms]
[2022-08-23T09:42:37.410Z] > git config --get commit.template [1ms]
[2022-08-23T09:42:53.044Z] > git status -z -uall [130ms]
[2022-08-23T09:42:53.053Z] > git symbolic-ref --short HEAD [1ms]
[2022-08-23T09:42:53.065Z] > git for-each-ref --format=%(refname)%00%(upstream:short)%00%(objectname)%00%(upstream:track)%00%(upstream:remotename)%00%(upstream:remoteref) refs/heads/feature/return-comment-list refs/remotes/feature/return-comment-list [6ms]
[2022-08-23T09:42:53.076Z] > git for-each-ref --sort -committerdate --format %(refname) %(objectname) %(*objectname) [5ms]
[2022-08-23T09:42:53.077Z] > git ls-files --stage -- /home/miura/database.py [12ms]
[2022-08-23T09:42:53.084Z] > git remote --verbose [9ms]
[2022-08-23T09:42:53.124Z] > git cat-file -s e3ba82f3486d1510e27589e6848be7e4dbad6b1b [40ms]
[2022-08-23T09:42:53.125Z] > git config --get commit.template [2ms]
[2022-08-23T09:42:53.960Z] > git show --textconv :database.py [8ms]
[2022-08-23T09:42:58.951Z] > git status -z -uall [126ms]
[2022-08-23T09:42:58.961Z] > git symbolic-ref --short HEAD [1ms]
[2022-08-23T09:42:58.969Z] > git for-each-ref --format=%(refname)%00%(upstream:short)%00%(objectname)%00%(upstream:track)%00%(upstream:remotename)%00%(upstream:remoteref) refs/heads/feature/return-comment-list refs/remotes/feature/return-comment-list [1ms]
[2022-08-23T09:42:58.985Z] > git for-each-ref --sort -committerdate --format %(refname) %(objectname) %(*objectname) [7ms]
[2022-08-23T09:42:58.985Z] > git remote --verbose [1ms]
[2022-08-23T09:42:59.017Z] > git config --get commit.template [3ms]
[2022-08-23T09:43:22.380Z] > git status -z -uall [124ms]
[2022-08-23T09:43:22.390Z] > git symbolic-ref --short HEAD [1ms]
[2022-08-23T09:43:22.398Z] > git for-each-ref --format=%(refname)%00%(upstream:short)%00%(objectname)%00%(upstream:track)%00%(upstream:remotename)%00%(upstream:remoteref) refs/heads/feature/return-comment-list refs/remotes/feature/return-comment-list [1ms]
[2022-08-23T09:43:22.410Z] > git for-each-ref --sort -committerdate --format %(refname) %(objectname) %(*objectname) [6ms]
[2022-08-23T09:43:22.411Z] > git remote --verbose [2ms]
[2022-08-23T09:43:22.454Z] > git config --get commit.template [6ms]
[2022-08-23T09:43:22.455Z] > git ls-files --stage -- /home/miura/database.py [13ms]
[2022-08-23T09:43:22.462Z] > git cat-file -s e3ba82f3486d1510e27589e6848be7e4dbad6b1b [1ms]
[2022-08-23T09:43:23.248Z] > git show --textconv :database.py [726ms]
