[2022-08-25 11:06:11.779] [exthost] [info] Extension host with pid 3839360 started
[2022-08-25 11:06:11.781] [exthost] [error] Error: EEXIST: file already exists, open '/home/miura/.vscode-server/data/User/workspaceStorage/79b5f0cc56094051dcea441296b611d0/vscode.lock'
[2022-08-25 11:06:11.785] [exthost] [info] Lock '/home/miura/.vscode-server/data/User/workspaceStorage/79b5f0cc56094051dcea441296b611d0/vscode.lock': Could not acquire lock, checking if the file is stale.
[2022-08-25 11:06:11.788] [exthost] [info] Lock '/home/miura/.vscode-server/data/User/workspaceStorage/79b5f0cc56094051dcea441296b611d0/vscode.lock': The lock does not look stale, elapsed: 773 ms, giving up.
[2022-08-25 11:06:11.790] [exthost] [info] Lock '/home/miura/.vscode-server/data/User/workspaceStorage/79b5f0cc56094051dcea441296b611d0-1/vscode.lock': Lock acquired.
[2022-08-25 11:06:12.257] [exthost] [info] ExtensionService#_doActivateExtension vscode.debug-auto-launch, startup: true, activationEvent: '*'
[2022-08-25 11:06:12.262] [exthost] [info] ExtensionService#_doActivateExtension vscode.git-base, startup: true, activationEvent: '*', root cause: vscode.git
[2022-08-25 11:06:12.265] [exthost] [info] ExtensionService#_doActivateExtension vscode.ipynb, startup: true, activationEvent: '*'
[2022-08-25 11:06:12.749] [exthost] [info] ExtensionService#_doActivateExtension vscode.git, startup: true, activationEvent: '*'
[2022-08-25 11:06:12.818] [exthost] [info] ExtensionService#_doActivateExtension vscode.github, startup: true, activationEvent: '*'
[2022-08-25 11:06:14.080] [exthost] [info] ExtensionService#_doActivateExtension vscode.emmet, startup: false, activationEvent: 'onStartupFinished'
[2022-08-25 11:06:14.096] [exthost] [info] ExtensionService#_doActivateExtension vscode.merge-conflict, startup: false, activationEvent: 'onStartupFinished'
[2022-08-25 11:06:14.100] [exthost] [info] Eager extensions activated
[2022-08-25 11:06:14.853] [exthost] [info] ExtensionService#_doActivateExtension vscode.html-language-features, startup: false, activationEvent: 'onLanguage:html'
[2022-08-25 11:09:20.089] [exthost] [warning] [Decorations] CAPPING events from decorations provider vscode.git 4289
[2022-08-25 11:09:22.264] [exthost] [info] ExtensionService#_doActivateExtension ms-python.python, startup: false, activationEvent: 'onLanguage:python'
[2022-08-25 11:09:22.527] [exthost] [info] ExtensionService#_doActivateExtension ms-toolsai.jupyter, startup: false, activationEvent: 'onLanguage:python'
[2022-08-25 11:09:23.579] [exthost] [info] ExtensionService#_doActivateExtension ms-toolsai.jupyter-renderers, startup: false, activationEvent: 'api', root cause: ms-toolsai.jupyter
[2022-08-25 11:09:23.902] [exthost] [info] ExtensionService#_doActivateExtension ms-python.vscode-pylance, startup: false, activationEvent: 'onLanguage:python'
[2022-08-25 11:09:24.769] [exthost] [info] ExtensionService#_doActivateExtension vscode.configuration-editing, startup: false, activationEvent: 'onLanguage:jsonc'
[2022-08-25 11:09:24.774] [exthost] [info] ExtensionService#_doActivateExtension vscode.json-language-features, startup: false, activationEvent: 'onLanguage:jsonc'
[2022-08-25 11:09:24.834] [exthost] [info] ExtensionService#_doActivateExtension vscode.typescript-language-features, startup: false, activationEvent: 'onLanguage:jsonc'
[2022-08-25 11:09:29.996] [exthost] [warning] [Decorations] CAPPING events from decorations provider vscode.git 4296
[2022-08-25 11:09:35.211] [exthost] [warning] [Decorations] CAPPING events from decorations provider vscode.git 4298
[2022-08-25 11:10:07.419] [exthost] [warning] [Decorations] CAPPING events from decorations provider vscode.git 4298
[2022-08-25 11:11:29.783] [exthost] [warning] [Decorations] CAPPING events from decorations provider vscode.git 4302
[2022-08-25 11:11:37.005] [exthost] [warning] [Decorations] CAPPING events from decorations provider vscode.git 4304
[2022-08-25 11:12:04.751] [exthost] [warning] [Decorations] CAPPING events from decorations provider vscode.git 4306
[2022-08-25 11:13:01.188] [exthost] [warning] [Decorations] CAPPING events from decorations provider vscode.git 4308
[2022-08-25 11:13:16.839] [exthost] [warning] [Decorations] CAPPING events from decorations provider vscode.git 4310
[2022-08-25 11:13:37.131] [exthost] [warning] [Decorations] CAPPING events from decorations provider vscode.git 4312
[2022-08-25 11:14:13.587] [exthost] [warning] [Decorations] CAPPING events from decorations provider vscode.git 4314
[2022-08-25 11:14:37.676] [exthost] [warning] [Decorations] CAPPING events from decorations provider vscode.git 4316
[2022-08-25 11:15:03.091] [exthost] [warning] [Decorations] CAPPING events from decorations provider vscode.git 4318
[2022-08-25 11:16:17.358] [exthost] [warning] [Decorations] CAPPING events from decorations provider vscode.git 4320
[2022-08-25 11:16:42.842] [exthost] [warning] [Decorations] CAPPING events from decorations provider vscode.git 4322
[2022-08-25 11:16:59.678] [exthost] [warning] [Decorations] CAPPING events from decorations provider vscode.git 4324
[2022-08-25 11:17:11.668] [exthost] [warning] [Decorations] CAPPING events from decorations provider vscode.git 4326
[2022-08-25 11:19:13.072] [exthost] [warning] [Decorations] CAPPING events from decorations provider vscode.git 4328
[2022-08-25 11:19:48.543] [exthost] [warning] [Decorations] CAPPING events from decorations provider vscode.git 4330
[2022-08-25 11:20:01.333] [exthost] [warning] [Decorations] CAPPING events from decorations provider vscode.git 4332
[2022-08-25 11:20:11.886] [exthost] [warning] [Decorations] CAPPING events from decorations provider vscode.git 4334
[2022-08-25 11:20:35.708] [exthost] [warning] [Decorations] CAPPING events from decorations provider vscode.git 4336
[2022-08-25 11:20:48.584] [exthost] [warning] [Decorations] CAPPING events from decorations provider vscode.git 4338
[2022-08-25 11:20:58.451] [exthost] [warning] [Decorations] CAPPING events from decorations provider vscode.git 4340
[2022-08-25 11:23:24.342] [exthost] [warning] [Decorations] CAPPING events from decorations provider vscode.git 4342
[2022-08-25 11:23:34.670] [exthost] [warning] [Decorations] CAPPING events from decorations provider vscode.git 4342
[2022-08-25 11:23:55.008] [exthost] [warning] [Decorations] CAPPING events from decorations provider vscode.git 4344
[2022-08-25 11:26:00.419] [exthost] [warning] [Decorations] CAPPING events from decorations provider vscode.git 4346
[2022-08-25 11:26:20.140] [exthost] [warning] [Decorations] CAPPING events from decorations provider vscode.git 4350
[2022-08-25 11:31:05.336] [exthost] [warning] [Decorations] CAPPING events from decorations provider vscode.git 4352
[2022-08-25 11:31:14.356] [exthost] [warning] [Decorations] CAPPING events from decorations provider vscode.git 4354
[2022-08-25 11:31:37.871] [exthost] [warning] [Decorations] CAPPING events from decorations provider vscode.git 4356
[2022-08-25 11:32:05.793] [exthost] [warning] [Decorations] CAPPING events from decorations provider vscode.git 4358
[2022-08-25 11:32:25.238] [exthost] [warning] [Decorations] CAPPING events from decorations provider vscode.git 4360
[2022-08-25 11:32:47.227] [exthost] [warning] [Decorations] CAPPING events from decorations provider vscode.git 4362
[2022-08-25 11:33:08.784] [exthost] [warning] [Decorations] CAPPING events from decorations provider vscode.git 4364
[2022-08-25 11:33:17.808] [exthost] [warning] [Decorations] CAPPING events from decorations provider vscode.git 4366
[2022-08-25 11:33:38.424] [exthost] [warning] [Decorations] CAPPING events from decorations provider vscode.git 4368
[2022-08-25 11:34:09.230] [exthost] [warning] [Decorations] CAPPING events from decorations provider vscode.git 4370
[2022-08-25 11:34:26.593] [exthost] [warning] [Decorations] CAPPING events from decorations provider vscode.git 4372
[2022-08-25 11:35:14.606] [exthost] [warning] [Decorations] CAPPING events from decorations provider vscode.git 4374
[2022-08-25 11:35:38.635] [exthost] [warning] [Decorations] CAPPING events from decorations provider vscode.git 4376
[2022-08-25 11:39:46.193] [exthost] [warning] [Decorations] CAPPING events from decorations provider vscode.git 4378
[2022-08-25 11:40:18.714] [exthost] [warning] [Decorations] CAPPING events from decorations provider vscode.git 4380
[2022-08-25 11:40:50.299] [exthost] [warning] [Decorations] CAPPING events from decorations provider vscode.git 4382
[2022-08-25 11:42:17.266] [exthost] [warning] [Decorations] CAPPING events from decorations provider vscode.git 4384
[2022-08-25 11:42:39.788] [exthost] [warning] [Decorations] CAPPING events from decorations provider vscode.git 4386
[2022-08-25 11:44:21.342] [exthost] [warning] [Decorations] CAPPING events from decorations provider vscode.git 4388
[2022-08-25 11:44:29.737] [exthost] [warning] [Decorations] CAPPING events from decorations provider vscode.git 4390
[2022-08-25 11:45:22.357] [exthost] [warning] [Decorations] CAPPING events from decorations provider vscode.git 4392
[2022-08-25 11:47:57.913] [exthost] [warning] [Decorations] CAPPING events from decorations provider vscode.git 4394
[2022-08-25 11:54:32.079] [exthost] [warning] [Decorations] CAPPING events from decorations provider vscode.git 4396
[2022-08-25 11:55:52.306] [exthost] [warning] [Decorations] CAPPING events from decorations provider vscode.git 4398
[2022-08-25 11:56:02.907] [exthost] [warning] [Decorations] CAPPING events from decorations provider vscode.git 4400
[2022-08-25 11:56:21.277] [exthost] [warning] [Decorations] CAPPING events from decorations provider vscode.git 4402
[2022-08-25 11:58:57.220] [exthost] [warning] [Decorations] CAPPING events from decorations provider vscode.git 4404
[2022-08-25 12:00:51.771] [exthost] [warning] [Decorations] CAPPING events from decorations provider vscode.git 4406
[2022-08-25 12:00:58.080] [exthost] [warning] [Decorations] CAPPING events from decorations provider vscode.git 4406
[2022-08-25 12:01:06.372] [exthost] [warning] [Decorations] CAPPING events from decorations provider vscode.git 4406
[2022-08-25 12:01:18.975] [exthost] [warning] [Decorations] CAPPING events from decorations provider vscode.git 4409
[2022-08-25 12:04:27.900] [exthost] [warning] [Decorations] CAPPING events from decorations provider vscode.git 4409
[2022-08-25 12:06:56.707] [exthost] [warning] [Decorations] CAPPING events from decorations provider vscode.git 4409
[2022-08-25 12:08:24.262] [exthost] [warning] [Decorations] CAPPING events from decorations provider vscode.git 4409
[2022-08-25 12:10:00.865] [exthost] [warning] [Decorations] CAPPING events from decorations provider vscode.git 4409
[2022-08-25 12:11:14.073] [exthost] [warning] [Decorations] CAPPING events from decorations provider vscode.git 4410
[2022-08-25 12:12:09.194] [exthost] [warning] [Decorations] CAPPING events from decorations provider vscode.git 4412
[2022-08-25 12:13:35.422] [exthost] [warning] [Decorations] CAPPING events from decorations provider vscode.git 4411
[2022-08-25 12:45:40.896] [exthost] [info] Extension host terminating: renderer disconnected for too long (2)
[2022-08-25 12:45:40.897] [exthost] [info] Lock '/home/miura/.vscode-server/data/User/workspaceStorage/79b5f0cc56094051dcea441296b611d0-1/vscode.lock': Marking the lockfile as scheduled to be released in 6000 ms.
[2022-08-25 12:45:40.932] [exthost] [info] Extension host with pid 3839360 exiting with code 0
