[2022-08-25T03:56:52.388Z] ログ レベル: Info
[2022-08-25T03:56:52.394Z] [info] Git の検証が検出されました: git
[2022-08-25T03:56:52.425Z] [info] git から Git 2.34.1 を使用しています
[2022-08-25T03:56:52.471Z] > git rev-parse --show-toplevel [30ms]
[2022-08-25T03:56:52.488Z] > git rev-parse --git-dir --git-common-dir [5ms]
[2022-08-25T03:56:52.494Z] [info] Open repository: /home/miura
[2022-08-25T03:56:52.729Z] > git status -z -uall [220ms]
[2022-08-25T03:56:52.743Z] > git symbolic-ref --short HEAD [2ms]
[2022-08-25T03:56:52.769Z] > git for-each-ref --format=%(refname)%00%(upstream:short)%00%(objectname)%00%(upstream:track)%00%(upstream:remotename)%00%(upstream:remoteref) refs/heads/feature/get-name refs/remotes/feature/get-name [17ms]
[2022-08-25T03:56:52.790Z] > git for-each-ref --sort -committerdate --format %(refname) %(objectname) %(*objectname) [12ms]
[2022-08-25T03:56:52.791Z] > git remote --verbose [5ms]
[2022-08-25T03:56:52.893Z] > git config --get commit.template [6ms]
[2022-08-25T03:56:54.023Z] > git status -z -uall [1118ms]
[2022-08-25T03:56:54.030Z] > git check-ignore -v -z --stdin [41ms]
[2022-08-25T03:56:54.034Z] > git symbolic-ref --short HEAD [4ms]
[2022-08-25T03:56:54.046Z] > git for-each-ref --format=%(refname)%00%(upstream:short)%00%(objectname)%00%(upstream:track)%00%(upstream:remotename)%00%(upstream:remoteref) refs/heads/feature/get-name refs/remotes/feature/get-name [6ms]
[2022-08-25T03:56:54.059Z] > git for-each-ref --sort -committerdate --format %(refname) %(objectname) %(*objectname) [7ms]
[2022-08-25T03:56:54.062Z] > git remote --verbose [4ms]
[2022-08-25T03:56:54.134Z] > git config --get commit.template [7ms]
[2022-08-25T03:56:56.008Z] > git show --textconv :index.py [8ms]
[2022-08-25T03:56:56.038Z] > git ls-files --stage -- /home/miura/index.py [31ms]
[2022-08-25T03:56:56.048Z] > git cat-file -s 1eaa08385698ece55818cc11b267b5f7afc257ec [3ms]
[2022-08-25T04:03:52.010Z] > git show --textconv :templates/first-page.html [7ms]
[2022-08-25T04:03:52.014Z] > git ls-files --stage -- /home/miura/templates/first-page.html [5ms]
[2022-08-25T04:03:52.020Z] > git cat-file -s 4496023d24ef0bd6bacd3a5fdc60389ec29a7c83 [1ms]
[2022-08-25T04:05:28.080Z] > git show --textconv :index.py [5ms]
[2022-08-25T04:05:28.086Z] > git ls-files --stage -- /home/miura/index.py [6ms]
[2022-08-25T04:05:28.092Z] > git cat-file -s 1eaa08385698ece55818cc11b267b5f7afc257ec [1ms]
[2022-08-25T04:09:47.066Z] > git status -z -uall [89ms]
[2022-08-25T04:09:47.073Z] > git symbolic-ref --short HEAD [1ms]
[2022-08-25T04:09:47.080Z] > git for-each-ref --format=%(refname)%00%(upstream:short)%00%(objectname)%00%(upstream:track)%00%(upstream:remotename)%00%(upstream:remoteref) refs/heads/feature/get-name refs/remotes/feature/get-name [1ms]
[2022-08-25T04:09:47.092Z] > git remote --verbose [2ms]
[2022-08-25T04:09:47.092Z] > git for-each-ref --sort -committerdate --format %(refname) %(objectname) %(*objectname) [6ms]
[2022-08-25T04:09:47.166Z] > git config --get commit.template [3ms]
[2022-08-25T04:10:01.435Z] > git show --textconv :templates/next-page.html [9ms]
[2022-08-25T04:10:01.442Z] > git ls-files --stage -- /home/miura/templates/next-page.html [7ms]
[2022-08-25T04:10:01.450Z] > git cat-file -s 6151b4cfd2001ab14e2ae65df7f11e3af896795a [1ms]
[2022-08-25T04:12:38.837Z] > git show --textconv :templates/first-page.html [8ms]
[2022-08-25T04:12:38.839Z] > git ls-files --stage -- /home/miura/templates/first-page.html [4ms]
[2022-08-25T04:12:38.847Z] > git cat-file -s 4496023d24ef0bd6bacd3a5fdc60389ec29a7c83 [1ms]
[2022-08-25T04:12:41.649Z] > git show --textconv :templates/next-page.html [8ms]
[2022-08-25T04:12:41.656Z] > git ls-files --stage -- /home/miura/templates/next-page.html [7ms]
[2022-08-25T04:12:41.664Z] > git cat-file -s 6151b4cfd2001ab14e2ae65df7f11e3af896795a [2ms]
[2022-08-25T04:16:51.591Z] > git show --textconv :index.py [7ms]
[2022-08-25T04:16:51.596Z] > git ls-files --stage -- /home/miura/index.py [6ms]
[2022-08-25T04:16:51.603Z] > git cat-file -s 1eaa08385698ece55818cc11b267b5f7afc257ec [1ms]
[2022-08-25T04:17:41.931Z] > git status -z -uall [86ms]
[2022-08-25T04:17:41.939Z] > git symbolic-ref --short HEAD [1ms]
[2022-08-25T04:17:41.947Z] > git for-each-ref --format=%(refname)%00%(upstream:short)%00%(objectname)%00%(upstream:track)%00%(upstream:remotename)%00%(upstream:remoteref) refs/heads/feature/get-name refs/remotes/feature/get-name [1ms]
[2022-08-25T04:17:41.959Z] > git for-each-ref --sort -committerdate --format %(refname) %(objectname) %(*objectname) [7ms]
[2022-08-25T04:17:41.959Z] > git remote --verbose [1ms]
[2022-08-25T04:17:42.027Z] > git config --get commit.template [1ms]
[2022-08-25T04:18:36.356Z] > git show --textconv :templates/next-page.html [8ms]
[2022-08-25T04:18:36.360Z] > git ls-files --stage -- /home/miura/templates/next-page.html [4ms]
[2022-08-25T04:18:36.367Z] > git cat-file -s 6151b4cfd2001ab14e2ae65df7f11e3af896795a [1ms]
[2022-08-25T04:19:10.903Z] > git status -z -uall [85ms]
[2022-08-25T04:19:10.911Z] > git symbolic-ref --short HEAD [1ms]
[2022-08-25T04:19:10.918Z] > git for-each-ref --format=%(refname)%00%(upstream:short)%00%(objectname)%00%(upstream:track)%00%(upstream:remotename)%00%(upstream:remoteref) refs/heads/feature/get-name refs/remotes/feature/get-name [1ms]
[2022-08-25T04:19:10.931Z] > git remote --verbose [1ms]
[2022-08-25T04:19:10.931Z] > git for-each-ref --sort -committerdate --format %(refname) %(objectname) %(*objectname) [8ms]
[2022-08-25T04:19:10.994Z] > git config --get commit.template [2ms]
[2022-08-25T04:19:13.489Z] > git show --textconv :index.py [7ms]
[2022-08-25T04:19:13.494Z] > git ls-files --stage -- /home/miura/index.py [5ms]
[2022-08-25T04:19:13.502Z] > git cat-file -s 1eaa08385698ece55818cc11b267b5f7afc257ec [1ms]
[2022-08-25T04:19:15.576Z] > git show --textconv :database.py [8ms]
[2022-08-25T04:19:15.582Z] > git ls-files --stage -- /home/miura/database.py [7ms]
[2022-08-25T04:19:15.589Z] > git cat-file -s e3ba82f3486d1510e27589e6848be7e4dbad6b1b [1ms]
[2022-08-25T04:19:29.795Z] > git status -z -uall [80ms]
[2022-08-25T04:19:29.805Z] > git symbolic-ref --short HEAD [1ms]
[2022-08-25T04:19:29.813Z] > git for-each-ref --format=%(refname)%00%(upstream:short)%00%(objectname)%00%(upstream:track)%00%(upstream:remotename)%00%(upstream:remoteref) refs/heads/feature/get-name refs/remotes/feature/get-name [1ms]
[2022-08-25T04:19:29.826Z] > git remote --verbose [1ms]
[2022-08-25T04:19:29.826Z] > git for-each-ref --sort -committerdate --format %(refname) %(objectname) %(*objectname) [7ms]
[2022-08-25T04:19:29.889Z] > git config --get commit.template [1ms]
[2022-08-25T04:19:31.689Z] > git show --textconv :index.py [11ms]
[2022-08-25T04:19:31.700Z] > git ls-files --stage -- /home/miura/index.py [14ms]
[2022-08-25T04:19:31.711Z] > git cat-file -s 1eaa08385698ece55818cc11b267b5f7afc257ec [3ms]
[2022-08-25T04:19:38.936Z] > git status -z -uall [81ms]
[2022-08-25T04:19:38.945Z] > git symbolic-ref --short HEAD [1ms]
[2022-08-25T04:19:38.953Z] > git for-each-ref --format=%(refname)%00%(upstream:short)%00%(objectname)%00%(upstream:track)%00%(upstream:remotename)%00%(upstream:remoteref) refs/heads/feature/get-name refs/remotes/feature/get-name [1ms]
[2022-08-25T04:19:38.966Z] > git for-each-ref --sort -committerdate --format %(refname) %(objectname) %(*objectname) [6ms]
[2022-08-25T04:19:38.967Z] > git remote --verbose [2ms]
[2022-08-25T04:19:39.029Z] > git config --get commit.template [1ms]
[2022-08-25T04:20:01.296Z] > git status -z -uall [80ms]
[2022-08-25T04:20:01.305Z] > git symbolic-ref --short HEAD [1ms]
[2022-08-25T04:20:01.313Z] > git for-each-ref --format=%(refname)%00%(upstream:short)%00%(objectname)%00%(upstream:track)%00%(upstream:remotename)%00%(upstream:remoteref) refs/heads/feature/get-name refs/remotes/feature/get-name [1ms]
[2022-08-25T04:20:01.327Z] > git for-each-ref --sort -committerdate --format %(refname) %(objectname) %(*objectname) [7ms]
[2022-08-25T04:20:01.328Z] > git remote --verbose [2ms]
[2022-08-25T04:20:01.395Z] > git config --get commit.template [5ms]
[2022-08-25T04:20:14.608Z] > git status -z -uall [82ms]
[2022-08-25T04:20:14.618Z] > git symbolic-ref --short HEAD [1ms]
[2022-08-25T04:20:14.627Z] > git for-each-ref --format=%(refname)%00%(upstream:short)%00%(objectname)%00%(upstream:track)%00%(upstream:remotename)%00%(upstream:remoteref) refs/heads/feature/get-name refs/remotes/feature/get-name [1ms]
[2022-08-25T04:20:14.641Z] > git for-each-ref --sort -committerdate --format %(refname) %(objectname) %(*objectname) [7ms]
[2022-08-25T04:20:14.641Z] > git remote --verbose [1ms]
[2022-08-25T04:20:14.705Z] > git config --get commit.template [1ms]
[2022-08-25T04:20:48.768Z] > git show --textconv :templates/next-page.html [6ms]
[2022-08-25T04:20:48.772Z] > git ls-files --stage -- /home/miura/templates/next-page.html [5ms]
[2022-08-25T04:20:48.778Z] > git cat-file -s 6151b4cfd2001ab14e2ae65df7f11e3af896795a [1ms]
[2022-08-25T04:21:03.813Z] > git status -z -uall [85ms]
[2022-08-25T04:21:03.820Z] > git symbolic-ref --short HEAD [0ms]
[2022-08-25T04:21:03.827Z] > git for-each-ref --format=%(refname)%00%(upstream:short)%00%(objectname)%00%(upstream:track)%00%(upstream:remotename)%00%(upstream:remoteref) refs/heads/feature/get-name refs/remotes/feature/get-name [1ms]
[2022-08-25T04:21:03.837Z] > git for-each-ref --sort -committerdate --format %(refname) %(objectname) %(*objectname) [5ms]
[2022-08-25T04:21:03.838Z] > git remote --verbose [1ms]
[2022-08-25T04:21:03.897Z] > git config --get commit.template [2ms]
[2022-08-25T04:21:25.508Z] > git show --textconv :index.py [8ms]
[2022-08-25T04:21:25.514Z] > git ls-files --stage -- /home/miura/index.py [6ms]
[2022-08-25T04:21:25.521Z] > git cat-file -s 1eaa08385698ece55818cc11b267b5f7afc257ec [1ms]
[2022-08-25T04:21:43.106Z] > git status -z -uall [86ms]
[2022-08-25T04:21:43.116Z] > git symbolic-ref --short HEAD [3ms]
[2022-08-25T04:21:43.123Z] > git for-each-ref --format=%(refname)%00%(upstream:short)%00%(objectname)%00%(upstream:track)%00%(upstream:remotename)%00%(upstream:remoteref) refs/heads/feature/get-name refs/remotes/feature/get-name [1ms]
[2022-08-25T04:21:43.146Z] > git for-each-ref --sort -committerdate --format %(refname) %(objectname) %(*objectname) [6ms]
[2022-08-25T04:21:43.146Z] > git remote --verbose [1ms]
[2022-08-25T04:21:43.211Z] > git config --get commit.template [2ms]
[2022-08-25T04:21:55.730Z] > git status -z -uall [82ms]
[2022-08-25T04:21:55.742Z] > git symbolic-ref --short HEAD [1ms]
[2022-08-25T04:21:55.752Z] > git for-each-ref --format=%(refname)%00%(upstream:short)%00%(objectname)%00%(upstream:track)%00%(upstream:remotename)%00%(upstream:remoteref) refs/heads/feature/get-name refs/remotes/feature/get-name [1ms]
[2022-08-25T04:21:55.767Z] > git for-each-ref --sort -committerdate --format %(refname) %(objectname) %(*objectname) [8ms]
[2022-08-25T04:21:55.767Z] > git remote --verbose [1ms]
[2022-08-25T04:21:55.862Z] > git config --get commit.template [1ms]
[2022-08-25T04:22:36.621Z] > git show --textconv :templates/next-page.html [6ms]
[2022-08-25T04:22:36.625Z] > git ls-files --stage -- /home/miura/templates/next-page.html [4ms]
[2022-08-25T04:22:36.632Z] > git cat-file -s 6151b4cfd2001ab14e2ae65df7f11e3af896795a [1ms]
[2022-08-25T04:26:54.801Z] > git status -z -uall [87ms]
[2022-08-25T04:26:54.809Z] > git symbolic-ref --short HEAD [1ms]
[2022-08-25T04:26:54.815Z] > git for-each-ref --format=%(refname)%00%(upstream:short)%00%(objectname)%00%(upstream:track)%00%(upstream:remotename)%00%(upstream:remoteref) refs/heads/feature/get-name refs/remotes/feature/get-name [1ms]
[2022-08-25T04:26:54.825Z] > git for-each-ref --sort -committerdate --format %(refname) %(objectname) %(*objectname) [5ms]
[2022-08-25T04:26:54.826Z] > git remote --verbose [1ms]
[2022-08-25T04:26:54.886Z] > git config --get commit.template [1ms]
[2022-08-25T04:27:00.271Z] > git show --textconv :templates/first-page.html [8ms]
[2022-08-25T04:27:00.275Z] > git ls-files --stage -- /home/miura/templates/first-page.html [5ms]
[2022-08-25T04:27:00.283Z] > git cat-file -s 4496023d24ef0bd6bacd3a5fdc60389ec29a7c83 [1ms]
[2022-08-25T04:27:02.986Z] > git show --textconv :index.py [8ms]
[2022-08-25T04:27:02.991Z] > git ls-files --stage -- /home/miura/index.py [6ms]
[2022-08-25T04:27:02.999Z] > git cat-file -s 1eaa08385698ece55818cc11b267b5f7afc257ec [1ms]
[2022-08-25T04:28:30.080Z] > git status -z -uall [86ms]
[2022-08-25T04:28:30.088Z] > git symbolic-ref --short HEAD [0ms]
[2022-08-25T04:28:30.095Z] > git for-each-ref --format=%(refname)%00%(upstream:short)%00%(objectname)%00%(upstream:track)%00%(upstream:remotename)%00%(upstream:remoteref) refs/heads/feature/get-name refs/remotes/feature/get-name [1ms]
[2022-08-25T04:28:30.107Z] > git remote --verbose [1ms]
[2022-08-25T04:28:30.107Z] > git for-each-ref --sort -committerdate --format %(refname) %(objectname) %(*objectname) [6ms]
[2022-08-25T04:28:30.167Z] > git config --get commit.template [3ms]
[2022-08-25T04:28:37.863Z] > git show --textconv :database.py [8ms]
[2022-08-25T04:28:37.868Z] > git ls-files --stage -- /home/miura/database.py [6ms]
[2022-08-25T04:28:37.875Z] > git cat-file -s e3ba82f3486d1510e27589e6848be7e4dbad6b1b [1ms]
[2022-08-25T04:28:42.534Z] > git status -z -uall [78ms]
[2022-08-25T04:28:42.543Z] > git symbolic-ref --short HEAD [1ms]
[2022-08-25T04:28:42.551Z] > git for-each-ref --format=%(refname)%00%(upstream:short)%00%(objectname)%00%(upstream:track)%00%(upstream:remotename)%00%(upstream:remoteref) refs/heads/feature/get-name refs/remotes/feature/get-name [1ms]
[2022-08-25T04:28:42.564Z] > git remote --verbose [1ms]
[2022-08-25T04:28:42.564Z] > git for-each-ref --sort -committerdate --format %(refname) %(objectname) %(*objectname) [7ms]
[2022-08-25T04:28:42.620Z] > git config --get commit.template [1ms]
[2022-08-25T04:28:44.423Z] > git show --textconv :index.py [8ms]
[2022-08-25T04:28:44.428Z] > git ls-files --stage -- /home/miura/index.py [6ms]
[2022-08-25T04:28:44.436Z] > git cat-file -s 1eaa08385698ece55818cc11b267b5f7afc257ec [1ms]
[2022-08-25T04:28:52.688Z] > git status -z -uall [79ms]
[2022-08-25T04:28:52.698Z] > git symbolic-ref --short HEAD [1ms]
[2022-08-25T04:28:52.706Z] > git for-each-ref --format=%(refname)%00%(upstream:short)%00%(objectname)%00%(upstream:track)%00%(upstream:remotename)%00%(upstream:remoteref) refs/heads/feature/get-name refs/remotes/feature/get-name [1ms]
[2022-08-25T04:28:52.722Z] > git for-each-ref --sort -committerdate --format %(refname) %(objectname) %(*objectname) [8ms]
[2022-08-25T04:28:52.723Z] > git remote --verbose [1ms]
[2022-08-25T04:28:52.799Z] > git config --get commit.template [1ms]
[2022-08-25T04:28:57.891Z] > git status -z -uall [80ms]
[2022-08-25T04:28:57.901Z] > git symbolic-ref --short HEAD [1ms]
[2022-08-25T04:28:57.909Z] > git for-each-ref --format=%(refname)%00%(upstream:short)%00%(objectname)%00%(upstream:track)%00%(upstream:remotename)%00%(upstream:remoteref) refs/heads/feature/get-name refs/remotes/feature/get-name [1ms]
[2022-08-25T04:28:57.924Z] > git for-each-ref --sort -committerdate --format %(refname) %(objectname) %(*objectname) [7ms]
[2022-08-25T04:28:57.925Z] > git remote --verbose [0ms]
[2022-08-25T04:28:57.982Z] > git config --get commit.template [1ms]
[2022-08-25T04:32:35.028Z] > git status -z -uall [85ms]
[2022-08-25T04:32:35.036Z] > git symbolic-ref --short HEAD [1ms]
[2022-08-25T04:32:35.044Z] > git for-each-ref --format=%(refname)%00%(upstream:short)%00%(objectname)%00%(upstream:track)%00%(upstream:remotename)%00%(upstream:remoteref) refs/heads/feature/get-name refs/remotes/feature/get-name [3ms]
[2022-08-25T04:32:35.054Z] > git for-each-ref --sort -committerdate --format %(refname) %(objectname) %(*objectname) [5ms]
[2022-08-25T04:32:35.055Z] > git remote --verbose [1ms]
[2022-08-25T04:32:35.123Z] > git config --get commit.template [1ms]
[2022-08-25T04:32:37.788Z] > git show --textconv :templates/next-page.html [8ms]
[2022-08-25T04:32:37.792Z] > git ls-files --stage -- /home/miura/templates/next-page.html [4ms]
[2022-08-25T04:32:37.801Z] > git cat-file -s 6151b4cfd2001ab14e2ae65df7f11e3af896795a [2ms]
[2022-08-25T04:33:10.656Z] > git status -z -uall [84ms]
[2022-08-25T04:33:10.667Z] > git symbolic-ref --short HEAD [4ms]
[2022-08-25T04:33:10.673Z] > git for-each-ref --format=%(refname)%00%(upstream:short)%00%(objectname)%00%(upstream:track)%00%(upstream:remotename)%00%(upstream:remoteref) refs/heads/feature/get-name refs/remotes/feature/get-name [1ms]
[2022-08-25T04:33:10.684Z] > git for-each-ref --sort -committerdate --format %(refname) %(objectname) %(*objectname) [5ms]
[2022-08-25T04:33:10.685Z] > git remote --verbose [2ms]
[2022-08-25T04:33:10.758Z] > git config --get commit.template [2ms]
[2022-08-25T04:38:56.518Z] > git show --textconv :static/style.css [7ms]
[2022-08-25T04:38:56.521Z] > git ls-files --stage -- /home/miura/static/style.css [5ms]
[2022-08-25T04:38:56.527Z] > git cat-file -s 6d7707f451c5567b21ff06e28604135f8c468bdf [1ms]
[2022-08-25T04:40:29.747Z] > git status -z -uall [88ms]
[2022-08-25T04:40:29.756Z] > git symbolic-ref --short HEAD [1ms]
[2022-08-25T04:40:29.764Z] > git for-each-ref --format=%(refname)%00%(upstream:short)%00%(objectname)%00%(upstream:track)%00%(upstream:remotename)%00%(upstream:remoteref) refs/heads/feature/get-name refs/remotes/feature/get-name [1ms]
[2022-08-25T04:40:29.778Z] > git for-each-ref --sort -committerdate --format %(refname) %(objectname) %(*objectname) [6ms]
[2022-08-25T04:40:29.779Z] > git remote --verbose [1ms]
[2022-08-25T04:40:29.865Z] > git config --get commit.template [1ms]
[2022-08-25T04:40:48.058Z] > git show --textconv :templates/next-page.html [8ms]
[2022-08-25T04:40:48.063Z] > git ls-files --stage -- /home/miura/templates/next-page.html [5ms]
[2022-08-25T04:40:48.070Z] > git cat-file -s 6151b4cfd2001ab14e2ae65df7f11e3af896795a [1ms]
[2022-08-25T04:41:11.595Z] > git status -z -uall [84ms]
[2022-08-25T04:41:11.603Z] > git symbolic-ref --short HEAD [1ms]
[2022-08-25T04:41:11.610Z] > git for-each-ref --format=%(refname)%00%(upstream:short)%00%(objectname)%00%(upstream:track)%00%(upstream:remotename)%00%(upstream:remoteref) refs/heads/feature/get-name refs/remotes/feature/get-name [1ms]
[2022-08-25T04:41:11.622Z] > git for-each-ref --sort -committerdate --format %(refname) %(objectname) %(*objectname) [6ms]
[2022-08-25T04:41:11.622Z] > git remote --verbose [1ms]
[2022-08-25T04:41:11.688Z] > git config --get commit.template [2ms]
[2022-08-25T04:41:15.016Z] > git show --textconv :index.py [9ms]
[2022-08-25T04:41:15.021Z] > git ls-files --stage -- /home/miura/index.py [6ms]
[2022-08-25T04:41:15.029Z] > git cat-file -s 1eaa08385698ece55818cc11b267b5f7afc257ec [1ms]
[2022-08-25T04:41:22.031Z] > git status -z -uall [79ms]
[2022-08-25T04:41:22.041Z] > git symbolic-ref --short HEAD [1ms]
[2022-08-25T04:41:22.049Z] > git for-each-ref --format=%(refname)%00%(upstream:short)%00%(objectname)%00%(upstream:track)%00%(upstream:remotename)%00%(upstream:remoteref) refs/heads/feature/get-name refs/remotes/feature/get-name [1ms]
[2022-08-25T04:41:22.062Z] > git for-each-ref --sort -committerdate --format %(refname) %(objectname) %(*objectname) [7ms]
[2022-08-25T04:41:22.062Z] > git remote --verbose [1ms]
[2022-08-25T04:41:22.123Z] > git config --get commit.template [0ms]
[2022-08-25T04:41:51.957Z] > git show --textconv :static/style.css [8ms]
[2022-08-25T04:41:51.961Z] > git ls-files --stage -- /home/miura/static/style.css [4ms]
[2022-08-25T04:41:51.970Z] > git cat-file -s 6d7707f451c5567b21ff06e28604135f8c468bdf [1ms]
[2022-08-25T04:42:00.154Z] > git status -z -uall [87ms]
[2022-08-25T04:42:00.164Z] > git symbolic-ref --short HEAD [1ms]
[2022-08-25T04:42:00.170Z] > git for-each-ref --format=%(refname)%00%(upstream:short)%00%(objectname)%00%(upstream:track)%00%(upstream:remotename)%00%(upstream:remoteref) refs/heads/feature/get-name refs/remotes/feature/get-name [0ms]
[2022-08-25T04:42:00.181Z] > git for-each-ref --sort -committerdate --format %(refname) %(objectname) %(*objectname) [6ms]
[2022-08-25T04:42:00.181Z] > git remote --verbose [1ms]
[2022-08-25T04:42:00.242Z] > git config --get commit.template [1ms]
[2022-08-25T04:43:45.006Z] > git status -z -uall [80ms]
[2022-08-25T04:43:45.017Z] > git symbolic-ref --short HEAD [3ms]
[2022-08-25T04:43:45.024Z] > git for-each-ref --format=%(refname)%00%(upstream:short)%00%(objectname)%00%(upstream:track)%00%(upstream:remotename)%00%(upstream:remoteref) refs/heads/feature/get-name refs/remotes/feature/get-name [1ms]
[2022-08-25T04:43:45.038Z] > git for-each-ref --sort -committerdate --format %(refname) %(objectname) %(*objectname) [7ms]
[2022-08-25T04:43:45.039Z] > git remote --verbose [3ms]
[2022-08-25T04:43:45.185Z] > git config --get commit.template [4ms]
[2022-08-25T04:43:55.976Z] > git show --textconv :templates/next-page.html [9ms]
[2022-08-25T04:43:55.980Z] > git ls-files --stage -- /home/miura/templates/next-page.html [5ms]
[2022-08-25T04:43:55.988Z] > git cat-file -s 6151b4cfd2001ab14e2ae65df7f11e3af896795a [0ms]
[2022-08-25T04:44:25.830Z] > git status -z -uall [86ms]
[2022-08-25T04:44:25.838Z] > git symbolic-ref --short HEAD [1ms]
[2022-08-25T04:44:25.845Z] > git for-each-ref --format=%(refname)%00%(upstream:short)%00%(objectname)%00%(upstream:track)%00%(upstream:remotename)%00%(upstream:remoteref) refs/heads/feature/get-name refs/remotes/feature/get-name [1ms]
[2022-08-25T04:44:25.857Z] > git for-each-ref --sort -committerdate --format %(refname) %(objectname) %(*objectname) [6ms]
[2022-08-25T04:44:25.857Z] > git remote --verbose [1ms]
[2022-08-25T04:44:25.919Z] > git config --get commit.template [2ms]
[2022-08-25T04:44:55.662Z] > git status -z -uall [80ms]
[2022-08-25T04:44:55.672Z] > git symbolic-ref --short HEAD [1ms]
[2022-08-25T04:44:55.680Z] > git for-each-ref --format=%(refname)%00%(upstream:short)%00%(objectname)%00%(upstream:track)%00%(upstream:remotename)%00%(upstream:remoteref) refs/heads/feature/get-name refs/remotes/feature/get-name [1ms]
[2022-08-25T04:44:55.693Z] > git for-each-ref --sort -committerdate --format %(refname) %(objectname) %(*objectname) [7ms]
[2022-08-25T04:44:55.693Z] > git remote --verbose [1ms]
[2022-08-25T04:44:55.757Z] > git config --get commit.template [5ms]
[2022-08-25T04:45:11.804Z] > git status -z -uall [81ms]
[2022-08-25T04:45:11.813Z] > git symbolic-ref --short HEAD [1ms]
[2022-08-25T04:45:11.822Z] > git for-each-ref --format=%(refname)%00%(upstream:short)%00%(objectname)%00%(upstream:track)%00%(upstream:remotename)%00%(upstream:remoteref) refs/heads/feature/get-name refs/remotes/feature/get-name [1ms]
[2022-08-25T04:45:11.835Z] > git for-each-ref --sort -committerdate --format %(refname) %(objectname) %(*objectname) [7ms]
[2022-08-25T04:45:11.836Z] > git remote --verbose [1ms]
[2022-08-25T04:45:11.896Z] > git config --get commit.template [1ms]
[2022-08-25T04:45:49.845Z] > git status -z -uall [85ms]
[2022-08-25T04:45:49.853Z] > git symbolic-ref --short HEAD [1ms]
[2022-08-25T04:45:49.859Z] > git for-each-ref --format=%(refname)%00%(upstream:short)%00%(objectname)%00%(upstream:track)%00%(upstream:remotename)%00%(upstream:remoteref) refs/heads/feature/get-name refs/remotes/feature/get-name [1ms]
[2022-08-25T04:45:49.870Z] > git for-each-ref --sort -committerdate --format %(refname) %(objectname) %(*objectname) [5ms]
[2022-08-25T04:45:49.870Z] > git remote --verbose [1ms]
[2022-08-25T04:45:49.933Z] > git config --get commit.template [1ms]
[2022-08-25T04:48:08.625Z] > git status -z -uall [87ms]
[2022-08-25T04:48:08.634Z] > git symbolic-ref --short HEAD [1ms]
[2022-08-25T04:48:08.642Z] > git for-each-ref --format=%(refname)%00%(upstream:short)%00%(objectname)%00%(upstream:track)%00%(upstream:remotename)%00%(upstream:remoteref) refs/heads/feature/get-name refs/remotes/feature/get-name [3ms]
[2022-08-25T04:48:08.656Z] > git for-each-ref --sort -committerdate --format %(refname) %(objectname) %(*objectname) [8ms]
[2022-08-25T04:48:08.659Z] > git remote --verbose [7ms]
[2022-08-25T04:48:08.804Z] > git config --get commit.template [5ms]
[2022-08-25T04:48:24.121Z] > git show --textconv :static/style.css [8ms]
[2022-08-25T04:48:24.125Z] > git ls-files --stage -- /home/miura/static/style.css [4ms]
[2022-08-25T04:48:24.134Z] > git cat-file -s 6d7707f451c5567b21ff06e28604135f8c468bdf [1ms]
[2022-08-25T04:48:31.074Z] > git status -z -uall [80ms]
[2022-08-25T04:48:31.084Z] > git symbolic-ref --short HEAD [1ms]
[2022-08-25T04:48:31.092Z] > git for-each-ref --format=%(refname)%00%(upstream:short)%00%(objectname)%00%(upstream:track)%00%(upstream:remotename)%00%(upstream:remoteref) refs/heads/feature/get-name refs/remotes/feature/get-name [1ms]
[2022-08-25T04:48:31.105Z] > git for-each-ref --sort -committerdate --format %(refname) %(objectname) %(*objectname) [7ms]
[2022-08-25T04:48:31.105Z] > git remote --verbose [1ms]
[2022-08-25T04:48:31.165Z] > git config --get commit.template [1ms]
[2022-08-25T04:48:43.434Z] > git show --textconv :templates/next-page.html [7ms]
[2022-08-25T04:48:43.438Z] > git ls-files --stage -- /home/miura/templates/next-page.html [4ms]
[2022-08-25T04:48:43.446Z] > git cat-file -s 6151b4cfd2001ab14e2ae65df7f11e3af896795a [1ms]
[2022-08-25T04:48:51.658Z] > git show --textconv :index.py [7ms]
[2022-08-25T04:48:51.663Z] > git ls-files --stage -- /home/miura/index.py [5ms]
[2022-08-25T04:48:51.669Z] > git cat-file -s 1eaa08385698ece55818cc11b267b5f7afc257ec [1ms]
[2022-08-25T04:48:57.861Z] > git status -z -uall [84ms]
[2022-08-25T04:48:57.870Z] > git symbolic-ref --short HEAD [0ms]
[2022-08-25T04:48:57.877Z] > git for-each-ref --format=%(refname)%00%(upstream:short)%00%(objectname)%00%(upstream:track)%00%(upstream:remotename)%00%(upstream:remoteref) refs/heads/feature/get-name refs/remotes/feature/get-name [1ms]
[2022-08-25T04:48:57.889Z] > git for-each-ref --sort -committerdate --format %(refname) %(objectname) %(*objectname) [5ms]
[2022-08-25T04:48:57.889Z] > git remote --verbose [1ms]
[2022-08-25T04:48:57.950Z] > git config --get commit.template [1ms]
[2022-08-25T04:49:21.538Z] > git show --textconv :templates/next-page.html [6ms]
[2022-08-25T04:49:21.543Z] > git ls-files --stage -- /home/miura/templates/next-page.html [4ms]
[2022-08-25T04:49:21.549Z] > git cat-file -s 6151b4cfd2001ab14e2ae65df7f11e3af896795a [1ms]
[2022-08-25T04:49:55.416Z] > git status -z -uall [86ms]
[2022-08-25T04:49:55.424Z] > git symbolic-ref --short HEAD [1ms]
[2022-08-25T04:49:55.431Z] > git for-each-ref --format=%(refname)%00%(upstream:short)%00%(objectname)%00%(upstream:track)%00%(upstream:remotename)%00%(upstream:remoteref) refs/heads/feature/get-name refs/remotes/feature/get-name [1ms]
[2022-08-25T04:49:55.441Z] > git for-each-ref --sort -committerdate --format %(refname) %(objectname) %(*objectname) [5ms]
[2022-08-25T04:49:55.442Z] > git remote --verbose [1ms]
[2022-08-25T04:49:55.504Z] > git config --get commit.template [2ms]
[2022-08-25T04:50:06.360Z] > git show --textconv :index.py [8ms]
[2022-08-25T04:50:06.364Z] > git ls-files --stage -- /home/miura/index.py [5ms]
[2022-08-25T04:50:06.372Z] > git cat-file -s 1eaa08385698ece55818cc11b267b5f7afc257ec [1ms]
[2022-08-25T04:50:23.688Z] > git status -z -uall [80ms]
[2022-08-25T04:50:23.698Z] > git symbolic-ref --short HEAD [1ms]
[2022-08-25T04:50:23.706Z] > git for-each-ref --format=%(refname)%00%(upstream:short)%00%(objectname)%00%(upstream:track)%00%(upstream:remotename)%00%(upstream:remoteref) refs/heads/feature/get-name refs/remotes/feature/get-name [1ms]
[2022-08-25T04:50:23.720Z] > git for-each-ref --sort -committerdate --format %(refname) %(objectname) %(*objectname) [7ms]
[2022-08-25T04:50:23.720Z] > git remote --verbose [1ms]
[2022-08-25T04:50:23.783Z] > git config --get commit.template [1ms]
[2022-08-25T04:50:53.519Z] > git show --textconv :templates/next-page.html [7ms]
[2022-08-25T04:50:53.523Z] > git ls-files --stage -- /home/miura/templates/next-page.html [4ms]
[2022-08-25T04:50:53.530Z] > git cat-file -s 6151b4cfd2001ab14e2ae65df7f11e3af896795a [1ms]
[2022-08-25T04:51:45.106Z] > git status -z -uall [96ms]
[2022-08-25T04:51:45.114Z] > git symbolic-ref --short HEAD [1ms]
[2022-08-25T04:51:45.121Z] > git for-each-ref --format=%(refname)%00%(upstream:short)%00%(objectname)%00%(upstream:track)%00%(upstream:remotename)%00%(upstream:remoteref) refs/heads/feature/get-name refs/remotes/feature/get-name [1ms]
[2022-08-25T04:51:45.132Z] > git for-each-ref --sort -committerdate --format %(refname) %(objectname) %(*objectname) [5ms]
[2022-08-25T04:51:45.132Z] > git remote --verbose [1ms]
[2022-08-25T04:51:45.194Z] > git config --get commit.template [1ms]
[2022-08-25T04:51:47.935Z] > git show --textconv :index.py [8ms]
[2022-08-25T04:51:47.940Z] > git ls-files --stage -- /home/miura/index.py [5ms]
[2022-08-25T04:51:47.948Z] > git cat-file -s 1eaa08385698ece55818cc11b267b5f7afc257ec [1ms]
[2022-08-25T04:51:58.576Z] > git status -z -uall [86ms]
[2022-08-25T04:51:58.586Z] > git symbolic-ref --short HEAD [1ms]
[2022-08-25T04:51:58.594Z] > git for-each-ref --format=%(refname)%00%(upstream:short)%00%(objectname)%00%(upstream:track)%00%(upstream:remotename)%00%(upstream:remoteref) refs/heads/feature/get-name refs/remotes/feature/get-name [1ms]
[2022-08-25T04:51:58.609Z] > git for-each-ref --sort -committerdate --format %(refname) %(objectname) %(*objectname) [7ms]
[2022-08-25T04:51:58.609Z] > git remote --verbose [1ms]
[2022-08-25T04:51:58.673Z] > git config --get commit.template [1ms]
[2022-08-25T04:52:20.864Z] > git show --textconv :templates/next-page.html [6ms]
[2022-08-25T04:52:20.869Z] > git ls-files --stage -- /home/miura/templates/next-page.html [4ms]
[2022-08-25T04:52:20.875Z] > git cat-file -s 6151b4cfd2001ab14e2ae65df7f11e3af896795a [1ms]
[2022-08-25T04:54:13.574Z] > git status -z -uall [88ms]
[2022-08-25T04:54:13.582Z] > git symbolic-ref --short HEAD [1ms]
[2022-08-25T04:54:13.589Z] > git for-each-ref --format=%(refname)%00%(upstream:short)%00%(objectname)%00%(upstream:track)%00%(upstream:remotename)%00%(upstream:remoteref) refs/heads/feature/get-name refs/remotes/feature/get-name [1ms]
[2022-08-25T04:54:13.600Z] > git for-each-ref --sort -committerdate --format %(refname) %(objectname) %(*objectname) [5ms]
[2022-08-25T04:54:13.601Z] > git remote --verbose [1ms]
[2022-08-25T04:54:13.687Z] > git config --get commit.template [5ms]
[2022-08-25T04:54:20.235Z] > git show --textconv :index.py [9ms]
[2022-08-25T04:54:20.240Z] > git ls-files --stage -- /home/miura/index.py [6ms]
[2022-08-25T04:54:20.247Z] > git cat-file -s 1eaa08385698ece55818cc11b267b5f7afc257ec [1ms]
[2022-08-25T04:54:26.451Z] > git status -z -uall [80ms]
[2022-08-25T04:54:26.461Z] > git symbolic-ref --short HEAD [1ms]
[2022-08-25T04:54:26.470Z] > git for-each-ref --format=%(refname)%00%(upstream:short)%00%(objectname)%00%(upstream:track)%00%(upstream:remotename)%00%(upstream:remoteref) refs/heads/feature/get-name refs/remotes/feature/get-name [1ms]
[2022-08-25T04:54:26.483Z] > git for-each-ref --sort -committerdate --format %(refname) %(objectname) %(*objectname) [7ms]
[2022-08-25T04:54:26.483Z] > git remote --verbose [1ms]
[2022-08-25T04:54:26.545Z] > git config --get commit.template [1ms]
[2022-08-25T04:54:52.237Z] > git status -z -uall [85ms]
[2022-08-25T04:54:52.245Z] > git symbolic-ref --short HEAD [1ms]
[2022-08-25T04:54:52.251Z] > git for-each-ref --format=%(refname)%00%(upstream:short)%00%(objectname)%00%(upstream:track)%00%(upstream:remotename)%00%(upstream:remoteref) refs/heads/feature/get-name refs/remotes/feature/get-name [1ms]
[2022-08-25T04:54:52.262Z] > git for-each-ref --sort -committerdate --format %(refname) %(objectname) %(*objectname) [6ms]
[2022-08-25T04:54:52.262Z] > git remote --verbose [1ms]
[2022-08-25T04:54:52.326Z] > git config --get commit.template [2ms]
[2022-08-25T04:54:58.449Z] > git show --textconv :static/style.css [9ms]
[2022-08-25T04:54:58.453Z] > git ls-files --stage -- /home/miura/static/style.css [5ms]
[2022-08-25T04:54:58.461Z] > git cat-file -s 6d7707f451c5567b21ff06e28604135f8c468bdf [1ms]
[2022-08-25T04:55:35.646Z] > git status -z -uall [91ms]
[2022-08-25T04:55:35.655Z] > git symbolic-ref --short HEAD [0ms]
[2022-08-25T04:55:35.662Z] > git for-each-ref --format=%(refname)%00%(upstream:short)%00%(objectname)%00%(upstream:track)%00%(upstream:remotename)%00%(upstream:remoteref) refs/heads/feature/get-name refs/remotes/feature/get-name [1ms]
[2022-08-25T04:55:35.674Z] > git for-each-ref --sort -committerdate --format %(refname) %(objectname) %(*objectname) [5ms]
[2022-08-25T04:55:35.674Z] > git remote --verbose [1ms]
[2022-08-25T04:55:35.742Z] > git config --get commit.template [2ms]
[2022-08-25T04:55:38.227Z] > git show --textconv :templates/next-page.html [8ms]
[2022-08-25T04:55:38.231Z] > git ls-files --stage -- /home/miura/templates/next-page.html [4ms]
[2022-08-25T04:55:38.240Z] > git cat-file -s 6151b4cfd2001ab14e2ae65df7f11e3af896795a [1ms]
[2022-08-25T04:55:58.601Z] > git status -z -uall [79ms]
[2022-08-25T04:55:58.611Z] > git symbolic-ref --short HEAD [1ms]
[2022-08-25T04:55:58.620Z] > git for-each-ref --format=%(refname)%00%(upstream:short)%00%(objectname)%00%(upstream:track)%00%(upstream:remotename)%00%(upstream:remoteref) refs/heads/feature/get-name refs/remotes/feature/get-name [1ms]
[2022-08-25T04:55:58.632Z] > git for-each-ref --sort -committerdate --format %(refname) %(objectname) %(*objectname) [6ms]
[2022-08-25T04:55:58.633Z] > git remote --verbose [1ms]
[2022-08-25T04:55:58.696Z] > git config --get commit.template [1ms]
[2022-08-25T04:56:07.137Z] > git show --textconv :index.py [9ms]
[2022-08-25T04:56:07.142Z] > git ls-files --stage -- /home/miura/index.py [6ms]
[2022-08-25T04:56:07.150Z] > git cat-file -s 1eaa08385698ece55818cc11b267b5f7afc257ec [2ms]
[2022-08-25T04:56:12.268Z] > git status -z -uall [82ms]
[2022-08-25T04:56:12.278Z] > git symbolic-ref --short HEAD [1ms]
[2022-08-25T04:56:12.287Z] > git for-each-ref --format=%(refname)%00%(upstream:short)%00%(objectname)%00%(upstream:track)%00%(upstream:remotename)%00%(upstream:remoteref) refs/heads/feature/get-name refs/remotes/feature/get-name [1ms]
[2022-08-25T04:56:12.303Z] > git for-each-ref --sort -committerdate --format %(refname) %(objectname) %(*objectname) [8ms]
[2022-08-25T04:56:12.303Z] > git remote --verbose [1ms]
[2022-08-25T04:56:12.368Z] > git config --get commit.template [3ms]
[2022-08-25T04:58:57.530Z] > git status -z -uall [83ms]
[2022-08-25T04:58:57.538Z] > git symbolic-ref --short HEAD [1ms]
[2022-08-25T04:58:57.546Z] > git for-each-ref --format=%(refname)%00%(upstream:short)%00%(objectname)%00%(upstream:track)%00%(upstream:remotename)%00%(upstream:remoteref) refs/heads/feature/get-name refs/remotes/feature/get-name [1ms]
[2022-08-25T04:58:57.557Z] > git for-each-ref --sort -committerdate --format %(refname) %(objectname) %(*objectname) [6ms]
[2022-08-25T04:58:57.558Z] > git remote --verbose [1ms]
[2022-08-25T04:58:57.628Z] > git config --get commit.template [3ms]
[2022-08-25T04:59:00.654Z] > git show --textconv :static/style.css [9ms]
[2022-08-25T04:59:00.658Z] > git ls-files --stage -- /home/miura/static/style.css [4ms]
[2022-08-25T04:59:00.667Z] > git cat-file -s 6d7707f451c5567b21ff06e28604135f8c468bdf [1ms]
[2022-08-25T04:59:11.709Z] > git status -z -uall [80ms]
[2022-08-25T04:59:11.720Z] > git symbolic-ref --short HEAD [1ms]
[2022-08-25T04:59:11.728Z] > git for-each-ref --format=%(refname)%00%(upstream:short)%00%(objectname)%00%(upstream:track)%00%(upstream:remotename)%00%(upstream:remoteref) refs/heads/feature/get-name refs/remotes/feature/get-name [1ms]
[2022-08-25T04:59:11.742Z] > git for-each-ref --sort -committerdate --format %(refname) %(objectname) %(*objectname) [7ms]
[2022-08-25T04:59:11.742Z] > git remote --verbose [1ms]
[2022-08-25T04:59:11.809Z] > git config --get commit.template [1ms]
[2022-08-25T04:59:13.902Z] > git show --textconv :index.py [12ms]
[2022-08-25T04:59:13.905Z] > git ls-files --stage -- /home/miura/index.py [6ms]
[2022-08-25T04:59:13.916Z] > git cat-file -s 1eaa08385698ece55818cc11b267b5f7afc257ec [2ms]
[2022-08-25T04:59:17.438Z] > git status -z -uall [78ms]
[2022-08-25T04:59:17.448Z] > git symbolic-ref --short HEAD [1ms]
[2022-08-25T04:59:17.456Z] > git for-each-ref --format=%(refname)%00%(upstream:short)%00%(objectname)%00%(upstream:track)%00%(upstream:remotename)%00%(upstream:remoteref) refs/heads/feature/get-name refs/remotes/feature/get-name [1ms]
[2022-08-25T04:59:17.469Z] > git for-each-ref --sort -committerdate --format %(refname) %(objectname) %(*objectname) [7ms]
[2022-08-25T04:59:17.469Z] > git remote --verbose [1ms]
[2022-08-25T04:59:17.528Z] > git config --get commit.template [1ms]
[2022-08-25T05:00:05.866Z] > git status -z -uall [85ms]
[2022-08-25T05:00:05.876Z] > git symbolic-ref --short HEAD [1ms]
[2022-08-25T05:00:05.886Z] > git for-each-ref --format=%(refname)%00%(upstream:short)%00%(objectname)%00%(upstream:track)%00%(upstream:remotename)%00%(upstream:remoteref) refs/heads/feature/get-name refs/remotes/feature/get-name [1ms]
[2022-08-25T05:00:05.900Z] > git for-each-ref --sort -committerdate --format %(refname) %(objectname) %(*objectname) [7ms]
[2022-08-25T05:00:05.901Z] > git remote --verbose [1ms]
[2022-08-25T05:00:05.964Z] > git config --get commit.template [1ms]
[2022-08-25T05:00:43.833Z] > git show --textconv :templates/first-page.html [8ms]
[2022-08-25T05:00:43.837Z] > git ls-files --stage -- /home/miura/templates/first-page.html [4ms]
[2022-08-25T05:00:43.844Z] > git cat-file -s 4496023d24ef0bd6bacd3a5fdc60389ec29a7c83 [1ms]
[2022-08-25T05:00:45.078Z] > git show --textconv :templates/next-page.html [9ms]
[2022-08-25T05:00:45.082Z] > git ls-files --stage -- /home/miura/templates/next-page.html [5ms]
[2022-08-25T05:00:45.090Z] > git cat-file -s 6151b4cfd2001ab14e2ae65df7f11e3af896795a [1ms]
[2022-08-25T05:01:29.179Z] > git status -z -uall [82ms]
[2022-08-25T05:01:29.196Z] > git symbolic-ref --short HEAD [8ms]
[2022-08-25T05:01:29.204Z] > git for-each-ref --format=%(refname)%00%(upstream:short)%00%(objectname)%00%(upstream:track)%00%(upstream:remotename)%00%(upstream:remoteref) refs/heads/feature/get-name refs/remotes/feature/get-name [1ms]
[2022-08-25T05:01:29.217Z] > git for-each-ref --sort -committerdate --format %(refname) %(objectname) %(*objectname) [6ms]
[2022-08-25T05:01:29.217Z] > git remote --verbose [1ms]
[2022-08-25T05:01:29.283Z] > git config --get commit.template [1ms]
[2022-08-25T05:01:31.196Z] > git show --textconv :index.py [9ms]
[2022-08-25T05:01:31.201Z] > git ls-files --stage -- /home/miura/index.py [6ms]
[2022-08-25T05:01:31.210Z] > git cat-file -s 1eaa08385698ece55818cc11b267b5f7afc257ec [1ms]
[2022-08-25T05:02:23.825Z] > git status -z -uall [84ms]
[2022-08-25T05:02:23.836Z] > git symbolic-ref --short HEAD [1ms]
[2022-08-25T05:02:23.844Z] > git for-each-ref --format=%(refname)%00%(upstream:short)%00%(objectname)%00%(upstream:track)%00%(upstream:remotename)%00%(upstream:remoteref) refs/heads/feature/get-name refs/remotes/feature/get-name [1ms]
[2022-08-25T05:02:23.857Z] > git for-each-ref --sort -committerdate --format %(refname) %(objectname) %(*objectname) [6ms]
[2022-08-25T05:02:23.858Z] > git remote --verbose [1ms]
[2022-08-25T05:02:23.928Z] > git config --get commit.template [5ms]
[2022-08-25T05:02:26.647Z] > git show --textconv :templates/next-page.html [8ms]
[2022-08-25T05:02:26.652Z] > git ls-files --stage -- /home/miura/templates/next-page.html [5ms]
[2022-08-25T05:02:26.660Z] > git cat-file -s 6151b4cfd2001ab14e2ae65df7f11e3af896795a [1ms]
[2022-08-25T05:02:49.267Z] > git show --textconv :database.py [9ms]
[2022-08-25T05:02:49.273Z] > git ls-files --stage -- /home/miura/database.py [6ms]
[2022-08-25T05:02:49.281Z] > git cat-file -s e3ba82f3486d1510e27589e6848be7e4dbad6b1b [1ms]
[2022-08-25T05:03:03.445Z] > git status -z -uall [80ms]
[2022-08-25T05:03:03.456Z] > git symbolic-ref --short HEAD [1ms]
[2022-08-25T05:03:03.465Z] > git for-each-ref --format=%(refname)%00%(upstream:short)%00%(objectname)%00%(upstream:track)%00%(upstream:remotename)%00%(upstream:remoteref) refs/heads/feature/get-name refs/remotes/feature/get-name [1ms]
[2022-08-25T05:03:03.479Z] > git for-each-ref --sort -committerdate --format %(refname) %(objectname) %(*objectname) [8ms]
[2022-08-25T05:03:03.480Z] > git remote --verbose [3ms]
[2022-08-25T05:03:03.552Z] > git config --get commit.template [1ms]
[2022-08-25T05:03:06.143Z] > git show --textconv :templates/next-page.html [10ms]
[2022-08-25T05:03:06.147Z] > git ls-files --stage -- /home/miura/templates/next-page.html [5ms]
[2022-08-25T05:03:06.155Z] > git cat-file -s 6151b4cfd2001ab14e2ae65df7f11e3af896795a [1ms]
[2022-08-25T05:03:46.608Z] > git status -z -uall [80ms]
[2022-08-25T05:03:46.618Z] > git symbolic-ref --short HEAD [1ms]
[2022-08-25T05:03:46.626Z] > git for-each-ref --format=%(refname)%00%(upstream:short)%00%(objectname)%00%(upstream:track)%00%(upstream:remotename)%00%(upstream:remoteref) refs/heads/feature/get-name refs/remotes/feature/get-name [1ms]
[2022-08-25T05:03:46.638Z] > git for-each-ref --sort -committerdate --format %(refname) %(objectname) %(*objectname) [6ms]
[2022-08-25T05:03:46.638Z] > git remote --verbose [1ms]
[2022-08-25T05:03:46.703Z] > git config --get commit.template [1ms]
[2022-08-25T05:03:49.132Z] > git show --textconv :index.py [9ms]
[2022-08-25T05:03:49.137Z] > git ls-files --stage -- /home/miura/index.py [5ms]
[2022-08-25T05:03:49.145Z] > git cat-file -s 1eaa08385698ece55818cc11b267b5f7afc257ec [1ms]
[2022-08-25T05:03:58.134Z] > git show --textconv :templates/first-page.html [9ms]
[2022-08-25T05:03:58.138Z] > git ls-files --stage -- /home/miura/templates/first-page.html [5ms]
[2022-08-25T05:03:58.146Z] > git cat-file -s 4496023d24ef0bd6bacd3a5fdc60389ec29a7c83 [1ms]
[2022-08-25T05:04:04.215Z] > git show --textconv :static/style.css [9ms]
[2022-08-25T05:04:04.219Z] > git ls-files --stage -- /home/miura/static/style.css [4ms]
[2022-08-25T05:04:04.227Z] > git cat-file -s 6d7707f451c5567b21ff06e28604135f8c468bdf [1ms]
[2022-08-25T05:04:05.344Z] > git show --textconv :templates/first-page.html [9ms]
[2022-08-25T05:04:05.348Z] > git ls-files --stage -- /home/miura/templates/first-page.html [5ms]
[2022-08-25T05:04:05.356Z] > git cat-file -s 4496023d24ef0bd6bacd3a5fdc60389ec29a7c83 [1ms]
[2022-08-25T05:04:08.333Z] > git show --textconv :templates/next-page.html [11ms]
[2022-08-25T05:04:08.336Z] > git ls-files --stage -- /home/miura/templates/next-page.html [4ms]
[2022-08-25T05:04:08.344Z] > git cat-file -s 6151b4cfd2001ab14e2ae65df7f11e3af896795a [1ms]
[2022-08-25T05:04:09.633Z] > git show --textconv :templates/first-page.html [9ms]
[2022-08-25T05:04:09.637Z] > git ls-files --stage -- /home/miura/templates/first-page.html [4ms]
[2022-08-25T05:04:09.646Z] > git cat-file -s 4496023d24ef0bd6bacd3a5fdc60389ec29a7c83 [1ms]
[2022-08-25T05:04:13.481Z] > git show --textconv :index.py [9ms]
[2022-08-25T05:04:13.486Z] > git ls-files --stage -- /home/miura/index.py [6ms]
[2022-08-25T05:04:13.494Z] > git cat-file -s 1eaa08385698ece55818cc11b267b5f7afc257ec [1ms]
[2022-08-25T05:04:20.958Z] > git status -z -uall [81ms]
[2022-08-25T05:04:20.970Z] > git symbolic-ref --short HEAD [1ms]
[2022-08-25T05:04:20.978Z] > git for-each-ref --format=%(refname)%00%(upstream:short)%00%(objectname)%00%(upstream:track)%00%(upstream:remotename)%00%(upstream:remoteref) refs/heads/feature/get-name refs/remotes/feature/get-name [1ms]
[2022-08-25T05:04:20.992Z] > git for-each-ref --sort -committerdate --format %(refname) %(objectname) %(*objectname) [7ms]
[2022-08-25T05:04:20.992Z] > git remote --verbose [1ms]
[2022-08-25T05:04:21.074Z] > git config --get commit.template [1ms]
[2022-08-25T05:04:28.912Z] > git status -z -uall [88ms]
[2022-08-25T05:04:28.923Z] > git symbolic-ref --short HEAD [2ms]
[2022-08-25T05:04:28.931Z] > git for-each-ref --format=%(refname)%00%(upstream:short)%00%(objectname)%00%(upstream:track)%00%(upstream:remotename)%00%(upstream:remoteref) refs/heads/feature/get-name refs/remotes/feature/get-name [1ms]
[2022-08-25T05:04:28.945Z] > git for-each-ref --sort -committerdate --format %(refname) %(objectname) %(*objectname) [7ms]
[2022-08-25T05:04:28.946Z] > git remote --verbose [2ms]
[2022-08-25T05:04:29.009Z] > git config --get commit.template [1ms]
[2022-08-25T05:04:34.099Z] > git status -z -uall [79ms]
[2022-08-25T05:04:34.109Z] > git symbolic-ref --short HEAD [1ms]
[2022-08-25T05:04:34.117Z] > git for-each-ref --format=%(refname)%00%(upstream:short)%00%(objectname)%00%(upstream:track)%00%(upstream:remotename)%00%(upstream:remoteref) refs/heads/feature/get-name refs/remotes/feature/get-name [1ms]
[2022-08-25T05:04:34.130Z] > git for-each-ref --sort -committerdate --format %(refname) %(objectname) %(*objectname) [7ms]
[2022-08-25T05:04:34.130Z] > git remote --verbose [1ms]
[2022-08-25T05:04:34.189Z] > git config --get commit.template [0ms]
[2022-08-25T05:06:40.043Z] > git status -z -uall [81ms]
[2022-08-25T05:06:40.054Z] > git symbolic-ref --short HEAD [1ms]
[2022-08-25T05:06:40.063Z] > git for-each-ref --format=%(refname)%00%(upstream:short)%00%(objectname)%00%(upstream:track)%00%(upstream:remotename)%00%(upstream:remoteref) refs/heads/feature/get-name refs/remotes/feature/get-name [1ms]
[2022-08-25T05:06:40.076Z] > git for-each-ref --sort -committerdate --format %(refname) %(objectname) %(*objectname) [7ms]
[2022-08-25T05:06:40.077Z] > git remote --verbose [2ms]
[2022-08-25T05:06:40.150Z] > git config --get commit.template [1ms]
[2022-08-25T05:06:52.925Z] > git status -z -uall [79ms]
[2022-08-25T05:06:52.937Z] > git symbolic-ref --short HEAD [2ms]
[2022-08-25T05:06:52.946Z] > git for-each-ref --format=%(refname)%00%(upstream:short)%00%(objectname)%00%(upstream:track)%00%(upstream:remotename)%00%(upstream:remoteref) refs/heads/feature/get-name refs/remotes/feature/get-name [2ms]
[2022-08-25T05:06:52.959Z] > git for-each-ref --sort -committerdate --format %(refname) %(objectname) %(*objectname) [7ms]
[2022-08-25T05:06:52.959Z] > git remote --verbose [1ms]
[2022-08-25T05:06:53.018Z] > git config --get commit.template [1ms]
[2022-08-25T05:06:58.110Z] > git status -z -uall [80ms]
[2022-08-25T05:06:58.121Z] > git symbolic-ref --short HEAD [1ms]
[2022-08-25T05:06:58.131Z] > git for-each-ref --format=%(refname)%00%(upstream:short)%00%(objectname)%00%(upstream:track)%00%(upstream:remotename)%00%(upstream:remoteref) refs/heads/feature/get-name refs/remotes/feature/get-name [1ms]
[2022-08-25T05:06:58.144Z] > git for-each-ref --sort -committerdate --format %(refname) %(objectname) %(*objectname) [6ms]
[2022-08-25T05:06:58.145Z] > git remote --verbose [1ms]
[2022-08-25T05:06:58.205Z] > git config --get commit.template [1ms]
[2022-08-25T05:07:55.637Z] > git status -z -uall [82ms]
[2022-08-25T05:07:55.647Z] > git symbolic-ref --short HEAD [1ms]
[2022-08-25T05:07:55.656Z] > git for-each-ref --format=%(refname)%00%(upstream:short)%00%(objectname)%00%(upstream:track)%00%(upstream:remotename)%00%(upstream:remoteref) refs/heads/feature/get-name refs/remotes/feature/get-name [1ms]
[2022-08-25T05:07:55.668Z] > git for-each-ref --sort -committerdate --format %(refname) %(objectname) %(*objectname) [6ms]
[2022-08-25T05:07:55.669Z] > git remote --verbose [1ms]
[2022-08-25T05:07:55.737Z] > git config --get commit.template [0ms]
[2022-08-25T05:08:01.704Z] > git status -z -uall [79ms]
[2022-08-25T05:08:01.715Z] > git symbolic-ref --short HEAD [1ms]
[2022-08-25T05:08:01.723Z] > git for-each-ref --format=%(refname)%00%(upstream:short)%00%(objectname)%00%(upstream:track)%00%(upstream:remotename)%00%(upstream:remoteref) refs/heads/feature/get-name refs/remotes/feature/get-name [1ms]
[2022-08-25T05:08:01.736Z] > git for-each-ref --sort -committerdate --format %(refname) %(objectname) %(*objectname) [7ms]
[2022-08-25T05:08:01.736Z] > git remote --verbose [1ms]
[2022-08-25T05:08:01.797Z] > git config --get commit.template [1ms]
[2022-08-25T05:08:06.890Z] > git status -z -uall [81ms]
[2022-08-25T05:08:06.901Z] > git symbolic-ref --short HEAD [1ms]
[2022-08-25T05:08:06.911Z] > git for-each-ref --format=%(refname)%00%(upstream:short)%00%(objectname)%00%(upstream:track)%00%(upstream:remotename)%00%(upstream:remoteref) refs/heads/feature/get-name refs/remotes/feature/get-name [1ms]
[2022-08-25T05:08:06.925Z] > git for-each-ref --sort -committerdate --format %(refname) %(objectname) %(*objectname) [7ms]
[2022-08-25T05:08:06.925Z] > git remote --verbose [1ms]
[2022-08-25T05:08:06.987Z] > git config --get commit.template [1ms]
[2022-08-25T05:08:31.200Z] > git show --textconv :static/style.css [9ms]
[2022-08-25T05:08:31.204Z] > git ls-files --stage -- /home/miura/static/style.css [5ms]
[2022-08-25T05:08:31.212Z] > git cat-file -s 6d7707f451c5567b21ff06e28604135f8c468bdf [1ms]
[2022-08-25T05:08:40.909Z] > git status -z -uall [79ms]
[2022-08-25T05:08:40.919Z] > git symbolic-ref --short HEAD [1ms]
[2022-08-25T05:08:40.927Z] > git for-each-ref --format=%(refname)%00%(upstream:short)%00%(objectname)%00%(upstream:track)%00%(upstream:remotename)%00%(upstream:remoteref) refs/heads/feature/get-name refs/remotes/feature/get-name [1ms]
[2022-08-25T05:08:40.939Z] > git for-each-ref --sort -committerdate --format %(refname) %(objectname) %(*objectname) [6ms]
[2022-08-25T05:08:40.939Z] > git remote --verbose [1ms]
[2022-08-25T05:08:41.001Z] > git config --get commit.template [1ms]
[2022-08-25T05:09:01.460Z] > git status -z -uall [79ms]
[2022-08-25T05:09:01.470Z] > git symbolic-ref --short HEAD [1ms]
[2022-08-25T05:09:01.479Z] > git for-each-ref --format=%(refname)%00%(upstream:short)%00%(objectname)%00%(upstream:track)%00%(upstream:remotename)%00%(upstream:remoteref) refs/heads/feature/get-name refs/remotes/feature/get-name [1ms]
[2022-08-25T05:09:01.492Z] > git for-each-ref --sort -committerdate --format %(refname) %(objectname) %(*objectname) [7ms]
[2022-08-25T05:09:01.492Z] > git remote --verbose [1ms]
[2022-08-25T05:09:01.560Z] > git config --get commit.template [1ms]
[2022-08-25T05:09:18.756Z] > git status -z -uall [80ms]
[2022-08-25T05:09:18.766Z] > git symbolic-ref --short HEAD [1ms]
[2022-08-25T05:09:18.775Z] > git for-each-ref --format=%(refname)%00%(upstream:short)%00%(objectname)%00%(upstream:track)%00%(upstream:remotename)%00%(upstream:remoteref) refs/heads/feature/get-name refs/remotes/feature/get-name [1ms]
[2022-08-25T05:09:18.789Z] > git for-each-ref --sort -committerdate --format %(refname) %(objectname) %(*objectname) [6ms]
[2022-08-25T05:09:18.790Z] > git remote --verbose [1ms]
[2022-08-25T05:09:18.851Z] > git config --get commit.template [1ms]
[2022-08-25T05:09:56.839Z] > git show --textconv :templates/next-page.html [10ms]
[2022-08-25T05:09:56.843Z] > git ls-files --stage -- /home/miura/templates/next-page.html [5ms]
[2022-08-25T05:09:56.851Z] > git cat-file -s 6151b4cfd2001ab14e2ae65df7f11e3af896795a [1ms]
[2022-08-25T05:10:54.906Z] > git status -z -uall [86ms]
[2022-08-25T05:10:54.916Z] > git symbolic-ref --short HEAD [1ms]
[2022-08-25T05:10:54.923Z] > git for-each-ref --format=%(refname)%00%(upstream:short)%00%(objectname)%00%(upstream:track)%00%(upstream:remotename)%00%(upstream:remoteref) refs/heads/feature/get-name refs/remotes/feature/get-name [1ms]
[2022-08-25T05:10:54.935Z] > git for-each-ref --sort -committerdate --format %(refname) %(objectname) %(*objectname) [6ms]
[2022-08-25T05:10:54.936Z] > git remote --verbose [1ms]
[2022-08-25T05:10:55.003Z] > git config --get commit.template [1ms]
[2022-08-25T05:11:09.397Z] > git status -z -uall [80ms]
[2022-08-25T05:11:09.408Z] > git symbolic-ref --short HEAD [1ms]
[2022-08-25T05:11:09.416Z] > git for-each-ref --format=%(refname)%00%(upstream:short)%00%(objectname)%00%(upstream:track)%00%(upstream:remotename)%00%(upstream:remoteref) refs/heads/feature/get-name refs/remotes/feature/get-name [1ms]
[2022-08-25T05:11:09.430Z] > git for-each-ref --sort -committerdate --format %(refname) %(objectname) %(*objectname) [7ms]
[2022-08-25T05:11:09.430Z] > git remote --verbose [1ms]
[2022-08-25T05:11:09.488Z] > git config --get commit.template [1ms]
[2022-08-25T05:11:17.773Z] > git status -z -uall [78ms]
[2022-08-25T05:11:17.784Z] > git symbolic-ref --short HEAD [1ms]
[2022-08-25T05:11:17.793Z] > git for-each-ref --format=%(refname)%00%(upstream:short)%00%(objectname)%00%(upstream:track)%00%(upstream:remotename)%00%(upstream:remoteref) refs/heads/feature/get-name refs/remotes/feature/get-name [1ms]
[2022-08-25T05:11:17.806Z] > git for-each-ref --sort -committerdate --format %(refname) %(objectname) %(*objectname) [7ms]
[2022-08-25T05:11:17.807Z] > git remote --verbose [1ms]
[2022-08-25T05:11:17.867Z] > git config --get commit.template [1ms]
[2022-08-25T05:14:42.449Z] > git status -z -uall [83ms]
[2022-08-25T05:14:42.458Z] > git symbolic-ref --short HEAD [1ms]
[2022-08-25T05:14:42.465Z] > git for-each-ref --format=%(refname)%00%(upstream:short)%00%(objectname)%00%(upstream:track)%00%(upstream:remotename)%00%(upstream:remoteref) refs/heads/feature/get-name refs/remotes/feature/get-name [1ms]
[2022-08-25T05:14:42.477Z] > git for-each-ref --sort -committerdate --format %(refname) %(objectname) %(*objectname) [6ms]
[2022-08-25T05:14:42.477Z] > git remote --verbose [1ms]
[2022-08-25T05:14:42.543Z] > git config --get commit.template [1ms]
[2022-08-25T05:15:23.809Z] > git status -z -uall [82ms]
[2022-08-25T05:15:23.820Z] > git symbolic-ref --short HEAD [1ms]
[2022-08-25T05:15:23.828Z] > git for-each-ref --format=%(refname)%00%(upstream:short)%00%(objectname)%00%(upstream:track)%00%(upstream:remotename)%00%(upstream:remoteref) refs/heads/feature/get-name refs/remotes/feature/get-name [1ms]
[2022-08-25T05:15:23.842Z] > git for-each-ref --sort -committerdate --format %(refname) %(objectname) %(*objectname) [7ms]
[2022-08-25T05:15:23.843Z] > git remote --verbose [1ms]
[2022-08-25T05:15:23.913Z] > git config --get commit.template [7ms]
[2022-08-25T05:18:10.527Z] > git status -z -uall [80ms]
[2022-08-25T05:18:10.537Z] > git symbolic-ref --short HEAD [1ms]
[2022-08-25T05:18:10.545Z] > git for-each-ref --format=%(refname)%00%(upstream:short)%00%(objectname)%00%(upstream:track)%00%(upstream:remotename)%00%(upstream:remoteref) refs/heads/feature/get-name refs/remotes/feature/get-name [1ms]
[2022-08-25T05:18:10.557Z] > git for-each-ref --sort -committerdate --format %(refname) %(objectname) %(*objectname) [6ms]
[2022-08-25T05:18:10.558Z] > git remote --verbose [1ms]
[2022-08-25T05:18:10.622Z] > git config --get commit.template [1ms]
[2022-08-25T05:18:13.309Z] > git show --textconv :static/style.css [8ms]
[2022-08-25T05:18:13.314Z] > git ls-files --stage -- /home/miura/static/style.css [5ms]
[2022-08-25T05:18:13.322Z] > git cat-file -s 6d7707f451c5567b21ff06e28604135f8c468bdf [1ms]
[2022-08-25T05:18:13.872Z] > git show --textconv :templates/next-page.html [8ms]
[2022-08-25T05:18:13.878Z] > git ls-files --stage -- /home/miura/templates/next-page.html [6ms]
[2022-08-25T05:18:13.886Z] > git cat-file -s 6151b4cfd2001ab14e2ae65df7f11e3af896795a [1ms]
[2022-08-25T05:18:24.588Z] > git show --textconv :static/style.css [9ms]
[2022-08-25T05:18:24.592Z] > git ls-files --stage -- /home/miura/static/style.css [5ms]
[2022-08-25T05:18:24.600Z] > git cat-file -s 6d7707f451c5567b21ff06e28604135f8c468bdf [1ms]
[2022-08-25T05:18:33.860Z] > git show --textconv :templates/next-page.html [8ms]
[2022-08-25T05:18:33.864Z] > git ls-files --stage -- /home/miura/templates/next-page.html [4ms]
[2022-08-25T05:18:33.872Z] > git cat-file -s 6151b4cfd2001ab14e2ae65df7f11e3af896795a [1ms]
[2022-08-25T05:18:35.470Z] > git show --textconv :static/style.css [8ms]
[2022-08-25T05:18:35.474Z] > git ls-files --stage -- /home/miura/static/style.css [4ms]
[2022-08-25T05:18:35.482Z] > git cat-file -s 6d7707f451c5567b21ff06e28604135f8c468bdf [1ms]
[2022-08-25T05:18:53.043Z] > git show --textconv :templates/next-page.html [8ms]
[2022-08-25T05:18:53.047Z] > git ls-files --stage -- /home/miura/templates/next-page.html [4ms]
[2022-08-25T05:18:53.055Z] > git cat-file -s 6151b4cfd2001ab14e2ae65df7f11e3af896795a [1ms]
[2022-08-25T05:18:59.585Z] > git show --textconv :static/style.css [9ms]
[2022-08-25T05:18:59.588Z] > git ls-files --stage -- /home/miura/static/style.css [3ms]
[2022-08-25T05:18:59.596Z] > git cat-file -s 6d7707f451c5567b21ff06e28604135f8c468bdf [1ms]
[2022-08-25T05:19:01.447Z] > git show --textconv :static/style.css [11ms]
[2022-08-25T05:19:01.449Z] > git ls-files --stage -- /home/miura/static/style.css [2ms]
[2022-08-25T05:19:01.457Z] > git cat-file -s 6d7707f451c5567b21ff06e28604135f8c468bdf [1ms]
[2022-08-25T05:19:10.366Z] > git show --textconv :templates/first-page.html [8ms]
[2022-08-25T05:19:10.371Z] > git ls-files --stage -- /home/miura/templates/first-page.html [5ms]
[2022-08-25T05:19:10.379Z] > git cat-file -s 4496023d24ef0bd6bacd3a5fdc60389ec29a7c83 [1ms]
[2022-08-25T05:19:12.365Z] > git show --textconv :templates/next-page.html [8ms]
[2022-08-25T05:19:12.370Z] > git ls-files --stage -- /home/miura/templates/next-page.html [5ms]
[2022-08-25T05:19:12.377Z] > git cat-file -s 6151b4cfd2001ab14e2ae65df7f11e3af896795a [1ms]
[2022-08-25T05:19:50.737Z] > git status -z -uall [82ms]
[2022-08-25T05:19:50.747Z] > git symbolic-ref --short HEAD [1ms]
[2022-08-25T05:19:50.755Z] > git for-each-ref --format=%(refname)%00%(upstream:short)%00%(objectname)%00%(upstream:track)%00%(upstream:remotename)%00%(upstream:remoteref) refs/heads/feature/get-name refs/remotes/feature/get-name [1ms]
[2022-08-25T05:19:50.767Z] > git for-each-ref --sort -committerdate --format %(refname) %(objectname) %(*objectname) [6ms]
[2022-08-25T05:19:50.768Z] > git remote --verbose [1ms]
[2022-08-25T05:19:50.833Z] > git config --get commit.template [3ms]
[2022-08-25T05:19:56.591Z] > git show --textconv :index.py [8ms]
[2022-08-25T05:19:56.596Z] > git ls-files --stage -- /home/miura/index.py [6ms]
[2022-08-25T05:19:56.604Z] > git cat-file -s 1eaa08385698ece55818cc11b267b5f7afc257ec [1ms]
[2022-08-25T05:20:02.279Z] > git status -z -uall [82ms]
[2022-08-25T05:20:02.289Z] > git symbolic-ref --short HEAD [1ms]
[2022-08-25T05:20:02.298Z] > git for-each-ref --format=%(refname)%00%(upstream:short)%00%(objectname)%00%(upstream:track)%00%(upstream:remotename)%00%(upstream:remoteref) refs/heads/feature/get-name refs/remotes/feature/get-name [1ms]
[2022-08-25T05:20:02.311Z] > git for-each-ref --sort -committerdate --format %(refname) %(objectname) %(*objectname) [6ms]
[2022-08-25T05:20:02.312Z] > git remote --verbose [1ms]
[2022-08-25T05:20:02.386Z] > git config --get commit.template [2ms]
[2022-08-25T05:20:44.579Z] > git status -z -uall [79ms]
[2022-08-25T05:20:44.590Z] > git symbolic-ref --short HEAD [1ms]
[2022-08-25T05:20:44.598Z] > git for-each-ref --format=%(refname)%00%(upstream:short)%00%(objectname)%00%(upstream:track)%00%(upstream:remotename)%00%(upstream:remoteref) refs/heads/feature/get-name refs/remotes/feature/get-name [1ms]
[2022-08-25T05:20:44.612Z] > git for-each-ref --sort -committerdate --format %(refname) %(objectname) %(*objectname) [7ms]
[2022-08-25T05:20:44.612Z] > git remote --verbose [1ms]
[2022-08-25T05:20:44.674Z] > git config --get commit.template [1ms]
[2022-08-25T05:20:48.489Z] > git show --textconv :templates/next-page.html [9ms]
[2022-08-25T05:20:48.493Z] > git ls-files --stage -- /home/miura/templates/next-page.html [5ms]
[2022-08-25T05:20:48.501Z] > git cat-file -s 6151b4cfd2001ab14e2ae65df7f11e3af896795a [1ms]
[2022-08-25T05:22:09.883Z] > git status -z -uall [96ms]
[2022-08-25T05:22:09.893Z] > git symbolic-ref --short HEAD [0ms]
[2022-08-25T05:22:09.901Z] > git for-each-ref --format=%(refname)%00%(upstream:short)%00%(objectname)%00%(upstream:track)%00%(upstream:remotename)%00%(upstream:remoteref) refs/heads/feature/get-name refs/remotes/feature/get-name [2ms]
[2022-08-25T05:22:09.913Z] > git for-each-ref --sort -committerdate --format %(refname) %(objectname) %(*objectname) [6ms]
[2022-08-25T05:22:09.914Z] > git remote --verbose [1ms]
[2022-08-25T05:22:09.989Z] > git config --get commit.template [2ms]
[2022-08-25T05:22:26.032Z] > git status -z -uall [80ms]
[2022-08-25T05:22:26.042Z] > git symbolic-ref --short HEAD [1ms]
[2022-08-25T05:22:26.051Z] > git for-each-ref --format=%(refname)%00%(upstream:short)%00%(objectname)%00%(upstream:track)%00%(upstream:remotename)%00%(upstream:remoteref) refs/heads/feature/get-name refs/remotes/feature/get-name [1ms]
[2022-08-25T05:22:26.066Z] > git for-each-ref --sort -committerdate --format %(refname) %(objectname) %(*objectname) [8ms]
[2022-08-25T05:22:26.066Z] > git remote --verbose [1ms]
[2022-08-25T05:22:26.125Z] > git config --get commit.template [1ms]
[2022-08-25T05:22:27.923Z] > git show --textconv :index.py [9ms]
[2022-08-25T05:22:27.932Z] > git ls-files --stage -- /home/miura/index.py [9ms]
[2022-08-25T05:22:27.942Z] > git cat-file -s 1eaa08385698ece55818cc11b267b5f7afc257ec [2ms]
[2022-08-25T05:22:28.625Z] > git show --textconv :templates/next-page.html [8ms]
[2022-08-25T05:22:28.630Z] > git ls-files --stage -- /home/miura/templates/next-page.html [5ms]
[2022-08-25T05:22:28.638Z] > git cat-file -s 6151b4cfd2001ab14e2ae65df7f11e3af896795a [1ms]
[2022-08-25T05:22:32.649Z] > git show --textconv :templates/first-page.html [8ms]
[2022-08-25T05:22:32.654Z] > git ls-files --stage -- /home/miura/templates/first-page.html [5ms]
[2022-08-25T05:22:32.662Z] > git cat-file -s 4496023d24ef0bd6bacd3a5fdc60389ec29a7c83 [1ms]
[2022-08-25T05:22:32.674Z] > git status -z -uall [79ms]
[2022-08-25T05:22:32.685Z] > git symbolic-ref --short HEAD [2ms]
[2022-08-25T05:22:32.693Z] > git for-each-ref --format=%(refname)%00%(upstream:short)%00%(objectname)%00%(upstream:track)%00%(upstream:remotename)%00%(upstream:remoteref) refs/heads/feature/get-name refs/remotes/feature/get-name [2ms]
[2022-08-25T05:22:32.706Z] > git for-each-ref --sort -committerdate --format %(refname) %(objectname) %(*objectname) [7ms]
[2022-08-25T05:22:32.706Z] > git remote --verbose [1ms]
[2022-08-25T05:22:32.773Z] > git config --get commit.template [2ms]
[2022-08-25T05:22:42.773Z] > git status -z -uall [80ms]
[2022-08-25T05:22:42.784Z] > git symbolic-ref --short HEAD [1ms]
[2022-08-25T05:22:42.792Z] > git for-each-ref --format=%(refname)%00%(upstream:short)%00%(objectname)%00%(upstream:track)%00%(upstream:remotename)%00%(upstream:remoteref) refs/heads/feature/get-name refs/remotes/feature/get-name [1ms]
[2022-08-25T05:22:42.806Z] > git for-each-ref --sort -committerdate --format %(refname) %(objectname) %(*objectname) [7ms]
[2022-08-25T05:22:42.808Z] > git remote --verbose [3ms]
[2022-08-25T05:22:42.869Z] > git config --get commit.template [1ms]
[2022-08-25T05:22:45.355Z] > git show --textconv :static/style.css [9ms]
[2022-08-25T05:22:45.360Z] > git ls-files --stage -- /home/miura/static/style.css [5ms]
[2022-08-25T05:22:45.368Z] > git cat-file -s 6d7707f451c5567b21ff06e28604135f8c468bdf [1ms]
[2022-08-25T05:22:46.119Z] > git show --textconv :index.py [8ms]
[2022-08-25T05:22:46.124Z] > git ls-files --stage -- /home/miura/index.py [5ms]
[2022-08-25T05:22:46.133Z] > git cat-file -s 1eaa08385698ece55818cc11b267b5f7afc257ec [1ms]
[2022-08-25T05:23:09.422Z] > git status -z -uall [83ms]
[2022-08-25T05:23:09.433Z] > git symbolic-ref --short HEAD [1ms]
[2022-08-25T05:23:09.442Z] > git for-each-ref --format=%(refname)%00%(upstream:short)%00%(objectname)%00%(upstream:track)%00%(upstream:remotename)%00%(upstream:remoteref) refs/heads/feature/get-name refs/remotes/feature/get-name [1ms]
[2022-08-25T05:23:09.457Z] > git for-each-ref --sort -committerdate --format %(refname) %(objectname) %(*objectname) [8ms]
[2022-08-25T05:23:09.458Z] > git remote --verbose [2ms]
[2022-08-25T05:23:09.525Z] > git config --get commit.template [4ms]
[2022-08-25T05:24:12.257Z] > git status -z -uall [79ms]
[2022-08-25T05:24:12.268Z] > git symbolic-ref --short HEAD [1ms]
[2022-08-25T05:24:12.276Z] > git for-each-ref --format=%(refname)%00%(upstream:short)%00%(objectname)%00%(upstream:track)%00%(upstream:remotename)%00%(upstream:remoteref) refs/heads/feature/get-name refs/remotes/feature/get-name [1ms]
[2022-08-25T05:24:12.290Z] > git remote --verbose [1ms]
[2022-08-25T05:24:12.290Z] > git for-each-ref --sort -committerdate --format %(refname) %(objectname) %(*objectname) [7ms]
[2022-08-25T05:24:12.352Z] > git config --get commit.template [1ms]
[2022-08-25T05:24:56.374Z] > git show --textconv :templates/next-page.html [8ms]
[2022-08-25T05:24:56.379Z] > git ls-files --stage -- /home/miura/templates/next-page.html [5ms]
[2022-08-25T05:24:56.387Z] > git cat-file -s 6151b4cfd2001ab14e2ae65df7f11e3af896795a [1ms]
[2022-08-25T05:26:17.984Z] > git show --textconv :templates/first-page.html [8ms]
[2022-08-25T05:26:17.988Z] > git ls-files --stage -- /home/miura/templates/first-page.html [4ms]
[2022-08-25T05:26:17.995Z] > git cat-file -s 4496023d24ef0bd6bacd3a5fdc60389ec29a7c83 [1ms]
[2022-08-25T05:31:02.296Z] > git show --textconv :database.py [9ms]
[2022-08-25T05:31:02.301Z] > git ls-files --stage -- /home/miura/database.py [6ms]
[2022-08-25T05:31:02.309Z] > git cat-file -s e3ba82f3486d1510e27589e6848be7e4dbad6b1b [1ms]
[2022-08-25T05:32:31.075Z] > git status -z -uall [87ms]
[2022-08-25T05:32:31.085Z] > git symbolic-ref --short HEAD [1ms]
[2022-08-25T05:32:31.091Z] > git for-each-ref --format=%(refname)%00%(upstream:short)%00%(objectname)%00%(upstream:track)%00%(upstream:remotename)%00%(upstream:remoteref) refs/heads/feature/get-name refs/remotes/feature/get-name [1ms]
[2022-08-25T05:32:31.103Z] > git for-each-ref --sort -committerdate --format %(refname) %(objectname) %(*objectname) [6ms]
[2022-08-25T05:32:31.103Z] > git remote --verbose [1ms]
[2022-08-25T05:32:31.170Z] > git config --get commit.template [3ms]
[2022-08-25T05:37:40.083Z] > git status -z -uall [87ms]
[2022-08-25T05:37:40.091Z] > git symbolic-ref --short HEAD [1ms]
[2022-08-25T05:37:40.098Z] > git for-each-ref --format=%(refname)%00%(upstream:short)%00%(objectname)%00%(upstream:track)%00%(upstream:remotename)%00%(upstream:remoteref) refs/heads/feature/get-name refs/remotes/feature/get-name [1ms]
[2022-08-25T05:37:40.108Z] > git for-each-ref --sort -committerdate --format %(refname) %(objectname) %(*objectname) [5ms]
[2022-08-25T05:37:40.109Z] > git remote --verbose [1ms]
[2022-08-25T05:37:40.176Z] > git config --get commit.template [1ms]
[2022-08-25T05:44:01.650Z] > git show --textconv :index.py [7ms]
[2022-08-25T05:44:01.655Z] > git ls-files --stage -- /home/miura/index.py [6ms]
[2022-08-25T05:44:01.662Z] > git cat-file -s 1eaa08385698ece55818cc11b267b5f7afc257ec [1ms]
[2022-08-25T05:44:12.107Z] > git status -z -uall [84ms]
[2022-08-25T05:44:12.116Z] > git symbolic-ref --short HEAD [1ms]
[2022-08-25T05:44:12.123Z] > git for-each-ref --format=%(refname)%00%(upstream:short)%00%(objectname)%00%(upstream:track)%00%(upstream:remotename)%00%(upstream:remoteref) refs/heads/feature/get-name refs/remotes/feature/get-name [1ms]
[2022-08-25T05:44:12.134Z] > git for-each-ref --sort -committerdate --format %(refname) %(objectname) %(*objectname) [5ms]
[2022-08-25T05:44:12.135Z] > git remote --verbose [1ms]
[2022-08-25T05:44:12.193Z] > git config --get commit.template [2ms]
[2022-08-25T05:44:52.592Z] > git status -z -uall [88ms]
[2022-08-25T05:44:52.601Z] > git symbolic-ref --short HEAD [1ms]
[2022-08-25T05:44:52.607Z] > git for-each-ref --format=%(refname)%00%(upstream:short)%00%(objectname)%00%(upstream:track)%00%(upstream:remotename)%00%(upstream:remoteref) refs/heads/feature/get-name refs/remotes/feature/get-name [1ms]
[2022-08-25T05:44:52.619Z] > git for-each-ref --sort -committerdate --format %(refname) %(objectname) %(*objectname) [6ms]
[2022-08-25T05:44:52.619Z] > git remote --verbose [1ms]
[2022-08-25T05:44:52.683Z] > git config --get commit.template [1ms]
