[2022-08-18T01:13:24.710Z] ログ レベル: Info
[2022-08-18T01:13:24.715Z] [info] Git の検証が検出されました: git
[2022-08-18T01:13:24.748Z] [info] git から Git 2.34.1 を使用しています
[2022-08-18T01:13:24.790Z] > git rev-parse --show-toplevel [25ms]
[2022-08-18T01:13:24.790Z] fatal: not a git repository (or any of the parent directories): .git
[2022-08-18T01:13:24.808Z] > git rev-parse --show-toplevel [6ms]
[2022-08-18T01:13:24.808Z] fatal: not a git repository (or any of the parent directories): .git
[2022-08-18T01:13:24.818Z] > git rev-parse --show-toplevel [1ms]
[2022-08-18T01:13:24.818Z] fatal: not a git repository (or any of the parent directories): .git
[2022-08-18T01:13:24.826Z] > git rev-parse --show-toplevel [1ms]
[2022-08-18T01:13:24.826Z] fatal: not a git repository (or any of the parent directories): .git
[2022-08-18T01:13:25.028Z] > git rev-parse --show-toplevel [195ms]
[2022-08-18T01:13:25.028Z] fatal: not a git repository (or any of the parent directories): .git
[2022-08-18T01:13:25.051Z] > git rev-parse --show-toplevel [11ms]
[2022-08-18T01:13:25.051Z] fatal: not a git repository (or any of the parent directories): .git
[2022-08-18T01:13:25.067Z] > git rev-parse --show-toplevel [6ms]
[2022-08-18T01:13:25.067Z] fatal: not a git repository (or any of the parent directories): .git
[2022-08-18T01:13:25.078Z] > git rev-parse --show-toplevel [2ms]
[2022-08-18T01:13:25.078Z] fatal: not a git repository (or any of the parent directories): .git
[2022-08-18T01:13:25.087Z] > git rev-parse --show-toplevel [1ms]
[2022-08-18T01:13:25.087Z] fatal: not a git repository (or any of the parent directories): .git
[2022-08-18T01:13:25.111Z] > git rev-parse --show-toplevel [16ms]
[2022-08-18T01:13:25.111Z] fatal: not a git repository (or any of the parent directories): .git
[2022-08-18T01:13:25.845Z] > git rev-parse --show-toplevel [5ms]
[2022-08-18T01:13:25.845Z] fatal: not a git repository (or any of the parent directories): .git
[2022-08-18T01:13:25.862Z] > git rev-parse --show-toplevel [1ms]
[2022-08-18T01:13:25.862Z] fatal: not a git repository (or any of the parent directories): .git
[2022-08-18T01:13:25.882Z] > git rev-parse --show-toplevel [2ms]
[2022-08-18T01:13:25.882Z] fatal: not a git repository (or any of the parent directories): .git
[2022-08-18T01:13:25.892Z] > git rev-parse --show-toplevel [2ms]
[2022-08-18T01:13:25.892Z] fatal: not a git repository (or any of the parent directories): .git
[2022-08-18T01:13:30.550Z] > git rev-parse --show-toplevel [3ms]
[2022-08-18T01:13:30.550Z] fatal: not a git repository (or any of the parent directories): .git
[2022-08-18T01:21:23.864Z] > git rev-parse --show-toplevel [2ms]
[2022-08-18T01:21:23.864Z] fatal: not a git repository (or any of the parent directories): .git
[2022-08-18T01:22:41.511Z] > git rev-parse --show-toplevel [2ms]
[2022-08-18T01:22:41.511Z] fatal: not a git repository (or any of the parent directories): .git
[2022-08-18T02:01:13.916Z] > git rev-parse --show-toplevel [1ms]
[2022-08-18T02:01:13.916Z] fatal: not a git repository (or any of the parent directories): .git
[2022-08-18T02:01:30.343Z] > git rev-parse --show-toplevel [1ms]
[2022-08-18T02:01:30.343Z] fatal: not a git repository (or any of the parent directories): .git
[2022-08-18T02:04:01.015Z] > git rev-parse --show-toplevel [3ms]
[2022-08-18T02:04:01.015Z] fatal: not a git repository (or any of the parent directories): .git
[2022-08-18T02:04:03.513Z] > git rev-parse --show-toplevel [1ms]
[2022-08-18T02:04:03.513Z] fatal: not a git repository (or any of the parent directories): .git
[2022-08-18T02:20:52.132Z] > git rev-parse --show-toplevel [3ms]
[2022-08-18T02:20:52.132Z] fatal: not a git repository (or any of the parent directories): .git
[2022-08-18T02:21:01.624Z] > git rev-parse --show-toplevel [1ms]
[2022-08-18T02:21:01.624Z] fatal: not a git repository (or any of the parent directories): .git
[2022-08-18T02:53:30.533Z] > git rev-parse --show-toplevel [2ms]
[2022-08-18T02:53:30.533Z] fatal: not a git repository (or any of the parent directories): .git
[2022-08-18T02:55:32.690Z] > git rev-parse --show-toplevel [2ms]
[2022-08-18T02:55:32.690Z] fatal: not a git repository (or any of the parent directories): .git
[2022-08-18T02:56:16.157Z] > git rev-parse --show-toplevel [3ms]
[2022-08-18T02:56:16.157Z] fatal: not a git repository (or any of the parent directories): .git
[2022-08-18T02:57:21.416Z] > git rev-parse --show-toplevel [2ms]
[2022-08-18T02:57:21.416Z] fatal: not a git repository (or any of the parent directories): .git
[2022-08-18T02:58:55.163Z] > git rev-parse --show-toplevel [1ms]
[2022-08-18T02:58:55.163Z] fatal: not a git repository (or any of the parent directories): .git
[2022-08-18T02:58:56.513Z] > git rev-parse --show-toplevel [1ms]
[2022-08-18T02:58:56.513Z] fatal: not a git repository (or any of the parent directories): .git
[2022-08-18T02:59:16.705Z] > git rev-parse --show-toplevel [2ms]
[2022-08-18T02:59:16.705Z] fatal: not a git repository (or any of the parent directories): .git
[2022-08-18T02:59:21.283Z] > git rev-parse --show-toplevel [2ms]
[2022-08-18T02:59:21.283Z] fatal: not a git repository (or any of the parent directories): .git
[2022-08-18T03:01:08.281Z] > git rev-parse --show-toplevel [1ms]
[2022-08-18T03:01:08.281Z] fatal: not a git repository (or any of the parent directories): .git
[2022-08-18T03:01:40.076Z] > git rev-parse --show-toplevel [1ms]
[2022-08-18T03:01:40.076Z] fatal: not a git repository (or any of the parent directories): .git
