[2022-08-22T04:12:36.053Z] ログ レベル: Info
[2022-08-22T04:12:36.058Z] [info] Git の検証が検出されました: git
[2022-08-22T04:12:36.089Z] [info] git から Git 2.34.1 を使用しています
[2022-08-22T04:12:36.129Z] > git rev-parse --show-toplevel [28ms]
[2022-08-22T04:12:36.130Z] fatal: not a git repository (or any of the parent directories): .git
[2022-08-22T04:12:36.140Z] > git rev-parse --show-toplevel [2ms]
[2022-08-22T04:12:36.140Z] fatal: not a git repository (or any of the parent directories): .git
[2022-08-22T04:12:36.147Z] > git rev-parse --show-toplevel [2ms]
[2022-08-22T04:12:36.147Z] fatal: not a git repository (or any of the parent directories): .git
[2022-08-22T04:12:36.158Z] > git rev-parse --show-toplevel [6ms]
[2022-08-22T04:12:36.158Z] fatal: not a git repository (or any of the parent directories): .git
[2022-08-22T04:12:36.163Z] > git rev-parse --show-toplevel [1ms]
[2022-08-22T04:12:36.163Z] fatal: not a git repository (or any of the parent directories): .git
[2022-08-22T04:12:36.169Z] > git rev-parse --show-toplevel [1ms]
[2022-08-22T04:12:36.169Z] fatal: not a git repository (or any of the parent directories): .git
[2022-08-22T04:12:36.375Z] > git rev-parse --show-toplevel [202ms]
[2022-08-22T04:12:36.375Z] fatal: not a git repository (or any of the parent directories): .git
[2022-08-22T04:12:36.389Z] > git rev-parse --show-toplevel [6ms]
[2022-08-22T04:12:36.389Z] fatal: not a git repository (or any of the parent directories): .git
[2022-08-22T04:12:36.396Z] > git rev-parse --show-toplevel [2ms]
[2022-08-22T04:12:36.396Z] fatal: not a git repository (or any of the parent directories): .git
[2022-08-22T04:12:36.404Z] > git rev-parse --show-toplevel [1ms]
[2022-08-22T04:12:36.404Z] fatal: not a git repository (or any of the parent directories): .git
[2022-08-22T04:12:36.427Z] > git rev-parse --show-toplevel [3ms]
[2022-08-22T04:12:36.427Z] fatal: not a git repository (or any of the parent directories): .git
[2022-08-22T04:12:36.446Z] > git rev-parse --show-toplevel [3ms]
[2022-08-22T04:12:36.446Z] fatal: not a git repository (or any of the parent directories): .git
[2022-08-22T04:15:44.040Z] > git rev-parse --show-toplevel [0ms]
[2022-08-22T04:15:44.041Z] fatal: not a git repository (or any of the parent directories): .git
[2022-08-22T04:15:50.159Z] > git rev-parse --show-toplevel [3ms]
[2022-08-22T04:15:50.159Z] fatal: not a git repository (or any of the parent directories): .git
[2022-08-22T04:16:06.469Z] > git rev-parse --show-toplevel [2ms]
[2022-08-22T04:16:06.469Z] fatal: not a git repository (or any of the parent directories): .git
[2022-08-22T04:16:11.287Z] > git rev-parse --show-toplevel [2ms]
[2022-08-22T04:16:11.287Z] fatal: not a git repository (or any of the parent directories): .git
[2022-08-22T04:16:13.772Z] > git rev-parse --show-toplevel [2ms]
[2022-08-22T04:16:13.772Z] fatal: not a git repository (or any of the parent directories): .git
[2022-08-22T04:16:15.843Z] > git rev-parse --show-toplevel [1ms]
[2022-08-22T04:16:15.843Z] fatal: not a git repository (or any of the parent directories): .git
[2022-08-22T04:29:35.090Z] > git rev-parse --show-toplevel [1ms]
[2022-08-22T04:29:35.090Z] fatal: not a git repository (or any of the parent directories): .git
[2022-08-22T04:29:35.117Z] > git rev-parse --show-toplevel [1ms]
[2022-08-22T04:29:35.117Z] fatal: not a git repository (or any of the parent directories): .git
[2022-08-22T04:29:35.131Z] > git rev-parse --show-toplevel [2ms]
[2022-08-22T04:29:35.131Z] fatal: not a git repository (or any of the parent directories): .git
[2022-08-22T04:29:35.157Z] > git rev-parse --show-toplevel [1ms]
[2022-08-22T04:29:35.157Z] fatal: not a git repository (or any of the parent directories): .git
[2022-08-22T04:29:35.163Z] > git rev-parse --show-toplevel [1ms]
[2022-08-22T04:29:35.163Z] fatal: not a git repository (or any of the parent directories): .git
[2022-08-22T04:29:35.175Z] > git rev-parse --show-toplevel [0ms]
[2022-08-22T04:29:35.176Z] fatal: not a git repository (or any of the parent directories): .git
[2022-08-22T04:36:10.168Z] > git rev-parse --show-toplevel [3ms]
[2022-08-22T04:36:10.168Z] fatal: not a git repository (or any of the parent directories): .git
[2022-08-22T04:36:11.730Z] > git rev-parse --show-toplevel [2ms]
[2022-08-22T04:36:11.730Z] fatal: not a git repository (or any of the parent directories): .git
[2022-08-22T04:38:40.118Z] > git rev-parse --show-toplevel [1ms]
[2022-08-22T04:38:40.118Z] fatal: not a git repository (or any of the parent directories): .git
[2022-08-22T04:41:08.505Z] > git rev-parse --show-toplevel [2ms]
[2022-08-22T04:41:08.505Z] fatal: not a git repository (or any of the parent directories): .git
[2022-08-22T04:41:52.177Z] > git rev-parse --show-toplevel [4ms]
[2022-08-22T04:41:52.177Z] fatal: not a git repository (or any of the parent directories): .git
[2022-08-22T04:42:34.356Z] > git rev-parse --show-toplevel [2ms]
[2022-08-22T04:42:34.356Z] fatal: not a git repository (or any of the parent directories): .git
[2022-08-22T04:43:46.752Z] > git rev-parse --show-toplevel [1ms]
[2022-08-22T04:43:46.752Z] fatal: not a git repository (or any of the parent directories): .git
[2022-08-22T04:45:43.948Z] > git rev-parse --show-toplevel [4ms]
[2022-08-22T04:45:43.948Z] fatal: not a git repository (or any of the parent directories): .git
[2022-08-22T04:46:58.398Z] > git rev-parse --show-toplevel [3ms]
[2022-08-22T04:46:58.398Z] fatal: not a git repository (or any of the parent directories): .git
[2022-08-22T04:47:05.928Z] > git rev-parse --show-toplevel [1ms]
[2022-08-22T04:47:05.928Z] fatal: not a git repository (or any of the parent directories): .git
[2022-08-22T04:47:07.790Z] > git rev-parse --show-toplevel [1ms]
[2022-08-22T04:47:07.790Z] fatal: not a git repository (or any of the parent directories): .git
[2022-08-22T04:47:10.747Z] > git rev-parse --show-toplevel [1ms]
[2022-08-22T04:47:10.747Z] fatal: not a git repository (or any of the parent directories): .git
[2022-08-22T04:47:15.811Z] > git rev-parse --show-toplevel [2ms]
[2022-08-22T04:47:15.811Z] fatal: not a git repository (or any of the parent directories): .git
[2022-08-22T04:47:20.673Z] > git rev-parse --show-toplevel [2ms]
[2022-08-22T04:47:20.673Z] fatal: not a git repository (or any of the parent directories): .git
[2022-08-22T04:47:25.105Z] > git rev-parse --show-toplevel [2ms]
[2022-08-22T04:47:25.105Z] fatal: not a git repository (or any of the parent directories): .git
[2022-08-22T04:47:49.221Z] > git rev-parse --show-toplevel [1ms]
[2022-08-22T04:47:49.221Z] fatal: not a git repository (or any of the parent directories): .git
[2022-08-22T04:48:52.570Z] > git rev-parse --show-toplevel [2ms]
[2022-08-22T04:48:52.570Z] fatal: not a git repository (or any of the parent directories): .git
[2022-08-22T04:48:56.658Z] > git rev-parse --show-toplevel [1ms]
[2022-08-22T04:48:56.658Z] fatal: not a git repository (or any of the parent directories): .git
[2022-08-22T04:49:01.776Z] > git rev-parse --show-toplevel [2ms]
[2022-08-22T04:49:01.776Z] fatal: not a git repository (or any of the parent directories): .git
[2022-08-22T04:50:39.323Z] > git rev-parse --show-toplevel [2ms]
[2022-08-22T04:50:39.323Z] fatal: not a git repository (or any of the parent directories): .git
[2022-08-22T04:50:53.916Z] > git rev-parse --show-toplevel [1ms]
[2022-08-22T04:50:53.916Z] fatal: not a git repository (or any of the parent directories): .git
[2022-08-22T04:53:27.579Z] > git rev-parse --show-toplevel [3ms]
[2022-08-22T04:53:27.580Z] fatal: not a git repository (or any of the parent directories): .git
[2022-08-22T04:53:34.565Z] > git rev-parse --show-toplevel [2ms]
[2022-08-22T04:53:34.565Z] fatal: not a git repository (or any of the parent directories): .git
[2022-08-22T04:54:50.427Z] > git rev-parse --show-toplevel [2ms]
[2022-08-22T04:54:50.427Z] fatal: not a git repository (or any of the parent directories): .git
[2022-08-22T04:55:02.414Z] > git rev-parse --show-toplevel [2ms]
[2022-08-22T04:55:02.414Z] fatal: not a git repository (or any of the parent directories): .git
[2022-08-22T04:55:03.882Z] > git rev-parse --show-toplevel [1ms]
[2022-08-22T04:55:03.882Z] fatal: not a git repository (or any of the parent directories): .git
[2022-08-22T04:55:06.755Z] > git rev-parse --show-toplevel [3ms]
[2022-08-22T04:55:06.755Z] fatal: not a git repository (or any of the parent directories): .git
[2022-08-22T04:55:28.144Z] > git rev-parse --show-toplevel [1ms]
[2022-08-22T04:55:28.144Z] fatal: not a git repository (or any of the parent directories): .git
[2022-08-22T04:57:07.279Z] > git rev-parse --show-toplevel [2ms]
[2022-08-22T04:57:07.279Z] fatal: not a git repository (or any of the parent directories): .git
[2022-08-22T04:57:09.426Z] > git rev-parse --show-toplevel [2ms]
[2022-08-22T04:57:09.426Z] fatal: not a git repository (or any of the parent directories): .git
[2022-08-22T04:57:33.210Z] > git rev-parse --show-toplevel [1ms]
[2022-08-22T04:57:33.210Z] fatal: not a git repository (or any of the parent directories): .git
[2022-08-22T04:57:41.608Z] > git rev-parse --show-toplevel [1ms]
[2022-08-22T04:57:41.608Z] fatal: not a git repository (or any of the parent directories): .git
[2022-08-22T04:59:29.633Z] > git rev-parse --show-toplevel [2ms]
[2022-08-22T04:59:29.633Z] fatal: not a git repository (or any of the parent directories): .git
[2022-08-22T05:00:13.762Z] > git rev-parse --show-toplevel [2ms]
[2022-08-22T05:00:13.762Z] fatal: not a git repository (or any of the parent directories): .git
[2022-08-22T05:00:15.578Z] > git rev-parse --show-toplevel [2ms]
[2022-08-22T05:00:15.578Z] fatal: not a git repository (or any of the parent directories): .git
[2022-08-22T05:00:58.501Z] > git rev-parse --show-toplevel [1ms]
[2022-08-22T05:00:58.501Z] fatal: not a git repository (or any of the parent directories): .git
[2022-08-22T05:01:18.593Z] > git rev-parse --show-toplevel [1ms]
[2022-08-22T05:01:18.593Z] fatal: not a git repository (or any of the parent directories): .git
[2022-08-22T05:03:51.102Z] > git rev-parse --show-toplevel [1ms]
[2022-08-22T05:03:51.102Z] fatal: not a git repository (or any of the parent directories): .git
[2022-08-22T05:06:06.513Z] > git rev-parse --show-toplevel [2ms]
[2022-08-22T05:06:06.513Z] fatal: not a git repository (or any of the parent directories): .git
[2022-08-22T05:07:09.584Z] > git rev-parse --show-toplevel [1ms]
[2022-08-22T05:07:09.584Z] fatal: not a git repository (or any of the parent directories): .git
[2022-08-22T05:07:21.439Z] > git rev-parse --show-toplevel [1ms]
[2022-08-22T05:07:21.439Z] fatal: not a git repository (or any of the parent directories): .git
[2022-08-22T05:10:29.144Z] > git rev-parse --show-toplevel [3ms]
[2022-08-22T05:10:29.144Z] fatal: not a git repository (or any of the parent directories): .git
[2022-08-22T05:10:39.420Z] > git rev-parse --show-toplevel [1ms]
[2022-08-22T05:10:39.420Z] fatal: not a git repository (or any of the parent directories): .git
[2022-08-22T05:13:12.873Z] > git rev-parse --show-toplevel [2ms]
[2022-08-22T05:13:12.873Z] fatal: not a git repository (or any of the parent directories): .git
[2022-08-22T05:13:15.944Z] > git rev-parse --show-toplevel [2ms]
[2022-08-22T05:13:15.944Z] fatal: not a git repository (or any of the parent directories): .git
[2022-08-22T05:19:53.236Z] > git rev-parse --show-toplevel [1ms]
[2022-08-22T05:19:53.236Z] fatal: not a git repository (or any of the parent directories): .git
[2022-08-22T05:20:04.091Z] > git rev-parse --show-toplevel [1ms]
[2022-08-22T05:20:04.091Z] fatal: not a git repository (or any of the parent directories): .git
[2022-08-22T05:20:50.629Z] > git rev-parse --show-toplevel [2ms]
[2022-08-22T05:20:50.629Z] fatal: not a git repository (or any of the parent directories): .git
[2022-08-22T05:21:31.792Z] > git rev-parse --show-toplevel [1ms]
[2022-08-22T05:21:31.792Z] fatal: not a git repository (or any of the parent directories): .git
[2022-08-22T05:24:52.476Z] > git rev-parse --show-toplevel [1ms]
[2022-08-22T05:24:52.476Z] fatal: not a git repository (or any of the parent directories): .git
[2022-08-22T05:28:16.157Z] > git rev-parse --show-toplevel [2ms]
[2022-08-22T05:28:16.157Z] fatal: not a git repository (or any of the parent directories): .git
[2022-08-22T05:28:17.728Z] > git rev-parse --show-toplevel [1ms]
[2022-08-22T05:28:17.728Z] fatal: not a git repository (or any of the parent directories): .git
[2022-08-22T05:28:27.694Z] > git rev-parse --show-toplevel [2ms]
[2022-08-22T05:28:27.694Z] fatal: not a git repository (or any of the parent directories): .git
[2022-08-22T05:28:35.204Z] > git rev-parse --show-toplevel [1ms]
[2022-08-22T05:28:35.204Z] fatal: not a git repository (or any of the parent directories): .git
[2022-08-22T05:28:38.988Z] > git rev-parse --show-toplevel [1ms]
[2022-08-22T05:28:38.988Z] fatal: not a git repository (or any of the parent directories): .git
[2022-08-22T05:30:39.832Z] > git rev-parse --show-toplevel [1ms]
[2022-08-22T05:30:39.832Z] fatal: not a git repository (or any of the parent directories): .git
[2022-08-22T05:34:19.162Z] > git rev-parse --show-toplevel [1ms]
[2022-08-22T05:34:19.162Z] fatal: not a git repository (or any of the parent directories): .git
[2022-08-22T05:36:40.913Z] > git rev-parse --show-toplevel [1ms]
[2022-08-22T05:36:40.914Z] fatal: not a git repository (or any of the parent directories): .git
[2022-08-22T05:36:42.434Z] > git rev-parse --show-toplevel [2ms]
[2022-08-22T05:36:42.434Z] fatal: not a git repository (or any of the parent directories): .git
[2022-08-22T05:36:44.563Z] > git rev-parse --show-toplevel [1ms]
[2022-08-22T05:36:44.563Z] fatal: not a git repository (or any of the parent directories): .git
[2022-08-22T05:37:09.270Z] > git rev-parse --show-toplevel [1ms]
[2022-08-22T05:37:09.270Z] fatal: not a git repository (or any of the parent directories): .git
[2022-08-22T05:37:10.987Z] > git rev-parse --show-toplevel [2ms]
[2022-08-22T05:37:10.987Z] fatal: not a git repository (or any of the parent directories): .git
[2022-08-22T05:37:16.073Z] > git rev-parse --show-toplevel [1ms]
[2022-08-22T05:37:16.073Z] fatal: not a git repository (or any of the parent directories): .git
[2022-08-22T05:39:32.314Z] > git rev-parse --show-toplevel [1ms]
[2022-08-22T05:39:32.314Z] fatal: not a git repository (or any of the parent directories): .git
[2022-08-22T05:40:44.845Z] > git rev-parse --show-toplevel [2ms]
[2022-08-22T05:40:44.845Z] fatal: not a git repository (or any of the parent directories): .git
[2022-08-22T05:47:54.046Z] > git rev-parse --show-toplevel [1ms]
[2022-08-22T05:47:54.046Z] fatal: not a git repository (or any of the parent directories): .git
