[2022-08-26T04:30:33.009Z] ログ レベル: Info
[2022-08-26T04:30:33.015Z] [info] Git の検証が検出されました: git
[2022-08-26T04:30:33.051Z] [info] git から Git 2.34.1 を使用しています
[2022-08-26T04:30:33.093Z] > git rev-parse --show-toplevel [24ms]
[2022-08-26T04:30:33.112Z] > git rev-parse --git-dir --git-common-dir [6ms]
[2022-08-26T04:30:33.118Z] [info] Open repository: /home/miura
[2022-08-26T04:30:33.206Z] > git status -z -uall [76ms]
[2022-08-26T04:30:33.219Z] > git symbolic-ref --short HEAD [1ms]
[2022-08-26T04:30:33.231Z] > git for-each-ref --format=%(refname)%00%(upstream:short)%00%(objectname)%00%(upstream:track)%00%(upstream:remotename)%00%(upstream:remoteref) refs/heads/feature/locate-box refs/remotes/feature/locate-box [1ms]
[2022-08-26T04:30:33.248Z] > git remote --verbose [1ms]
[2022-08-26T04:30:33.249Z] > git for-each-ref --sort -committerdate --format %(refname) %(objectname) %(*objectname) [10ms]
[2022-08-26T04:30:33.267Z] > git config --get commit.template [1ms]
[2022-08-26T04:30:33.585Z] > git status -z -uall [307ms]
[2022-08-26T04:30:33.606Z] > git symbolic-ref --short HEAD [7ms]
[2022-08-26T04:30:33.621Z] > git for-each-ref --format=%(refname)%00%(upstream:short)%00%(objectname)%00%(upstream:track)%00%(upstream:remotename)%00%(upstream:remoteref) refs/heads/feature/locate-box refs/remotes/feature/locate-box [4ms]
[2022-08-26T04:30:33.641Z] > git remote --verbose [1ms]
[2022-08-26T04:30:33.642Z] > git for-each-ref --sort -committerdate --format %(refname) %(objectname) %(*objectname) [11ms]
[2022-08-26T04:30:33.658Z] > git config --get commit.template [4ms]
[2022-08-26T04:30:33.871Z] > git check-ignore -v -z --stdin [20ms]
[2022-08-26T04:30:33.958Z] > git show --textconv :index.py [11ms]
[2022-08-26T04:30:33.963Z] > git ls-files --stage -- /home/miura/index.py [6ms]
[2022-08-26T04:30:33.974Z] > git cat-file -s d8c668d948834d5c22522e202ec860e150a7cb2a [2ms]
[2022-08-26T04:30:38.010Z] > git show --textconv :static/style.css [12ms]
[2022-08-26T04:30:38.016Z] > git ls-files --stage -- /home/miura/static/style.css [6ms]
[2022-08-26T04:30:38.028Z] > git cat-file -s 105e394a7ad784a9b73e9ae805c33f1cc4eac9ac [1ms]
[2022-08-26T04:30:54.897Z] > git show --textconv :database.py [6ms]
[2022-08-26T04:30:54.902Z] > git ls-files --stage -- /home/miura/database.py [6ms]
[2022-08-26T04:30:54.908Z] > git cat-file -s 0af61efe45f558c79078b8d80c73356caa4bd135 [1ms]
[2022-08-26T04:30:56.860Z] > git show --textconv :templates/first-page.html [6ms]
[2022-08-26T04:30:56.864Z] > git ls-files --stage -- /home/miura/templates/first-page.html [4ms]
[2022-08-26T04:30:56.872Z] > git cat-file -s 4f5d021c77c95dc1f8237fab47148ecddd75b6b0 [2ms]
[2022-08-26T04:30:58.007Z] > git show --textconv :templates/next-page.html [6ms]
[2022-08-26T04:30:58.011Z] > git ls-files --stage -- /home/miura/templates/next-page.html [4ms]
[2022-08-26T04:30:58.017Z] > git cat-file -s 5843a65260c8e262916ee75c72f5f5c95d3b663a [1ms]
[2022-08-26T04:31:03.650Z] > git show --textconv :index.py [6ms]
[2022-08-26T04:31:03.655Z] > git ls-files --stage -- /home/miura/index.py [6ms]
[2022-08-26T04:31:03.661Z] > git cat-file -s d8c668d948834d5c22522e202ec860e150a7cb2a [1ms]
[2022-08-26T04:31:28.450Z] > git show --textconv :static/style.css [6ms]
[2022-08-26T04:31:28.454Z] > git ls-files --stage -- /home/miura/static/style.css [4ms]
[2022-08-26T04:31:28.461Z] > git cat-file -s 105e394a7ad784a9b73e9ae805c33f1cc4eac9ac [2ms]
[2022-08-26T04:31:38.730Z] > git show --textconv :index.py [6ms]
[2022-08-26T04:31:38.736Z] > git ls-files --stage -- /home/miura/index.py [6ms]
[2022-08-26T04:31:38.741Z] > git cat-file -s d8c668d948834d5c22522e202ec860e150a7cb2a [1ms]
[2022-08-26T04:36:24.049Z] > git show --textconv :templates/first-page.html [8ms]
[2022-08-26T04:36:24.053Z] > git ls-files --stage -- /home/miura/templates/first-page.html [6ms]
[2022-08-26T04:36:24.059Z] > git cat-file -s 4f5d021c77c95dc1f8237fab47148ecddd75b6b0 [1ms]
[2022-08-26T04:47:10.498Z] > git show --textconv :static/style.css [6ms]
[2022-08-26T04:47:10.502Z] > git ls-files --stage -- /home/miura/static/style.css [4ms]
[2022-08-26T04:47:10.509Z] > git cat-file -s 105e394a7ad784a9b73e9ae805c33f1cc4eac9ac [2ms]
[2022-08-26T04:47:13.686Z] > git show --textconv :templates/next-page.html [6ms]
[2022-08-26T04:47:13.691Z] > git ls-files --stage -- /home/miura/templates/next-page.html [5ms]
[2022-08-26T04:47:13.697Z] > git cat-file -s 5843a65260c8e262916ee75c72f5f5c95d3b663a [1ms]
[2022-08-26T04:47:33.484Z] > git status -z -uall [64ms]
[2022-08-26T04:47:33.492Z] > git symbolic-ref --short HEAD [1ms]
[2022-08-26T04:47:33.499Z] > git for-each-ref --format=%(refname)%00%(upstream:short)%00%(objectname)%00%(upstream:track)%00%(upstream:remotename)%00%(upstream:remoteref) refs/heads/feature/locate-box refs/remotes/feature/locate-box [1ms]
[2022-08-26T04:47:33.509Z] > git for-each-ref --sort -committerdate --format %(refname) %(objectname) %(*objectname) [5ms]
[2022-08-26T04:47:33.510Z] > git remote --verbose [2ms]
[2022-08-26T04:47:33.520Z] > git config --get commit.template [1ms]
[2022-08-26T04:47:33.808Z] > git show --textconv :static/style.css [7ms]
[2022-08-26T04:47:33.812Z] > git ls-files --stage -- /home/miura/static/style.css [5ms]
[2022-08-26T04:47:33.818Z] > git cat-file -s 105e394a7ad784a9b73e9ae805c33f1cc4eac9ac [1ms]
[2022-08-26T04:50:49.538Z] > git status -z -uall [63ms]
[2022-08-26T04:50:49.547Z] > git symbolic-ref --short HEAD [1ms]
[2022-08-26T04:50:49.555Z] > git for-each-ref --format=%(refname)%00%(upstream:short)%00%(objectname)%00%(upstream:track)%00%(upstream:remotename)%00%(upstream:remoteref) refs/heads/feature/locate-box refs/remotes/feature/locate-box [1ms]
[2022-08-26T04:50:49.567Z] > git for-each-ref --sort -committerdate --format %(refname) %(objectname) %(*objectname) [6ms]
[2022-08-26T04:50:49.567Z] > git remote --verbose [1ms]
[2022-08-26T04:50:49.576Z] > git config --get commit.template [0ms]
[2022-08-26T04:50:50.929Z] > git show --textconv :index.py [7ms]
[2022-08-26T04:50:50.934Z] > git ls-files --stage -- /home/miura/index.py [6ms]
[2022-08-26T04:50:50.941Z] > git cat-file -s d8c668d948834d5c22522e202ec860e150a7cb2a [1ms]
[2022-08-26T04:50:57.959Z] > git status -z -uall [63ms]
[2022-08-26T04:50:57.968Z] > git symbolic-ref --short HEAD [1ms]
[2022-08-26T04:50:57.975Z] > git for-each-ref --format=%(refname)%00%(upstream:short)%00%(objectname)%00%(upstream:track)%00%(upstream:remotename)%00%(upstream:remoteref) refs/heads/feature/locate-box refs/remotes/feature/locate-box [1ms]
[2022-08-26T04:50:57.986Z] > git for-each-ref --sort -committerdate --format %(refname) %(objectname) %(*objectname) [6ms]
[2022-08-26T04:50:57.986Z] > git remote --verbose [1ms]
[2022-08-26T04:50:57.995Z] > git config --get commit.template [1ms]
[2022-08-26T04:51:03.068Z] > git status -z -uall [63ms]
[2022-08-26T04:51:03.077Z] > git symbolic-ref --short HEAD [1ms]
[2022-08-26T04:51:03.084Z] > git for-each-ref --format=%(refname)%00%(upstream:short)%00%(objectname)%00%(upstream:track)%00%(upstream:remotename)%00%(upstream:remoteref) refs/heads/feature/locate-box refs/remotes/feature/locate-box [1ms]
[2022-08-26T04:51:03.095Z] > git for-each-ref --sort -committerdate --format %(refname) %(objectname) %(*objectname) [6ms]
[2022-08-26T04:51:03.096Z] > git remote --verbose [2ms]
[2022-08-26T04:51:03.105Z] > git config --get commit.template [1ms]
[2022-08-26T04:52:28.837Z] > git show --textconv :templates/next-page.html [6ms]
[2022-08-26T04:52:28.841Z] > git ls-files --stage -- /home/miura/templates/next-page.html [4ms]
[2022-08-26T04:52:28.847Z] > git cat-file -s 5843a65260c8e262916ee75c72f5f5c95d3b663a [1ms]
[2022-08-26T04:52:29.927Z] > git show --textconv :static/style.css [6ms]
[2022-08-26T04:52:29.931Z] > git ls-files --stage -- /home/miura/static/style.css [4ms]
[2022-08-26T04:52:29.937Z] > git cat-file -s 105e394a7ad784a9b73e9ae805c33f1cc4eac9ac [1ms]
[2022-08-26T04:55:57.950Z] > git status -z -uall [63ms]
[2022-08-26T04:55:57.959Z] > git symbolic-ref --short HEAD [1ms]
[2022-08-26T04:55:57.967Z] > git for-each-ref --format=%(refname)%00%(upstream:short)%00%(objectname)%00%(upstream:track)%00%(upstream:remotename)%00%(upstream:remoteref) refs/heads/feature/locate-box refs/remotes/feature/locate-box [1ms]
[2022-08-26T04:55:57.980Z] > git for-each-ref --sort -committerdate --format %(refname) %(objectname) %(*objectname) [6ms]
[2022-08-26T04:55:57.980Z] > git remote --verbose [1ms]
[2022-08-26T04:55:57.991Z] > git config --get commit.template [1ms]
[2022-08-26T04:55:58.549Z] > git show --textconv :templates/next-page.html [8ms]
[2022-08-26T04:55:58.553Z] > git ls-files --stage -- /home/miura/templates/next-page.html [5ms]
[2022-08-26T04:55:58.560Z] > git cat-file -s 5843a65260c8e262916ee75c72f5f5c95d3b663a [1ms]
[2022-08-26T04:56:44.331Z] > git status -z -uall [61ms]
[2022-08-26T04:56:44.339Z] > git symbolic-ref --short HEAD [1ms]
[2022-08-26T04:56:44.346Z] > git for-each-ref --format=%(refname)%00%(upstream:short)%00%(objectname)%00%(upstream:track)%00%(upstream:remotename)%00%(upstream:remoteref) refs/heads/feature/locate-box refs/remotes/feature/locate-box [1ms]
[2022-08-26T04:56:44.356Z] > git for-each-ref --sort -committerdate --format %(refname) %(objectname) %(*objectname) [5ms]
[2022-08-26T04:56:44.357Z] > git remote --verbose [1ms]
[2022-08-26T04:56:44.366Z] > git config --get commit.template [1ms]
[2022-08-26T04:56:45.255Z] > git show --textconv :index.py [7ms]
[2022-08-26T04:56:45.260Z] > git ls-files --stage -- /home/miura/index.py [6ms]
[2022-08-26T04:56:45.266Z] > git cat-file -s d8c668d948834d5c22522e202ec860e150a7cb2a [1ms]
[2022-08-26T04:56:49.769Z] > git status -z -uall [61ms]
[2022-08-26T04:56:49.777Z] > git symbolic-ref --short HEAD [1ms]
[2022-08-26T04:56:49.784Z] > git for-each-ref --format=%(refname)%00%(upstream:short)%00%(objectname)%00%(upstream:track)%00%(upstream:remotename)%00%(upstream:remoteref) refs/heads/feature/locate-box refs/remotes/feature/locate-box [1ms]
[2022-08-26T04:56:49.797Z] > git for-each-ref --sort -committerdate --format %(refname) %(objectname) %(*objectname) [5ms]
[2022-08-26T04:56:49.797Z] > git remote --verbose [1ms]
[2022-08-26T04:56:49.807Z] > git config --get commit.template [1ms]
[2022-08-26T04:57:12.114Z] > git status -z -uall [65ms]
[2022-08-26T04:57:12.122Z] > git symbolic-ref --short HEAD [1ms]
[2022-08-26T04:57:12.128Z] > git for-each-ref --format=%(refname)%00%(upstream:short)%00%(objectname)%00%(upstream:track)%00%(upstream:remotename)%00%(upstream:remoteref) refs/heads/feature/locate-box refs/remotes/feature/locate-box [1ms]
[2022-08-26T04:57:12.138Z] > git for-each-ref --sort -committerdate --format %(refname) %(objectname) %(*objectname) [5ms]
[2022-08-26T04:57:12.138Z] > git remote --verbose [1ms]
[2022-08-26T04:57:12.148Z] > git config --get commit.template [1ms]
[2022-08-26T04:58:11.077Z] > git show --textconv :static/style.css [6ms]
[2022-08-26T04:58:11.082Z] > git ls-files --stage -- /home/miura/static/style.css [5ms]
[2022-08-26T04:58:11.088Z] > git cat-file -s 105e394a7ad784a9b73e9ae805c33f1cc4eac9ac [1ms]
[2022-08-26T04:58:25.605Z] > git status -z -uall [61ms]
[2022-08-26T04:58:25.614Z] > git symbolic-ref --short HEAD [1ms]
[2022-08-26T04:58:25.621Z] > git for-each-ref --format=%(refname)%00%(upstream:short)%00%(objectname)%00%(upstream:track)%00%(upstream:remotename)%00%(upstream:remoteref) refs/heads/feature/locate-box refs/remotes/feature/locate-box [0ms]
[2022-08-26T04:58:25.632Z] > git for-each-ref --sort -committerdate --format %(refname) %(objectname) %(*objectname) [6ms]
[2022-08-26T04:58:25.632Z] > git remote --verbose [1ms]
[2022-08-26T04:58:25.640Z] > git config --get commit.template [1ms]
[2022-08-26T04:58:50.136Z] > git status -z -uall [63ms]
[2022-08-26T04:58:50.145Z] > git symbolic-ref --short HEAD [1ms]
[2022-08-26T04:58:50.152Z] > git for-each-ref --format=%(refname)%00%(upstream:short)%00%(objectname)%00%(upstream:track)%00%(upstream:remotename)%00%(upstream:remoteref) refs/heads/feature/locate-box refs/remotes/feature/locate-box [1ms]
[2022-08-26T04:58:50.162Z] > git for-each-ref --sort -committerdate --format %(refname) %(objectname) %(*objectname) [5ms]
[2022-08-26T04:58:50.162Z] > git remote --verbose [1ms]
[2022-08-26T04:58:50.170Z] > git config --get commit.template [1ms]
