[2022-08-17T06:15:17.954Z] ログ レベル: Info
[2022-08-17T06:15:17.959Z] [info] Git の検証が検出されました: git
[2022-08-17T06:15:17.986Z] [info] git から Git 2.34.1 を使用しています
[2022-08-17T06:15:18.028Z] > git rev-parse --show-toplevel [31ms]
[2022-08-17T06:15:18.028Z] fatal: not a git repository (or any of the parent directories): .git
[2022-08-17T06:15:18.038Z] > git rev-parse --show-toplevel [3ms]
[2022-08-17T06:15:18.038Z] fatal: not a git repository (or any of the parent directories): .git
[2022-08-17T06:15:18.045Z] > git rev-parse --show-toplevel [3ms]
[2022-08-17T06:15:18.045Z] fatal: not a git repository (or any of the parent directories): .git
[2022-08-17T06:15:18.050Z] > git rev-parse --show-toplevel [1ms]
[2022-08-17T06:15:18.050Z] fatal: not a git repository (or any of the parent directories): .git
[2022-08-17T06:15:18.056Z] > git rev-parse --show-toplevel [2ms]
[2022-08-17T06:15:18.056Z] fatal: not a git repository (or any of the parent directories): .git
[2022-08-17T06:15:18.064Z] > git rev-parse --show-toplevel [5ms]
[2022-08-17T06:15:18.065Z] fatal: not a git repository (or any of the parent directories): .git
[2022-08-17T06:15:18.070Z] > git rev-parse --show-toplevel [2ms]
[2022-08-17T06:15:18.070Z] fatal: not a git repository (or any of the parent directories): .git
[2022-08-17T06:15:18.078Z] > git rev-parse --show-toplevel [5ms]
[2022-08-17T06:15:18.078Z] fatal: not a git repository (or any of the parent directories): .git
[2022-08-17T06:15:19.419Z] > git rev-parse --show-toplevel [1ms]
[2022-08-17T06:15:19.419Z] fatal: not a git repository (or any of the parent directories): .git
[2022-08-17T06:15:19.429Z] > git rev-parse --show-toplevel [1ms]
[2022-08-17T06:15:19.429Z] fatal: not a git repository (or any of the parent directories): .git
[2022-08-17T06:15:19.438Z] > git rev-parse --show-toplevel [1ms]
[2022-08-17T06:15:19.438Z] fatal: not a git repository (or any of the parent directories): .git
[2022-08-17T06:15:19.447Z] > git rev-parse --show-toplevel [2ms]
[2022-08-17T06:15:19.447Z] fatal: not a git repository (or any of the parent directories): .git
[2022-08-17T06:49:00.783Z] > git rev-parse --show-toplevel [2ms]
[2022-08-17T06:49:00.783Z] fatal: not a git repository (or any of the parent directories): .git
