[2022-08-23T07:30:55.634Z] ログ レベル: Info
[2022-08-23T07:30:55.640Z] [info] Git の検証が検出されました: git
[2022-08-23T07:30:55.665Z] [info] git から Git 2.34.1 を使用しています
[2022-08-23T07:30:55.708Z] > git rev-parse --show-toplevel [31ms]
[2022-08-23T07:30:55.723Z] > git rev-parse --git-dir --git-common-dir [8ms]
[2022-08-23T07:30:55.731Z] [info] Open repository: /home/miura
[2022-08-23T07:30:55.817Z] > git status -z -uall [79ms]
[2022-08-23T07:30:55.823Z] > git symbolic-ref --short HEAD [1ms]
[2022-08-23T07:30:55.828Z] > git for-each-ref --format=%(refname)%00%(upstream:short)%00%(objectname)%00%(upstream:track)%00%(upstream:remotename)%00%(upstream:remoteref) refs/heads/master refs/remotes/master [1ms]
[2022-08-23T07:30:55.837Z] > git remote --verbose [1ms]
[2022-08-23T07:30:55.837Z] > git for-each-ref --sort -committerdate --format %(refname) %(objectname) %(*objectname) [5ms]
[2022-08-23T07:30:55.847Z] > git config --get commit.template [1ms]
[2022-08-23T07:30:55.922Z] > git status -z -uall [70ms]
[2022-08-23T07:30:55.928Z] > git symbolic-ref --short HEAD [1ms]
[2022-08-23T07:30:55.933Z] > git for-each-ref --format=%(refname)%00%(upstream:short)%00%(objectname)%00%(upstream:track)%00%(upstream:remotename)%00%(upstream:remoteref) refs/heads/master refs/remotes/master [1ms]
[2022-08-23T07:30:55.958Z] > git remote --verbose [19ms]
[2022-08-23T07:30:55.958Z] > git for-each-ref --sort -committerdate --format %(refname) %(objectname) %(*objectname) [22ms]
[2022-08-23T07:30:55.966Z] > git config --get commit.template [2ms]
[2022-08-23T07:30:56.522Z] > git check-ignore -v -z --stdin [18ms]
[2022-08-23T07:30:56.635Z] > git show --textconv :templates/next-page.html [5ms]
[2022-08-23T07:30:56.638Z] > git ls-files --stage -- /home/miura/templates/next-page.html [4ms]
[2022-08-23T07:30:56.643Z] > git cat-file -s a219c0fd46844159e09cde75adfa8a399edf1853 [1ms]
[2022-08-23T07:31:05.124Z] > git show --textconv :database.py [16ms]
[2022-08-23T07:31:05.127Z] > git ls-files --stage -- /home/miura/database.py [9ms]
[2022-08-23T07:31:05.138Z] > git cat-file -s 67e1d180c8464ea2865e7a2d47f453832fd382b5 [2ms]
[2022-08-23T07:31:11.129Z] > git show --textconv :index.py [17ms]
[2022-08-23T07:31:11.134Z] > git ls-files --stage -- /home/miura/index.py [6ms]
[2022-08-23T07:31:11.146Z] > git cat-file -s 714fc71f387addc60c00b1a29d802f90de3f212b [2ms]
