[2022-08-26T01:23:18.606Z] ログ レベル: Info
[2022-08-26T01:23:18.612Z] [info] Git の検証が検出されました: git
[2022-08-26T01:23:18.638Z] [info] git から Git 2.34.1 を使用しています
[2022-08-26T01:23:18.673Z] > git rev-parse --show-toplevel [24ms]
[2022-08-26T01:23:18.690Z] > git rev-parse --git-dir --git-common-dir [11ms]
[2022-08-26T01:23:18.697Z] [info] Open repository: /home/miura
[2022-08-26T01:23:18.798Z] > git status -z -uall [94ms]
[2022-08-26T01:23:18.804Z] > git symbolic-ref --short HEAD [1ms]
[2022-08-26T01:23:18.815Z] > git for-each-ref --format=%(refname)%00%(upstream:short)%00%(objectname)%00%(upstream:track)%00%(upstream:remotename)%00%(upstream:remoteref) refs/heads/feature/locate-box refs/remotes/feature/locate-box [6ms]
[2022-08-26T01:23:18.823Z] > git for-each-ref --sort -committerdate --format %(refname) %(objectname) %(*objectname) [5ms]
[2022-08-26T01:23:18.824Z] > git remote --verbose [2ms]
[2022-08-26T01:23:18.833Z] > git config --get commit.template [1ms]
[2022-08-26T01:23:18.902Z] > git status -z -uall [65ms]
[2022-08-26T01:23:18.907Z] > git symbolic-ref --short HEAD [1ms]
[2022-08-26T01:23:18.913Z] > git for-each-ref --format=%(refname)%00%(upstream:short)%00%(objectname)%00%(upstream:track)%00%(upstream:remotename)%00%(upstream:remoteref) refs/heads/feature/locate-box refs/remotes/feature/locate-box [1ms]
[2022-08-26T01:23:18.921Z] > git for-each-ref --sort -committerdate --format %(refname) %(objectname) %(*objectname) [4ms]
[2022-08-26T01:23:18.921Z] > git remote --verbose [1ms]
[2022-08-26T01:23:18.927Z] > git config --get commit.template [0ms]
[2022-08-26T01:23:19.335Z] > git show --textconv :static/style.css [5ms]
[2022-08-26T01:23:19.338Z] > git check-ignore -v -z --stdin [19ms]
[2022-08-26T01:23:19.339Z] > git ls-files --stage -- /home/miura/static/style.css [5ms]
[2022-08-26T01:23:19.343Z] > git cat-file -s 105e394a7ad784a9b73e9ae805c33f1cc4eac9ac [1ms]
[2022-08-26T02:16:35.501Z] > git status -z -uall [79ms]
[2022-08-26T02:16:35.508Z] > git symbolic-ref --short HEAD [2ms]
[2022-08-26T02:16:35.513Z] > git for-each-ref --format=%(refname)%00%(upstream:short)%00%(objectname)%00%(upstream:track)%00%(upstream:remotename)%00%(upstream:remoteref) refs/heads/feature/locate-box refs/remotes/feature/locate-box [1ms]
[2022-08-26T02:16:35.520Z] > git for-each-ref --sort -committerdate --format %(refname) %(objectname) %(*objectname) [4ms]
[2022-08-26T02:16:35.521Z] > git remote --verbose [2ms]
[2022-08-26T02:16:35.531Z] > git config --get commit.template [1ms]
[2022-08-26T02:16:45.631Z] > git show --textconv :templates/first-page.html [6ms]
[2022-08-26T02:16:45.634Z] > git ls-files --stage -- /home/miura/templates/first-page.html [5ms]
[2022-08-26T02:16:45.639Z] > git cat-file -s 4f5d021c77c95dc1f8237fab47148ecddd75b6b0 [1ms]
[2022-08-26T02:18:24.713Z] > git show --textconv :static/style.css [6ms]
[2022-08-26T02:18:24.716Z] > git ls-files --stage -- /home/miura/static/style.css [5ms]
[2022-08-26T02:18:24.720Z] > git cat-file -s 105e394a7ad784a9b73e9ae805c33f1cc4eac9ac [1ms]
[2022-08-26T02:18:57.420Z] > git show --textconv :templates/first-page.html [5ms]
[2022-08-26T02:18:57.424Z] > git ls-files --stage -- /home/miura/templates/first-page.html [5ms]
[2022-08-26T02:18:57.428Z] > git cat-file -s 4f5d021c77c95dc1f8237fab47148ecddd75b6b0 [1ms]
[2022-08-26T02:18:59.427Z] > git show --textconv :templates/next-page.html [5ms]
[2022-08-26T02:18:59.431Z] > git ls-files --stage -- /home/miura/templates/next-page.html [5ms]
[2022-08-26T02:18:59.435Z] > git cat-file -s 5843a65260c8e262916ee75c72f5f5c95d3b663a [1ms]
[2022-08-26T02:19:06.662Z] > git show --textconv :static/style.css [5ms]
[2022-08-26T02:19:06.665Z] > git ls-files --stage -- /home/miura/static/style.css [4ms]
[2022-08-26T02:19:06.670Z] > git cat-file -s 105e394a7ad784a9b73e9ae805c33f1cc4eac9ac [1ms]
[2022-08-26T02:19:09.287Z] > git show --textconv :templates/next-page.html [5ms]
[2022-08-26T02:19:09.290Z] > git ls-files --stage -- /home/miura/templates/next-page.html [4ms]
[2022-08-26T02:19:09.295Z] > git cat-file -s 5843a65260c8e262916ee75c72f5f5c95d3b663a [1ms]
[2022-08-26T02:20:03.068Z] > git show --textconv :templates/first-page.html [6ms]
[2022-08-26T02:20:03.072Z] > git ls-files --stage -- /home/miura/templates/first-page.html [5ms]
[2022-08-26T02:20:03.076Z] > git cat-file -s 4f5d021c77c95dc1f8237fab47148ecddd75b6b0 [1ms]
[2022-08-26T02:24:17.167Z] > git show --textconv :templates/next-page.html [6ms]
[2022-08-26T02:24:17.170Z] > git ls-files --stage -- /home/miura/templates/next-page.html [5ms]
[2022-08-26T02:24:17.174Z] > git cat-file -s 5843a65260c8e262916ee75c72f5f5c95d3b663a [1ms]
[2022-08-26T02:25:08.956Z] > git show --textconv :static/style.css [5ms]
[2022-08-26T02:25:08.960Z] > git ls-files --stage -- /home/miura/static/style.css [5ms]
[2022-08-26T02:25:08.965Z] > git cat-file -s 105e394a7ad784a9b73e9ae805c33f1cc4eac9ac [1ms]
[2022-08-26T02:25:10.711Z] > git show --textconv :templates/next-page.html [5ms]
[2022-08-26T02:25:10.715Z] > git ls-files --stage -- /home/miura/templates/next-page.html [5ms]
[2022-08-26T02:25:10.719Z] > git cat-file -s 5843a65260c8e262916ee75c72f5f5c95d3b663a [1ms]
[2022-08-26T02:25:26.171Z] > git status -z -uall [67ms]
[2022-08-26T02:25:26.178Z] > git symbolic-ref --short HEAD [1ms]
[2022-08-26T02:25:26.184Z] > git for-each-ref --format=%(refname)%00%(upstream:short)%00%(objectname)%00%(upstream:track)%00%(upstream:remotename)%00%(upstream:remoteref) refs/heads/feature/locate-box refs/remotes/feature/locate-box [1ms]
[2022-08-26T02:25:26.192Z] > git for-each-ref --sort -committerdate --format %(refname) %(objectname) %(*objectname) [5ms]
[2022-08-26T02:25:26.192Z] > git remote --verbose [1ms]
[2022-08-26T02:25:26.202Z] > git config --get commit.template [0ms]
[2022-08-26T02:25:33.334Z] > git show --textconv :index.py [22ms]
[2022-08-26T02:25:33.334Z] > git ls-files --stage -- /home/miura/index.py [12ms]
[2022-08-26T02:25:33.347Z] > git cat-file -s d8c668d948834d5c22522e202ec860e150a7cb2a [3ms]
[2022-08-26T02:25:41.606Z] > git status -z -uall [61ms]
[2022-08-26T02:25:41.620Z] > git symbolic-ref --short HEAD [1ms]
[2022-08-26T02:25:41.631Z] > git for-each-ref --format=%(refname)%00%(upstream:short)%00%(objectname)%00%(upstream:track)%00%(upstream:remotename)%00%(upstream:remoteref) refs/heads/feature/locate-box refs/remotes/feature/locate-box [1ms]
[2022-08-26T02:25:41.648Z] > git for-each-ref --sort -committerdate --format %(refname) %(objectname) %(*objectname) [8ms]
[2022-08-26T02:25:41.649Z] > git remote --verbose [2ms]
[2022-08-26T02:25:41.662Z] > git config --get commit.template [1ms]
[2022-08-26T02:26:08.470Z] > git show --textconv :templates/next-page.html [6ms]
[2022-08-26T02:26:08.474Z] > git ls-files --stage -- /home/miura/templates/next-page.html [4ms]
[2022-08-26T02:26:08.480Z] > git cat-file -s 5843a65260c8e262916ee75c72f5f5c95d3b663a [1ms]
[2022-08-26T02:26:16.226Z] > git show --textconv :templates/first-page.html [6ms]
[2022-08-26T02:26:16.230Z] > git ls-files --stage -- /home/miura/templates/first-page.html [5ms]
[2022-08-26T02:26:16.235Z] > git cat-file -s 4f5d021c77c95dc1f8237fab47148ecddd75b6b0 [1ms]
[2022-08-26T02:26:37.246Z] > git show --textconv :templates/next-page.html [7ms]
[2022-08-26T02:26:37.250Z] > git ls-files --stage -- /home/miura/templates/next-page.html [5ms]
[2022-08-26T02:26:37.256Z] > git cat-file -s 5843a65260c8e262916ee75c72f5f5c95d3b663a [1ms]
[2022-08-26T02:27:02.810Z] > git status -z -uall [60ms]
[2022-08-26T02:27:02.818Z] > git symbolic-ref --short HEAD [1ms]
[2022-08-26T02:27:02.824Z] > git for-each-ref --format=%(refname)%00%(upstream:short)%00%(objectname)%00%(upstream:track)%00%(upstream:remotename)%00%(upstream:remoteref) refs/heads/feature/locate-box refs/remotes/feature/locate-box [1ms]
[2022-08-26T02:27:02.835Z] > git for-each-ref --sort -committerdate --format %(refname) %(objectname) %(*objectname) [6ms]
[2022-08-26T02:27:02.836Z] > git remote --verbose [2ms]
[2022-08-26T02:27:02.843Z] > git config --get commit.template [1ms]
[2022-08-26T02:27:04.773Z] > git show --textconv :index.py [7ms]
[2022-08-26T02:27:04.778Z] > git ls-files --stage -- /home/miura/index.py [6ms]
[2022-08-26T02:27:04.783Z] > git cat-file -s d8c668d948834d5c22522e202ec860e150a7cb2a [1ms]
[2022-08-26T02:27:10.175Z] > git status -z -uall [61ms]
[2022-08-26T02:27:10.183Z] > git symbolic-ref --short HEAD [1ms]
[2022-08-26T02:27:10.189Z] > git for-each-ref --format=%(refname)%00%(upstream:short)%00%(objectname)%00%(upstream:track)%00%(upstream:remotename)%00%(upstream:remoteref) refs/heads/feature/locate-box refs/remotes/feature/locate-box [1ms]
[2022-08-26T02:27:10.199Z] > git for-each-ref --sort -committerdate --format %(refname) %(objectname) %(*objectname) [5ms]
[2022-08-26T02:27:10.199Z] > git remote --verbose [1ms]
[2022-08-26T02:27:10.209Z] > git config --get commit.template [2ms]
[2022-08-26T02:27:15.279Z] > git status -z -uall [61ms]
[2022-08-26T02:27:15.287Z] > git symbolic-ref --short HEAD [1ms]
[2022-08-26T02:27:15.294Z] > git for-each-ref --format=%(refname)%00%(upstream:short)%00%(objectname)%00%(upstream:track)%00%(upstream:remotename)%00%(upstream:remoteref) refs/heads/feature/locate-box refs/remotes/feature/locate-box [1ms]
[2022-08-26T02:27:15.305Z] > git for-each-ref --sort -committerdate --format %(refname) %(objectname) %(*objectname) [5ms]
[2022-08-26T02:27:15.305Z] > git remote --verbose [1ms]
[2022-08-26T02:27:15.315Z] > git config --get commit.template [1ms]
[2022-08-26T02:27:45.341Z] > git status -z -uall [61ms]
[2022-08-26T02:27:45.349Z] > git symbolic-ref --short HEAD [1ms]
[2022-08-26T02:27:45.355Z] > git for-each-ref --format=%(refname)%00%(upstream:short)%00%(objectname)%00%(upstream:track)%00%(upstream:remotename)%00%(upstream:remoteref) refs/heads/feature/locate-box refs/remotes/feature/locate-box [1ms]
[2022-08-26T02:27:45.365Z] > git for-each-ref --sort -committerdate --format %(refname) %(objectname) %(*objectname) [5ms]
[2022-08-26T02:27:45.365Z] > git remote --verbose [1ms]
[2022-08-26T02:27:45.374Z] > git config --get commit.template [1ms]
