[2022-08-23 18:11:06.001] [exthost] [info] Extension host with pid 2046690 started
[2022-08-23 18:11:06.010] [exthost] [info] Lock '/home/miura/.vscode-server/data/User/workspaceStorage/79b5f0cc56094051dcea441296b611d0/vscode.lock': Lock acquired.
[2022-08-23 18:11:07.531] [exthost] [info] ExtensionService#_doActivateExtension ms-python.python, startup: false, activationEvent: 'onLanguage:python'
[2022-08-23 18:11:07.783] [exthost] [info] ExtensionService#_doActivateExtension ms-toolsai.jupyter, startup: false, activationEvent: 'onLanguage:python'
[2022-08-23 18:11:08.072] [exthost] [info] ExtensionService#_doActivateExtension vscode.debug-auto-launch, startup: true, activationEvent: '*'
[2022-08-23 18:11:08.076] [exthost] [info] ExtensionService#_doActivateExtension vscode.git-base, startup: true, activationEvent: '*', root cause: vscode.git
[2022-08-23 18:11:08.080] [exthost] [info] ExtensionService#_doActivateExtension vscode.ipynb, startup: true, activationEvent: '*'
[2022-08-23 18:11:12.926] [exthost] [info] ExtensionService#_doActivateExtension vscode.git, startup: true, activationEvent: '*'
[2022-08-23 18:11:12.991] [exthost] [info] ExtensionService#_doActivateExtension vscode.github, startup: true, activationEvent: '*'
[2022-08-23 18:11:13.602] [exthost] [info] ExtensionService#_doActivateExtension ms-toolsai.jupyter-renderers, startup: false, activationEvent: 'api', root cause: ms-toolsai.jupyter
[2022-08-23 18:11:14.165] [exthost] [info] ExtensionService#_doActivateExtension vscode.emmet, startup: false, activationEvent: 'onStartupFinished'
[2022-08-23 18:11:14.181] [exthost] [info] ExtensionService#_doActivateExtension vscode.merge-conflict, startup: false, activationEvent: 'onStartupFinished'
[2022-08-23 18:11:14.186] [exthost] [info] Eager extensions activated
[2022-08-23 18:11:14.366] [exthost] [warning] [Decorations] CAPPING events from decorations provider vscode.git 1906
[2022-08-23 18:11:15.002] [exthost] [warning] [Decorations] CAPPING events from decorations provider vscode.git 1906
[2022-08-23 18:11:15.046] [exthost] [info] ExtensionService#_doActivateExtension ms-python.vscode-pylance, startup: false, activationEvent: 'onLanguage:python'
[2022-08-23 18:11:19.648] [exthost] [info] ExtensionService#_doActivateExtension vscode.configuration-editing, startup: false, activationEvent: 'onLanguage:jsonc'
[2022-08-23 18:11:19.654] [exthost] [info] ExtensionService#_doActivateExtension vscode.json-language-features, startup: false, activationEvent: 'onLanguage:jsonc'
[2022-08-23 18:11:19.717] [exthost] [info] ExtensionService#_doActivateExtension vscode.typescript-language-features, startup: false, activationEvent: 'onLanguage:jsonc'
[2022-08-23 18:14:56.769] [exthost] [warning] [Decorations] CAPPING events from decorations provider vscode.git 1912
[2022-08-23 18:18:21.554] [exthost] [warning] [Decorations] CAPPING events from decorations provider vscode.git 1911
[2022-08-23 18:18:40.162] [exthost] [warning] [Decorations] CAPPING events from decorations provider vscode.git 1911
[2022-08-23 18:19:37.022] [exthost] [warning] [Decorations] CAPPING events from decorations provider vscode.git 1912
[2022-08-23 18:19:42.219] [exthost] [warning] [Decorations] CAPPING events from decorations provider vscode.git 1912
[2022-08-23 18:22:07.071] [exthost] [warning] [Decorations] CAPPING events from decorations provider vscode.git 1912
[2022-08-23 18:42:37.396] [exthost] [warning] [Decorations] CAPPING events from decorations provider vscode.git 1912
[2022-08-23 18:42:53.110] [exthost] [warning] [Decorations] CAPPING events from decorations provider vscode.git 1912
[2022-08-23 18:42:59.003] [exthost] [warning] [Decorations] CAPPING events from decorations provider vscode.git 1912
[2022-08-23 18:43:22.428] [exthost] [warning] [Decorations] CAPPING events from decorations provider vscode.git 1912
[2022-08-23 18:44:32.599] [exthost] [warning] [Decorations] CAPPING events from decorations provider vscode.git 1912
[2022-08-23 18:44:37.796] [exthost] [warning] [Decorations] CAPPING events from decorations provider vscode.git 1912
[2022-08-23 18:45:57.158] [exthost] [warning] [Decorations] CAPPING events from decorations provider vscode.git 1912
[2022-08-23 18:46:05.543] [exthost] [warning] [Decorations] CAPPING events from decorations provider vscode.git 1912
[2022-08-23 18:47:01.233] [exthost] [warning] [Decorations] CAPPING events from decorations provider vscode.git 1912
[2022-08-23 18:57:33.682] [exthost] [info] Extension host terminating: received terminate message from renderer
[2022-08-23 18:57:33.682] [exthost] [info] Lock '/home/miura/.vscode-server/data/User/workspaceStorage/79b5f0cc56094051dcea441296b611d0/vscode.lock': Marking the lockfile as scheduled to be released in 6000 ms.
[2022-08-23 18:57:33.721] [exthost] [info] Extension host with pid 2046690 exiting with code 0
