[2022-08-25T02:06:14.034Z] ログ レベル: Info
[2022-08-25T02:06:14.040Z] [info] Git の検証が検出されました: git
[2022-08-25T02:06:14.066Z] [info] git から Git 2.34.1 を使用しています
[2022-08-25T02:06:14.101Z] > git rev-parse --show-toplevel [23ms]
[2022-08-25T02:06:14.109Z] > git rev-parse --git-dir --git-common-dir [2ms]
[2022-08-25T02:06:14.115Z] [info] Open repository: /home/miura
[2022-08-25T02:06:14.186Z] > git status -z -uall [65ms]
[2022-08-25T02:06:14.191Z] > git symbolic-ref --short HEAD [1ms]
[2022-08-25T02:06:14.196Z] > git for-each-ref --format=%(refname)%00%(upstream:short)%00%(objectname)%00%(upstream:track)%00%(upstream:remotename)%00%(upstream:remoteref) refs/heads/feature/get-name refs/remotes/feature/get-name [1ms]
[2022-08-25T02:06:14.202Z] > git for-each-ref --sort -committerdate --format %(refname) %(objectname) %(*objectname) [3ms]
[2022-08-25T02:06:14.203Z] > git remote --verbose [2ms]
[2022-08-25T02:06:14.256Z] > git config --get commit.template [44ms]
[2022-08-25T02:06:14.322Z] > git status -z -uall [61ms]
[2022-08-25T02:06:14.327Z] > git symbolic-ref --short HEAD [1ms]
[2022-08-25T02:06:14.331Z] > git for-each-ref --format=%(refname)%00%(upstream:short)%00%(objectname)%00%(upstream:track)%00%(upstream:remotename)%00%(upstream:remoteref) refs/heads/feature/get-name refs/remotes/feature/get-name [1ms]
[2022-08-25T02:06:14.339Z] > git for-each-ref --sort -committerdate --format %(refname) %(objectname) %(*objectname) [3ms]
[2022-08-25T02:06:14.340Z] > git remote --verbose [1ms]
[2022-08-25T02:06:14.348Z] > git config --get commit.template [0ms]
[2022-08-25T02:06:15.053Z] > git check-ignore -v -z --stdin [19ms]
[2022-08-25T02:06:15.890Z] > git show --textconv :templates/next-page.html [46ms]
[2022-08-25T02:06:15.890Z] > git ls-files --stage -- /home/miura/templates/next-page.html [42ms]
[2022-08-25T02:06:15.896Z] > git cat-file -s 6151b4cfd2001ab14e2ae65df7f11e3af896795a [1ms]
[2022-08-25T02:09:20.007Z] > git status -z -uall [91ms]
[2022-08-25T02:09:20.013Z] > git symbolic-ref --short HEAD [1ms]
[2022-08-25T02:09:20.019Z] > git for-each-ref --format=%(refname)%00%(upstream:short)%00%(objectname)%00%(upstream:track)%00%(upstream:remotename)%00%(upstream:remoteref) refs/heads/feature/get-name refs/remotes/feature/get-name [1ms]
[2022-08-25T02:09:20.027Z] > git for-each-ref --sort -committerdate --format %(refname) %(objectname) %(*objectname) [4ms]
[2022-08-25T02:09:20.027Z] > git remote --verbose [1ms]
[2022-08-25T02:09:20.112Z] > git config --get commit.template [3ms]
[2022-08-25T02:09:23.651Z] > git show --textconv :index.py [16ms]
[2022-08-25T02:09:23.654Z] > git ls-files --stage -- /home/miura/index.py [10ms]
[2022-08-25T02:09:23.664Z] > git cat-file -s 1eaa08385698ece55818cc11b267b5f7afc257ec [2ms]
[2022-08-25T02:09:29.882Z] > git status -z -uall [84ms]
[2022-08-25T02:09:29.894Z] > git symbolic-ref --short HEAD [1ms]
[2022-08-25T02:09:29.905Z] > git for-each-ref --format=%(refname)%00%(upstream:short)%00%(objectname)%00%(upstream:track)%00%(upstream:remotename)%00%(upstream:remoteref) refs/heads/feature/get-name refs/remotes/feature/get-name [1ms]
[2022-08-25T02:09:29.923Z] > git for-each-ref --sort -committerdate --format %(refname) %(objectname) %(*objectname) [10ms]
[2022-08-25T02:09:29.923Z] > git remote --verbose [1ms]
[2022-08-25T02:09:30.025Z] > git config --get commit.template [2ms]
[2022-08-25T02:09:35.119Z] > git status -z -uall [81ms]
[2022-08-25T02:09:35.132Z] > git symbolic-ref --short HEAD [1ms]
[2022-08-25T02:09:35.144Z] > git for-each-ref --format=%(refname)%00%(upstream:short)%00%(objectname)%00%(upstream:track)%00%(upstream:remotename)%00%(upstream:remoteref) refs/heads/feature/get-name refs/remotes/feature/get-name [1ms]
[2022-08-25T02:09:35.163Z] > git for-each-ref --sort -committerdate --format %(refname) %(objectname) %(*objectname) [10ms]
[2022-08-25T02:09:35.163Z] > git remote --verbose [1ms]
[2022-08-25T02:09:35.232Z] > git config --get commit.template [1ms]
[2022-08-25T02:10:07.320Z] > git status -z -uall [82ms]
[2022-08-25T02:10:07.336Z] > git symbolic-ref --short HEAD [1ms]
[2022-08-25T02:10:07.349Z] > git for-each-ref --format=%(refname)%00%(upstream:short)%00%(objectname)%00%(upstream:track)%00%(upstream:remotename)%00%(upstream:remoteref) refs/heads/feature/get-name refs/remotes/feature/get-name [1ms]
[2022-08-25T02:10:07.369Z] > git for-each-ref --sort -committerdate --format %(refname) %(objectname) %(*objectname) [10ms]
[2022-08-25T02:10:07.370Z] > git remote --verbose [1ms]
[2022-08-25T02:10:07.446Z] > git config --get commit.template [1ms]
[2022-08-25T02:10:13.492Z] > git show --textconv :templates/next-page.html [9ms]
[2022-08-25T02:10:13.496Z] > git ls-files --stage -- /home/miura/templates/next-page.html [5ms]
[2022-08-25T02:10:13.504Z] > git cat-file -s 6151b4cfd2001ab14e2ae65df7f11e3af896795a [1ms]
[2022-08-25T02:11:29.700Z] > git status -z -uall [85ms]
[2022-08-25T02:11:29.708Z] > git symbolic-ref --short HEAD [1ms]
[2022-08-25T02:11:29.715Z] > git for-each-ref --format=%(refname)%00%(upstream:short)%00%(objectname)%00%(upstream:track)%00%(upstream:remotename)%00%(upstream:remoteref) refs/heads/feature/get-name refs/remotes/feature/get-name [1ms]
[2022-08-25T02:11:29.726Z] > git for-each-ref --sort -committerdate --format %(refname) %(objectname) %(*objectname) [6ms]
[2022-08-25T02:11:29.726Z] > git remote --verbose [1ms]
[2022-08-25T02:11:29.805Z] > git config --get commit.template [1ms]
[2022-08-25T02:11:32.174Z] > git show --textconv :index.py [8ms]
[2022-08-25T02:11:32.179Z] > git ls-files --stage -- /home/miura/index.py [6ms]
[2022-08-25T02:11:32.186Z] > git cat-file -s 1eaa08385698ece55818cc11b267b5f7afc257ec [1ms]
[2022-08-25T02:11:36.927Z] > git status -z -uall [77ms]
[2022-08-25T02:11:36.936Z] > git symbolic-ref --short HEAD [1ms]
[2022-08-25T02:11:36.944Z] > git for-each-ref --format=%(refname)%00%(upstream:short)%00%(objectname)%00%(upstream:track)%00%(upstream:remotename)%00%(upstream:remoteref) refs/heads/feature/get-name refs/remotes/feature/get-name [1ms]
[2022-08-25T02:11:36.956Z] > git for-each-ref --sort -committerdate --format %(refname) %(objectname) %(*objectname) [6ms]
[2022-08-25T02:11:36.956Z] > git remote --verbose [1ms]
[2022-08-25T02:11:37.024Z] > git config --get commit.template [2ms]
[2022-08-25T02:12:04.676Z] > git status -z -uall [77ms]
[2022-08-25T02:12:04.685Z] > git symbolic-ref --short HEAD [1ms]
[2022-08-25T02:12:04.693Z] > git for-each-ref --format=%(refname)%00%(upstream:short)%00%(objectname)%00%(upstream:track)%00%(upstream:remotename)%00%(upstream:remoteref) refs/heads/feature/get-name refs/remotes/feature/get-name [1ms]
[2022-08-25T02:12:04.705Z] > git for-each-ref --sort -committerdate --format %(refname) %(objectname) %(*objectname) [6ms]
[2022-08-25T02:12:04.705Z] > git remote --verbose [1ms]
[2022-08-25T02:12:04.774Z] > git config --get commit.template [1ms]
[2022-08-25T02:12:36.792Z] > git show --textconv :templates/first-page.html [8ms]
[2022-08-25T02:12:36.796Z] > git ls-files --stage -- /home/miura/templates/first-page.html [5ms]
[2022-08-25T02:12:36.803Z] > git cat-file -s 4496023d24ef0bd6bacd3a5fdc60389ec29a7c83 [1ms]
[2022-08-25T02:12:37.311Z] > git show --textconv :templates/next-page.html [8ms]
[2022-08-25T02:12:37.315Z] > git ls-files --stage -- /home/miura/templates/next-page.html [5ms]
[2022-08-25T02:12:37.323Z] > git cat-file -s 6151b4cfd2001ab14e2ae65df7f11e3af896795a [1ms]
[2022-08-25T02:13:01.103Z] > git status -z -uall [89ms]
[2022-08-25T02:13:01.113Z] > git symbolic-ref --short HEAD [1ms]
[2022-08-25T02:13:01.122Z] > git for-each-ref --format=%(refname)%00%(upstream:short)%00%(objectname)%00%(upstream:track)%00%(upstream:remotename)%00%(upstream:remoteref) refs/heads/feature/get-name refs/remotes/feature/get-name [2ms]
[2022-08-25T02:13:01.135Z] > git for-each-ref --sort -committerdate --format %(refname) %(objectname) %(*objectname) [7ms]
[2022-08-25T02:13:01.135Z] > git remote --verbose [1ms]
[2022-08-25T02:13:01.211Z] > git config --get commit.template [3ms]
[2022-08-25T02:13:07.228Z] > git show --textconv :templates/first-page.html [8ms]
[2022-08-25T02:13:07.232Z] > git ls-files --stage -- /home/miura/templates/first-page.html [4ms]
[2022-08-25T02:13:07.239Z] > git cat-file -s 4496023d24ef0bd6bacd3a5fdc60389ec29a7c83 [1ms]
[2022-08-25T02:13:07.881Z] > git show --textconv :index.py [8ms]
[2022-08-25T02:13:07.886Z] > git ls-files --stage -- /home/miura/index.py [6ms]
[2022-08-25T02:13:07.893Z] > git cat-file -s 1eaa08385698ece55818cc11b267b5f7afc257ec [1ms]
[2022-08-25T02:13:16.759Z] > git status -z -uall [78ms]
[2022-08-25T02:13:16.768Z] > git symbolic-ref --short HEAD [1ms]
[2022-08-25T02:13:16.777Z] > git for-each-ref --format=%(refname)%00%(upstream:short)%00%(objectname)%00%(upstream:track)%00%(upstream:remotename)%00%(upstream:remoteref) refs/heads/feature/get-name refs/remotes/feature/get-name [1ms]
[2022-08-25T02:13:16.789Z] > git for-each-ref --sort -committerdate --format %(refname) %(objectname) %(*objectname) [6ms]
[2022-08-25T02:13:16.790Z] > git remote --verbose [1ms]
[2022-08-25T02:13:16.858Z] > git config --get commit.template [1ms]
[2022-08-25T02:13:37.055Z] > git status -z -uall [84ms]
[2022-08-25T02:13:37.065Z] > git symbolic-ref --short HEAD [1ms]
[2022-08-25T02:13:37.074Z] > git for-each-ref --format=%(refname)%00%(upstream:short)%00%(objectname)%00%(upstream:track)%00%(upstream:remotename)%00%(upstream:remoteref) refs/heads/feature/get-name refs/remotes/feature/get-name [1ms]
[2022-08-25T02:13:37.087Z] > git for-each-ref --sort -committerdate --format %(refname) %(objectname) %(*objectname) [7ms]
[2022-08-25T02:13:37.087Z] > git remote --verbose [1ms]
[2022-08-25T02:13:37.157Z] > git config --get commit.template [7ms]
[2022-08-25T02:13:39.673Z] > git show --textconv :templates/next-page.html [8ms]
[2022-08-25T02:13:39.678Z] > git ls-files --stage -- /home/miura/templates/next-page.html [5ms]
[2022-08-25T02:13:39.686Z] > git cat-file -s 6151b4cfd2001ab14e2ae65df7f11e3af896795a [1ms]
[2022-08-25T02:14:13.502Z] > git status -z -uall [82ms]
[2022-08-25T02:14:13.510Z] > git symbolic-ref --short HEAD [1ms]
[2022-08-25T02:14:13.518Z] > git for-each-ref --format=%(refname)%00%(upstream:short)%00%(objectname)%00%(upstream:track)%00%(upstream:remotename)%00%(upstream:remoteref) refs/heads/feature/get-name refs/remotes/feature/get-name [1ms]
[2022-08-25T02:14:13.530Z] > git for-each-ref --sort -committerdate --format %(refname) %(objectname) %(*objectname) [6ms]
[2022-08-25T02:14:13.530Z] > git remote --verbose [2ms]
[2022-08-25T02:14:13.607Z] > git config --get commit.template [3ms]
[2022-08-25T02:14:30.545Z] > git show --textconv :index.py [8ms]
[2022-08-25T02:14:30.550Z] > git ls-files --stage -- /home/miura/index.py [5ms]
[2022-08-25T02:14:30.558Z] > git cat-file -s 1eaa08385698ece55818cc11b267b5f7afc257ec [1ms]
[2022-08-25T02:14:37.591Z] > git status -z -uall [97ms]
[2022-08-25T02:14:37.602Z] > git symbolic-ref --short HEAD [2ms]
[2022-08-25T02:14:37.610Z] > git for-each-ref --format=%(refname)%00%(upstream:short)%00%(objectname)%00%(upstream:track)%00%(upstream:remotename)%00%(upstream:remoteref) refs/heads/feature/get-name refs/remotes/feature/get-name [1ms]
[2022-08-25T02:14:37.623Z] > git for-each-ref --sort -committerdate --format %(refname) %(objectname) %(*objectname) [7ms]
[2022-08-25T02:14:37.623Z] > git remote --verbose [1ms]
[2022-08-25T02:14:37.700Z] > git config --get commit.template [5ms]
[2022-08-25T02:15:03.005Z] > git status -z -uall [94ms]
[2022-08-25T02:15:03.013Z] > git symbolic-ref --short HEAD [1ms]
[2022-08-25T02:15:03.020Z] > git for-each-ref --format=%(refname)%00%(upstream:short)%00%(objectname)%00%(upstream:track)%00%(upstream:remotename)%00%(upstream:remoteref) refs/heads/feature/get-name refs/remotes/feature/get-name [1ms]
[2022-08-25T02:15:03.032Z] > git for-each-ref --sort -committerdate --format %(refname) %(objectname) %(*objectname) [6ms]
[2022-08-25T02:15:03.032Z] > git remote --verbose [1ms]
[2022-08-25T02:15:03.108Z] > git config --get commit.template [2ms]
[2022-08-25T02:15:17.943Z] > git show --textconv :templates/next-page.html [8ms]
[2022-08-25T02:15:17.947Z] > git ls-files --stage -- /home/miura/templates/next-page.html [5ms]
[2022-08-25T02:15:17.954Z] > git cat-file -s 6151b4cfd2001ab14e2ae65df7f11e3af896795a [1ms]
[2022-08-25T02:15:32.157Z] > git show --textconv :templates/first-page.html [7ms]
[2022-08-25T02:15:32.161Z] > git ls-files --stage -- /home/miura/templates/first-page.html [5ms]
[2022-08-25T02:15:32.168Z] > git cat-file -s 4496023d24ef0bd6bacd3a5fdc60389ec29a7c83 [1ms]
[2022-08-25T02:15:36.107Z] > git show --textconv :templates/next-page.html [7ms]
[2022-08-25T02:15:36.111Z] > git ls-files --stage -- /home/miura/templates/next-page.html [5ms]
[2022-08-25T02:15:36.118Z] > git cat-file -s 6151b4cfd2001ab14e2ae65df7f11e3af896795a [1ms]
[2022-08-25T02:15:45.940Z] > git show --textconv :templates/first-page.html [7ms]
[2022-08-25T02:15:45.944Z] > git ls-files --stage -- /home/miura/templates/first-page.html [5ms]
[2022-08-25T02:15:45.951Z] > git cat-file -s 4496023d24ef0bd6bacd3a5fdc60389ec29a7c83 [1ms]
[2022-08-25T02:15:49.697Z] > git show --textconv :templates/next-page.html [7ms]
[2022-08-25T02:15:49.701Z] > git ls-files --stage -- /home/miura/templates/next-page.html [4ms]
[2022-08-25T02:15:49.708Z] > git cat-file -s 6151b4cfd2001ab14e2ae65df7f11e3af896795a [1ms]
[2022-08-25T02:16:02.574Z] > git show --textconv :templates/first-page.html [7ms]
[2022-08-25T02:16:02.578Z] > git ls-files --stage -- /home/miura/templates/first-page.html [4ms]
[2022-08-25T02:16:02.585Z] > git cat-file -s 4496023d24ef0bd6bacd3a5fdc60389ec29a7c83 [1ms]
[2022-08-25T02:16:07.641Z] > git show --textconv :templates/next-page.html [7ms]
[2022-08-25T02:16:07.645Z] > git ls-files --stage -- /home/miura/templates/next-page.html [4ms]
[2022-08-25T02:16:07.652Z] > git cat-file -s 6151b4cfd2001ab14e2ae65df7f11e3af896795a [1ms]
[2022-08-25T02:16:17.282Z] > git status -z -uall [81ms]
[2022-08-25T02:16:17.291Z] > git symbolic-ref --short HEAD [1ms]
[2022-08-25T02:16:17.298Z] > git for-each-ref --format=%(refname)%00%(upstream:short)%00%(objectname)%00%(upstream:track)%00%(upstream:remotename)%00%(upstream:remoteref) refs/heads/feature/get-name refs/remotes/feature/get-name [1ms]
[2022-08-25T02:16:17.310Z] > git for-each-ref --sort -committerdate --format %(refname) %(objectname) %(*objectname) [6ms]
[2022-08-25T02:16:17.310Z] > git remote --verbose [1ms]
[2022-08-25T02:16:17.378Z] > git config --get commit.template [1ms]
[2022-08-25T02:16:20.165Z] > git show --textconv :templates/first-page.html [7ms]
[2022-08-25T02:16:20.169Z] > git ls-files --stage -- /home/miura/templates/first-page.html [5ms]
[2022-08-25T02:16:20.176Z] > git cat-file -s 4496023d24ef0bd6bacd3a5fdc60389ec29a7c83 [1ms]
[2022-08-25T02:16:42.748Z] > git status -z -uall [82ms]
[2022-08-25T02:16:42.769Z] > git show --textconv :index.py [8ms]
[2022-08-25T02:16:42.770Z] > git symbolic-ref --short HEAD [15ms]
[2022-08-25T02:16:42.775Z] > git ls-files --stage -- /home/miura/index.py [7ms]
[2022-08-25T02:16:42.780Z] > git for-each-ref --format=%(refname)%00%(upstream:short)%00%(objectname)%00%(upstream:track)%00%(upstream:remotename)%00%(upstream:remoteref) refs/heads/feature/get-name refs/remotes/feature/get-name [5ms]
[2022-08-25T02:16:42.791Z] > git for-each-ref --sort -committerdate --format %(refname) %(objectname) %(*objectname) [6ms]
[2022-08-25T02:16:42.791Z] > git cat-file -s 1eaa08385698ece55818cc11b267b5f7afc257ec [11ms]
[2022-08-25T02:16:42.791Z] > git remote --verbose [1ms]
[2022-08-25T02:16:42.860Z] > git config --get commit.template [1ms]
[2022-08-25T02:16:59.597Z] > git status -z -uall [79ms]
[2022-08-25T02:16:59.607Z] > git symbolic-ref --short HEAD [1ms]
[2022-08-25T02:16:59.615Z] > git for-each-ref --format=%(refname)%00%(upstream:short)%00%(objectname)%00%(upstream:track)%00%(upstream:remotename)%00%(upstream:remoteref) refs/heads/feature/get-name refs/remotes/feature/get-name [1ms]
[2022-08-25T02:16:59.632Z] > git remote --verbose [2ms]
[2022-08-25T02:16:59.632Z] > git for-each-ref --sort -committerdate --format %(refname) %(objectname) %(*objectname) [8ms]
[2022-08-25T02:16:59.698Z] > git config --get commit.template [2ms]
[2022-08-25T02:17:01.443Z] > git show --textconv :templates/first-page.html [9ms]
[2022-08-25T02:17:01.449Z] > git ls-files --stage -- /home/miura/templates/first-page.html [6ms]
[2022-08-25T02:17:01.459Z] > git cat-file -s 4496023d24ef0bd6bacd3a5fdc60389ec29a7c83 [2ms]
[2022-08-25T02:17:11.583Z] > git status -z -uall [77ms]
[2022-08-25T02:17:11.594Z] > git symbolic-ref --short HEAD [1ms]
[2022-08-25T02:17:11.603Z] > git for-each-ref --format=%(refname)%00%(upstream:short)%00%(objectname)%00%(upstream:track)%00%(upstream:remotename)%00%(upstream:remoteref) refs/heads/feature/get-name refs/remotes/feature/get-name [1ms]
[2022-08-25T02:17:11.616Z] > git for-each-ref --sort -committerdate --format %(refname) %(objectname) %(*objectname) [6ms]
[2022-08-25T02:17:11.617Z] > git remote --verbose [2ms]
[2022-08-25T02:17:11.687Z] > git config --get commit.template [1ms]
[2022-08-25T02:19:12.991Z] > git status -z -uall [81ms]
[2022-08-25T02:19:12.999Z] > git symbolic-ref --short HEAD [0ms]
[2022-08-25T02:19:13.007Z] > git for-each-ref --format=%(refname)%00%(upstream:short)%00%(objectname)%00%(upstream:track)%00%(upstream:remotename)%00%(upstream:remoteref) refs/heads/feature/get-name refs/remotes/feature/get-name [1ms]
[2022-08-25T02:19:13.020Z] > git for-each-ref --sort -committerdate --format %(refname) %(objectname) %(*objectname) [6ms]
[2022-08-25T02:19:13.020Z] > git remote --verbose [1ms]
[2022-08-25T02:19:13.091Z] > git config --get commit.template [0ms]
[2022-08-25T02:19:17.407Z] > git show --textconv :templates/next-page.html [9ms]
[2022-08-25T02:19:17.411Z] > git ls-files --stage -- /home/miura/templates/next-page.html [5ms]
[2022-08-25T02:19:17.420Z] > git cat-file -s 6151b4cfd2001ab14e2ae65df7f11e3af896795a [1ms]
[2022-08-25T02:19:19.561Z] > git show --textconv :index.py [9ms]
[2022-08-25T02:19:19.567Z] > git ls-files --stage -- /home/miura/index.py [6ms]
[2022-08-25T02:19:19.576Z] > git cat-file -s 1eaa08385698ece55818cc11b267b5f7afc257ec [1ms]
[2022-08-25T02:19:48.446Z] > git status -z -uall [76ms]
[2022-08-25T02:19:48.458Z] > git symbolic-ref --short HEAD [2ms]
[2022-08-25T02:19:48.467Z] > git for-each-ref --format=%(refname)%00%(upstream:short)%00%(objectname)%00%(upstream:track)%00%(upstream:remotename)%00%(upstream:remoteref) refs/heads/feature/get-name refs/remotes/feature/get-name [2ms]
[2022-08-25T02:19:48.483Z] > git for-each-ref --sort -committerdate --format %(refname) %(objectname) %(*objectname) [7ms]
[2022-08-25T02:19:48.484Z] > git remote --verbose [1ms]
[2022-08-25T02:19:48.565Z] > git config --get commit.template [1ms]
[2022-08-25T02:19:53.630Z] > git show --textconv :templates/next-page.html [9ms]
[2022-08-25T02:19:53.634Z] > git ls-files --stage -- /home/miura/templates/next-page.html [5ms]
[2022-08-25T02:19:53.642Z] > git cat-file -s 6151b4cfd2001ab14e2ae65df7f11e3af896795a [1ms]
[2022-08-25T02:20:01.248Z] > git status -z -uall [80ms]
[2022-08-25T02:20:01.259Z] > git symbolic-ref --short HEAD [1ms]
[2022-08-25T02:20:01.268Z] > git for-each-ref --format=%(refname)%00%(upstream:short)%00%(objectname)%00%(upstream:track)%00%(upstream:remotename)%00%(upstream:remoteref) refs/heads/feature/get-name refs/remotes/feature/get-name [2ms]
[2022-08-25T02:20:01.282Z] > git for-each-ref --sort -committerdate --format %(refname) %(objectname) %(*objectname) [7ms]
[2022-08-25T02:20:01.283Z] > git remote --verbose [1ms]
[2022-08-25T02:20:01.354Z] > git config --get commit.template [1ms]
[2022-08-25T02:20:03.547Z] > git show --textconv :index.py [9ms]
[2022-08-25T02:20:03.552Z] > git ls-files --stage -- /home/miura/index.py [6ms]
[2022-08-25T02:20:03.561Z] > git cat-file -s 1eaa08385698ece55818cc11b267b5f7afc257ec [1ms]
[2022-08-25T02:20:11.804Z] > git status -z -uall [82ms]
[2022-08-25T02:20:11.814Z] > git symbolic-ref --short HEAD [1ms]
[2022-08-25T02:20:11.823Z] > git for-each-ref --format=%(refname)%00%(upstream:short)%00%(objectname)%00%(upstream:track)%00%(upstream:remotename)%00%(upstream:remoteref) refs/heads/feature/get-name refs/remotes/feature/get-name [1ms]
[2022-08-25T02:20:11.836Z] > git for-each-ref --sort -committerdate --format %(refname) %(objectname) %(*objectname) [6ms]
[2022-08-25T02:20:11.837Z] > git remote --verbose [1ms]
[2022-08-25T02:20:11.909Z] > git config --get commit.template [6ms]
[2022-08-25T02:20:35.628Z] > git status -z -uall [76ms]
[2022-08-25T02:20:35.638Z] > git symbolic-ref --short HEAD [1ms]
[2022-08-25T02:20:35.648Z] > git for-each-ref --format=%(refname)%00%(upstream:short)%00%(objectname)%00%(upstream:track)%00%(upstream:remotename)%00%(upstream:remoteref) refs/heads/feature/get-name refs/remotes/feature/get-name [1ms]
[2022-08-25T02:20:35.662Z] > git for-each-ref --sort -committerdate --format %(refname) %(objectname) %(*objectname) [7ms]
[2022-08-25T02:20:35.663Z] > git remote --verbose [2ms]
[2022-08-25T02:20:35.735Z] > git config --get commit.template [1ms]
[2022-08-25T02:20:48.498Z] > git status -z -uall [80ms]
[2022-08-25T02:20:48.509Z] > git symbolic-ref --short HEAD [1ms]
[2022-08-25T02:20:48.518Z] > git for-each-ref --format=%(refname)%00%(upstream:short)%00%(objectname)%00%(upstream:track)%00%(upstream:remotename)%00%(upstream:remoteref) refs/heads/feature/get-name refs/remotes/feature/get-name [1ms]
[2022-08-25T02:20:48.532Z] > git for-each-ref --sort -committerdate --format %(refname) %(objectname) %(*objectname) [7ms]
[2022-08-25T02:20:48.532Z] > git remote --verbose [1ms]
[2022-08-25T02:20:48.604Z] > git config --get commit.template [1ms]
[2022-08-25T02:20:50.781Z] > git show --textconv :templates/next-page.html [10ms]
[2022-08-25T02:20:50.785Z] > git ls-files --stage -- /home/miura/templates/next-page.html [5ms]
[2022-08-25T02:20:50.795Z] > git cat-file -s 6151b4cfd2001ab14e2ae65df7f11e3af896795a [1ms]
[2022-08-25T02:20:58.366Z] > git status -z -uall [78ms]
[2022-08-25T02:20:58.377Z] > git symbolic-ref --short HEAD [1ms]
[2022-08-25T02:20:58.386Z] > git for-each-ref --format=%(refname)%00%(upstream:short)%00%(objectname)%00%(upstream:track)%00%(upstream:remotename)%00%(upstream:remoteref) refs/heads/feature/get-name refs/remotes/feature/get-name [1ms]
[2022-08-25T02:20:58.401Z] > git for-each-ref --sort -committerdate --format %(refname) %(objectname) %(*objectname) [7ms]
[2022-08-25T02:20:58.402Z] > git remote --verbose [2ms]
[2022-08-25T02:20:58.471Z] > git config --get commit.template [1ms]
[2022-08-25T02:21:01.226Z] > git show --textconv :index.py [9ms]
[2022-08-25T02:21:01.231Z] > git ls-files --stage -- /home/miura/index.py [5ms]
[2022-08-25T02:21:01.240Z] > git cat-file -s 1eaa08385698ece55818cc11b267b5f7afc257ec [1ms]
[2022-08-25T02:23:24.262Z] > git status -z -uall [78ms]
[2022-08-25T02:23:24.271Z] > git symbolic-ref --short HEAD [1ms]
[2022-08-25T02:23:24.279Z] > git for-each-ref --format=%(refname)%00%(upstream:short)%00%(objectname)%00%(upstream:track)%00%(upstream:remotename)%00%(upstream:remoteref) refs/heads/feature/get-name refs/remotes/feature/get-name [1ms]
[2022-08-25T02:23:24.293Z] > git remote --verbose [0ms]
[2022-08-25T02:23:24.293Z] > git for-each-ref --sort -committerdate --format %(refname) %(objectname) %(*objectname) [8ms]
[2022-08-25T02:23:24.363Z] > git config --get commit.template [3ms]
[2022-08-25T02:23:34.587Z] > git status -z -uall [76ms]
[2022-08-25T02:23:34.598Z] > git symbolic-ref --short HEAD [1ms]
[2022-08-25T02:23:34.606Z] > git for-each-ref --format=%(refname)%00%(upstream:short)%00%(objectname)%00%(upstream:track)%00%(upstream:remotename)%00%(upstream:remoteref) refs/heads/feature/get-name refs/remotes/feature/get-name [1ms]
[2022-08-25T02:23:34.620Z] > git for-each-ref --sort -committerdate --format %(refname) %(objectname) %(*objectname) [7ms]
[2022-08-25T02:23:34.620Z] > git remote --verbose [1ms]
[2022-08-25T02:23:34.689Z] > git config --get commit.template [1ms]
[2022-08-25T02:23:54.923Z] > git status -z -uall [79ms]
[2022-08-25T02:23:54.936Z] > git symbolic-ref --short HEAD [0ms]
[2022-08-25T02:23:54.946Z] > git for-each-ref --format=%(refname)%00%(upstream:short)%00%(objectname)%00%(upstream:track)%00%(upstream:remotename)%00%(upstream:remoteref) refs/heads/feature/get-name refs/remotes/feature/get-name [1ms]
[2022-08-25T02:23:54.961Z] > git for-each-ref --sort -committerdate --format %(refname) %(objectname) %(*objectname) [8ms]
[2022-08-25T02:23:54.961Z] > git remote --verbose [1ms]
[2022-08-25T02:23:55.032Z] > git config --get commit.template [1ms]
[2022-08-25T02:24:34.243Z] > git show --textconv :templates/first-page.html [8ms]
[2022-08-25T02:24:34.247Z] > git ls-files --stage -- /home/miura/templates/first-page.html [4ms]
[2022-08-25T02:24:34.256Z] > git cat-file -s 4496023d24ef0bd6bacd3a5fdc60389ec29a7c83 [1ms]
[2022-08-25T02:24:54.457Z] > git show --textconv :templates/next-page.html [8ms]
[2022-08-25T02:24:54.461Z] > git ls-files --stage -- /home/miura/templates/next-page.html [4ms]
[2022-08-25T02:24:54.469Z] > git cat-file -s 6151b4cfd2001ab14e2ae65df7f11e3af896795a [1ms]
[2022-08-25T02:25:11.979Z] > git show --textconv :templates/first-page.html [8ms]
[2022-08-25T02:25:11.984Z] > git ls-files --stage -- /home/miura/templates/first-page.html [5ms]
[2022-08-25T02:25:11.992Z] > git cat-file -s 4496023d24ef0bd6bacd3a5fdc60389ec29a7c83 [1ms]
[2022-08-25T02:25:36.578Z] > git show --textconv :templates/next-page.html [10ms]
[2022-08-25T02:25:36.582Z] > git ls-files --stage -- /home/miura/templates/next-page.html [4ms]
[2022-08-25T02:25:36.590Z] > git cat-file -s 6151b4cfd2001ab14e2ae65df7f11e3af896795a [1ms]
[2022-08-25T02:26:00.340Z] > git status -z -uall [79ms]
[2022-08-25T02:26:00.349Z] > git symbolic-ref --short HEAD [1ms]
[2022-08-25T02:26:00.359Z] > git for-each-ref --format=%(refname)%00%(upstream:short)%00%(objectname)%00%(upstream:track)%00%(upstream:remotename)%00%(upstream:remoteref) refs/heads/feature/get-name refs/remotes/feature/get-name [0ms]
[2022-08-25T02:26:00.371Z] > git for-each-ref --sort -committerdate --format %(refname) %(objectname) %(*objectname) [6ms]
[2022-08-25T02:26:00.371Z] > git remote --verbose [1ms]
[2022-08-25T02:26:00.439Z] > git config --get commit.template [1ms]
[2022-08-25T02:26:03.779Z] > git show --textconv :index.py [9ms]
[2022-08-25T02:26:03.784Z] > git ls-files --stage -- /home/miura/index.py [5ms]
[2022-08-25T02:26:03.796Z] > git cat-file -s 1eaa08385698ece55818cc11b267b5f7afc257ec [1ms]
[2022-08-25T02:26:20.059Z] > git status -z -uall [80ms]
[2022-08-25T02:26:20.070Z] > git symbolic-ref --short HEAD [1ms]
[2022-08-25T02:26:20.078Z] > git for-each-ref --format=%(refname)%00%(upstream:short)%00%(objectname)%00%(upstream:track)%00%(upstream:remotename)%00%(upstream:remoteref) refs/heads/feature/get-name refs/remotes/feature/get-name [1ms]
[2022-08-25T02:26:20.092Z] > git for-each-ref --sort -committerdate --format %(refname) %(objectname) %(*objectname) [6ms]
[2022-08-25T02:26:20.093Z] > git remote --verbose [1ms]
[2022-08-25T02:26:20.160Z] > git config --get commit.template [1ms]
[2022-08-25T02:29:00.516Z] > git show --textconv :templates/next-page.html [7ms]
[2022-08-25T02:29:00.520Z] > git ls-files --stage -- /home/miura/templates/next-page.html [5ms]
[2022-08-25T02:29:00.526Z] > git cat-file -s 6151b4cfd2001ab14e2ae65df7f11e3af896795a [1ms]
[2022-08-25T02:31:05.257Z] > git status -z -uall [83ms]
[2022-08-25T02:31:05.265Z] > git symbolic-ref --short HEAD [1ms]
[2022-08-25T02:31:05.272Z] > git for-each-ref --format=%(refname)%00%(upstream:short)%00%(objectname)%00%(upstream:track)%00%(upstream:remotename)%00%(upstream:remoteref) refs/heads/feature/get-name refs/remotes/feature/get-name [1ms]
[2022-08-25T02:31:05.283Z] > git for-each-ref --sort -committerdate --format %(refname) %(objectname) %(*objectname) [6ms]
[2022-08-25T02:31:05.283Z] > git remote --verbose [1ms]
[2022-08-25T02:31:05.355Z] > git config --get commit.template [2ms]
[2022-08-25T02:31:05.373Z] > git show --textconv :index.py [9ms]
[2022-08-25T02:31:05.378Z] > git ls-files --stage -- /home/miura/index.py [8ms]
[2022-08-25T02:31:05.386Z] > git cat-file -s 1eaa08385698ece55818cc11b267b5f7afc257ec [3ms]
[2022-08-25T02:31:14.271Z] > git status -z -uall [78ms]
[2022-08-25T02:31:14.281Z] > git symbolic-ref --short HEAD [1ms]
[2022-08-25T02:31:14.290Z] > git for-each-ref --format=%(refname)%00%(upstream:short)%00%(objectname)%00%(upstream:track)%00%(upstream:remotename)%00%(upstream:remoteref) refs/heads/feature/get-name refs/remotes/feature/get-name [1ms]
[2022-08-25T02:31:14.305Z] > git for-each-ref --sort -committerdate --format %(refname) %(objectname) %(*objectname) [8ms]
[2022-08-25T02:31:14.305Z] > git remote --verbose [1ms]
[2022-08-25T02:31:14.376Z] > git config --get commit.template [1ms]
[2022-08-25T02:31:37.790Z] > git status -z -uall [84ms]
[2022-08-25T02:31:37.800Z] > git symbolic-ref --short HEAD [3ms]
[2022-08-25T02:31:37.808Z] > git for-each-ref --format=%(refname)%00%(upstream:short)%00%(objectname)%00%(upstream:track)%00%(upstream:remotename)%00%(upstream:remoteref) refs/heads/feature/get-name refs/remotes/feature/get-name [1ms]
[2022-08-25T02:31:37.819Z] > git for-each-ref --sort -committerdate --format %(refname) %(objectname) %(*objectname) [6ms]
[2022-08-25T02:31:37.819Z] > git remote --verbose [1ms]
[2022-08-25T02:31:37.891Z] > git config --get commit.template [2ms]
[2022-08-25T02:31:49.175Z] > git show --textconv :templates/first-page.html [8ms]
[2022-08-25T02:31:49.179Z] > git ls-files --stage -- /home/miura/templates/first-page.html [4ms]
[2022-08-25T02:31:49.187Z] > git cat-file -s 4496023d24ef0bd6bacd3a5fdc60389ec29a7c83 [1ms]
[2022-08-25T02:31:56.559Z] > git show --textconv :templates/next-page.html [8ms]
[2022-08-25T02:31:56.563Z] > git ls-files --stage -- /home/miura/templates/next-page.html [4ms]
[2022-08-25T02:31:56.570Z] > git cat-file -s 6151b4cfd2001ab14e2ae65df7f11e3af896795a [1ms]
[2022-08-25T02:32:05.713Z] > git status -z -uall [82ms]
[2022-08-25T02:32:05.723Z] > git symbolic-ref --short HEAD [1ms]
[2022-08-25T02:32:05.730Z] > git for-each-ref --format=%(refname)%00%(upstream:short)%00%(objectname)%00%(upstream:track)%00%(upstream:remotename)%00%(upstream:remoteref) refs/heads/feature/get-name refs/remotes/feature/get-name [1ms]
[2022-08-25T02:32:05.741Z] > git for-each-ref --sort -committerdate --format %(refname) %(objectname) %(*objectname) [6ms]
[2022-08-25T02:32:05.741Z] > git remote --verbose [1ms]
[2022-08-25T02:32:05.813Z] > git config --get commit.template [2ms]
[2022-08-25T02:32:16.777Z] > git show --textconv :index.py [8ms]
[2022-08-25T02:32:16.782Z] > git ls-files --stage -- /home/miura/index.py [5ms]
[2022-08-25T02:32:16.790Z] > git cat-file -s 1eaa08385698ece55818cc11b267b5f7afc257ec [1ms]
[2022-08-25T02:32:25.159Z] > git status -z -uall [76ms]
[2022-08-25T02:32:25.170Z] > git symbolic-ref --short HEAD [2ms]
[2022-08-25T02:32:25.178Z] > git for-each-ref --format=%(refname)%00%(upstream:short)%00%(objectname)%00%(upstream:track)%00%(upstream:remotename)%00%(upstream:remoteref) refs/heads/feature/get-name refs/remotes/feature/get-name [1ms]
[2022-08-25T02:32:25.190Z] > git for-each-ref --sort -committerdate --format %(refname) %(objectname) %(*objectname) [6ms]
[2022-08-25T02:32:25.191Z] > git remote --verbose [1ms]
[2022-08-25T02:32:25.257Z] > git config --get commit.template [1ms]
[2022-08-25T02:32:47.145Z] > git status -z -uall [78ms]
[2022-08-25T02:32:47.156Z] > git symbolic-ref --short HEAD [1ms]
[2022-08-25T02:32:47.165Z] > git for-each-ref --format=%(refname)%00%(upstream:short)%00%(objectname)%00%(upstream:track)%00%(upstream:remotename)%00%(upstream:remoteref) refs/heads/feature/get-name refs/remotes/feature/get-name [1ms]
[2022-08-25T02:32:47.180Z] > git for-each-ref --sort -committerdate --format %(refname) %(objectname) %(*objectname) [7ms]
[2022-08-25T02:32:47.180Z] > git remote --verbose [1ms]
[2022-08-25T02:32:47.252Z] > git config --get commit.template [1ms]
[2022-08-25T02:32:51.911Z] > git show --textconv :templates/next-page.html [9ms]
[2022-08-25T02:32:51.915Z] > git ls-files --stage -- /home/miura/templates/next-page.html [4ms]
[2022-08-25T02:32:51.923Z] > git cat-file -s 6151b4cfd2001ab14e2ae65df7f11e3af896795a [1ms]
[2022-08-25T02:33:08.691Z] > git status -z -uall [82ms]
[2022-08-25T02:33:08.702Z] > git symbolic-ref --short HEAD [2ms]
[2022-08-25T02:33:08.712Z] > git for-each-ref --format=%(refname)%00%(upstream:short)%00%(objectname)%00%(upstream:track)%00%(upstream:remotename)%00%(upstream:remoteref) refs/heads/feature/get-name refs/remotes/feature/get-name [1ms]
[2022-08-25T02:33:08.726Z] > git for-each-ref --sort -committerdate --format %(refname) %(objectname) %(*objectname) [7ms]
[2022-08-25T02:33:08.727Z] > git remote --verbose [1ms]
[2022-08-25T02:33:08.809Z] > git config --get commit.template [6ms]
[2022-08-25T02:33:11.226Z] > git show --textconv :index.py [23ms]
[2022-08-25T02:33:11.233Z] > git ls-files --stage -- /home/miura/index.py [9ms]
[2022-08-25T02:33:11.245Z] > git cat-file -s 1eaa08385698ece55818cc11b267b5f7afc257ec [1ms]
[2022-08-25T02:33:17.726Z] > git status -z -uall [79ms]
[2022-08-25T02:33:17.736Z] > git symbolic-ref --short HEAD [1ms]
[2022-08-25T02:33:17.744Z] > git for-each-ref --format=%(refname)%00%(upstream:short)%00%(objectname)%00%(upstream:track)%00%(upstream:remotename)%00%(upstream:remoteref) refs/heads/feature/get-name refs/remotes/feature/get-name [1ms]
[2022-08-25T02:33:17.757Z] > git for-each-ref --sort -committerdate --format %(refname) %(objectname) %(*objectname) [7ms]
[2022-08-25T02:33:17.757Z] > git remote --verbose [1ms]
[2022-08-25T02:33:17.826Z] > git config --get commit.template [1ms]
[2022-08-25T02:33:38.344Z] > git status -z -uall [80ms]
[2022-08-25T02:33:38.354Z] > git symbolic-ref --short HEAD [1ms]
[2022-08-25T02:33:38.363Z] > git for-each-ref --format=%(refname)%00%(upstream:short)%00%(objectname)%00%(upstream:track)%00%(upstream:remotename)%00%(upstream:remoteref) refs/heads/feature/get-name refs/remotes/feature/get-name [1ms]
[2022-08-25T02:33:38.377Z] > git for-each-ref --sort -committerdate --format %(refname) %(objectname) %(*objectname) [7ms]
[2022-08-25T02:33:38.377Z] > git remote --verbose [1ms]
[2022-08-25T02:33:38.450Z] > git config --get commit.template [1ms]
[2022-08-25T02:33:46.930Z] > git show --textconv :templates/next-page.html [9ms]
[2022-08-25T02:33:46.934Z] > git ls-files --stage -- /home/miura/templates/next-page.html [4ms]
[2022-08-25T02:33:46.943Z] > git cat-file -s 6151b4cfd2001ab14e2ae65df7f11e3af896795a [1ms]
[2022-08-25T02:34:09.132Z] > git status -z -uall [78ms]
[2022-08-25T02:34:09.143Z] > git symbolic-ref --short HEAD [1ms]
[2022-08-25T02:34:09.152Z] > git for-each-ref --format=%(refname)%00%(upstream:short)%00%(objectname)%00%(upstream:track)%00%(upstream:remotename)%00%(upstream:remoteref) refs/heads/feature/get-name refs/remotes/feature/get-name [1ms]
[2022-08-25T02:34:09.168Z] > git for-each-ref --sort -committerdate --format %(refname) %(objectname) %(*objectname) [8ms]
[2022-08-25T02:34:09.168Z] > git remote --verbose [1ms]
[2022-08-25T02:34:09.251Z] > git config --get commit.template [1ms]
[2022-08-25T02:34:11.804Z] > git show --textconv :index.py [10ms]
[2022-08-25T02:34:11.809Z] > git ls-files --stage -- /home/miura/index.py [6ms]
[2022-08-25T02:34:11.818Z] > git cat-file -s 1eaa08385698ece55818cc11b267b5f7afc257ec [1ms]
[2022-08-25T02:34:26.514Z] > git status -z -uall [81ms]
[2022-08-25T02:34:26.524Z] > git symbolic-ref --short HEAD [1ms]
[2022-08-25T02:34:26.533Z] > git for-each-ref --format=%(refname)%00%(upstream:short)%00%(objectname)%00%(upstream:track)%00%(upstream:remotename)%00%(upstream:remoteref) refs/heads/feature/get-name refs/remotes/feature/get-name [1ms]
[2022-08-25T02:34:26.548Z] > git for-each-ref --sort -committerdate --format %(refname) %(objectname) %(*objectname) [7ms]
[2022-08-25T02:34:26.548Z] > git remote --verbose [1ms]
[2022-08-25T02:34:26.616Z] > git config --get commit.template [1ms]
[2022-08-25T02:34:54.534Z] > git show --textconv :templates/next-page.html [7ms]
[2022-08-25T02:34:54.538Z] > git ls-files --stage -- /home/miura/templates/next-page.html [5ms]
[2022-08-25T02:34:54.544Z] > git cat-file -s 6151b4cfd2001ab14e2ae65df7f11e3af896795a [1ms]
[2022-08-25T02:35:14.528Z] > git status -z -uall [81ms]
[2022-08-25T02:35:14.536Z] > git symbolic-ref --short HEAD [1ms]
[2022-08-25T02:35:14.543Z] > git for-each-ref --format=%(refname)%00%(upstream:short)%00%(objectname)%00%(upstream:track)%00%(upstream:remotename)%00%(upstream:remoteref) refs/heads/feature/get-name refs/remotes/feature/get-name [1ms]
[2022-08-25T02:35:14.554Z] > git for-each-ref --sort -committerdate --format %(refname) %(objectname) %(*objectname) [5ms]
[2022-08-25T02:35:14.554Z] > git remote --verbose [1ms]
[2022-08-25T02:35:14.625Z] > git config --get commit.template [1ms]
[2022-08-25T02:35:17.456Z] > git show --textconv :index.py [9ms]
[2022-08-25T02:35:17.461Z] > git ls-files --stage -- /home/miura/index.py [5ms]
[2022-08-25T02:35:17.469Z] > git cat-file -s 1eaa08385698ece55818cc11b267b5f7afc257ec [1ms]
[2022-08-25T02:35:38.549Z] > git status -z -uall [79ms]
[2022-08-25T02:35:38.559Z] > git symbolic-ref --short HEAD [1ms]
[2022-08-25T02:35:38.568Z] > git for-each-ref --format=%(refname)%00%(upstream:short)%00%(objectname)%00%(upstream:track)%00%(upstream:remotename)%00%(upstream:remoteref) refs/heads/feature/get-name refs/remotes/feature/get-name [1ms]
[2022-08-25T02:35:38.583Z] > git for-each-ref --sort -committerdate --format %(refname) %(objectname) %(*objectname) [8ms]
[2022-08-25T02:35:38.583Z] > git remote --verbose [1ms]
[2022-08-25T02:35:38.655Z] > git config --get commit.template [2ms]
[2022-08-25T02:36:49.557Z] > git show --textconv :templates/next-page.html [7ms]
[2022-08-25T02:36:49.561Z] > git ls-files --stage -- /home/miura/templates/next-page.html [4ms]
[2022-08-25T02:36:49.568Z] > git cat-file -s 6151b4cfd2001ab14e2ae65df7f11e3af896795a [1ms]
[2022-08-25T02:37:00.237Z] > git show --textconv :templates/first-page.html [7ms]
[2022-08-25T02:37:00.241Z] > git ls-files --stage -- /home/miura/templates/first-page.html [4ms]
[2022-08-25T02:37:00.248Z] > git cat-file -s 4496023d24ef0bd6bacd3a5fdc60389ec29a7c83 [1ms]
[2022-08-25T02:37:18.424Z] > git show --textconv :templates/next-page.html [7ms]
[2022-08-25T02:37:18.428Z] > git ls-files --stage -- /home/miura/templates/next-page.html [5ms]
[2022-08-25T02:37:18.434Z] > git cat-file -s 6151b4cfd2001ab14e2ae65df7f11e3af896795a [1ms]
[2022-08-25T02:39:46.110Z] > git status -z -uall [84ms]
[2022-08-25T02:39:46.118Z] > git symbolic-ref --short HEAD [1ms]
[2022-08-25T02:39:46.125Z] > git for-each-ref --format=%(refname)%00%(upstream:short)%00%(objectname)%00%(upstream:track)%00%(upstream:remotename)%00%(upstream:remoteref) refs/heads/feature/get-name refs/remotes/feature/get-name [1ms]
[2022-08-25T02:39:46.135Z] > git for-each-ref --sort -committerdate --format %(refname) %(objectname) %(*objectname) [5ms]
[2022-08-25T02:39:46.136Z] > git remote --verbose [2ms]
[2022-08-25T02:39:46.214Z] > git config --get commit.template [1ms]
[2022-08-25T02:39:48.794Z] > git show --textconv :index.py [8ms]
[2022-08-25T02:39:48.799Z] > git ls-files --stage -- /home/miura/index.py [5ms]
[2022-08-25T02:39:48.808Z] > git cat-file -s 1eaa08385698ece55818cc11b267b5f7afc257ec [2ms]
[2022-08-25T02:40:18.631Z] > git status -z -uall [83ms]
[2022-08-25T02:40:18.640Z] > git symbolic-ref --short HEAD [1ms]
[2022-08-25T02:40:18.647Z] > git for-each-ref --format=%(refname)%00%(upstream:short)%00%(objectname)%00%(upstream:track)%00%(upstream:remotename)%00%(upstream:remoteref) refs/heads/feature/get-name refs/remotes/feature/get-name [1ms]
[2022-08-25T02:40:18.658Z] > git for-each-ref --sort -committerdate --format %(refname) %(objectname) %(*objectname) [5ms]
[2022-08-25T02:40:18.659Z] > git remote --verbose [1ms]
[2022-08-25T02:40:18.735Z] > git config --get commit.template [3ms]
[2022-08-25T02:40:22.942Z] > git show --textconv :templates/first-page.html [9ms]
[2022-08-25T02:40:22.946Z] > git ls-files --stage -- /home/miura/templates/first-page.html [5ms]
[2022-08-25T02:40:22.954Z] > git cat-file -s 4496023d24ef0bd6bacd3a5fdc60389ec29a7c83 [1ms]
[2022-08-25T02:40:25.440Z] > git show --textconv :templates/next-page.html [8ms]
[2022-08-25T02:40:25.445Z] > git ls-files --stage -- /home/miura/templates/next-page.html [5ms]
[2022-08-25T02:40:25.453Z] > git cat-file -s 6151b4cfd2001ab14e2ae65df7f11e3af896795a [1ms]
[2022-08-25T02:40:50.217Z] > git status -z -uall [80ms]
[2022-08-25T02:40:50.228Z] > git symbolic-ref --short HEAD [1ms]
[2022-08-25T02:40:50.236Z] > git for-each-ref --format=%(refname)%00%(upstream:short)%00%(objectname)%00%(upstream:track)%00%(upstream:remotename)%00%(upstream:remoteref) refs/heads/feature/get-name refs/remotes/feature/get-name [2ms]
[2022-08-25T02:40:50.248Z] > git for-each-ref --sort -committerdate --format %(refname) %(objectname) %(*objectname) [6ms]
[2022-08-25T02:40:50.249Z] > git remote --verbose [1ms]
[2022-08-25T02:40:50.322Z] > git config --get commit.template [5ms]
[2022-08-25T02:42:17.057Z] > git show --textconv :index.py [9ms]
[2022-08-25T02:42:17.068Z] > git ls-files --stage -- /home/miura/index.py [11ms]
[2022-08-25T02:42:17.075Z] > git cat-file -s 1eaa08385698ece55818cc11b267b5f7afc257ec [0ms]
[2022-08-25T02:42:17.182Z] > git status -z -uall [81ms]
[2022-08-25T02:42:17.190Z] > git symbolic-ref --short HEAD [1ms]
[2022-08-25T02:42:17.197Z] > git for-each-ref --format=%(refname)%00%(upstream:short)%00%(objectname)%00%(upstream:track)%00%(upstream:remotename)%00%(upstream:remoteref) refs/heads/feature/get-name refs/remotes/feature/get-name [1ms]
[2022-08-25T02:42:17.210Z] > git remote --verbose [1ms]
[2022-08-25T02:42:17.210Z] > git for-each-ref --sort -committerdate --format %(refname) %(objectname) %(*objectname) [7ms]
[2022-08-25T02:42:17.289Z] > git config --get commit.template [3ms]
[2022-08-25T02:42:39.704Z] > git status -z -uall [77ms]
[2022-08-25T02:42:39.715Z] > git symbolic-ref --short HEAD [1ms]
[2022-08-25T02:42:39.723Z] > git for-each-ref --format=%(refname)%00%(upstream:short)%00%(objectname)%00%(upstream:track)%00%(upstream:remotename)%00%(upstream:remoteref) refs/heads/feature/get-name refs/remotes/feature/get-name [1ms]
[2022-08-25T02:42:39.736Z] > git for-each-ref --sort -committerdate --format %(refname) %(objectname) %(*objectname) [6ms]
[2022-08-25T02:42:39.737Z] > git remote --verbose [1ms]
[2022-08-25T02:42:39.807Z] > git config --get commit.template [1ms]
[2022-08-25T02:42:50.819Z] > git show --textconv :templates/next-page.html [9ms]
[2022-08-25T02:42:50.823Z] > git ls-files --stage -- /home/miura/templates/next-page.html [5ms]
[2022-08-25T02:42:50.831Z] > git cat-file -s 6151b4cfd2001ab14e2ae65df7f11e3af896795a [1ms]
[2022-08-25T02:43:16.206Z] > git show --textconv :templates/first-page.html [7ms]
[2022-08-25T02:43:16.210Z] > git ls-files --stage -- /home/miura/templates/first-page.html [4ms]
[2022-08-25T02:43:16.219Z] > git cat-file -s 4496023d24ef0bd6bacd3a5fdc60389ec29a7c83 [1ms]
[2022-08-25T02:43:33.269Z] > git show --textconv :templates/next-page.html [7ms]
[2022-08-25T02:43:33.273Z] > git ls-files --stage -- /home/miura/templates/next-page.html [5ms]
[2022-08-25T02:43:33.280Z] > git cat-file -s 6151b4cfd2001ab14e2ae65df7f11e3af896795a [1ms]
[2022-08-25T02:44:21.258Z] > git status -z -uall [82ms]
[2022-08-25T02:44:21.267Z] > git symbolic-ref --short HEAD [1ms]
[2022-08-25T02:44:21.275Z] > git for-each-ref --format=%(refname)%00%(upstream:short)%00%(objectname)%00%(upstream:track)%00%(upstream:remotename)%00%(upstream:remoteref) refs/heads/feature/get-name refs/remotes/feature/get-name [1ms]
[2022-08-25T02:44:21.287Z] > git for-each-ref --sort -committerdate --format %(refname) %(objectname) %(*objectname) [6ms]
[2022-08-25T02:44:21.287Z] > git remote --verbose [1ms]
[2022-08-25T02:44:21.361Z] > git config --get commit.template [1ms]
[2022-08-25T02:44:23.843Z] > git show --textconv :index.py [8ms]
[2022-08-25T02:44:23.848Z] > git ls-files --stage -- /home/miura/index.py [5ms]
[2022-08-25T02:44:23.856Z] > git cat-file -s 1eaa08385698ece55818cc11b267b5f7afc257ec [1ms]
[2022-08-25T02:44:29.649Z] > git status -z -uall [84ms]
[2022-08-25T02:44:29.659Z] > git symbolic-ref --short HEAD [1ms]
[2022-08-25T02:44:29.668Z] > git for-each-ref --format=%(refname)%00%(upstream:short)%00%(objectname)%00%(upstream:track)%00%(upstream:remotename)%00%(upstream:remoteref) refs/heads/feature/get-name refs/remotes/feature/get-name [1ms]
[2022-08-25T02:44:29.683Z] > git for-each-ref --sort -committerdate --format %(refname) %(objectname) %(*objectname) [8ms]
[2022-08-25T02:44:29.684Z] > git remote --verbose [1ms]
[2022-08-25T02:44:29.759Z] > git config --get commit.template [1ms]
[2022-08-25T02:45:07.583Z] > git show --textconv :templates/next-page.html [10ms]
[2022-08-25T02:45:07.587Z] > git ls-files --stage -- /home/miura/templates/next-page.html [5ms]
[2022-08-25T02:45:07.597Z] > git cat-file -s 6151b4cfd2001ab14e2ae65df7f11e3af896795a [1ms]
[2022-08-25T02:45:22.279Z] > git status -z -uall [80ms]
[2022-08-25T02:45:22.288Z] > git symbolic-ref --short HEAD [1ms]
[2022-08-25T02:45:22.296Z] > git for-each-ref --format=%(refname)%00%(upstream:short)%00%(objectname)%00%(upstream:track)%00%(upstream:remotename)%00%(upstream:remoteref) refs/heads/feature/get-name refs/remotes/feature/get-name [2ms]
[2022-08-25T02:45:22.307Z] > git for-each-ref --sort -committerdate --format %(refname) %(objectname) %(*objectname) [5ms]
[2022-08-25T02:45:22.308Z] > git remote --verbose [1ms]
[2022-08-25T02:45:22.379Z] > git config --get commit.template [1ms]
[2022-08-25T02:45:24.762Z] > git show --textconv :index.py [9ms]
[2022-08-25T02:45:24.768Z] > git ls-files --stage -- /home/miura/index.py [6ms]
[2022-08-25T02:45:24.777Z] > git cat-file -s 1eaa08385698ece55818cc11b267b5f7afc257ec [1ms]
[2022-08-25T02:47:57.828Z] > git status -z -uall [89ms]
[2022-08-25T02:47:57.837Z] > git symbolic-ref --short HEAD [1ms]
[2022-08-25T02:47:57.844Z] > git for-each-ref --format=%(refname)%00%(upstream:short)%00%(objectname)%00%(upstream:track)%00%(upstream:remotename)%00%(upstream:remoteref) refs/heads/feature/get-name refs/remotes/feature/get-name [1ms]
[2022-08-25T02:47:57.858Z] > git remote --verbose [3ms]
[2022-08-25T02:47:57.858Z] > git for-each-ref --sort -committerdate --format %(refname) %(objectname) %(*objectname) [8ms]
[2022-08-25T02:47:57.932Z] > git config --get commit.template [2ms]
[2022-08-25T02:48:00.577Z] > git show --textconv :templates/next-page.html [8ms]
[2022-08-25T02:48:00.582Z] > git ls-files --stage -- /home/miura/templates/next-page.html [5ms]
[2022-08-25T02:48:00.589Z] > git cat-file -s 6151b4cfd2001ab14e2ae65df7f11e3af896795a [1ms]
[2022-08-25T02:54:31.998Z] > git status -z -uall [85ms]
[2022-08-25T02:54:32.007Z] > git symbolic-ref --short HEAD [1ms]
[2022-08-25T02:54:32.014Z] > git for-each-ref --format=%(refname)%00%(upstream:short)%00%(objectname)%00%(upstream:track)%00%(upstream:remotename)%00%(upstream:remoteref) refs/heads/feature/get-name refs/remotes/feature/get-name [1ms]
[2022-08-25T02:54:32.026Z] > git for-each-ref --sort -committerdate --format %(refname) %(objectname) %(*objectname) [6ms]
[2022-08-25T02:54:32.026Z] > git remote --verbose [1ms]
[2022-08-25T02:54:32.101Z] > git config --get commit.template [3ms]
[2022-08-25T02:55:52.216Z] > git status -z -uall [85ms]
[2022-08-25T02:55:52.228Z] > git symbolic-ref --short HEAD [1ms]
[2022-08-25T02:55:52.236Z] > git for-each-ref --format=%(refname)%00%(upstream:short)%00%(objectname)%00%(upstream:track)%00%(upstream:remotename)%00%(upstream:remoteref) refs/heads/feature/get-name refs/remotes/feature/get-name [2ms]
[2022-08-25T02:55:52.252Z] > git for-each-ref --sort -committerdate --format %(refname) %(objectname) %(*objectname) [6ms]
[2022-08-25T02:55:52.252Z] > git remote --verbose [1ms]
[2022-08-25T02:55:52.329Z] > git config --get commit.template [4ms]
[2022-08-25T02:55:56.180Z] > git show --textconv :index.py [8ms]
[2022-08-25T02:55:56.186Z] > git ls-files --stage -- /home/miura/index.py [6ms]
[2022-08-25T02:55:56.194Z] > git cat-file -s 1eaa08385698ece55818cc11b267b5f7afc257ec [1ms]
[2022-08-25T02:56:02.823Z] > git status -z -uall [118ms]
[2022-08-25T02:56:02.834Z] > git symbolic-ref --short HEAD [1ms]
[2022-08-25T02:56:02.843Z] > git for-each-ref --format=%(refname)%00%(upstream:short)%00%(objectname)%00%(upstream:track)%00%(upstream:remotename)%00%(upstream:remoteref) refs/heads/feature/get-name refs/remotes/feature/get-name [1ms]
[2022-08-25T02:56:02.858Z] > git for-each-ref --sort -committerdate --format %(refname) %(objectname) %(*objectname) [7ms]
[2022-08-25T02:56:02.858Z] > git remote --verbose [1ms]
[2022-08-25T02:56:02.927Z] > git config --get commit.template [1ms]
[2022-08-25T02:56:21.121Z] > git status -z -uall [110ms]
[2022-08-25T02:56:21.133Z] > git symbolic-ref --short HEAD [3ms]
[2022-08-25T02:56:21.191Z] > git for-each-ref --format=%(refname)%00%(upstream:short)%00%(objectname)%00%(upstream:track)%00%(upstream:remotename)%00%(upstream:remoteref) refs/heads/feature/get-name refs/remotes/feature/get-name [50ms]
[2022-08-25T02:56:21.205Z] > git for-each-ref --sort -committerdate --format %(refname) %(objectname) %(*objectname) [7ms]
[2022-08-25T02:56:21.206Z] > git remote --verbose [2ms]
[2022-08-25T02:56:21.297Z] > git config --get commit.template [1ms]
[2022-08-25T02:58:57.137Z] > git status -z -uall [82ms]
[2022-08-25T02:58:57.147Z] > git symbolic-ref --short HEAD [1ms]
[2022-08-25T02:58:57.155Z] > git for-each-ref --format=%(refname)%00%(upstream:short)%00%(objectname)%00%(upstream:track)%00%(upstream:remotename)%00%(upstream:remoteref) refs/heads/feature/get-name refs/remotes/feature/get-name [1ms]
[2022-08-25T02:58:57.168Z] > git for-each-ref --sort -committerdate --format %(refname) %(objectname) %(*objectname) [6ms]
[2022-08-25T02:58:57.168Z] > git remote --verbose [1ms]
[2022-08-25T02:58:57.245Z] > git config --get commit.template [1ms]
[2022-08-25T03:00:51.690Z] > git status -z -uall [84ms]
[2022-08-25T03:00:51.700Z] > git symbolic-ref --short HEAD [1ms]
[2022-08-25T03:00:51.708Z] > git for-each-ref --format=%(refname)%00%(upstream:short)%00%(objectname)%00%(upstream:track)%00%(upstream:remotename)%00%(upstream:remoteref) refs/heads/feature/get-name refs/remotes/feature/get-name [1ms]
[2022-08-25T03:00:51.722Z] > git for-each-ref --sort -committerdate --format %(refname) %(objectname) %(*objectname) [7ms]
[2022-08-25T03:00:51.722Z] > git remote --verbose [1ms]
[2022-08-25T03:00:51.793Z] > git config --get commit.template [1ms]
[2022-08-25T03:00:57.995Z] > git status -z -uall [80ms]
[2022-08-25T03:00:58.005Z] > git symbolic-ref --short HEAD [1ms]
[2022-08-25T03:00:58.014Z] > git for-each-ref --format=%(refname)%00%(upstream:short)%00%(objectname)%00%(upstream:track)%00%(upstream:remotename)%00%(upstream:remoteref) refs/heads/feature/get-name refs/remotes/feature/get-name [1ms]
[2022-08-25T03:00:58.028Z] > git for-each-ref --sort -committerdate --format %(refname) %(objectname) %(*objectname) [6ms]
[2022-08-25T03:00:58.029Z] > git remote --verbose [1ms]
[2022-08-25T03:00:58.099Z] > git config --get commit.template [1ms]
[2022-08-25T03:01:06.285Z] > git status -z -uall [79ms]
[2022-08-25T03:01:06.297Z] > git symbolic-ref --short HEAD [1ms]
[2022-08-25T03:01:06.307Z] > git for-each-ref --format=%(refname)%00%(upstream:short)%00%(objectname)%00%(upstream:track)%00%(upstream:remotename)%00%(upstream:remoteref) refs/heads/feature/get-name refs/remotes/feature/get-name [1ms]
[2022-08-25T03:01:06.322Z] > git for-each-ref --sort -committerdate --format %(refname) %(objectname) %(*objectname) [8ms]
[2022-08-25T03:01:06.322Z] > git remote --verbose [1ms]
[2022-08-25T03:01:06.394Z] > git config --get commit.template [1ms]
[2022-08-25T03:01:18.890Z] > git status -z -uall [79ms]
[2022-08-25T03:01:18.904Z] > git symbolic-ref --short HEAD [1ms]
[2022-08-25T03:01:18.912Z] > git for-each-ref --format=%(refname)%00%(upstream:short)%00%(objectname)%00%(upstream:track)%00%(upstream:remotename)%00%(upstream:remoteref) refs/heads/feature/get-name refs/remotes/feature/get-name [1ms]
[2022-08-25T03:01:18.926Z] > git for-each-ref --sort -committerdate --format %(refname) %(objectname) %(*objectname) [7ms]
[2022-08-25T03:01:18.927Z] > git remote --verbose [1ms]
[2022-08-25T03:01:18.996Z] > git config --get commit.template [1ms]
[2022-08-25T03:03:54.082Z] > git show --textconv :templates/first-page.html [9ms]
[2022-08-25T03:03:54.086Z] > git ls-files --stage -- /home/miura/templates/first-page.html [4ms]
[2022-08-25T03:03:54.096Z] > git cat-file -s 4496023d24ef0bd6bacd3a5fdc60389ec29a7c83 [2ms]
[2022-08-25T03:03:56.066Z] > git show --textconv :index.py [10ms]
[2022-08-25T03:03:56.071Z] > git ls-files --stage -- /home/miura/index.py [6ms]
[2022-08-25T03:03:56.079Z] > git cat-file -s 1eaa08385698ece55818cc11b267b5f7afc257ec [1ms]
[2022-08-25T03:04:27.818Z] > git status -z -uall [86ms]
[2022-08-25T03:04:27.827Z] > git symbolic-ref --short HEAD [1ms]
[2022-08-25T03:04:27.835Z] > git for-each-ref --format=%(refname)%00%(upstream:short)%00%(objectname)%00%(upstream:track)%00%(upstream:remotename)%00%(upstream:remoteref) refs/heads/feature/get-name refs/remotes/feature/get-name [1ms]
[2022-08-25T03:04:27.847Z] > git for-each-ref --sort -committerdate --format %(refname) %(objectname) %(*objectname) [6ms]
[2022-08-25T03:04:27.848Z] > git remote --verbose [1ms]
[2022-08-25T03:04:27.921Z] > git config --get commit.template [1ms]
[2022-08-25T03:06:23.532Z] > git show --textconv :database.py [9ms]
[2022-08-25T03:06:23.537Z] > git ls-files --stage -- /home/miura/database.py [6ms]
[2022-08-25T03:06:23.545Z] > git cat-file -s e3ba82f3486d1510e27589e6848be7e4dbad6b1b [1ms]
[2022-08-25T03:06:30.288Z] > git show --textconv :index.py [9ms]
[2022-08-25T03:06:30.293Z] > git ls-files --stage -- /home/miura/index.py [5ms]
[2022-08-25T03:06:30.302Z] > git cat-file -s 1eaa08385698ece55818cc11b267b5f7afc257ec [1ms]
[2022-08-25T03:06:56.609Z] > git status -z -uall [82ms]
[2022-08-25T03:06:56.620Z] > git symbolic-ref --short HEAD [1ms]
[2022-08-25T03:06:56.629Z] > git for-each-ref --format=%(refname)%00%(upstream:short)%00%(objectname)%00%(upstream:track)%00%(upstream:remotename)%00%(upstream:remoteref) refs/heads/feature/get-name refs/remotes/feature/get-name [1ms]
[2022-08-25T03:06:56.643Z] > git for-each-ref --sort -committerdate --format %(refname) %(objectname) %(*objectname) [7ms]
[2022-08-25T03:06:56.643Z] > git remote --verbose [1ms]
[2022-08-25T03:06:56.728Z] > git config --get commit.template [0ms]
[2022-08-25T03:08:24.179Z] > git status -z -uall [85ms]
[2022-08-25T03:08:24.189Z] > git symbolic-ref --short HEAD [1ms]
[2022-08-25T03:08:24.197Z] > git for-each-ref --format=%(refname)%00%(upstream:short)%00%(objectname)%00%(upstream:track)%00%(upstream:remotename)%00%(upstream:remoteref) refs/heads/feature/get-name refs/remotes/feature/get-name [1ms]
[2022-08-25T03:08:24.210Z] > git for-each-ref --sort -committerdate --format %(refname) %(objectname) %(*objectname) [6ms]
[2022-08-25T03:08:24.210Z] > git remote --verbose [1ms]
[2022-08-25T03:08:24.285Z] > git config --get commit.template [3ms]
[2022-08-25T03:10:00.783Z] > git status -z -uall [80ms]
[2022-08-25T03:10:00.792Z] > git symbolic-ref --short HEAD [1ms]
[2022-08-25T03:10:00.800Z] > git for-each-ref --format=%(refname)%00%(upstream:short)%00%(objectname)%00%(upstream:track)%00%(upstream:remotename)%00%(upstream:remoteref) refs/heads/feature/get-name refs/remotes/feature/get-name [1ms]
[2022-08-25T03:10:00.812Z] > git for-each-ref --sort -committerdate --format %(refname) %(objectname) %(*objectname) [6ms]
[2022-08-25T03:10:00.812Z] > git remote --verbose [1ms]
[2022-08-25T03:10:00.888Z] > git config --get commit.template [4ms]
[2022-08-25T03:10:03.504Z] > git show --textconv :templates/next-page.html [9ms]
[2022-08-25T03:10:03.508Z] > git ls-files --stage -- /home/miura/templates/next-page.html [5ms]
[2022-08-25T03:10:03.517Z] > git cat-file -s 6151b4cfd2001ab14e2ae65df7f11e3af896795a [1ms]
[2022-08-25T03:11:13.991Z] > git status -z -uall [81ms]
[2022-08-25T03:11:14.001Z] > git symbolic-ref --short HEAD [0ms]
[2022-08-25T03:11:14.010Z] > git for-each-ref --format=%(refname)%00%(upstream:short)%00%(objectname)%00%(upstream:track)%00%(upstream:remotename)%00%(upstream:remoteref) refs/heads/feature/get-name refs/remotes/feature/get-name [1ms]
[2022-08-25T03:11:14.024Z] > git for-each-ref --sort -committerdate --format %(refname) %(objectname) %(*objectname) [6ms]
[2022-08-25T03:11:14.024Z] > git remote --verbose [1ms]
[2022-08-25T03:11:14.097Z] > git config --get commit.template [3ms]
[2022-08-25T03:11:16.581Z] > git show --textconv :index.py [9ms]
[2022-08-25T03:11:16.586Z] > git ls-files --stage -- /home/miura/index.py [5ms]
[2022-08-25T03:11:16.595Z] > git cat-file -s 1eaa08385698ece55818cc11b267b5f7afc257ec [1ms]
[2022-08-25T03:12:09.101Z] > git status -z -uall [103ms]
[2022-08-25T03:12:09.112Z] > git symbolic-ref --short HEAD [1ms]
[2022-08-25T03:12:09.121Z] > git for-each-ref --format=%(refname)%00%(upstream:short)%00%(objectname)%00%(upstream:track)%00%(upstream:remotename)%00%(upstream:remoteref) refs/heads/feature/get-name refs/remotes/feature/get-name [1ms]
[2022-08-25T03:12:09.136Z] > git for-each-ref --sort -committerdate --format %(refname) %(objectname) %(*objectname) [8ms]
[2022-08-25T03:12:09.136Z] > git remote --verbose [1ms]
[2022-08-25T03:12:09.216Z] > git config --get commit.template [1ms]
[2022-08-25T03:13:35.336Z] > git status -z -uall [80ms]
[2022-08-25T03:13:35.347Z] > git symbolic-ref --short HEAD [1ms]
[2022-08-25T03:13:35.356Z] > git for-each-ref --format=%(refname)%00%(upstream:short)%00%(objectname)%00%(upstream:track)%00%(upstream:remotename)%00%(upstream:remoteref) refs/heads/feature/get-name refs/remotes/feature/get-name [1ms]
[2022-08-25T03:13:35.370Z] > git for-each-ref --sort -committerdate --format %(refname) %(objectname) %(*objectname) [7ms]
[2022-08-25T03:13:35.370Z] > git remote --verbose [1ms]
[2022-08-25T03:13:35.448Z] > git config --get commit.template [7ms]
