[2022-08-25T07:54:17.881Z] ログ レベル: Info
[2022-08-25T07:54:17.887Z] [info] Git の検証が検出されました: git
[2022-08-25T07:54:17.913Z] [info] git から Git 2.34.1 を使用しています
[2022-08-25T07:54:17.947Z] > git rev-parse --show-toplevel [23ms]
[2022-08-25T07:54:17.957Z] > git rev-parse --git-dir --git-common-dir [4ms]
[2022-08-25T07:54:17.965Z] [info] Open repository: /home/miura
[2022-08-25T07:54:18.064Z] > git status -z -uall [92ms]
[2022-08-25T07:54:18.070Z] > git symbolic-ref --short HEAD [1ms]
[2022-08-25T07:54:18.076Z] > git for-each-ref --format=%(refname)%00%(upstream:short)%00%(objectname)%00%(upstream:track)%00%(upstream:remotename)%00%(upstream:remoteref) refs/heads/feature/get-name refs/remotes/feature/get-name [1ms]
[2022-08-25T07:54:18.084Z] > git for-each-ref --sort -committerdate --format %(refname) %(objectname) %(*objectname) [4ms]
[2022-08-25T07:54:18.085Z] > git remote --verbose [2ms]
[2022-08-25T07:54:18.177Z] > git config --get commit.template [2ms]
[2022-08-25T07:54:19.241Z] > git status -z -uall [1058ms]
[2022-08-25T07:54:19.252Z] > git symbolic-ref --short HEAD [4ms]
[2022-08-25T07:54:19.264Z] > git for-each-ref --format=%(refname)%00%(upstream:short)%00%(objectname)%00%(upstream:track)%00%(upstream:remotename)%00%(upstream:remoteref) refs/heads/feature/get-name refs/remotes/feature/get-name [7ms]
[2022-08-25T07:54:19.276Z] > git for-each-ref --sort -committerdate --format %(refname) %(objectname) %(*objectname) [6ms]
[2022-08-25T07:54:19.278Z] > git remote --verbose [3ms]
[2022-08-25T07:54:19.384Z] > git config --get commit.template [5ms]
[2022-08-25T07:54:21.350Z] > git check-ignore -v -z --stdin [20ms]
[2022-08-25T07:54:21.383Z] > git show --textconv :static/style.css [7ms]
[2022-08-25T07:54:21.387Z] > git ls-files --stage -- /home/miura/static/style.css [5ms]
[2022-08-25T07:54:21.393Z] > git cat-file -s 6d7707f451c5567b21ff06e28604135f8c468bdf [1ms]
[2022-08-25T07:56:43.052Z] > git show --textconv :templates/next-page.html [12ms]
[2022-08-25T07:56:43.053Z] > git ls-files --stage -- /home/miura/templates/next-page.html [7ms]
[2022-08-25T07:56:43.058Z] > git cat-file -s 6151b4cfd2001ab14e2ae65df7f11e3af896795a [1ms]
[2022-08-25T07:56:45.435Z] > git show --textconv :templates/first-page.html [6ms]
[2022-08-25T07:56:45.440Z] > git ls-files --stage -- /home/miura/templates/first-page.html [6ms]
[2022-08-25T07:56:45.445Z] > git cat-file -s 4496023d24ef0bd6bacd3a5fdc60389ec29a7c83 [1ms]
[2022-08-25T07:58:16.054Z] > git status -z -uall [85ms]
[2022-08-25T07:58:16.061Z] > git symbolic-ref --short HEAD [1ms]
[2022-08-25T07:58:16.067Z] > git for-each-ref --format=%(refname)%00%(upstream:short)%00%(objectname)%00%(upstream:track)%00%(upstream:remotename)%00%(upstream:remoteref) refs/heads/feature/get-name refs/remotes/feature/get-name [1ms]
[2022-08-25T07:58:16.076Z] > git remote --verbose [1ms]
[2022-08-25T07:58:16.076Z] > git for-each-ref --sort -committerdate --format %(refname) %(objectname) %(*objectname) [5ms]
[2022-08-25T07:58:16.162Z] > git config --get commit.template [1ms]
[2022-08-25T07:58:25.131Z] > git show --textconv :index.py [15ms]
[2022-08-25T07:58:25.133Z] > git ls-files --stage -- /home/miura/index.py [7ms]
[2022-08-25T07:58:25.145Z] > git cat-file -s 1eaa08385698ece55818cc11b267b5f7afc257ec [2ms]
[2022-08-25T07:58:30.937Z] > git status -z -uall [82ms]
[2022-08-25T07:58:30.951Z] > git symbolic-ref --short HEAD [1ms]
[2022-08-25T07:58:30.963Z] > git for-each-ref --format=%(refname)%00%(upstream:short)%00%(objectname)%00%(upstream:track)%00%(upstream:remotename)%00%(upstream:remoteref) refs/heads/feature/get-name refs/remotes/feature/get-name [1ms]
[2022-08-25T07:58:30.983Z] > git for-each-ref --sort -committerdate --format %(refname) %(objectname) %(*objectname) [10ms]
[2022-08-25T07:58:30.984Z] > git remote --verbose [2ms]
[2022-08-25T07:58:31.087Z] > git config --get commit.template [1ms]
[2022-08-25T07:59:43.652Z] > git show --textconv :templates/first-page.html [7ms]
[2022-08-25T07:59:43.656Z] > git ls-files --stage -- /home/miura/templates/first-page.html [4ms]
[2022-08-25T07:59:43.663Z] > git cat-file -s 4496023d24ef0bd6bacd3a5fdc60389ec29a7c83 [1ms]
[2022-08-25T08:00:02.947Z] > git status -z -uall [89ms]
[2022-08-25T08:00:02.955Z] > git symbolic-ref --short HEAD [1ms]
[2022-08-25T08:00:02.962Z] > git for-each-ref --format=%(refname)%00%(upstream:short)%00%(objectname)%00%(upstream:track)%00%(upstream:remotename)%00%(upstream:remoteref) refs/heads/feature/get-name refs/remotes/feature/get-name [1ms]
[2022-08-25T08:00:02.974Z] > git for-each-ref --sort -committerdate --format %(refname) %(objectname) %(*objectname) [6ms]
[2022-08-25T08:00:02.975Z] > git remote --verbose [2ms]
[2022-08-25T08:00:03.058Z] > git config --get commit.template [4ms]
[2022-08-25T08:00:08.173Z] > git show --textconv :index.py [8ms]
[2022-08-25T08:00:08.179Z] > git ls-files --stage -- /home/miura/index.py [7ms]
[2022-08-25T08:00:08.186Z] > git cat-file -s 1eaa08385698ece55818cc11b267b5f7afc257ec [1ms]
[2022-08-25T08:00:17.497Z] > git status -z -uall [91ms]
[2022-08-25T08:00:17.507Z] > git symbolic-ref --short HEAD [1ms]
[2022-08-25T08:00:17.516Z] > git for-each-ref --format=%(refname)%00%(upstream:short)%00%(objectname)%00%(upstream:track)%00%(upstream:remotename)%00%(upstream:remoteref) refs/heads/feature/get-name refs/remotes/feature/get-name [1ms]
[2022-08-25T08:00:17.529Z] > git for-each-ref --sort -committerdate --format %(refname) %(objectname) %(*objectname) [7ms]
[2022-08-25T08:00:17.530Z] > git remote --verbose [2ms]
[2022-08-25T08:00:17.598Z] > git config --get commit.template [1ms]
[2022-08-25T08:00:22.691Z] > git status -z -uall [81ms]
[2022-08-25T08:00:22.703Z] > git symbolic-ref --short HEAD [1ms]
[2022-08-25T08:00:22.712Z] > git for-each-ref --format=%(refname)%00%(upstream:short)%00%(objectname)%00%(upstream:track)%00%(upstream:remotename)%00%(upstream:remoteref) refs/heads/feature/get-name refs/remotes/feature/get-name [1ms]
[2022-08-25T08:00:22.726Z] > git for-each-ref --sort -committerdate --format %(refname) %(objectname) %(*objectname) [7ms]
[2022-08-25T08:00:22.727Z] > git remote --verbose [2ms]
[2022-08-25T08:00:22.800Z] > git config --get commit.template [1ms]
[2022-08-25T08:00:46.618Z] > git show --textconv :templates/first-page.html [9ms]
[2022-08-25T08:00:46.622Z] > git ls-files --stage -- /home/miura/templates/first-page.html [5ms]
[2022-08-25T08:00:46.630Z] > git cat-file -s 4496023d24ef0bd6bacd3a5fdc60389ec29a7c83 [1ms]
[2022-08-25T08:00:53.970Z] > git status -z -uall [88ms]
[2022-08-25T08:00:53.978Z] > git symbolic-ref --short HEAD [1ms]
[2022-08-25T08:00:53.986Z] > git for-each-ref --format=%(refname)%00%(upstream:short)%00%(objectname)%00%(upstream:track)%00%(upstream:remotename)%00%(upstream:remoteref) refs/heads/feature/get-name refs/remotes/feature/get-name [1ms]
[2022-08-25T08:00:53.997Z] > git for-each-ref --sort -committerdate --format %(refname) %(objectname) %(*objectname) [6ms]
[2022-08-25T08:00:53.997Z] > git remote --verbose [1ms]
[2022-08-25T08:00:54.079Z] > git config --get commit.template [2ms]
[2022-08-25T08:55:05.121Z] > git show --textconv :index.py [7ms]
[2022-08-25T08:55:05.127Z] > git ls-files --stage -- /home/miura/index.py [7ms]
[2022-08-25T08:55:05.134Z] > git cat-file -s 1eaa08385698ece55818cc11b267b5f7afc257ec [1ms]
[2022-08-25T08:55:22.571Z] > git show --textconv :static/style.css [8ms]
[2022-08-25T08:55:22.574Z] > git ls-files --stage -- /home/miura/static/style.css [5ms]
[2022-08-25T08:55:22.580Z] > git cat-file -s 6d7707f451c5567b21ff06e28604135f8c468bdf [1ms]
[2022-08-25T08:55:35.695Z] > git status -z -uall [94ms]
[2022-08-25T08:55:35.704Z] > git symbolic-ref --short HEAD [1ms]
[2022-08-25T08:55:35.711Z] > git for-each-ref --format=%(refname)%00%(upstream:short)%00%(objectname)%00%(upstream:track)%00%(upstream:remotename)%00%(upstream:remoteref) refs/heads/feature/get-name refs/remotes/feature/get-name [1ms]
[2022-08-25T08:55:35.722Z] > git remote --verbose [1ms]
[2022-08-25T08:55:35.723Z] > git for-each-ref --sort -committerdate --format %(refname) %(objectname) %(*objectname) [7ms]
[2022-08-25T08:55:35.804Z] > git config --get commit.template [1ms]
[2022-08-25T08:55:59.371Z] > git show --textconv :index.py [9ms]
[2022-08-25T08:55:59.376Z] > git ls-files --stage -- /home/miura/index.py [6ms]
[2022-08-25T08:55:59.384Z] > git cat-file -s 1eaa08385698ece55818cc11b267b5f7afc257ec [1ms]
[2022-08-25T08:56:02.950Z] > git show --textconv :templates/next-page.html [9ms]
[2022-08-25T08:56:02.954Z] > git ls-files --stage -- /home/miura/templates/next-page.html [5ms]
[2022-08-25T08:56:02.962Z] > git cat-file -s 6151b4cfd2001ab14e2ae65df7f11e3af896795a [1ms]
[2022-08-25T08:58:30.230Z] > git status -z -uall [81ms]
[2022-08-25T08:58:30.241Z] > git symbolic-ref --short HEAD [1ms]
[2022-08-25T08:58:30.249Z] > git for-each-ref --format=%(refname)%00%(upstream:short)%00%(objectname)%00%(upstream:track)%00%(upstream:remotename)%00%(upstream:remoteref) refs/heads/feature/get-name refs/remotes/feature/get-name [1ms]
[2022-08-25T08:58:30.263Z] > git for-each-ref --sort -committerdate --format %(refname) %(objectname) %(*objectname) [7ms]
[2022-08-25T08:58:30.263Z] > git remote --verbose [1ms]
[2022-08-25T08:58:30.344Z] > git config --get commit.template [2ms]
[2022-08-25T08:59:41.098Z] > git show --textconv :static/style.css [7ms]
[2022-08-25T08:59:41.102Z] > git ls-files --stage -- /home/miura/static/style.css [5ms]
[2022-08-25T08:59:41.109Z] > git cat-file -s 6d7707f451c5567b21ff06e28604135f8c468bdf [1ms]
[2022-08-25T09:00:51.494Z] > git show --textconv :templates/next-page.html [6ms]
[2022-08-25T09:00:51.498Z] > git ls-files --stage -- /home/miura/templates/next-page.html [4ms]
[2022-08-25T09:00:51.505Z] > git cat-file -s 6151b4cfd2001ab14e2ae65df7f11e3af896795a [1ms]
[2022-08-25T09:00:51.563Z] > git status -z -uall [88ms]
[2022-08-25T09:00:51.571Z] > git symbolic-ref --short HEAD [1ms]
[2022-08-25T09:00:51.578Z] > git for-each-ref --format=%(refname)%00%(upstream:short)%00%(objectname)%00%(upstream:track)%00%(upstream:remotename)%00%(upstream:remoteref) refs/heads/feature/get-name refs/remotes/feature/get-name [1ms]
[2022-08-25T09:00:51.589Z] > git for-each-ref --sort -committerdate --format %(refname) %(objectname) %(*objectname) [5ms]
[2022-08-25T09:00:51.589Z] > git remote --verbose [1ms]
[2022-08-25T09:00:51.666Z] > git config --get commit.template [1ms]
[2022-08-25T09:01:18.291Z] > git status -z -uall [84ms]
[2022-08-25T09:01:18.302Z] > git symbolic-ref --short HEAD [1ms]
[2022-08-25T09:01:18.310Z] > git for-each-ref --format=%(refname)%00%(upstream:short)%00%(objectname)%00%(upstream:track)%00%(upstream:remotename)%00%(upstream:remoteref) refs/heads/feature/get-name refs/remotes/feature/get-name [1ms]
[2022-08-25T09:01:18.323Z] > git for-each-ref --sort -committerdate --format %(refname) %(objectname) %(*objectname) [6ms]
[2022-08-25T09:01:18.324Z] > git remote --verbose [1ms]
[2022-08-25T09:01:18.402Z] > git config --get commit.template [1ms]
[2022-08-25T09:01:41.122Z] > git status -z -uall [83ms]
[2022-08-25T09:01:41.131Z] > git symbolic-ref --short HEAD [2ms]
[2022-08-25T09:01:41.138Z] > git for-each-ref --format=%(refname)%00%(upstream:short)%00%(objectname)%00%(upstream:track)%00%(upstream:remotename)%00%(upstream:remoteref) refs/heads/feature/get-name refs/remotes/feature/get-name [1ms]
[2022-08-25T09:01:41.149Z] > git for-each-ref --sort -committerdate --format %(refname) %(objectname) %(*objectname) [6ms]
[2022-08-25T09:01:41.149Z] > git remote --verbose [1ms]
[2022-08-25T09:01:41.227Z] > git config --get commit.template [2ms]
[2022-08-25T09:02:25.500Z] > git show --textconv :static/style.css [7ms]
[2022-08-25T09:02:25.504Z] > git ls-files --stage -- /home/miura/static/style.css [5ms]
[2022-08-25T09:02:25.511Z] > git cat-file -s 6d7707f451c5567b21ff06e28604135f8c468bdf [1ms]
[2022-08-25T09:02:33.382Z] > git show --textconv :templates/next-page.html [8ms]
[2022-08-25T09:02:33.387Z] > git ls-files --stage -- /home/miura/templates/next-page.html [5ms]
[2022-08-25T09:02:33.394Z] > git cat-file -s 6151b4cfd2001ab14e2ae65df7f11e3af896795a [1ms]
[2022-08-25T09:02:33.698Z] > git status -z -uall [86ms]
[2022-08-25T09:02:33.706Z] > git symbolic-ref --short HEAD [1ms]
[2022-08-25T09:02:33.713Z] > git for-each-ref --format=%(refname)%00%(upstream:short)%00%(objectname)%00%(upstream:track)%00%(upstream:remotename)%00%(upstream:remoteref) refs/heads/feature/get-name refs/remotes/feature/get-name [1ms]
[2022-08-25T09:02:33.724Z] > git for-each-ref --sort -committerdate --format %(refname) %(objectname) %(*objectname) [6ms]
[2022-08-25T09:02:33.724Z] > git remote --verbose [1ms]
[2022-08-25T09:02:33.796Z] > git config --get commit.template [1ms]
[2022-08-25T09:02:40.755Z] > git status -z -uall [81ms]
[2022-08-25T09:02:40.765Z] > git symbolic-ref --short HEAD [1ms]
[2022-08-25T09:02:40.773Z] > git for-each-ref --format=%(refname)%00%(upstream:short)%00%(objectname)%00%(upstream:track)%00%(upstream:remotename)%00%(upstream:remoteref) refs/heads/feature/get-name refs/remotes/feature/get-name [1ms]
[2022-08-25T09:02:40.786Z] > git for-each-ref --sort -committerdate --format %(refname) %(objectname) %(*objectname) [6ms]
[2022-08-25T09:02:40.786Z] > git remote --verbose [1ms]
[2022-08-25T09:02:40.857Z] > git config --get commit.template [0ms]
[2022-08-25T09:02:51.588Z] > git show --textconv :index.py [11ms]
[2022-08-25T09:02:51.592Z] > git ls-files --stage -- /home/miura/index.py [5ms]
[2022-08-25T09:02:51.600Z] > git cat-file -s 1eaa08385698ece55818cc11b267b5f7afc257ec [1ms]
[2022-08-25T09:02:57.682Z] > git status -z -uall [83ms]
[2022-08-25T09:02:57.693Z] > git symbolic-ref --short HEAD [1ms]
[2022-08-25T09:02:57.702Z] > git for-each-ref --format=%(refname)%00%(upstream:short)%00%(objectname)%00%(upstream:track)%00%(upstream:remotename)%00%(upstream:remoteref) refs/heads/feature/get-name refs/remotes/feature/get-name [1ms]
[2022-08-25T09:02:57.717Z] > git for-each-ref --sort -committerdate --format %(refname) %(objectname) %(*objectname) [7ms]
[2022-08-25T09:02:57.718Z] > git remote --verbose [1ms]
[2022-08-25T09:02:57.788Z] > git config --get commit.template [1ms]
[2022-08-25T09:03:02.881Z] > git status -z -uall [79ms]
[2022-08-25T09:03:02.893Z] > git symbolic-ref --short HEAD [1ms]
[2022-08-25T09:03:02.903Z] > git for-each-ref --format=%(refname)%00%(upstream:short)%00%(objectname)%00%(upstream:track)%00%(upstream:remotename)%00%(upstream:remoteref) refs/heads/feature/get-name refs/remotes/feature/get-name [1ms]
[2022-08-25T09:03:02.919Z] > git for-each-ref --sort -committerdate --format %(refname) %(objectname) %(*objectname) [8ms]
[2022-08-25T09:03:02.919Z] > git remote --verbose [1ms]
[2022-08-25T09:03:02.995Z] > git config --get commit.template [1ms]
[2022-08-25T09:04:10.751Z] > git show --textconv :static/style.css [7ms]
[2022-08-25T09:04:10.755Z] > git ls-files --stage -- /home/miura/static/style.css [5ms]
[2022-08-25T09:04:10.762Z] > git cat-file -s 6d7707f451c5567b21ff06e28604135f8c468bdf [1ms]
[2022-08-25T09:04:16.810Z] > git status -z -uall [84ms]
[2022-08-25T09:04:16.818Z] > git symbolic-ref --short HEAD [1ms]
[2022-08-25T09:04:16.825Z] > git for-each-ref --format=%(refname)%00%(upstream:short)%00%(objectname)%00%(upstream:track)%00%(upstream:remotename)%00%(upstream:remoteref) refs/heads/feature/get-name refs/remotes/feature/get-name [1ms]
[2022-08-25T09:04:16.838Z] > git for-each-ref --sort -committerdate --format %(refname) %(objectname) %(*objectname) [5ms]
[2022-08-25T09:04:16.838Z] > git remote --verbose [1ms]
[2022-08-25T09:04:16.910Z] > git config --get commit.template [3ms]
[2022-08-25T09:04:19.445Z] > git show --textconv :templates/next-page.html [8ms]
[2022-08-25T09:04:19.450Z] > git ls-files --stage -- /home/miura/templates/next-page.html [5ms]
[2022-08-25T09:04:19.458Z] > git cat-file -s 6151b4cfd2001ab14e2ae65df7f11e3af896795a [1ms]
[2022-08-25T09:04:29.802Z] > git status -z -uall [81ms]
[2022-08-25T09:04:29.812Z] > git symbolic-ref --short HEAD [1ms]
[2022-08-25T09:04:29.821Z] > git for-each-ref --format=%(refname)%00%(upstream:short)%00%(objectname)%00%(upstream:track)%00%(upstream:remotename)%00%(upstream:remoteref) refs/heads/feature/get-name refs/remotes/feature/get-name [1ms]
[2022-08-25T09:04:29.834Z] > git for-each-ref --sort -committerdate --format %(refname) %(objectname) %(*objectname) [6ms]
[2022-08-25T09:04:29.834Z] > git remote --verbose [1ms]
[2022-08-25T09:04:29.911Z] > git config --get commit.template [5ms]
[2022-08-25T09:04:35.277Z] > git show --textconv :index.py [8ms]
[2022-08-25T09:04:35.283Z] > git ls-files --stage -- /home/miura/index.py [6ms]
[2022-08-25T09:04:35.291Z] > git cat-file -s 1eaa08385698ece55818cc11b267b5f7afc257ec [1ms]
[2022-08-25T09:04:41.530Z] > git status -z -uall [84ms]
[2022-08-25T09:04:41.541Z] > git symbolic-ref --short HEAD [1ms]
[2022-08-25T09:04:41.550Z] > git for-each-ref --format=%(refname)%00%(upstream:short)%00%(objectname)%00%(upstream:track)%00%(upstream:remotename)%00%(upstream:remoteref) refs/heads/feature/get-name refs/remotes/feature/get-name [1ms]
[2022-08-25T09:04:41.564Z] > git for-each-ref --sort -committerdate --format %(refname) %(objectname) %(*objectname) [7ms]
[2022-08-25T09:04:41.564Z] > git remote --verbose [1ms]
[2022-08-25T09:04:41.634Z] > git config --get commit.template [1ms]
[2022-08-25T09:04:46.729Z] > git status -z -uall [83ms]
[2022-08-25T09:04:46.740Z] > git symbolic-ref --short HEAD [1ms]
[2022-08-25T09:04:46.749Z] > git for-each-ref --format=%(refname)%00%(upstream:short)%00%(objectname)%00%(upstream:track)%00%(upstream:remotename)%00%(upstream:remoteref) refs/heads/feature/get-name refs/remotes/feature/get-name [1ms]
[2022-08-25T09:04:46.764Z] > git for-each-ref --sort -committerdate --format %(refname) %(objectname) %(*objectname) [7ms]
[2022-08-25T09:04:46.764Z] > git remote --verbose [1ms]
[2022-08-25T09:04:46.832Z] > git config --get commit.template [1ms]
[2022-08-25T09:05:04.135Z] > git show --textconv :templates/next-page.html [8ms]
[2022-08-25T09:05:04.140Z] > git ls-files --stage -- /home/miura/templates/next-page.html [5ms]
[2022-08-25T09:05:04.148Z] > git cat-file -s 6151b4cfd2001ab14e2ae65df7f11e3af896795a [1ms]
[2022-08-25T09:06:01.251Z] > git show --textconv :static/style.css [6ms]
[2022-08-25T09:06:01.256Z] > git ls-files --stage -- /home/miura/static/style.css [5ms]
[2022-08-25T09:06:01.263Z] > git cat-file -s 6d7707f451c5567b21ff06e28604135f8c468bdf [1ms]
