[2022-08-17T02:02:22.515Z] ログ レベル: Info
[2022-08-17T02:02:22.520Z] [info] Git の検証が検出されました: git
[2022-08-17T02:02:22.547Z] [info] git から Git 2.34.1 を使用しています
[2022-08-17T02:02:22.596Z] > git rev-parse --show-toplevel [37ms]
[2022-08-17T02:02:22.596Z] fatal: not a git repository (or any of the parent directories): .git
[2022-08-17T02:02:22.608Z] > git rev-parse --show-toplevel [6ms]
[2022-08-17T02:02:22.608Z] fatal: not a git repository (or any of the parent directories): .git
[2022-08-17T02:02:22.616Z] > git rev-parse --show-toplevel [4ms]
[2022-08-17T02:02:22.616Z] fatal: not a git repository (or any of the parent directories): .git
[2022-08-17T02:02:22.621Z] > git rev-parse --show-toplevel [1ms]
[2022-08-17T02:02:22.621Z] fatal: not a git repository (or any of the parent directories): .git
[2022-08-17T02:02:22.625Z] > git rev-parse --show-toplevel [1ms]
[2022-08-17T02:02:22.625Z] fatal: not a git repository (or any of the parent directories): .git
[2022-08-17T02:02:22.630Z] > git rev-parse --show-toplevel [1ms]
[2022-08-17T02:02:22.630Z] fatal: not a git repository (or any of the parent directories): .git
[2022-08-17T02:02:22.634Z] > git rev-parse --show-toplevel [1ms]
[2022-08-17T02:02:22.634Z] fatal: not a git repository (or any of the parent directories): .git
[2022-08-17T02:02:22.638Z] > git rev-parse --show-toplevel [1ms]
[2022-08-17T02:02:22.638Z] fatal: not a git repository (or any of the parent directories): .git
[2022-08-17T02:02:24.054Z] > git rev-parse --show-toplevel [1ms]
[2022-08-17T02:02:24.054Z] fatal: not a git repository (or any of the parent directories): .git
[2022-08-17T02:02:24.238Z] > git rev-parse --show-toplevel [1ms]
[2022-08-17T02:02:24.238Z] fatal: not a git repository (or any of the parent directories): .git
[2022-08-17T02:02:24.252Z] > git rev-parse --show-toplevel [5ms]
[2022-08-17T02:02:24.252Z] fatal: not a git repository (or any of the parent directories): .git
[2022-08-17T02:02:24.256Z] > git rev-parse --show-toplevel [1ms]
[2022-08-17T02:02:24.256Z] fatal: not a git repository (or any of the parent directories): .git
[2022-08-17T02:16:17.081Z] > git rev-parse --show-toplevel [1ms]
[2022-08-17T02:16:17.081Z] fatal: not a git repository (or any of the parent directories): .git
