[2022-08-25T05:55:41.144Z] ログ レベル: Info
[2022-08-25T05:55:41.150Z] [info] Git の検証が検出されました: git
[2022-08-25T05:55:41.189Z] [info] git から Git 2.34.1 を使用しています
[2022-08-25T05:55:41.240Z] > git rev-parse --show-toplevel [29ms]
[2022-08-25T05:55:41.262Z] > git rev-parse --git-dir --git-common-dir [6ms]
[2022-08-25T05:55:41.268Z] [info] Open repository: /home/miura
[2022-08-25T05:55:41.372Z] > git status -z -uall [89ms]
[2022-08-25T05:55:41.391Z] > git symbolic-ref --short HEAD [6ms]
[2022-08-25T05:55:41.405Z] > git for-each-ref --format=%(refname)%00%(upstream:short)%00%(objectname)%00%(upstream:track)%00%(upstream:remotename)%00%(upstream:remoteref) refs/heads/feature/get-name refs/remotes/feature/get-name [1ms]
[2022-08-25T05:55:41.427Z] > git remote --verbose [2ms]
[2022-08-25T05:55:41.427Z] > git for-each-ref --sort -committerdate --format %(refname) %(objectname) %(*objectname) [11ms]
[2022-08-25T05:55:41.531Z] > git config --get commit.template [1ms]
[2022-08-25T05:55:42.606Z] > git status -z -uall [1061ms]
[2022-08-25T05:55:42.625Z] > git symbolic-ref --short HEAD [4ms]
[2022-08-25T05:55:42.843Z] > git for-each-ref --format=%(refname)%00%(upstream:short)%00%(objectname)%00%(upstream:track)%00%(upstream:remotename)%00%(upstream:remoteref) refs/heads/feature/get-name refs/remotes/feature/get-name [206ms]
[2022-08-25T05:55:42.874Z] > git remote --verbose [5ms]
[2022-08-25T05:55:42.874Z] > git for-each-ref --sort -committerdate --format %(refname) %(objectname) %(*objectname) [17ms]
[2022-08-25T05:55:42.949Z] > git config --get commit.template [3ms]
[2022-08-25T05:55:44.881Z] > git check-ignore -v -z --stdin [26ms]
[2022-08-25T05:55:44.922Z] > git show --textconv :index.py [16ms]
[2022-08-25T05:55:44.956Z] > git ls-files --stage -- /home/miura/index.py [36ms]
[2022-08-25T05:55:44.973Z] > git cat-file -s 1eaa08385698ece55818cc11b267b5f7afc257ec [3ms]
[2022-08-25T05:56:06.421Z] > git show --textconv :templates/next-page.html [15ms]
[2022-08-25T05:56:06.426Z] > git ls-files --stage -- /home/miura/templates/next-page.html [6ms]
[2022-08-25T05:56:06.451Z] > git cat-file -s 6151b4cfd2001ab14e2ae65df7f11e3af896795a [1ms]
[2022-08-25T06:05:50.863Z] > git show --textconv :static/style.css [7ms]
[2022-08-25T06:05:50.868Z] > git ls-files --stage -- /home/miura/static/style.css [5ms]
[2022-08-25T06:05:50.875Z] > git cat-file -s 6d7707f451c5567b21ff06e28604135f8c468bdf [1ms]
[2022-08-25T06:06:13.348Z] > git show --textconv :templates/first-page.html [8ms]
[2022-08-25T06:06:13.353Z] > git ls-files --stage -- /home/miura/templates/first-page.html [6ms]
[2022-08-25T06:06:13.360Z] > git cat-file -s 4496023d24ef0bd6bacd3a5fdc60389ec29a7c83 [1ms]
[2022-08-25T06:06:18.950Z] > git show --textconv :templates/next-page.html [8ms]
[2022-08-25T06:06:18.954Z] > git ls-files --stage -- /home/miura/templates/next-page.html [5ms]
[2022-08-25T06:06:18.962Z] > git cat-file -s 6151b4cfd2001ab14e2ae65df7f11e3af896795a [2ms]
[2022-08-25T06:06:23.977Z] > git show --textconv :templates/first-page.html [8ms]
[2022-08-25T06:06:23.981Z] > git ls-files --stage -- /home/miura/templates/first-page.html [5ms]
[2022-08-25T06:06:23.988Z] > git cat-file -s 4496023d24ef0bd6bacd3a5fdc60389ec29a7c83 [1ms]
[2022-08-25T06:06:25.890Z] > git show --textconv :templates/next-page.html [12ms]
[2022-08-25T06:06:25.891Z] > git ls-files --stage -- /home/miura/templates/next-page.html [6ms]
[2022-08-25T06:06:25.899Z] > git cat-file -s 6151b4cfd2001ab14e2ae65df7f11e3af896795a [1ms]
[2022-08-25T06:06:36.371Z] > git show --textconv :templates/first-page.html [8ms]
[2022-08-25T06:06:36.375Z] > git ls-files --stage -- /home/miura/templates/first-page.html [5ms]
[2022-08-25T06:06:36.381Z] > git cat-file -s 4496023d24ef0bd6bacd3a5fdc60389ec29a7c83 [1ms]
[2022-08-25T06:08:44.116Z] > git show --textconv :static/style.css [7ms]
[2022-08-25T06:08:44.120Z] > git ls-files --stage -- /home/miura/static/style.css [4ms]
[2022-08-25T06:08:44.127Z] > git cat-file -s 6d7707f451c5567b21ff06e28604135f8c468bdf [1ms]
[2022-08-25T06:09:31.302Z] > git show --textconv :templates/next-page.html [8ms]
[2022-08-25T06:09:31.306Z] > git ls-files --stage -- /home/miura/templates/next-page.html [5ms]
[2022-08-25T06:09:31.314Z] > git cat-file -s 6151b4cfd2001ab14e2ae65df7f11e3af896795a [1ms]
[2022-08-25T06:09:31.749Z] > git status -z -uall [85ms]
[2022-08-25T06:09:31.759Z] > git symbolic-ref --short HEAD [3ms]
[2022-08-25T06:09:31.767Z] > git for-each-ref --format=%(refname)%00%(upstream:short)%00%(objectname)%00%(upstream:track)%00%(upstream:remotename)%00%(upstream:remoteref) refs/heads/feature/get-name refs/remotes/feature/get-name [2ms]
[2022-08-25T06:09:31.778Z] > git for-each-ref --sort -committerdate --format %(refname) %(objectname) %(*objectname) [6ms]
[2022-08-25T06:09:31.779Z] > git remote --verbose [2ms]
[2022-08-25T06:09:31.866Z] > git config --get commit.template [4ms]
[2022-08-25T06:10:09.731Z] > git status -z -uall [82ms]
[2022-08-25T06:10:09.742Z] > git symbolic-ref --short HEAD [1ms]
[2022-08-25T06:10:09.751Z] > git for-each-ref --format=%(refname)%00%(upstream:short)%00%(objectname)%00%(upstream:track)%00%(upstream:remotename)%00%(upstream:remoteref) refs/heads/feature/get-name refs/remotes/feature/get-name [2ms]
[2022-08-25T06:10:09.764Z] > git for-each-ref --sort -committerdate --format %(refname) %(objectname) %(*objectname) [7ms]
[2022-08-25T06:10:09.765Z] > git remote --verbose [2ms]
[2022-08-25T06:10:09.845Z] > git config --get commit.template [1ms]
[2022-08-25T06:10:21.873Z] > git show --textconv :templates/first-page.html [9ms]
[2022-08-25T06:10:21.877Z] > git ls-files --stage -- /home/miura/templates/first-page.html [5ms]
[2022-08-25T06:10:21.886Z] > git cat-file -s 4496023d24ef0bd6bacd3a5fdc60389ec29a7c83 [1ms]
[2022-08-25T06:10:23.988Z] > git show --textconv :static/style.css [7ms]
[2022-08-25T06:10:23.992Z] > git ls-files --stage -- /home/miura/static/style.css [5ms]
[2022-08-25T06:10:23.998Z] > git cat-file -s 6d7707f451c5567b21ff06e28604135f8c468bdf [1ms]
[2022-08-25T06:19:38.410Z] > git status -z -uall [85ms]
[2022-08-25T06:19:38.420Z] > git symbolic-ref --short HEAD [1ms]
[2022-08-25T06:19:38.427Z] > git for-each-ref --format=%(refname)%00%(upstream:short)%00%(objectname)%00%(upstream:track)%00%(upstream:remotename)%00%(upstream:remoteref) refs/heads/feature/get-name refs/remotes/feature/get-name [1ms]
[2022-08-25T06:19:38.439Z] > git for-each-ref --sort -committerdate --format %(refname) %(objectname) %(*objectname) [6ms]
[2022-08-25T06:19:38.440Z] > git remote --verbose [2ms]
[2022-08-25T06:19:38.503Z] > git config --get commit.template [1ms]
[2022-08-25T06:19:56.290Z] > git show --textconv :templates/next-page.html [9ms]
[2022-08-25T06:19:56.294Z] > git ls-files --stage -- /home/miura/templates/next-page.html [4ms]
[2022-08-25T06:19:56.302Z] > git cat-file -s 6151b4cfd2001ab14e2ae65df7f11e3af896795a [1ms]
[2022-08-25T06:20:30.621Z] > git status -z -uall [85ms]
[2022-08-25T06:20:30.634Z] > git symbolic-ref --short HEAD [3ms]
[2022-08-25T06:20:30.643Z] > git for-each-ref --format=%(refname)%00%(upstream:short)%00%(objectname)%00%(upstream:track)%00%(upstream:remotename)%00%(upstream:remoteref) refs/heads/feature/get-name refs/remotes/feature/get-name [2ms]
[2022-08-25T06:20:30.657Z] > git for-each-ref --sort -committerdate --format %(refname) %(objectname) %(*objectname) [8ms]
[2022-08-25T06:20:30.659Z] > git remote --verbose [4ms]
[2022-08-25T06:20:30.818Z] > git config --get commit.template [3ms]
[2022-08-25T06:20:33.174Z] > git show --textconv :index.py [10ms]
[2022-08-25T06:20:33.179Z] > git ls-files --stage -- /home/miura/index.py [6ms]
[2022-08-25T06:20:33.187Z] > git cat-file -s 1eaa08385698ece55818cc11b267b5f7afc257ec [1ms]
[2022-08-25T06:20:37.968Z] > git status -z -uall [83ms]
[2022-08-25T06:20:37.979Z] > git symbolic-ref --short HEAD [1ms]
[2022-08-25T06:20:37.988Z] > git for-each-ref --format=%(refname)%00%(upstream:short)%00%(objectname)%00%(upstream:track)%00%(upstream:remotename)%00%(upstream:remoteref) refs/heads/feature/get-name refs/remotes/feature/get-name [1ms]
[2022-08-25T06:20:38.003Z] > git for-each-ref --sort -committerdate --format %(refname) %(objectname) %(*objectname) [8ms]
[2022-08-25T06:20:38.003Z] > git remote --verbose [1ms]
[2022-08-25T06:20:38.069Z] > git config --get commit.template [4ms]
[2022-08-25T06:21:15.191Z] > git status -z -uall [81ms]
[2022-08-25T06:21:15.202Z] > git symbolic-ref --short HEAD [1ms]
[2022-08-25T06:21:15.211Z] > git for-each-ref --format=%(refname)%00%(upstream:short)%00%(objectname)%00%(upstream:track)%00%(upstream:remotename)%00%(upstream:remoteref) refs/heads/feature/get-name refs/remotes/feature/get-name [1ms]
[2022-08-25T06:21:15.226Z] > git for-each-ref --sort -committerdate --format %(refname) %(objectname) %(*objectname) [8ms]
[2022-08-25T06:21:15.226Z] > git remote --verbose [2ms]
[2022-08-25T06:21:15.288Z] > git config --get commit.template [1ms]
[2022-08-25T06:21:18.263Z] > git show --textconv :static/style.css [9ms]
[2022-08-25T06:21:18.267Z] > git ls-files --stage -- /home/miura/static/style.css [5ms]
[2022-08-25T06:21:18.275Z] > git cat-file -s 6d7707f451c5567b21ff06e28604135f8c468bdf [1ms]
[2022-08-25T06:21:18.717Z] > git show --textconv :templates/next-page.html [9ms]
[2022-08-25T06:21:18.720Z] > git ls-files --stage -- /home/miura/templates/next-page.html [4ms]
[2022-08-25T06:21:18.728Z] > git cat-file -s 6151b4cfd2001ab14e2ae65df7f11e3af896795a [1ms]
[2022-08-25T06:21:57.686Z] > git status -z -uall [86ms]
[2022-08-25T06:21:57.695Z] > git symbolic-ref --short HEAD [1ms]
[2022-08-25T06:21:57.702Z] > git for-each-ref --format=%(refname)%00%(upstream:short)%00%(objectname)%00%(upstream:track)%00%(upstream:remotename)%00%(upstream:remoteref) refs/heads/feature/get-name refs/remotes/feature/get-name [1ms]
[2022-08-25T06:21:57.714Z] > git for-each-ref --sort -committerdate --format %(refname) %(objectname) %(*objectname) [6ms]
[2022-08-25T06:21:57.715Z] > git remote --verbose [2ms]
[2022-08-25T06:21:57.787Z] > git config --get commit.template [2ms]
[2022-08-25T06:22:00.402Z] > git show --textconv :index.py [9ms]
[2022-08-25T06:22:00.407Z] > git ls-files --stage -- /home/miura/index.py [5ms]
[2022-08-25T06:22:00.416Z] > git cat-file -s 1eaa08385698ece55818cc11b267b5f7afc257ec [2ms]
[2022-08-25T06:22:13.876Z] > git status -z -uall [85ms]
[2022-08-25T06:22:13.888Z] > git symbolic-ref --short HEAD [2ms]
[2022-08-25T06:22:13.897Z] > git for-each-ref --format=%(refname)%00%(upstream:short)%00%(objectname)%00%(upstream:track)%00%(upstream:remotename)%00%(upstream:remoteref) refs/heads/feature/get-name refs/remotes/feature/get-name [1ms]
[2022-08-25T06:22:13.910Z] > git for-each-ref --sort -committerdate --format %(refname) %(objectname) %(*objectname) [6ms]
[2022-08-25T06:22:13.911Z] > git remote --verbose [1ms]
[2022-08-25T06:22:13.973Z] > git config --get commit.template [1ms]
[2022-08-25T06:25:30.409Z] > git status -z -uall [87ms]
[2022-08-25T06:25:30.418Z] > git symbolic-ref --short HEAD [1ms]
[2022-08-25T06:25:30.427Z] > git for-each-ref --format=%(refname)%00%(upstream:short)%00%(objectname)%00%(upstream:track)%00%(upstream:remotename)%00%(upstream:remoteref) refs/heads/feature/get-name refs/remotes/feature/get-name [1ms]
[2022-08-25T06:25:30.437Z] > git for-each-ref --sort -committerdate --format %(refname) %(objectname) %(*objectname) [5ms]
[2022-08-25T06:25:30.437Z] > git remote --verbose [1ms]
[2022-08-25T06:25:30.507Z] > git config --get commit.template [1ms]
[2022-08-25T06:25:33.236Z] > git show --textconv :static/style.css [9ms]
[2022-08-25T06:25:33.240Z] > git ls-files --stage -- /home/miura/static/style.css [5ms]
[2022-08-25T06:25:33.248Z] > git cat-file -s 6d7707f451c5567b21ff06e28604135f8c468bdf [1ms]
[2022-08-25T06:26:33.026Z] > git status -z -uall [87ms]
[2022-08-25T06:26:33.036Z] > git symbolic-ref --short HEAD [2ms]
[2022-08-25T06:26:33.043Z] > git for-each-ref --format=%(refname)%00%(upstream:short)%00%(objectname)%00%(upstream:track)%00%(upstream:remotename)%00%(upstream:remoteref) refs/heads/feature/get-name refs/remotes/feature/get-name [1ms]
[2022-08-25T06:26:33.056Z] > git for-each-ref --sort -committerdate --format %(refname) %(objectname) %(*objectname) [7ms]
[2022-08-25T06:26:33.056Z] > git remote --verbose [1ms]
[2022-08-25T06:26:33.121Z] > git config --get commit.template [2ms]
[2022-08-25T06:26:35.484Z] > git show --textconv :index.py [8ms]
[2022-08-25T06:26:35.490Z] > git ls-files --stage -- /home/miura/index.py [7ms]
[2022-08-25T06:26:35.500Z] > git cat-file -s 1eaa08385698ece55818cc11b267b5f7afc257ec [0ms]
[2022-08-25T06:26:41.540Z] > git status -z -uall [84ms]
[2022-08-25T06:26:41.551Z] > git symbolic-ref --short HEAD [1ms]
[2022-08-25T06:26:41.561Z] > git for-each-ref --format=%(refname)%00%(upstream:short)%00%(objectname)%00%(upstream:track)%00%(upstream:remotename)%00%(upstream:remoteref) refs/heads/feature/get-name refs/remotes/feature/get-name [1ms]
[2022-08-25T06:26:41.578Z] > git for-each-ref --sort -committerdate --format %(refname) %(objectname) %(*objectname) [7ms]
[2022-08-25T06:26:41.579Z] > git remote --verbose [1ms]
[2022-08-25T06:26:41.653Z] > git config --get commit.template [1ms]
[2022-08-25T06:27:09.891Z] > git status -z -uall [80ms]
[2022-08-25T06:27:09.902Z] > git symbolic-ref --short HEAD [1ms]
[2022-08-25T06:27:09.911Z] > git for-each-ref --format=%(refname)%00%(upstream:short)%00%(objectname)%00%(upstream:track)%00%(upstream:remotename)%00%(upstream:remoteref) refs/heads/feature/get-name refs/remotes/feature/get-name [1ms]
[2022-08-25T06:27:09.925Z] > git for-each-ref --sort -committerdate --format %(refname) %(objectname) %(*objectname) [7ms]
[2022-08-25T06:27:09.925Z] > git remote --verbose [1ms]
[2022-08-25T06:27:09.994Z] > git config --get commit.template [0ms]
[2022-08-25T06:27:12.684Z] > git show --textconv :templates/first-page.html [9ms]
[2022-08-25T06:27:12.689Z] > git ls-files --stage -- /home/miura/templates/first-page.html [5ms]
[2022-08-25T06:27:12.697Z] > git cat-file -s 4496023d24ef0bd6bacd3a5fdc60389ec29a7c83 [1ms]
[2022-08-25T06:27:15.178Z] > git show --textconv :static/style.css [11ms]
[2022-08-25T06:27:15.182Z] > git ls-files --stage -- /home/miura/static/style.css [4ms]
[2022-08-25T06:27:15.192Z] > git cat-file -s 6d7707f451c5567b21ff06e28604135f8c468bdf [1ms]
[2022-08-25T06:27:23.770Z] > git status -z -uall [81ms]
[2022-08-25T06:27:23.782Z] > git symbolic-ref --short HEAD [1ms]
[2022-08-25T06:27:23.792Z] > git for-each-ref --format=%(refname)%00%(upstream:short)%00%(objectname)%00%(upstream:track)%00%(upstream:remotename)%00%(upstream:remoteref) refs/heads/feature/get-name refs/remotes/feature/get-name [1ms]
[2022-08-25T06:27:23.807Z] > git for-each-ref --sort -committerdate --format %(refname) %(objectname) %(*objectname) [7ms]
[2022-08-25T06:27:23.808Z] > git remote --verbose [1ms]
[2022-08-25T06:27:23.868Z] > git config --get commit.template [1ms]
[2022-08-25T06:29:05.048Z] > git status -z -uall [84ms]
[2022-08-25T06:29:05.057Z] > git symbolic-ref --short HEAD [1ms]
[2022-08-25T06:29:05.064Z] > git for-each-ref --format=%(refname)%00%(upstream:short)%00%(objectname)%00%(upstream:track)%00%(upstream:remotename)%00%(upstream:remoteref) refs/heads/feature/get-name refs/remotes/feature/get-name [1ms]
[2022-08-25T06:29:05.075Z] > git for-each-ref --sort -committerdate --format %(refname) %(objectname) %(*objectname) [6ms]
[2022-08-25T06:29:05.075Z] > git remote --verbose [1ms]
[2022-08-25T06:29:05.143Z] > git config --get commit.template [1ms]
[2022-08-25T06:38:33.706Z] > git status -z -uall [86ms]
[2022-08-25T06:38:33.716Z] > git symbolic-ref --short HEAD [2ms]
[2022-08-25T06:38:33.723Z] > git for-each-ref --format=%(refname)%00%(upstream:short)%00%(objectname)%00%(upstream:track)%00%(upstream:remotename)%00%(upstream:remoteref) refs/heads/feature/get-name refs/remotes/feature/get-name [1ms]
[2022-08-25T06:38:33.735Z] > git for-each-ref --sort -committerdate --format %(refname) %(objectname) %(*objectname) [6ms]
[2022-08-25T06:38:33.735Z] > git remote --verbose [1ms]
[2022-08-25T06:38:33.796Z] > git config --get commit.template [1ms]
[2022-08-25T06:38:36.573Z] > git show --textconv :index.py [8ms]
[2022-08-25T06:38:36.579Z] > git ls-files --stage -- /home/miura/index.py [6ms]
[2022-08-25T06:38:36.587Z] > git cat-file -s 1eaa08385698ece55818cc11b267b5f7afc257ec [1ms]
[2022-08-25T06:38:40.407Z] > git status -z -uall [81ms]
[2022-08-25T06:38:40.417Z] > git symbolic-ref --short HEAD [1ms]
[2022-08-25T06:38:40.426Z] > git for-each-ref --format=%(refname)%00%(upstream:short)%00%(objectname)%00%(upstream:track)%00%(upstream:remotename)%00%(upstream:remoteref) refs/heads/feature/get-name refs/remotes/feature/get-name [1ms]
[2022-08-25T06:38:40.439Z] > git for-each-ref --sort -committerdate --format %(refname) %(objectname) %(*objectname) [6ms]
[2022-08-25T06:38:40.440Z] > git remote --verbose [1ms]
[2022-08-25T06:38:40.504Z] > git config --get commit.template [1ms]
[2022-08-25T06:38:45.596Z] > git status -z -uall [79ms]
[2022-08-25T06:38:45.607Z] > git symbolic-ref --short HEAD [1ms]
[2022-08-25T06:38:45.616Z] > git for-each-ref --format=%(refname)%00%(upstream:short)%00%(objectname)%00%(upstream:track)%00%(upstream:remotename)%00%(upstream:remoteref) refs/heads/feature/get-name refs/remotes/feature/get-name [1ms]
[2022-08-25T06:38:45.631Z] > git for-each-ref --sort -committerdate --format %(refname) %(objectname) %(*objectname) [8ms]
[2022-08-25T06:38:45.632Z] > git remote --verbose [1ms]
[2022-08-25T06:38:45.695Z] > git config --get commit.template [1ms]
[2022-08-25T06:39:34.030Z] > git show --textconv :static/style.css [7ms]
[2022-08-25T06:39:34.034Z] > git ls-files --stage -- /home/miura/static/style.css [4ms]
[2022-08-25T06:39:34.041Z] > git cat-file -s 6d7707f451c5567b21ff06e28604135f8c468bdf [1ms]
[2022-08-25T06:49:23.910Z] > git status -z -uall [97ms]
[2022-08-25T06:49:23.919Z] > git symbolic-ref --short HEAD [0ms]
[2022-08-25T06:49:23.927Z] > git for-each-ref --format=%(refname)%00%(upstream:short)%00%(objectname)%00%(upstream:track)%00%(upstream:remotename)%00%(upstream:remoteref) refs/heads/feature/get-name refs/remotes/feature/get-name [1ms]
[2022-08-25T06:49:23.938Z] > git for-each-ref --sort -committerdate --format %(refname) %(objectname) %(*objectname) [6ms]
[2022-08-25T06:49:23.939Z] > git remote --verbose [2ms]
[2022-08-25T06:49:24.000Z] > git config --get commit.template [1ms]
[2022-08-25T06:49:24.019Z] > git show --textconv :templates/next-page.html [6ms]
[2022-08-25T06:49:24.023Z] > git ls-files --stage -- /home/miura/templates/next-page.html [4ms]
[2022-08-25T06:49:24.031Z] > git cat-file -s 6151b4cfd2001ab14e2ae65df7f11e3af896795a [3ms]
[2022-08-25T06:50:00.986Z] > git status -z -uall [80ms]
[2022-08-25T06:50:00.996Z] > git symbolic-ref --short HEAD [1ms]
[2022-08-25T06:50:01.005Z] > git for-each-ref --format=%(refname)%00%(upstream:short)%00%(objectname)%00%(upstream:track)%00%(upstream:remotename)%00%(upstream:remoteref) refs/heads/feature/get-name refs/remotes/feature/get-name [1ms]
[2022-08-25T06:50:01.019Z] > git for-each-ref --sort -committerdate --format %(refname) %(objectname) %(*objectname) [7ms]
[2022-08-25T06:50:01.020Z] > git remote --verbose [1ms]
[2022-08-25T06:50:01.096Z] > git config --get commit.template [2ms]
[2022-08-25T06:50:46.703Z] > git show --textconv :static/style.css [8ms]
[2022-08-25T06:50:46.707Z] > git ls-files --stage -- /home/miura/static/style.css [5ms]
[2022-08-25T06:50:46.715Z] > git cat-file -s 6d7707f451c5567b21ff06e28604135f8c468bdf [1ms]
[2022-08-25T06:51:14.406Z] > git status -z -uall [85ms]
[2022-08-25T06:51:14.416Z] > git symbolic-ref --short HEAD [1ms]
[2022-08-25T06:51:14.423Z] > git for-each-ref --format=%(refname)%00%(upstream:short)%00%(objectname)%00%(upstream:track)%00%(upstream:remotename)%00%(upstream:remoteref) refs/heads/feature/get-name refs/remotes/feature/get-name [1ms]
[2022-08-25T06:51:14.434Z] > git for-each-ref --sort -committerdate --format %(refname) %(objectname) %(*objectname) [5ms]
[2022-08-25T06:51:14.435Z] > git remote --verbose [1ms]
[2022-08-25T06:51:14.497Z] > git config --get commit.template [1ms]
[2022-08-25T06:51:19.712Z] > git show --textconv :index.py [8ms]
[2022-08-25T06:51:19.717Z] > git ls-files --stage -- /home/miura/index.py [5ms]
[2022-08-25T06:51:19.725Z] > git cat-file -s 1eaa08385698ece55818cc11b267b5f7afc257ec [1ms]
[2022-08-25T06:51:25.534Z] > git status -z -uall [79ms]
[2022-08-25T06:51:25.545Z] > git symbolic-ref --short HEAD [1ms]
[2022-08-25T06:51:25.554Z] > git for-each-ref --format=%(refname)%00%(upstream:short)%00%(objectname)%00%(upstream:track)%00%(upstream:remotename)%00%(upstream:remoteref) refs/heads/feature/get-name refs/remotes/feature/get-name [1ms]
[2022-08-25T06:51:25.569Z] > git for-each-ref --sort -committerdate --format %(refname) %(objectname) %(*objectname) [8ms]
[2022-08-25T06:51:25.569Z] > git remote --verbose [1ms]
[2022-08-25T06:51:25.627Z] > git config --get commit.template [0ms]
[2022-08-25T06:52:03.003Z] > git show --textconv :static/style.css [10ms]
[2022-08-25T06:52:03.007Z] > git ls-files --stage -- /home/miura/static/style.css [5ms]
[2022-08-25T06:52:03.016Z] > git cat-file -s 6d7707f451c5567b21ff06e28604135f8c468bdf [2ms]
[2022-08-25T06:52:17.986Z] > git status -z -uall [90ms]
[2022-08-25T06:52:17.994Z] > git symbolic-ref --short HEAD [1ms]
[2022-08-25T06:52:18.002Z] > git for-each-ref --format=%(refname)%00%(upstream:short)%00%(objectname)%00%(upstream:track)%00%(upstream:remotename)%00%(upstream:remoteref) refs/heads/feature/get-name refs/remotes/feature/get-name [1ms]
[2022-08-25T06:52:18.014Z] > git for-each-ref --sort -committerdate --format %(refname) %(objectname) %(*objectname) [6ms]
[2022-08-25T06:52:18.015Z] > git remote --verbose [1ms]
[2022-08-25T06:52:18.082Z] > git config --get commit.template [2ms]
[2022-08-25T06:52:19.936Z] > git show --textconv :index.py [9ms]
[2022-08-25T06:52:19.942Z] > git ls-files --stage -- /home/miura/index.py [7ms]
[2022-08-25T06:52:19.954Z] > git cat-file -s 1eaa08385698ece55818cc11b267b5f7afc257ec [5ms]
[2022-08-25T06:52:23.952Z] > git status -z -uall [80ms]
[2022-08-25T06:52:23.963Z] > git symbolic-ref --short HEAD [2ms]
[2022-08-25T06:52:23.973Z] > git for-each-ref --format=%(refname)%00%(upstream:short)%00%(objectname)%00%(upstream:track)%00%(upstream:remotename)%00%(upstream:remoteref) refs/heads/feature/get-name refs/remotes/feature/get-name [1ms]
[2022-08-25T06:52:23.985Z] > git for-each-ref --sort -committerdate --format %(refname) %(objectname) %(*objectname) [6ms]
[2022-08-25T06:52:23.986Z] > git remote --verbose [1ms]
[2022-08-25T06:52:24.046Z] > git config --get commit.template [1ms]
[2022-08-25T06:52:49.076Z] > git show --textconv :static/style.css [9ms]
[2022-08-25T06:52:49.080Z] > git ls-files --stage -- /home/miura/static/style.css [4ms]
[2022-08-25T06:52:49.090Z] > git cat-file -s 6d7707f451c5567b21ff06e28604135f8c468bdf [1ms]
[2022-08-25T06:52:53.616Z] > git status -z -uall [86ms]
[2022-08-25T06:52:53.625Z] > git symbolic-ref --short HEAD [1ms]
[2022-08-25T06:52:53.633Z] > git for-each-ref --format=%(refname)%00%(upstream:short)%00%(objectname)%00%(upstream:track)%00%(upstream:remotename)%00%(upstream:remoteref) refs/heads/feature/get-name refs/remotes/feature/get-name [1ms]
[2022-08-25T06:52:53.644Z] > git for-each-ref --sort -committerdate --format %(refname) %(objectname) %(*objectname) [6ms]
[2022-08-25T06:52:53.644Z] > git remote --verbose [1ms]
[2022-08-25T06:52:53.709Z] > git config --get commit.template [2ms]
[2022-08-25T06:58:06.166Z] > git show --textconv :templates/next-page.html [8ms]
[2022-08-25T06:58:06.170Z] > git ls-files --stage -- /home/miura/templates/next-page.html [4ms]
[2022-08-25T06:58:06.177Z] > git cat-file -s 6151b4cfd2001ab14e2ae65df7f11e3af896795a [1ms]
[2022-08-25T06:58:38.830Z] > git status -z -uall [86ms]
[2022-08-25T06:58:38.839Z] > git symbolic-ref --short HEAD [1ms]
[2022-08-25T06:58:38.846Z] > git for-each-ref --format=%(refname)%00%(upstream:short)%00%(objectname)%00%(upstream:track)%00%(upstream:remotename)%00%(upstream:remoteref) refs/heads/feature/get-name refs/remotes/feature/get-name [1ms]
[2022-08-25T06:58:38.859Z] > git for-each-ref --sort -committerdate --format %(refname) %(objectname) %(*objectname) [7ms]
[2022-08-25T06:58:38.860Z] > git remote --verbose [1ms]
[2022-08-25T06:58:38.922Z] > git config --get commit.template [1ms]
[2022-08-25T06:58:41.711Z] > git show --textconv :index.py [10ms]
[2022-08-25T06:58:41.718Z] > git ls-files --stage -- /home/miura/index.py [7ms]
[2022-08-25T06:58:41.727Z] > git cat-file -s 1eaa08385698ece55818cc11b267b5f7afc257ec [1ms]
[2022-08-25T06:58:46.757Z] > git status -z -uall [82ms]
[2022-08-25T06:58:46.767Z] > git symbolic-ref --short HEAD [1ms]
[2022-08-25T06:58:46.776Z] > git for-each-ref --format=%(refname)%00%(upstream:short)%00%(objectname)%00%(upstream:track)%00%(upstream:remotename)%00%(upstream:remoteref) refs/heads/feature/get-name refs/remotes/feature/get-name [1ms]
[2022-08-25T06:58:46.789Z] > git for-each-ref --sort -committerdate --format %(refname) %(objectname) %(*objectname) [6ms]
[2022-08-25T06:58:46.790Z] > git remote --verbose [2ms]
[2022-08-25T06:58:46.849Z] > git config --get commit.template [1ms]
[2022-08-25T06:59:06.946Z] > git show --textconv :templates/next-page.html [7ms]
[2022-08-25T06:59:06.950Z] > git ls-files --stage -- /home/miura/templates/next-page.html [4ms]
[2022-08-25T06:59:06.957Z] > git cat-file -s 6151b4cfd2001ab14e2ae65df7f11e3af896795a [1ms]
[2022-08-25T06:59:11.184Z] > git show --textconv :static/style.css [7ms]
[2022-08-25T06:59:11.188Z] > git ls-files --stage -- /home/miura/static/style.css [5ms]
[2022-08-25T06:59:11.195Z] > git cat-file -s 6d7707f451c5567b21ff06e28604135f8c468bdf [1ms]
[2022-08-25T06:59:16.502Z] > git status -z -uall [96ms]
[2022-08-25T06:59:16.511Z] > git symbolic-ref --short HEAD [1ms]
[2022-08-25T06:59:16.518Z] > git for-each-ref --format=%(refname)%00%(upstream:short)%00%(objectname)%00%(upstream:track)%00%(upstream:remotename)%00%(upstream:remoteref) refs/heads/feature/get-name refs/remotes/feature/get-name [1ms]
[2022-08-25T06:59:16.529Z] > git for-each-ref --sort -committerdate --format %(refname) %(objectname) %(*objectname) [5ms]
[2022-08-25T06:59:16.529Z] > git remote --verbose [1ms]
[2022-08-25T06:59:16.595Z] > git config --get commit.template [1ms]
[2022-08-25T07:01:08.786Z] > git status -z -uall [82ms]
[2022-08-25T07:01:08.796Z] > git symbolic-ref --short HEAD [1ms]
[2022-08-25T07:01:08.804Z] > git for-each-ref --format=%(refname)%00%(upstream:short)%00%(objectname)%00%(upstream:track)%00%(upstream:remotename)%00%(upstream:remoteref) refs/heads/feature/get-name refs/remotes/feature/get-name [1ms]
[2022-08-25T07:01:08.815Z] > git for-each-ref --sort -committerdate --format %(refname) %(objectname) %(*objectname) [6ms]
[2022-08-25T07:01:08.816Z] > git remote --verbose [2ms]
[2022-08-25T07:01:08.881Z] > git config --get commit.template [1ms]
[2022-08-25T07:01:21.518Z] > git status -z -uall [84ms]
[2022-08-25T07:01:21.529Z] > git symbolic-ref --short HEAD [1ms]
[2022-08-25T07:01:21.538Z] > git for-each-ref --format=%(refname)%00%(upstream:short)%00%(objectname)%00%(upstream:track)%00%(upstream:remotename)%00%(upstream:remoteref) refs/heads/feature/get-name refs/remotes/feature/get-name [1ms]
[2022-08-25T07:01:21.553Z] > git for-each-ref --sort -committerdate --format %(refname) %(objectname) %(*objectname) [8ms]
[2022-08-25T07:01:21.553Z] > git remote --verbose [1ms]
[2022-08-25T07:01:21.618Z] > git config --get commit.template [1ms]
[2022-08-25T07:02:10.810Z] > git status -z -uall [86ms]
[2022-08-25T07:02:10.818Z] > git symbolic-ref --short HEAD [1ms]
[2022-08-25T07:02:10.825Z] > git for-each-ref --format=%(refname)%00%(upstream:short)%00%(objectname)%00%(upstream:track)%00%(upstream:remotename)%00%(upstream:remoteref) refs/heads/feature/get-name refs/remotes/feature/get-name [1ms]
[2022-08-25T07:02:10.836Z] > git for-each-ref --sort -committerdate --format %(refname) %(objectname) %(*objectname) [6ms]
[2022-08-25T07:02:10.837Z] > git remote --verbose [2ms]
[2022-08-25T07:02:10.901Z] > git config --get commit.template [1ms]
[2022-08-25T07:02:28.017Z] > git status -z -uall [82ms]
[2022-08-25T07:02:28.029Z] > git symbolic-ref --short HEAD [1ms]
[2022-08-25T07:02:28.037Z] > git for-each-ref --format=%(refname)%00%(upstream:short)%00%(objectname)%00%(upstream:track)%00%(upstream:remotename)%00%(upstream:remoteref) refs/heads/feature/get-name refs/remotes/feature/get-name [1ms]
[2022-08-25T07:02:28.051Z] > git for-each-ref --sort -committerdate --format %(refname) %(objectname) %(*objectname) [7ms]
[2022-08-25T07:02:28.051Z] > git remote --verbose [1ms]
[2022-08-25T07:02:28.115Z] > git config --get commit.template [1ms]
[2022-08-25T07:02:34.537Z] > git show --textconv :index.py [9ms]
[2022-08-25T07:02:34.542Z] > git ls-files --stage -- /home/miura/index.py [5ms]
[2022-08-25T07:02:34.551Z] > git cat-file -s 1eaa08385698ece55818cc11b267b5f7afc257ec [1ms]
[2022-08-25T07:02:41.208Z] > git status -z -uall [83ms]
[2022-08-25T07:02:41.220Z] > git symbolic-ref --short HEAD [1ms]
[2022-08-25T07:02:41.229Z] > git for-each-ref --format=%(refname)%00%(upstream:short)%00%(objectname)%00%(upstream:track)%00%(upstream:remotename)%00%(upstream:remoteref) refs/heads/feature/get-name refs/remotes/feature/get-name [1ms]
[2022-08-25T07:02:41.242Z] > git for-each-ref --sort -committerdate --format %(refname) %(objectname) %(*objectname) [7ms]
[2022-08-25T07:02:41.243Z] > git remote --verbose [1ms]
[2022-08-25T07:02:41.301Z] > git config --get commit.template [1ms]
[2022-08-25T07:03:14.012Z] > git show --textconv :static/style.css [9ms]
[2022-08-25T07:03:14.016Z] > git ls-files --stage -- /home/miura/static/style.css [5ms]
[2022-08-25T07:03:14.024Z] > git cat-file -s 6d7707f451c5567b21ff06e28604135f8c468bdf [1ms]
[2022-08-25T07:03:15.812Z] > git show --textconv :templates/next-page.html [10ms]
[2022-08-25T07:03:15.816Z] > git ls-files --stage -- /home/miura/templates/next-page.html [5ms]
[2022-08-25T07:03:15.824Z] > git cat-file -s 6151b4cfd2001ab14e2ae65df7f11e3af896795a [1ms]
[2022-08-25T07:03:21.184Z] > git status -z -uall [83ms]
[2022-08-25T07:03:21.196Z] > git symbolic-ref --short HEAD [1ms]
[2022-08-25T07:03:21.206Z] > git for-each-ref --format=%(refname)%00%(upstream:short)%00%(objectname)%00%(upstream:track)%00%(upstream:remotename)%00%(upstream:remoteref) refs/heads/feature/get-name refs/remotes/feature/get-name [1ms]
[2022-08-25T07:03:21.220Z] > git for-each-ref --sort -committerdate --format %(refname) %(objectname) %(*objectname) [7ms]
[2022-08-25T07:03:21.221Z] > git remote --verbose [1ms]
[2022-08-25T07:03:21.291Z] > git config --get commit.template [6ms]
[2022-08-25T07:03:37.956Z] > git show --textconv :static/style.css [11ms]
[2022-08-25T07:03:37.962Z] > git ls-files --stage -- /home/miura/static/style.css [7ms]
[2022-08-25T07:03:37.971Z] > git cat-file -s 6d7707f451c5567b21ff06e28604135f8c468bdf [1ms]
[2022-08-25T07:03:55.403Z] > git status -z -uall [89ms]
[2022-08-25T07:03:55.415Z] > git symbolic-ref --short HEAD [4ms]
[2022-08-25T07:03:55.425Z] > git for-each-ref --format=%(refname)%00%(upstream:short)%00%(objectname)%00%(upstream:track)%00%(upstream:remotename)%00%(upstream:remoteref) refs/heads/feature/get-name refs/remotes/feature/get-name [1ms]
[2022-08-25T07:03:55.438Z] > git for-each-ref --sort -committerdate --format %(refname) %(objectname) %(*objectname) [6ms]
[2022-08-25T07:03:55.438Z] > git remote --verbose [1ms]
[2022-08-25T07:03:55.503Z] > git config --get commit.template [1ms]
[2022-08-25T07:04:04.873Z] > git status -z -uall [83ms]
[2022-08-25T07:04:04.884Z] > git symbolic-ref --short HEAD [1ms]
[2022-08-25T07:04:04.893Z] > git for-each-ref --format=%(refname)%00%(upstream:short)%00%(objectname)%00%(upstream:track)%00%(upstream:remotename)%00%(upstream:remoteref) refs/heads/feature/get-name refs/remotes/feature/get-name [0ms]
[2022-08-25T07:04:04.906Z] > git for-each-ref --sort -committerdate --format %(refname) %(objectname) %(*objectname) [6ms]
[2022-08-25T07:04:04.907Z] > git remote --verbose [1ms]
[2022-08-25T07:04:04.970Z] > git config --get commit.template [1ms]
[2022-08-25T07:07:18.791Z] > git show --textconv :templates/next-page.html [8ms]
[2022-08-25T07:07:18.794Z] > git ls-files --stage -- /home/miura/templates/next-page.html [4ms]
[2022-08-25T07:07:18.801Z] > git cat-file -s 6151b4cfd2001ab14e2ae65df7f11e3af896795a [1ms]
[2022-08-25T07:07:18.847Z] > git status -z -uall [91ms]
[2022-08-25T07:07:18.856Z] > git symbolic-ref --short HEAD [1ms]
[2022-08-25T07:07:18.864Z] > git for-each-ref --format=%(refname)%00%(upstream:short)%00%(objectname)%00%(upstream:track)%00%(upstream:remotename)%00%(upstream:remoteref) refs/heads/feature/get-name refs/remotes/feature/get-name [1ms]
[2022-08-25T07:07:18.876Z] > git for-each-ref --sort -committerdate --format %(refname) %(objectname) %(*objectname) [6ms]
[2022-08-25T07:07:18.876Z] > git remote --verbose [1ms]
[2022-08-25T07:07:18.944Z] > git config --get commit.template [4ms]
[2022-08-25T07:07:39.056Z] > git show --textconv :templates/first-page.html [7ms]
[2022-08-25T07:07:39.063Z] > git ls-files --stage -- /home/miura/templates/first-page.html [7ms]
[2022-08-25T07:07:39.070Z] > git cat-file -s 4496023d24ef0bd6bacd3a5fdc60389ec29a7c83 [1ms]
[2022-08-25T07:07:40.319Z] > git show --textconv :static/style.css [7ms]
[2022-08-25T07:07:40.323Z] > git ls-files --stage -- /home/miura/static/style.css [4ms]
[2022-08-25T07:07:40.330Z] > git cat-file -s 6d7707f451c5567b21ff06e28604135f8c468bdf [1ms]
[2022-08-25T07:07:43.665Z] > git show --textconv :templates/next-page.html [6ms]
[2022-08-25T07:07:43.669Z] > git ls-files --stage -- /home/miura/templates/next-page.html [5ms]
[2022-08-25T07:07:43.675Z] > git cat-file -s 6151b4cfd2001ab14e2ae65df7f11e3af896795a [1ms]
[2022-08-25T07:07:53.323Z] > git show --textconv :static/style.css [7ms]
[2022-08-25T07:07:53.327Z] > git ls-files --stage -- /home/miura/static/style.css [5ms]
[2022-08-25T07:07:53.334Z] > git cat-file -s 6d7707f451c5567b21ff06e28604135f8c468bdf [1ms]
[2022-08-25T07:07:55.493Z] > git show --textconv :templates/next-page.html [9ms]
[2022-08-25T07:07:55.496Z] > git ls-files --stage -- /home/miura/templates/next-page.html [4ms]
[2022-08-25T07:07:55.506Z] > git cat-file -s 6151b4cfd2001ab14e2ae65df7f11e3af896795a [2ms]
[2022-08-25T07:08:31.126Z] > git show --textconv :static/style.css [7ms]
[2022-08-25T07:08:31.130Z] > git ls-files --stage -- /home/miura/static/style.css [4ms]
[2022-08-25T07:08:31.137Z] > git cat-file -s 6d7707f451c5567b21ff06e28604135f8c468bdf [1ms]
[2022-08-25T07:08:36.389Z] > git show --textconv :templates/next-page.html [7ms]
[2022-08-25T07:08:36.393Z] > git ls-files --stage -- /home/miura/templates/next-page.html [4ms]
[2022-08-25T07:08:36.400Z] > git cat-file -s 6151b4cfd2001ab14e2ae65df7f11e3af896795a [1ms]
[2022-08-25T07:08:37.828Z] > git show --textconv :static/style.css [8ms]
[2022-08-25T07:08:37.832Z] > git ls-files --stage -- /home/miura/static/style.css [4ms]
[2022-08-25T07:08:37.839Z] > git cat-file -s 6d7707f451c5567b21ff06e28604135f8c468bdf [1ms]
[2022-08-25T07:08:47.430Z] > git status -z -uall [85ms]
[2022-08-25T07:08:47.439Z] > git symbolic-ref --short HEAD [1ms]
[2022-08-25T07:08:47.447Z] > git for-each-ref --format=%(refname)%00%(upstream:short)%00%(objectname)%00%(upstream:track)%00%(upstream:remotename)%00%(upstream:remoteref) refs/heads/feature/get-name refs/remotes/feature/get-name [1ms]
[2022-08-25T07:08:47.459Z] > git for-each-ref --sort -committerdate --format %(refname) %(objectname) %(*objectname) [6ms]
[2022-08-25T07:08:47.460Z] > git remote --verbose [1ms]
[2022-08-25T07:08:47.550Z] > git config --get commit.template [7ms]
[2022-08-25T07:08:52.483Z] > git show --textconv :templates/next-page.html [9ms]
[2022-08-25T07:08:52.487Z] > git ls-files --stage -- /home/miura/templates/next-page.html [4ms]
[2022-08-25T07:08:52.495Z] > git cat-file -s 6151b4cfd2001ab14e2ae65df7f11e3af896795a [1ms]
[2022-08-25T07:09:27.339Z] > git status -z -uall [82ms]
[2022-08-25T07:09:27.350Z] > git symbolic-ref --short HEAD [1ms]
[2022-08-25T07:09:27.357Z] > git for-each-ref --format=%(refname)%00%(upstream:short)%00%(objectname)%00%(upstream:track)%00%(upstream:remotename)%00%(upstream:remoteref) refs/heads/feature/get-name refs/remotes/feature/get-name [1ms]
[2022-08-25T07:09:27.371Z] > git remote --verbose [1ms]
[2022-08-25T07:09:27.372Z] > git for-each-ref --sort -committerdate --format %(refname) %(objectname) %(*objectname) [7ms]
[2022-08-25T07:09:27.437Z] > git config --get commit.template [1ms]
[2022-08-25T07:09:29.922Z] > git show --textconv :index.py [9ms]
[2022-08-25T07:09:29.928Z] > git ls-files --stage -- /home/miura/index.py [7ms]
[2022-08-25T07:09:29.938Z] > git cat-file -s 1eaa08385698ece55818cc11b267b5f7afc257ec [1ms]
[2022-08-25T07:09:35.065Z] > git status -z -uall [81ms]
[2022-08-25T07:09:35.076Z] > git symbolic-ref --short HEAD [1ms]
[2022-08-25T07:09:35.084Z] > git for-each-ref --format=%(refname)%00%(upstream:short)%00%(objectname)%00%(upstream:track)%00%(upstream:remotename)%00%(upstream:remoteref) refs/heads/feature/get-name refs/remotes/feature/get-name [1ms]
[2022-08-25T07:09:35.097Z] > git for-each-ref --sort -committerdate --format %(refname) %(objectname) %(*objectname) [6ms]
[2022-08-25T07:09:35.098Z] > git remote --verbose [1ms]
[2022-08-25T07:09:35.161Z] > git config --get commit.template [4ms]
[2022-08-25T07:11:18.449Z] > git show --textconv :static/style.css [7ms]
[2022-08-25T07:11:18.453Z] > git ls-files --stage -- /home/miura/static/style.css [5ms]
[2022-08-25T07:11:18.459Z] > git cat-file -s 6d7707f451c5567b21ff06e28604135f8c468bdf [1ms]
[2022-08-25T07:11:39.499Z] > git status -z -uall [85ms]
[2022-08-25T07:11:39.510Z] > git symbolic-ref --short HEAD [3ms]
[2022-08-25T07:11:39.517Z] > git for-each-ref --format=%(refname)%00%(upstream:short)%00%(objectname)%00%(upstream:track)%00%(upstream:remotename)%00%(upstream:remoteref) refs/heads/feature/get-name refs/remotes/feature/get-name [1ms]
[2022-08-25T07:11:39.528Z] > git for-each-ref --sort -committerdate --format %(refname) %(objectname) %(*objectname) [5ms]
[2022-08-25T07:11:39.528Z] > git remote --verbose [1ms]
[2022-08-25T07:11:39.588Z] > git config --get commit.template [2ms]
[2022-08-25T07:11:42.251Z] > git show --textconv :templates/next-page.html [8ms]
[2022-08-25T07:11:42.256Z] > git ls-files --stage -- /home/miura/templates/next-page.html [5ms]
[2022-08-25T07:11:42.265Z] > git cat-file -s 6151b4cfd2001ab14e2ae65df7f11e3af896795a [1ms]
[2022-08-25T07:11:45.425Z] > git status -z -uall [81ms]
[2022-08-25T07:11:45.437Z] > git symbolic-ref --short HEAD [2ms]
[2022-08-25T07:11:45.446Z] > git for-each-ref --format=%(refname)%00%(upstream:short)%00%(objectname)%00%(upstream:track)%00%(upstream:remotename)%00%(upstream:remoteref) refs/heads/feature/get-name refs/remotes/feature/get-name [1ms]
[2022-08-25T07:11:45.460Z] > git for-each-ref --sort -committerdate --format %(refname) %(objectname) %(*objectname) [7ms]
[2022-08-25T07:11:45.460Z] > git remote --verbose [1ms]
[2022-08-25T07:11:45.532Z] > git config --get commit.template [1ms]
[2022-08-25T07:11:47.957Z] > git show --textconv :index.py [9ms]
[2022-08-25T07:11:47.963Z] > git ls-files --stage -- /home/miura/index.py [6ms]
[2022-08-25T07:11:47.971Z] > git cat-file -s 1eaa08385698ece55818cc11b267b5f7afc257ec [1ms]
[2022-08-25T07:11:51.808Z] > git status -z -uall [80ms]
[2022-08-25T07:11:51.819Z] > git symbolic-ref --short HEAD [1ms]
[2022-08-25T07:11:51.829Z] > git for-each-ref --format=%(refname)%00%(upstream:short)%00%(objectname)%00%(upstream:track)%00%(upstream:remotename)%00%(upstream:remoteref) refs/heads/feature/get-name refs/remotes/feature/get-name [1ms]
[2022-08-25T07:11:51.845Z] > git for-each-ref --sort -committerdate --format %(refname) %(objectname) %(*objectname) [7ms]
[2022-08-25T07:11:51.846Z] > git remote --verbose [2ms]
[2022-08-25T07:11:51.910Z] > git config --get commit.template [1ms]
[2022-08-25T07:12:26.621Z] > git status -z -uall [84ms]
[2022-08-25T07:12:26.630Z] > git symbolic-ref --short HEAD [1ms]
[2022-08-25T07:12:26.637Z] > git for-each-ref --format=%(refname)%00%(upstream:short)%00%(objectname)%00%(upstream:track)%00%(upstream:remotename)%00%(upstream:remoteref) refs/heads/feature/get-name refs/remotes/feature/get-name [1ms]
[2022-08-25T07:12:26.650Z] > git remote --verbose [3ms]
[2022-08-25T07:12:26.650Z] > git for-each-ref --sort -committerdate --format %(refname) %(objectname) %(*objectname) [7ms]
[2022-08-25T07:12:26.716Z] > git config --get commit.template [1ms]
[2022-08-25T07:12:29.644Z] > git show --textconv :templates/first-page.html [9ms]
[2022-08-25T07:12:29.648Z] > git ls-files --stage -- /home/miura/templates/first-page.html [5ms]
[2022-08-25T07:12:29.656Z] > git cat-file -s 4496023d24ef0bd6bacd3a5fdc60389ec29a7c83 [1ms]
[2022-08-25T07:12:30.642Z] > git show --textconv :static/style.css [9ms]
[2022-08-25T07:12:30.646Z] > git ls-files --stage -- /home/miura/static/style.css [5ms]
[2022-08-25T07:12:30.654Z] > git cat-file -s 6d7707f451c5567b21ff06e28604135f8c468bdf [1ms]
[2022-08-25T07:13:12.426Z] > git show --textconv :templates/next-page.html [7ms]
[2022-08-25T07:13:12.430Z] > git ls-files --stage -- /home/miura/templates/next-page.html [4ms]
[2022-08-25T07:13:12.437Z] > git cat-file -s 6151b4cfd2001ab14e2ae65df7f11e3af896795a [1ms]
[2022-08-25T07:13:12.669Z] > git status -z -uall [92ms]
[2022-08-25T07:13:12.680Z] > git symbolic-ref --short HEAD [2ms]
[2022-08-25T07:13:12.688Z] > git for-each-ref --format=%(refname)%00%(upstream:short)%00%(objectname)%00%(upstream:track)%00%(upstream:remotename)%00%(upstream:remoteref) refs/heads/feature/get-name refs/remotes/feature/get-name [1ms]
[2022-08-25T07:13:12.699Z] > git for-each-ref --sort -committerdate --format %(refname) %(objectname) %(*objectname) [6ms]
[2022-08-25T07:13:12.699Z] > git remote --verbose [1ms]
[2022-08-25T07:13:12.767Z] > git config --get commit.template [4ms]
[2022-08-25T07:13:38.870Z] > git status -z -uall [79ms]
[2022-08-25T07:13:38.881Z] > git symbolic-ref --short HEAD [1ms]
[2022-08-25T07:13:38.890Z] > git for-each-ref --format=%(refname)%00%(upstream:short)%00%(objectname)%00%(upstream:track)%00%(upstream:remotename)%00%(upstream:remoteref) refs/heads/feature/get-name refs/remotes/feature/get-name [1ms]
[2022-08-25T07:13:38.903Z] > git for-each-ref --sort -committerdate --format %(refname) %(objectname) %(*objectname) [7ms]
[2022-08-25T07:13:38.903Z] > git remote --verbose [1ms]
[2022-08-25T07:13:38.973Z] > git config --get commit.template [1ms]
[2022-08-25T07:14:05.143Z] > git show --textconv :static/style.css [8ms]
[2022-08-25T07:14:05.147Z] > git ls-files --stage -- /home/miura/static/style.css [5ms]
[2022-08-25T07:14:05.154Z] > git cat-file -s 6d7707f451c5567b21ff06e28604135f8c468bdf [1ms]
[2022-08-25T07:14:09.312Z] > git show --textconv :index.py [6ms]
[2022-08-25T07:14:09.318Z] > git ls-files --stage -- /home/miura/index.py [6ms]
[2022-08-25T07:14:09.324Z] > git cat-file -s 1eaa08385698ece55818cc11b267b5f7afc257ec [1ms]
[2022-08-25T07:14:15.854Z] > git status -z -uall [92ms]
[2022-08-25T07:14:15.865Z] > git symbolic-ref --short HEAD [3ms]
[2022-08-25T07:14:15.872Z] > git for-each-ref --format=%(refname)%00%(upstream:short)%00%(objectname)%00%(upstream:track)%00%(upstream:remotename)%00%(upstream:remoteref) refs/heads/feature/get-name refs/remotes/feature/get-name [1ms]
[2022-08-25T07:14:15.885Z] > git remote --verbose [1ms]
[2022-08-25T07:14:15.885Z] > git for-each-ref --sort -committerdate --format %(refname) %(objectname) %(*objectname) [7ms]
[2022-08-25T07:14:15.950Z] > git config --get commit.template [4ms]
[2022-08-25T07:14:21.044Z] > git status -z -uall [82ms]
[2022-08-25T07:14:21.055Z] > git symbolic-ref --short HEAD [1ms]
[2022-08-25T07:14:21.063Z] > git for-each-ref --format=%(refname)%00%(upstream:short)%00%(objectname)%00%(upstream:track)%00%(upstream:remotename)%00%(upstream:remoteref) refs/heads/feature/get-name refs/remotes/feature/get-name [1ms]
[2022-08-25T07:14:21.076Z] > git for-each-ref --sort -committerdate --format %(refname) %(objectname) %(*objectname) [6ms]
[2022-08-25T07:14:21.077Z] > git remote --verbose [1ms]
[2022-08-25T07:14:21.138Z] > git config --get commit.template [1ms]
[2022-08-25T07:16:44.469Z] > git show --textconv :static/style.css [7ms]
[2022-08-25T07:16:44.473Z] > git ls-files --stage -- /home/miura/static/style.css [5ms]
[2022-08-25T07:16:44.479Z] > git cat-file -s 6d7707f451c5567b21ff06e28604135f8c468bdf [1ms]
[2022-08-25T07:17:37.588Z] > git status -z -uall [89ms]
[2022-08-25T07:17:37.600Z] > git symbolic-ref --short HEAD [3ms]
[2022-08-25T07:17:37.609Z] > git for-each-ref --format=%(refname)%00%(upstream:short)%00%(objectname)%00%(upstream:track)%00%(upstream:remotename)%00%(upstream:remoteref) refs/heads/feature/get-name refs/remotes/feature/get-name [1ms]
[2022-08-25T07:17:37.624Z] > git for-each-ref --sort -committerdate --format %(refname) %(objectname) %(*objectname) [7ms]
[2022-08-25T07:17:37.625Z] > git remote --verbose [1ms]
[2022-08-25T07:17:37.691Z] > git config --get commit.template [1ms]
[2022-08-25T07:17:52.213Z] > git status -z -uall [86ms]
[2022-08-25T07:17:52.224Z] > git symbolic-ref --short HEAD [1ms]
[2022-08-25T07:17:52.234Z] > git for-each-ref --format=%(refname)%00%(upstream:short)%00%(objectname)%00%(upstream:track)%00%(upstream:remotename)%00%(upstream:remoteref) refs/heads/feature/get-name refs/remotes/feature/get-name [1ms]
[2022-08-25T07:17:52.249Z] > git for-each-ref --sort -committerdate --format %(refname) %(objectname) %(*objectname) [8ms]
[2022-08-25T07:17:52.249Z] > git remote --verbose [1ms]
[2022-08-25T07:17:52.332Z] > git show --textconv :templates/next-page.html [18ms]
[2022-08-25T07:17:52.332Z] > git config --get commit.template [4ms]
[2022-08-25T07:17:52.333Z] > git ls-files --stage -- /home/miura/templates/next-page.html [12ms]
[2022-08-25T07:17:52.341Z] > git cat-file -s 6151b4cfd2001ab14e2ae65df7f11e3af896795a [1ms]
[2022-08-25T07:18:28.206Z] > git status -z -uall [84ms]
[2022-08-25T07:18:28.215Z] > git symbolic-ref --short HEAD [1ms]
[2022-08-25T07:18:28.221Z] > git for-each-ref --format=%(refname)%00%(upstream:short)%00%(objectname)%00%(upstream:track)%00%(upstream:remotename)%00%(upstream:remoteref) refs/heads/feature/get-name refs/remotes/feature/get-name [1ms]
[2022-08-25T07:18:28.232Z] > git for-each-ref --sort -committerdate --format %(refname) %(objectname) %(*objectname) [6ms]
[2022-08-25T07:18:28.232Z] > git remote --verbose [1ms]
[2022-08-25T07:18:28.295Z] > git config --get commit.template [3ms]
[2022-08-25T07:18:30.837Z] > git show --textconv :static/style.css [9ms]
[2022-08-25T07:18:30.841Z] > git ls-files --stage -- /home/miura/static/style.css [5ms]
[2022-08-25T07:18:30.849Z] > git cat-file -s 6d7707f451c5567b21ff06e28604135f8c468bdf [1ms]
[2022-08-25T07:20:28.821Z] > git show --textconv :templates/next-page.html [7ms]
[2022-08-25T07:20:28.825Z] > git ls-files --stage -- /home/miura/templates/next-page.html [4ms]
[2022-08-25T07:20:28.833Z] > git cat-file -s 6151b4cfd2001ab14e2ae65df7f11e3af896795a [1ms]
[2022-08-25T07:20:31.611Z] > git show --textconv :static/style.css [7ms]
[2022-08-25T07:20:31.615Z] > git ls-files --stage -- /home/miura/static/style.css [4ms]
[2022-08-25T07:20:31.622Z] > git cat-file -s 6d7707f451c5567b21ff06e28604135f8c468bdf [1ms]
[2022-08-25T07:20:38.168Z] > git show --textconv :templates/next-page.html [8ms]
[2022-08-25T07:20:38.172Z] > git ls-files --stage -- /home/miura/templates/next-page.html [4ms]
[2022-08-25T07:20:38.179Z] > git cat-file -s 6151b4cfd2001ab14e2ae65df7f11e3af896795a [1ms]
[2022-08-25T07:20:48.596Z] > git show --textconv :static/style.css [8ms]
[2022-08-25T07:20:48.600Z] > git ls-files --stage -- /home/miura/static/style.css [5ms]
[2022-08-25T07:20:48.606Z] > git cat-file -s 6d7707f451c5567b21ff06e28604135f8c468bdf [1ms]
[2022-08-25T07:20:51.570Z] > git status -z -uall [86ms]
[2022-08-25T07:20:51.580Z] > git symbolic-ref --short HEAD [1ms]
[2022-08-25T07:20:51.587Z] > git for-each-ref --format=%(refname)%00%(upstream:short)%00%(objectname)%00%(upstream:track)%00%(upstream:remotename)%00%(upstream:remoteref) refs/heads/feature/get-name refs/remotes/feature/get-name [1ms]
[2022-08-25T07:20:51.599Z] > git for-each-ref --sort -committerdate --format %(refname) %(objectname) %(*objectname) [6ms]
[2022-08-25T07:20:51.599Z] > git remote --verbose [1ms]
[2022-08-25T07:20:51.665Z] > git config --get commit.template [2ms]
[2022-08-25T07:22:03.921Z] > git status -z -uall [84ms]
[2022-08-25T07:22:03.931Z] > git symbolic-ref --short HEAD [1ms]
[2022-08-25T07:22:03.938Z] > git for-each-ref --format=%(refname)%00%(upstream:short)%00%(objectname)%00%(upstream:track)%00%(upstream:remotename)%00%(upstream:remoteref) refs/heads/feature/get-name refs/remotes/feature/get-name [1ms]
[2022-08-25T07:22:03.949Z] > git for-each-ref --sort -committerdate --format %(refname) %(objectname) %(*objectname) [6ms]
[2022-08-25T07:22:03.949Z] > git remote --verbose [1ms]
[2022-08-25T07:22:04.016Z] > git config --get commit.template [1ms]
[2022-08-25T07:22:06.638Z] > git show --textconv :index.py [8ms]
[2022-08-25T07:22:06.643Z] > git ls-files --stage -- /home/miura/index.py [6ms]
[2022-08-25T07:22:06.651Z] > git cat-file -s 1eaa08385698ece55818cc11b267b5f7afc257ec [1ms]
[2022-08-25T07:22:09.114Z] > git status -z -uall [86ms]
[2022-08-25T07:22:09.125Z] > git symbolic-ref --short HEAD [1ms]
[2022-08-25T07:22:09.134Z] > git for-each-ref --format=%(refname)%00%(upstream:short)%00%(objectname)%00%(upstream:track)%00%(upstream:remotename)%00%(upstream:remoteref) refs/heads/feature/get-name refs/remotes/feature/get-name [1ms]
[2022-08-25T07:22:09.148Z] > git for-each-ref --sort -committerdate --format %(refname) %(objectname) %(*objectname) [7ms]
[2022-08-25T07:22:09.148Z] > git remote --verbose [1ms]
[2022-08-25T07:22:09.210Z] > git config --get commit.template [1ms]
[2022-08-25T07:22:14.304Z] > git status -z -uall [82ms]
[2022-08-25T07:22:14.315Z] > git symbolic-ref --short HEAD [1ms]
[2022-08-25T07:22:14.325Z] > git for-each-ref --format=%(refname)%00%(upstream:short)%00%(objectname)%00%(upstream:track)%00%(upstream:remotename)%00%(upstream:remoteref) refs/heads/feature/get-name refs/remotes/feature/get-name [1ms]
[2022-08-25T07:22:14.340Z] > git for-each-ref --sort -committerdate --format %(refname) %(objectname) %(*objectname) [8ms]
[2022-08-25T07:22:14.340Z] > git remote --verbose [1ms]
[2022-08-25T07:22:14.403Z] > git config --get commit.template [1ms]
[2022-08-25T07:26:51.861Z] > git show --textconv :static/style.css [7ms]
[2022-08-25T07:26:51.865Z] > git ls-files --stage -- /home/miura/static/style.css [5ms]
[2022-08-25T07:26:51.872Z] > git cat-file -s 6d7707f451c5567b21ff06e28604135f8c468bdf [1ms]
[2022-08-25T07:27:02.088Z] > git status -z -uall [87ms]
[2022-08-25T07:27:02.098Z] > git symbolic-ref --short HEAD [1ms]
[2022-08-25T07:27:02.106Z] > git for-each-ref --format=%(refname)%00%(upstream:short)%00%(objectname)%00%(upstream:track)%00%(upstream:remotename)%00%(upstream:remoteref) refs/heads/feature/get-name refs/remotes/feature/get-name [2ms]
[2022-08-25T07:27:02.119Z] > git for-each-ref --sort -committerdate --format %(refname) %(objectname) %(*objectname) [8ms]
[2022-08-25T07:27:02.119Z] > git remote --verbose [3ms]
[2022-08-25T07:27:02.185Z] > git config --get commit.template [2ms]
[2022-08-25T07:27:29.831Z] > git status -z -uall [84ms]
[2022-08-25T07:27:29.841Z] > git symbolic-ref --short HEAD [1ms]
[2022-08-25T07:27:29.848Z] > git for-each-ref --format=%(refname)%00%(upstream:short)%00%(objectname)%00%(upstream:track)%00%(upstream:remotename)%00%(upstream:remoteref) refs/heads/feature/get-name refs/remotes/feature/get-name [1ms]
[2022-08-25T07:27:29.860Z] > git for-each-ref --sort -committerdate --format %(refname) %(objectname) %(*objectname) [6ms]
[2022-08-25T07:27:29.860Z] > git remote --verbose [1ms]
[2022-08-25T07:27:29.923Z] > git config --get commit.template [1ms]
[2022-08-25T07:27:47.118Z] > git status -z -uall [80ms]
[2022-08-25T07:27:47.130Z] > git symbolic-ref --short HEAD [2ms]
[2022-08-25T07:27:47.139Z] > git for-each-ref --format=%(refname)%00%(upstream:short)%00%(objectname)%00%(upstream:track)%00%(upstream:remotename)%00%(upstream:remoteref) refs/heads/feature/get-name refs/remotes/feature/get-name [1ms]
[2022-08-25T07:27:47.152Z] > git for-each-ref --sort -committerdate --format %(refname) %(objectname) %(*objectname) [7ms]
[2022-08-25T07:27:47.153Z] > git remote --verbose [2ms]
[2022-08-25T07:27:47.219Z] > git config --get commit.template [1ms]
[2022-08-25T07:29:27.530Z] > git status -z -uall [93ms]
[2022-08-25T07:29:27.539Z] > git symbolic-ref --short HEAD [1ms]
[2022-08-25T07:29:27.546Z] > git for-each-ref --format=%(refname)%00%(upstream:short)%00%(objectname)%00%(upstream:track)%00%(upstream:remotename)%00%(upstream:remoteref) refs/heads/feature/get-name refs/remotes/feature/get-name [1ms]
[2022-08-25T07:29:27.558Z] > git for-each-ref --sort -committerdate --format %(refname) %(objectname) %(*objectname) [6ms]
[2022-08-25T07:29:27.558Z] > git remote --verbose [1ms]
[2022-08-25T07:29:27.621Z] > git config --get commit.template [1ms]
[2022-08-25T07:29:33.849Z] > git status -z -uall [83ms]
[2022-08-25T07:29:33.861Z] > git symbolic-ref --short HEAD [0ms]
[2022-08-25T07:29:33.869Z] > git for-each-ref --format=%(refname)%00%(upstream:short)%00%(objectname)%00%(upstream:track)%00%(upstream:remotename)%00%(upstream:remoteref) refs/heads/feature/get-name refs/remotes/feature/get-name [1ms]
[2022-08-25T07:29:33.883Z] > git for-each-ref --sort -committerdate --format %(refname) %(objectname) %(*objectname) [7ms]
[2022-08-25T07:29:33.883Z] > git remote --verbose [1ms]
[2022-08-25T07:29:33.950Z] > git config --get commit.template [2ms]
[2022-08-25T07:29:35.764Z] > git show --textconv :templates/next-page.html [1761ms]
[2022-08-25T07:29:35.764Z] > git ls-files --stage -- /home/miura/templates/next-page.html [1753ms]
[2022-08-25T07:29:35.780Z] > git cat-file -s 6151b4cfd2001ab14e2ae65df7f11e3af896795a [5ms]
[2022-08-25T07:30:06.479Z] > git status -z -uall [91ms]
[2022-08-25T07:30:06.490Z] > git symbolic-ref --short HEAD [0ms]
[2022-08-25T07:30:06.496Z] > git for-each-ref --format=%(refname)%00%(upstream:short)%00%(objectname)%00%(upstream:track)%00%(upstream:remotename)%00%(upstream:remoteref) refs/heads/feature/get-name refs/remotes/feature/get-name [1ms]
[2022-08-25T07:30:06.508Z] > git for-each-ref --sort -committerdate --format %(refname) %(objectname) %(*objectname) [6ms]
[2022-08-25T07:30:06.508Z] > git remote --verbose [1ms]
[2022-08-25T07:30:06.571Z] > git config --get commit.template [1ms]
[2022-08-25T07:30:21.583Z] > git show --textconv :index.py [8ms]
[2022-08-25T07:30:21.589Z] > git ls-files --stage -- /home/miura/index.py [6ms]
[2022-08-25T07:30:21.596Z] > git cat-file -s 1eaa08385698ece55818cc11b267b5f7afc257ec [1ms]
[2022-08-25T07:30:26.212Z] > git status -z -uall [85ms]
[2022-08-25T07:30:26.224Z] > git symbolic-ref --short HEAD [1ms]
[2022-08-25T07:30:26.234Z] > git for-each-ref --format=%(refname)%00%(upstream:short)%00%(objectname)%00%(upstream:track)%00%(upstream:remotename)%00%(upstream:remoteref) refs/heads/feature/get-name refs/remotes/feature/get-name [2ms]
[2022-08-25T07:30:26.249Z] > git for-each-ref --sort -committerdate --format %(refname) %(objectname) %(*objectname) [8ms]
[2022-08-25T07:30:26.249Z] > git remote --verbose [1ms]
[2022-08-25T07:30:26.314Z] > git config --get commit.template [1ms]
[2022-08-25T07:30:31.408Z] > git status -z -uall [80ms]
[2022-08-25T07:30:31.419Z] > git symbolic-ref --short HEAD [2ms]
[2022-08-25T07:30:31.428Z] > git for-each-ref --format=%(refname)%00%(upstream:short)%00%(objectname)%00%(upstream:track)%00%(upstream:remotename)%00%(upstream:remoteref) refs/heads/feature/get-name refs/remotes/feature/get-name [1ms]
[2022-08-25T07:30:31.443Z] > git remote --verbose [1ms]
[2022-08-25T07:30:31.443Z] > git for-each-ref --sort -committerdate --format %(refname) %(objectname) %(*objectname) [8ms]
[2022-08-25T07:30:31.511Z] > git config --get commit.template [1ms]
[2022-08-25T07:30:56.499Z] > git show --textconv :static/style.css [8ms]
[2022-08-25T07:30:56.503Z] > git ls-files --stage -- /home/miura/static/style.css [5ms]
[2022-08-25T07:30:56.509Z] > git cat-file -s 6d7707f451c5567b21ff06e28604135f8c468bdf [1ms]
[2022-08-25T07:31:58.973Z] > git status -z -uall [85ms]
[2022-08-25T07:31:58.983Z] > git symbolic-ref --short HEAD [1ms]
[2022-08-25T07:31:58.990Z] > git for-each-ref --format=%(refname)%00%(upstream:short)%00%(objectname)%00%(upstream:track)%00%(upstream:remotename)%00%(upstream:remoteref) refs/heads/feature/get-name refs/remotes/feature/get-name [1ms]
[2022-08-25T07:31:59.003Z] > git for-each-ref --sort -committerdate --format %(refname) %(objectname) %(*objectname) [7ms]
[2022-08-25T07:31:59.004Z] > git remote --verbose [1ms]
[2022-08-25T07:31:59.066Z] > git config --get commit.template [1ms]
[2022-08-25T07:33:02.976Z] > git show --textconv :index.py [7ms]
[2022-08-25T07:33:02.983Z] > git ls-files --stage -- /home/miura/index.py [7ms]
[2022-08-25T07:33:02.989Z] > git cat-file -s 1eaa08385698ece55818cc11b267b5f7afc257ec [1ms]
[2022-08-25T07:33:03.289Z] > git status -z -uall [93ms]
[2022-08-25T07:33:03.298Z] > git symbolic-ref --short HEAD [1ms]
[2022-08-25T07:33:03.306Z] > git for-each-ref --format=%(refname)%00%(upstream:short)%00%(objectname)%00%(upstream:track)%00%(upstream:remotename)%00%(upstream:remoteref) refs/heads/feature/get-name refs/remotes/feature/get-name [1ms]
[2022-08-25T07:33:03.321Z] > git remote --verbose [1ms]
[2022-08-25T07:33:03.322Z] > git for-each-ref --sort -committerdate --format %(refname) %(objectname) %(*objectname) [9ms]
[2022-08-25T07:33:03.388Z] > git config --get commit.template [1ms]
[2022-08-25T07:33:10.647Z] > git status -z -uall [81ms]
[2022-08-25T07:33:10.658Z] > git symbolic-ref --short HEAD [2ms]
[2022-08-25T07:33:10.666Z] > git for-each-ref --format=%(refname)%00%(upstream:short)%00%(objectname)%00%(upstream:track)%00%(upstream:remotename)%00%(upstream:remoteref) refs/heads/feature/get-name refs/remotes/feature/get-name [1ms]
[2022-08-25T07:33:10.679Z] > git remote --verbose [1ms]
[2022-08-25T07:33:10.679Z] > git for-each-ref --sort -committerdate --format %(refname) %(objectname) %(*objectname) [7ms]
[2022-08-25T07:33:10.739Z] > git config --get commit.template [1ms]
[2022-08-25T07:33:30.221Z] > git show --textconv :static/style.css [9ms]
[2022-08-25T07:33:30.225Z] > git ls-files --stage -- /home/miura/static/style.css [4ms]
[2022-08-25T07:33:30.234Z] > git cat-file -s 6d7707f451c5567b21ff06e28604135f8c468bdf [1ms]
[2022-08-25T07:33:30.982Z] > git show --textconv :templates/next-page.html [9ms]
[2022-08-25T07:33:30.986Z] > git ls-files --stage -- /home/miura/templates/next-page.html [5ms]
[2022-08-25T07:33:30.994Z] > git cat-file -s 6151b4cfd2001ab14e2ae65df7f11e3af896795a [1ms]
[2022-08-25T07:33:35.173Z] > git show --textconv :index.py [8ms]
[2022-08-25T07:33:35.179Z] > git ls-files --stage -- /home/miura/index.py [6ms]
[2022-08-25T07:33:35.187Z] > git cat-file -s 1eaa08385698ece55818cc11b267b5f7afc257ec [0ms]
[2022-08-25T07:33:40.010Z] > git status -z -uall [80ms]
[2022-08-25T07:33:40.021Z] > git symbolic-ref --short HEAD [1ms]
[2022-08-25T07:33:40.030Z] > git for-each-ref --format=%(refname)%00%(upstream:short)%00%(objectname)%00%(upstream:track)%00%(upstream:remotename)%00%(upstream:remoteref) refs/heads/feature/get-name refs/remotes/feature/get-name [1ms]
[2022-08-25T07:33:40.043Z] > git for-each-ref --sort -committerdate --format %(refname) %(objectname) %(*objectname) [7ms]
[2022-08-25T07:33:40.043Z] > git remote --verbose [1ms]
[2022-08-25T07:33:40.112Z] > git config --get commit.template [1ms]
[2022-08-25T07:34:00.714Z] > git show --textconv :templates/first-page.html [7ms]
[2022-08-25T07:34:00.719Z] > git ls-files --stage -- /home/miura/templates/first-page.html [5ms]
[2022-08-25T07:34:00.726Z] > git cat-file -s 4496023d24ef0bd6bacd3a5fdc60389ec29a7c83 [1ms]
[2022-08-25T07:34:02.692Z] > git show --textconv :database.py [7ms]
[2022-08-25T07:34:02.698Z] > git ls-files --stage -- /home/miura/database.py [7ms]
[2022-08-25T07:34:02.705Z] > git cat-file -s e3ba82f3486d1510e27589e6848be7e4dbad6b1b [1ms]
[2022-08-25T07:34:03.599Z] > git show --textconv :static/style.css [10ms]
[2022-08-25T07:34:03.602Z] > git ls-files --stage -- /home/miura/static/style.css [4ms]
[2022-08-25T07:34:03.609Z] > git cat-file -s 6d7707f451c5567b21ff06e28604135f8c468bdf [1ms]
[2022-08-25T07:34:12.690Z] > git status -z -uall [84ms]
[2022-08-25T07:34:12.698Z] > git symbolic-ref --short HEAD [1ms]
[2022-08-25T07:34:12.705Z] > git for-each-ref --format=%(refname)%00%(upstream:short)%00%(objectname)%00%(upstream:track)%00%(upstream:remotename)%00%(upstream:remoteref) refs/heads/feature/get-name refs/remotes/feature/get-name [1ms]
[2022-08-25T07:34:12.717Z] > git for-each-ref --sort -committerdate --format %(refname) %(objectname) %(*objectname) [6ms]
[2022-08-25T07:34:12.717Z] > git remote --verbose [1ms]
[2022-08-25T07:34:12.782Z] > git config --get commit.template [2ms]
[2022-08-25T07:34:16.713Z] > git show --textconv :index.py [9ms]
[2022-08-25T07:34:16.719Z] > git ls-files --stage -- /home/miura/index.py [6ms]
[2022-08-25T07:34:16.729Z] > git cat-file -s 1eaa08385698ece55818cc11b267b5f7afc257ec [3ms]
[2022-08-25T07:34:22.430Z] > git status -z -uall [80ms]
[2022-08-25T07:34:22.441Z] > git symbolic-ref --short HEAD [1ms]
[2022-08-25T07:34:22.453Z] > git for-each-ref --format=%(refname)%00%(upstream:short)%00%(objectname)%00%(upstream:track)%00%(upstream:remotename)%00%(upstream:remoteref) refs/heads/feature/get-name refs/remotes/feature/get-name [1ms]
[2022-08-25T07:34:22.467Z] > git for-each-ref --sort -committerdate --format %(refname) %(objectname) %(*objectname) [7ms]
[2022-08-25T07:34:22.467Z] > git remote --verbose [1ms]
[2022-08-25T07:34:22.528Z] > git config --get commit.template [1ms]
[2022-08-25T07:34:32.776Z] > git show --textconv :static/style.css [9ms]
[2022-08-25T07:34:32.780Z] > git ls-files --stage -- /home/miura/static/style.css [4ms]
[2022-08-25T07:34:32.789Z] > git cat-file -s 6d7707f451c5567b21ff06e28604135f8c468bdf [1ms]
[2022-08-25T07:34:35.956Z] > git status -z -uall [80ms]
[2022-08-25T07:34:35.967Z] > git symbolic-ref --short HEAD [1ms]
[2022-08-25T07:34:35.976Z] > git for-each-ref --format=%(refname)%00%(upstream:short)%00%(objectname)%00%(upstream:track)%00%(upstream:remotename)%00%(upstream:remoteref) refs/heads/feature/get-name refs/remotes/feature/get-name [1ms]
[2022-08-25T07:34:35.991Z] > git for-each-ref --sort -committerdate --format %(refname) %(objectname) %(*objectname) [7ms]
[2022-08-25T07:34:35.991Z] > git remote --verbose [1ms]
[2022-08-25T07:34:36.053Z] > git config --get commit.template [1ms]
[2022-08-25T07:34:54.276Z] > git show --textconv :templates/first-page.html [8ms]
[2022-08-25T07:34:54.281Z] > git ls-files --stage -- /home/miura/templates/first-page.html [5ms]
[2022-08-25T07:34:54.289Z] > git cat-file -s 4496023d24ef0bd6bacd3a5fdc60389ec29a7c83 [1ms]
[2022-08-25T07:34:55.911Z] > git show --textconv :static/style.css [9ms]
[2022-08-25T07:34:55.915Z] > git ls-files --stage -- /home/miura/static/style.css [5ms]
[2022-08-25T07:34:55.924Z] > git cat-file -s 6d7707f451c5567b21ff06e28604135f8c468bdf [1ms]
[2022-08-25T07:36:25.525Z] > git status -z -uall [96ms]
[2022-08-25T07:36:25.534Z] > git symbolic-ref --short HEAD [1ms]
[2022-08-25T07:36:25.542Z] > git for-each-ref --format=%(refname)%00%(upstream:short)%00%(objectname)%00%(upstream:track)%00%(upstream:remotename)%00%(upstream:remoteref) refs/heads/feature/get-name refs/remotes/feature/get-name [1ms]
[2022-08-25T07:36:25.554Z] > git for-each-ref --sort -committerdate --format %(refname) %(objectname) %(*objectname) [6ms]
[2022-08-25T07:36:25.554Z] > git remote --verbose [1ms]
[2022-08-25T07:36:25.635Z] > git config --get commit.template [1ms]
[2022-08-25T07:36:31.248Z] > git status -z -uall [87ms]
[2022-08-25T07:36:31.259Z] > git symbolic-ref --short HEAD [1ms]
[2022-08-25T07:36:31.268Z] > git for-each-ref --format=%(refname)%00%(upstream:short)%00%(objectname)%00%(upstream:track)%00%(upstream:remotename)%00%(upstream:remoteref) refs/heads/feature/get-name refs/remotes/feature/get-name [1ms]
[2022-08-25T07:36:31.282Z] > git remote --verbose [1ms]
[2022-08-25T07:36:31.282Z] > git for-each-ref --sort -committerdate --format %(refname) %(objectname) %(*objectname) [8ms]
[2022-08-25T07:36:31.348Z] > git config --get commit.template [1ms]
[2022-08-25T07:36:34.089Z] > git show --textconv :index.py [11ms]
[2022-08-25T07:36:34.093Z] > git ls-files --stage -- /home/miura/index.py [6ms]
[2022-08-25T07:36:34.104Z] > git cat-file -s 1eaa08385698ece55818cc11b267b5f7afc257ec [3ms]
[2022-08-25T07:36:47.199Z] > git status -z -uall [81ms]
[2022-08-25T07:36:47.210Z] > git symbolic-ref --short HEAD [1ms]
[2022-08-25T07:36:47.219Z] > git for-each-ref --format=%(refname)%00%(upstream:short)%00%(objectname)%00%(upstream:track)%00%(upstream:remotename)%00%(upstream:remoteref) refs/heads/feature/get-name refs/remotes/feature/get-name [1ms]
[2022-08-25T07:36:47.233Z] > git for-each-ref --sort -committerdate --format %(refname) %(objectname) %(*objectname) [7ms]
[2022-08-25T07:36:47.233Z] > git remote --verbose [1ms]
[2022-08-25T07:36:47.293Z] > git config --get commit.template [1ms]
[2022-08-25T07:37:10.975Z] > git show --textconv :static/style.css [7ms]
[2022-08-25T07:37:10.979Z] > git ls-files --stage -- /home/miura/static/style.css [4ms]
[2022-08-25T07:37:10.986Z] > git cat-file -s 6d7707f451c5567b21ff06e28604135f8c468bdf [1ms]
[2022-08-25T07:37:17.902Z] > git status -z -uall [85ms]
[2022-08-25T07:37:17.912Z] > git symbolic-ref --short HEAD [1ms]
[2022-08-25T07:37:17.920Z] > git for-each-ref --format=%(refname)%00%(upstream:short)%00%(objectname)%00%(upstream:track)%00%(upstream:remotename)%00%(upstream:remoteref) refs/heads/feature/get-name refs/remotes/feature/get-name [1ms]
[2022-08-25T07:37:17.930Z] > git for-each-ref --sort -committerdate --format %(refname) %(objectname) %(*objectname) [5ms]
[2022-08-25T07:37:17.931Z] > git remote --verbose [1ms]
[2022-08-25T07:37:17.996Z] > git config --get commit.template [1ms]
