[2022-08-24T00:35:00.104Z] ログ レベル: Info
[2022-08-24T00:35:00.109Z] [info] Git の検証が検出されました: git
[2022-08-24T00:35:00.147Z] [info] git から Git 2.34.1 を使用しています
[2022-08-24T00:35:00.190Z] > git rev-parse --show-toplevel [27ms]
[2022-08-24T00:35:00.204Z] > git rev-parse --git-dir --git-common-dir [2ms]
[2022-08-24T00:35:00.210Z] [info] Open repository: /home/miura
[2022-08-24T00:35:00.443Z] > git status -z -uall [222ms]
[2022-08-24T00:35:00.460Z] > git symbolic-ref --short HEAD [6ms]
[2022-08-24T00:35:00.472Z] > git for-each-ref --format=%(refname)%00%(upstream:short)%00%(objectname)%00%(upstream:track)%00%(upstream:remotename)%00%(upstream:remoteref) refs/heads/feature/return-comment-list refs/remotes/feature/return-comment-list [2ms]
[2022-08-24T00:35:00.490Z] > git for-each-ref --sort -committerdate --format %(refname) %(objectname) %(*objectname) [10ms]
[2022-08-24T00:35:00.506Z] > git remote --verbose [18ms]
[2022-08-24T00:35:00.522Z] > git config --get commit.template [3ms]
[2022-08-24T00:35:00.614Z] > git status -z -uall [81ms]
[2022-08-24T00:35:00.626Z] > git symbolic-ref --short HEAD [1ms]
[2022-08-24T00:35:00.636Z] > git for-each-ref --format=%(refname)%00%(upstream:short)%00%(objectname)%00%(upstream:track)%00%(upstream:remotename)%00%(upstream:remoteref) refs/heads/feature/return-comment-list refs/remotes/feature/return-comment-list [1ms]
[2022-08-24T00:35:00.653Z] > git for-each-ref --sort -committerdate --format %(refname) %(objectname) %(*objectname) [8ms]
[2022-08-24T00:35:00.653Z] > git remote --verbose [1ms]
[2022-08-24T00:35:00.663Z] > git config --get commit.template [1ms]
[2022-08-24T00:35:00.784Z] > git show --textconv :index.py [34ms]
[2022-08-24T00:35:00.784Z] > git ls-files --stage -- /home/miura/index.py [23ms]
[2022-08-24T00:35:00.796Z] > git cat-file -s 36462e744cc998a882ffc13baca45ed2a6645174 [1ms]
[2022-08-24T00:35:01.072Z] > git check-ignore -v -z --stdin [21ms]
[2022-08-24T00:40:25.662Z] > git show --textconv :database.py [6ms]
[2022-08-24T00:40:25.667Z] > git ls-files --stage -- /home/miura/database.py [5ms]
[2022-08-24T00:40:25.673Z] > git cat-file -s e3ba82f3486d1510e27589e6848be7e4dbad6b1b [0ms]
[2022-08-24T00:40:28.947Z] > git show --textconv :templates/next-page.html [9ms]
[2022-08-24T00:40:28.953Z] > git ls-files --stage -- /home/miura/templates/next-page.html [9ms]
[2022-08-24T00:40:28.960Z] > git cat-file -s a219c0fd46844159e09cde75adfa8a399edf1853 [1ms]
[2022-08-24T00:42:59.249Z] > git status -z -uall [63ms]
[2022-08-24T00:42:59.256Z] > git symbolic-ref --short HEAD [1ms]
[2022-08-24T00:42:59.262Z] > git for-each-ref --format=%(refname)%00%(upstream:short)%00%(objectname)%00%(upstream:track)%00%(upstream:remotename)%00%(upstream:remoteref) refs/heads/feature/shape-list refs/remotes/feature/shape-list [1ms]
[2022-08-24T00:42:59.272Z] > git for-each-ref --sort -committerdate --format %(refname) %(objectname) %(*objectname) [5ms]
[2022-08-24T00:42:59.273Z] > git remote --verbose [2ms]
[2022-08-24T00:42:59.283Z] > git config --get commit.template [1ms]
[2022-08-24T00:42:59.421Z] > git ls-files --stage -- /home/miura/templates/next-page.html [41ms]
[2022-08-24T00:42:59.427Z] > git cat-file -s a219c0fd46844159e09cde75adfa8a399edf1853 [1ms]
[2022-08-24T00:42:59.487Z] > git show --textconv :templates/next-page.html [4ms]
[2022-08-24T00:43:04.970Z] > git status -z -uall [62ms]
[2022-08-24T00:43:04.978Z] > git symbolic-ref --short HEAD [1ms]
[2022-08-24T00:43:04.984Z] > git for-each-ref --format=%(refname)%00%(upstream:short)%00%(objectname)%00%(upstream:track)%00%(upstream:remotename)%00%(upstream:remoteref) refs/heads/feature/shape-list refs/remotes/feature/shape-list [1ms]
[2022-08-24T00:43:04.993Z] > git for-each-ref --sort -committerdate --format %(refname) %(objectname) %(*objectname) [5ms]
[2022-08-24T00:43:04.993Z] > git remote --verbose [1ms]
[2022-08-24T00:43:05.001Z] > git config --get commit.template [1ms]
[2022-08-24T00:43:44.631Z] > git status -z -uall [61ms]
[2022-08-24T00:43:44.638Z] > git symbolic-ref --short HEAD [1ms]
[2022-08-24T00:43:44.644Z] > git for-each-ref --format=%(refname)%00%(upstream:short)%00%(objectname)%00%(upstream:track)%00%(upstream:remotename)%00%(upstream:remoteref) refs/heads/feature/shape-list refs/remotes/feature/shape-list [1ms]
[2022-08-24T00:43:44.654Z] > git for-each-ref --sort -committerdate --format %(refname) %(objectname) %(*objectname) [5ms]
[2022-08-24T00:43:44.654Z] > git remote --verbose [1ms]
[2022-08-24T00:43:44.663Z] > git config --get commit.template [0ms]
[2022-08-24T00:45:28.384Z] > git status -z -uall [64ms]
[2022-08-24T00:45:28.392Z] > git symbolic-ref --short HEAD [1ms]
[2022-08-24T00:45:28.399Z] > git for-each-ref --format=%(refname)%00%(upstream:short)%00%(objectname)%00%(upstream:track)%00%(upstream:remotename)%00%(upstream:remoteref) refs/heads/feature/shape-list refs/remotes/feature/shape-list [1ms]
[2022-08-24T00:45:28.408Z] > git for-each-ref --sort -committerdate --format %(refname) %(objectname) %(*objectname) [5ms]
[2022-08-24T00:45:28.409Z] > git remote --verbose [2ms]
[2022-08-24T00:45:28.419Z] > git config --get commit.template [1ms]
[2022-08-24T00:46:04.014Z] > git show --textconv :database.py [6ms]
[2022-08-24T00:46:04.019Z] > git ls-files --stage -- /home/miura/database.py [6ms]
[2022-08-24T00:46:04.025Z] > git cat-file -s e3ba82f3486d1510e27589e6848be7e4dbad6b1b [1ms]
[2022-08-24T00:46:07.943Z] > git show --textconv :index.py [6ms]
[2022-08-24T00:46:07.948Z] > git ls-files --stage -- /home/miura/index.py [5ms]
[2022-08-24T00:46:07.955Z] > git cat-file -s 36462e744cc998a882ffc13baca45ed2a6645174 [2ms]
[2022-08-24T00:46:52.807Z] > git status -z -uall [60ms]
[2022-08-24T00:46:52.815Z] > git symbolic-ref --short HEAD [1ms]
[2022-08-24T00:46:52.823Z] > git for-each-ref --format=%(refname)%00%(upstream:short)%00%(objectname)%00%(upstream:track)%00%(upstream:remotename)%00%(upstream:remoteref) refs/heads/feature/shape-list refs/remotes/feature/shape-list [3ms]
[2022-08-24T00:46:52.833Z] > git for-each-ref --sort -committerdate --format %(refname) %(objectname) %(*objectname) [5ms]
[2022-08-24T00:46:52.833Z] > git remote --verbose [1ms]
[2022-08-24T00:46:52.840Z] > git config --get commit.template [0ms]
[2022-08-24T00:46:58.220Z] > git status -z -uall [60ms]
[2022-08-24T00:46:58.228Z] > git symbolic-ref --short HEAD [1ms]
[2022-08-24T00:46:58.234Z] > git for-each-ref --format=%(refname)%00%(upstream:short)%00%(objectname)%00%(upstream:track)%00%(upstream:remotename)%00%(upstream:remoteref) refs/heads/feature/shape-list refs/remotes/feature/shape-list [1ms]
[2022-08-24T00:46:58.244Z] > git remote --verbose [1ms]
[2022-08-24T00:46:58.245Z] > git for-each-ref --sort -committerdate --format %(refname) %(objectname) %(*objectname) [6ms]
[2022-08-24T00:46:58.252Z] > git config --get commit.template [1ms]
[2022-08-24T00:47:21.974Z] > git show --textconv :templates/next-page.html [7ms]
[2022-08-24T00:47:21.978Z] > git ls-files --stage -- /home/miura/templates/next-page.html [5ms]
[2022-08-24T00:47:21.984Z] > git cat-file -s a219c0fd46844159e09cde75adfa8a399edf1853 [1ms]
[2022-08-24T00:47:57.445Z] > git status -z -uall [60ms]
[2022-08-24T00:47:57.453Z] > git symbolic-ref --short HEAD [1ms]
[2022-08-24T00:47:57.460Z] > git for-each-ref --format=%(refname)%00%(upstream:short)%00%(objectname)%00%(upstream:track)%00%(upstream:remotename)%00%(upstream:remoteref) refs/heads/feature/shape-list refs/remotes/feature/shape-list [1ms]
[2022-08-24T00:47:57.470Z] > git for-each-ref --sort -committerdate --format %(refname) %(objectname) %(*objectname) [5ms]
[2022-08-24T00:47:57.470Z] > git remote --verbose [1ms]
[2022-08-24T00:47:57.479Z] > git config --get commit.template [1ms]
[2022-08-24T00:48:29.644Z] > git show --textconv :index.py [6ms]
[2022-08-24T00:48:29.649Z] > git ls-files --stage -- /home/miura/index.py [6ms]
[2022-08-24T00:48:29.655Z] > git cat-file -s 36462e744cc998a882ffc13baca45ed2a6645174 [1ms]
[2022-08-24T00:48:32.809Z] > git status -z -uall [59ms]
[2022-08-24T00:48:32.818Z] > git symbolic-ref --short HEAD [1ms]
[2022-08-24T00:48:32.824Z] > git for-each-ref --format=%(refname)%00%(upstream:short)%00%(objectname)%00%(upstream:track)%00%(upstream:remotename)%00%(upstream:remoteref) refs/heads/feature/shape-list refs/remotes/feature/shape-list [1ms]
[2022-08-24T00:48:32.835Z] > git for-each-ref --sort -committerdate --format %(refname) %(objectname) %(*objectname) [5ms]
[2022-08-24T00:48:32.835Z] > git remote --verbose [1ms]
[2022-08-24T00:48:32.843Z] > git config --get commit.template [1ms]
[2022-08-24T00:48:48.128Z] > git status -z -uall [61ms]
[2022-08-24T00:48:48.136Z] > git symbolic-ref --short HEAD [1ms]
[2022-08-24T00:48:48.142Z] > git for-each-ref --format=%(refname)%00%(upstream:short)%00%(objectname)%00%(upstream:track)%00%(upstream:remotename)%00%(upstream:remoteref) refs/heads/feature/shape-list refs/remotes/feature/shape-list [1ms]
[2022-08-24T00:48:48.152Z] > git for-each-ref --sort -committerdate --format %(refname) %(objectname) %(*objectname) [5ms]
[2022-08-24T00:48:48.152Z] > git remote --verbose [1ms]
[2022-08-24T00:48:48.161Z] > git config --get commit.template [1ms]
[2022-08-24T00:49:46.724Z] > git status -z -uall [59ms]
[2022-08-24T00:49:46.732Z] > git symbolic-ref --short HEAD [1ms]
[2022-08-24T00:49:46.737Z] > git for-each-ref --format=%(refname)%00%(upstream:short)%00%(objectname)%00%(upstream:track)%00%(upstream:remotename)%00%(upstream:remoteref) refs/heads/feature/shape-list refs/remotes/feature/shape-list [0ms]
[2022-08-24T00:49:46.747Z] > git for-each-ref --sort -committerdate --format %(refname) %(objectname) %(*objectname) [5ms]
[2022-08-24T00:49:46.748Z] > git remote --verbose [1ms]
[2022-08-24T00:49:46.756Z] > git config --get commit.template [2ms]
[2022-08-24T00:50:29.223Z] > git show --textconv :templates/next-page.html [6ms]
[2022-08-24T00:50:29.227Z] > git ls-files --stage -- /home/miura/templates/next-page.html [4ms]
[2022-08-24T00:50:29.233Z] > git cat-file -s a219c0fd46844159e09cde75adfa8a399edf1853 [1ms]
[2022-08-24T00:50:33.334Z] > git show --textconv :templates/first-page.html [7ms]
[2022-08-24T00:50:33.338Z] > git ls-files --stage -- /home/miura/templates/first-page.html [5ms]
[2022-08-24T00:50:33.344Z] > git cat-file -s 460e5101e5f53aee10fca4cace3447f76a4df7f1 [0ms]
[2022-08-24T00:51:06.110Z] > git status -z -uall [73ms]
[2022-08-24T00:51:06.118Z] > git symbolic-ref --short HEAD [1ms]
[2022-08-24T00:51:06.125Z] > git for-each-ref --format=%(refname)%00%(upstream:short)%00%(objectname)%00%(upstream:track)%00%(upstream:remotename)%00%(upstream:remoteref) refs/heads/feature/shape-list refs/remotes/feature/shape-list [1ms]
[2022-08-24T00:51:06.135Z] > git for-each-ref --sort -committerdate --format %(refname) %(objectname) %(*objectname) [5ms]
[2022-08-24T00:51:06.135Z] > git remote --verbose [1ms]
[2022-08-24T00:51:06.145Z] > git config --get commit.template [1ms]
[2022-08-24T00:51:11.213Z] > git status -z -uall [60ms]
[2022-08-24T00:51:11.221Z] > git symbolic-ref --short HEAD [1ms]
[2022-08-24T00:51:11.227Z] > git for-each-ref --format=%(refname)%00%(upstream:short)%00%(objectname)%00%(upstream:track)%00%(upstream:remotename)%00%(upstream:remoteref) refs/heads/feature/shape-list refs/remotes/feature/shape-list [1ms]
[2022-08-24T00:51:11.237Z] > git for-each-ref --sort -committerdate --format %(refname) %(objectname) %(*objectname) [5ms]
[2022-08-24T00:51:11.237Z] > git remote --verbose [1ms]
[2022-08-24T00:51:11.246Z] > git config --get commit.template [1ms]
[2022-08-24T00:52:47.272Z] > git show --textconv :templates/next-page.html [6ms]
[2022-08-24T00:52:47.276Z] > git ls-files --stage -- /home/miura/templates/next-page.html [4ms]
[2022-08-24T00:52:47.282Z] > git cat-file -s a219c0fd46844159e09cde75adfa8a399edf1853 [0ms]
[2022-08-24T00:53:01.883Z] > git show --textconv :templates/first-page.html [6ms]
[2022-08-24T00:53:01.887Z] > git ls-files --stage -- /home/miura/templates/first-page.html [5ms]
[2022-08-24T00:53:01.894Z] > git cat-file -s 460e5101e5f53aee10fca4cace3447f76a4df7f1 [2ms]
[2022-08-24T00:53:02.828Z] > git show --textconv :templates/next-page.html [7ms]
[2022-08-24T00:53:02.832Z] > git ls-files --stage -- /home/miura/templates/next-page.html [5ms]
[2022-08-24T00:53:02.837Z] > git cat-file -s a219c0fd46844159e09cde75adfa8a399edf1853 [1ms]
[2022-08-24T00:53:05.682Z] > git show --textconv :database.py [6ms]
[2022-08-24T00:53:05.687Z] > git ls-files --stage -- /home/miura/database.py [5ms]
[2022-08-24T00:53:05.693Z] > git cat-file -s e3ba82f3486d1510e27589e6848be7e4dbad6b1b [1ms]
[2022-08-24T00:56:34.655Z] > git show --textconv :index.py [7ms]
[2022-08-24T00:56:34.660Z] > git ls-files --stage -- /home/miura/index.py [6ms]
[2022-08-24T00:56:34.665Z] > git cat-file -s 36462e744cc998a882ffc13baca45ed2a6645174 [1ms]
[2022-08-24T01:01:49.387Z] > git status -z -uall [62ms]
[2022-08-24T01:01:49.394Z] > git symbolic-ref --short HEAD [1ms]
[2022-08-24T01:01:49.401Z] > git for-each-ref --format=%(refname)%00%(upstream:short)%00%(objectname)%00%(upstream:track)%00%(upstream:remotename)%00%(upstream:remoteref) refs/heads/feature/shape-list refs/remotes/feature/shape-list [1ms]
[2022-08-24T01:01:49.410Z] > git for-each-ref --sort -committerdate --format %(refname) %(objectname) %(*objectname) [5ms]
[2022-08-24T01:01:49.410Z] > git remote --verbose [1ms]
[2022-08-24T01:01:49.418Z] > git config --get commit.template [1ms]
[2022-08-24T01:05:40.344Z] > git show --textconv :templates/next-page.html [6ms]
[2022-08-24T01:05:40.348Z] > git ls-files --stage -- /home/miura/templates/next-page.html [4ms]
[2022-08-24T01:05:40.354Z] > git cat-file -s a219c0fd46844159e09cde75adfa8a399edf1853 [1ms]
[2022-08-24T01:06:03.168Z] > git status -z -uall [61ms]
[2022-08-24T01:06:03.175Z] > git symbolic-ref --short HEAD [1ms]
[2022-08-24T01:06:03.181Z] > git for-each-ref --format=%(refname)%00%(upstream:short)%00%(objectname)%00%(upstream:track)%00%(upstream:remotename)%00%(upstream:remoteref) refs/heads/feature/shape-list refs/remotes/feature/shape-list [1ms]
[2022-08-24T01:06:03.192Z] > git for-each-ref --sort -committerdate --format %(refname) %(objectname) %(*objectname) [6ms]
[2022-08-24T01:06:03.192Z] > git remote --verbose [1ms]
[2022-08-24T01:06:03.199Z] > git config --get commit.template [0ms]
[2022-08-24T01:06:31.616Z] > git show --textconv :index.py [6ms]
[2022-08-24T01:06:31.621Z] > git ls-files --stage -- /home/miura/index.py [5ms]
[2022-08-24T01:06:31.627Z] > git cat-file -s 36462e744cc998a882ffc13baca45ed2a6645174 [0ms]
[2022-08-24T01:07:22.305Z] > git status -z -uall [61ms]
[2022-08-24T01:07:22.313Z] > git symbolic-ref --short HEAD [1ms]
[2022-08-24T01:07:22.319Z] > git for-each-ref --format=%(refname)%00%(upstream:short)%00%(objectname)%00%(upstream:track)%00%(upstream:remotename)%00%(upstream:remoteref) refs/heads/feature/shape-list refs/remotes/feature/shape-list [1ms]
[2022-08-24T01:07:22.330Z] > git for-each-ref --sort -committerdate --format %(refname) %(objectname) %(*objectname) [5ms]
[2022-08-24T01:07:22.331Z] > git remote --verbose [2ms]
[2022-08-24T01:07:22.339Z] > git config --get commit.template [1ms]
[2022-08-24T01:07:27.408Z] > git status -z -uall [61ms]
[2022-08-24T01:07:27.415Z] > git symbolic-ref --short HEAD [1ms]
[2022-08-24T01:07:27.422Z] > git for-each-ref --format=%(refname)%00%(upstream:short)%00%(objectname)%00%(upstream:track)%00%(upstream:remotename)%00%(upstream:remoteref) refs/heads/feature/shape-list refs/remotes/feature/shape-list [1ms]
[2022-08-24T01:07:27.432Z] > git for-each-ref --sort -committerdate --format %(refname) %(objectname) %(*objectname) [5ms]
[2022-08-24T01:07:27.432Z] > git remote --verbose [1ms]
[2022-08-24T01:07:27.440Z] > git config --get commit.template [1ms]
[2022-08-24T01:15:12.543Z] > git show --textconv :templates/next-page.html [11ms]
[2022-08-24T01:15:12.548Z] > git ls-files --stage -- /home/miura/templates/next-page.html [6ms]
[2022-08-24T01:15:12.554Z] > git cat-file -s a219c0fd46844159e09cde75adfa8a399edf1853 [1ms]
