[2022-08-16T01:48:53.421Z] ログ レベル: Info
[2022-08-16T01:48:53.427Z] [info] Git の検証が検出されました: git
[2022-08-16T01:48:53.455Z] [info] git から Git 2.34.1 を使用しています
[2022-08-16T01:48:53.491Z] > git rev-parse --show-toplevel [24ms]
[2022-08-16T01:48:53.491Z] fatal: not a git repository (or any of the parent directories): .git
[2022-08-16T01:48:53.505Z] > git rev-parse --show-toplevel [6ms]
[2022-08-16T01:48:53.505Z] fatal: not a git repository (or any of the parent directories): .git
[2022-08-16T01:48:53.511Z] > git rev-parse --show-toplevel [1ms]
[2022-08-16T01:48:53.511Z] fatal: not a git repository (or any of the parent directories): .git
[2022-08-16T01:48:53.517Z] > git rev-parse --show-toplevel [1ms]
[2022-08-16T01:48:53.517Z] fatal: not a git repository (or any of the parent directories): .git
[2022-08-16T01:48:53.522Z] > git rev-parse --show-toplevel [1ms]
[2022-08-16T01:48:53.522Z] fatal: not a git repository (or any of the parent directories): .git
[2022-08-16T01:48:53.710Z] > git rev-parse --show-toplevel [184ms]
[2022-08-16T01:48:53.710Z] fatal: not a git repository (or any of the parent directories): .git
[2022-08-16T01:48:53.722Z] > git rev-parse --show-toplevel [5ms]
[2022-08-16T01:48:53.722Z] fatal: not a git repository (or any of the parent directories): .git
[2022-08-16T01:48:53.730Z] > git rev-parse --show-toplevel [2ms]
[2022-08-16T01:48:53.730Z] fatal: not a git repository (or any of the parent directories): .git
[2022-08-16T01:48:54.410Z] > git rev-parse --show-toplevel [9ms]
[2022-08-16T01:48:54.410Z] fatal: not a git repository (or any of the parent directories): .git
[2022-08-16T01:48:54.540Z] > git rev-parse --show-toplevel [1ms]
[2022-08-16T01:48:54.540Z] fatal: not a git repository (or any of the parent directories): .git
[2022-08-16T01:48:54.581Z] > git rev-parse --show-toplevel [1ms]
[2022-08-16T01:48:54.581Z] fatal: not a git repository (or any of the parent directories): .git
[2022-08-16T01:48:54.599Z] > git rev-parse --show-toplevel [4ms]
[2022-08-16T01:48:54.599Z] fatal: not a git repository (or any of the parent directories): .git
[2022-08-16T01:48:54.606Z] > git rev-parse --show-toplevel [1ms]
[2022-08-16T01:48:54.606Z] fatal: not a git repository (or any of the parent directories): .git
[2022-08-16T02:13:58.283Z] > git rev-parse --show-toplevel [10ms]
[2022-08-16T02:13:58.283Z] fatal: not a git repository (or any of the parent directories): .git
[2022-08-16T02:13:59.673Z] > git rev-parse --show-toplevel [1ms]
[2022-08-16T02:13:59.673Z] fatal: not a git repository (or any of the parent directories): .git
[2022-08-16T02:14:01.828Z] > git rev-parse --show-toplevel [2ms]
[2022-08-16T02:14:01.828Z] fatal: not a git repository (or any of the parent directories): .git
[2022-08-16T02:14:06.023Z] > git rev-parse --show-toplevel [2ms]
[2022-08-16T02:14:06.023Z] fatal: not a git repository (or any of the parent directories): .git
[2022-08-16T02:34:25.565Z] > git rev-parse --show-toplevel [3ms]
[2022-08-16T02:34:25.565Z] fatal: not a git repository (or any of the parent directories): .git
[2022-08-16T02:43:59.776Z] > git rev-parse --show-toplevel [1ms]
[2022-08-16T02:43:59.776Z] fatal: not a git repository (or any of the parent directories): .git
[2022-08-16T02:48:59.782Z] > git rev-parse --show-toplevel [1ms]
[2022-08-16T02:48:59.782Z] fatal: not a git repository (or any of the parent directories): .git
[2022-08-16T02:52:48.889Z] > git rev-parse --show-toplevel [1ms]
[2022-08-16T02:52:48.889Z] fatal: not a git repository (or any of the parent directories): .git
[2022-08-16T02:54:14.426Z] > git rev-parse --show-toplevel [1ms]
[2022-08-16T02:54:14.426Z] fatal: not a git repository (or any of the parent directories): .git
[2022-08-16T03:07:13.729Z] > git rev-parse --show-toplevel [1ms]
[2022-08-16T03:07:13.729Z] fatal: not a git repository (or any of the parent directories): .git
[2022-08-16T03:08:08.320Z] > git rev-parse --show-toplevel [1ms]
[2022-08-16T03:08:08.320Z] fatal: not a git repository (or any of the parent directories): .git
[2022-08-16T03:11:27.492Z] > git rev-parse --show-toplevel [1ms]
[2022-08-16T03:11:27.492Z] fatal: not a git repository (or any of the parent directories): .git
[2022-08-16T03:12:03.039Z] > git rev-parse --show-toplevel [1ms]
[2022-08-16T03:12:03.039Z] fatal: not a git repository (or any of the parent directories): .git
[2022-08-16T03:12:24.205Z] > git rev-parse --show-toplevel [1ms]
[2022-08-16T03:12:24.205Z] fatal: not a git repository (or any of the parent directories): .git
[2022-08-16T03:14:32.046Z] > git rev-parse --show-toplevel [1ms]
[2022-08-16T03:14:32.046Z] fatal: not a git repository (or any of the parent directories): .git
[2022-08-16T03:16:30.562Z] > git rev-parse --show-toplevel [1ms]
[2022-08-16T03:16:30.562Z] fatal: not a git repository (or any of the parent directories): .git
