[2022-08-15T06:01:46.122Z] ログ レベル: Info
[2022-08-15T06:01:46.127Z] [info] Git の検証が検出されました: git
[2022-08-15T06:01:46.159Z] [info] git から Git 2.34.1 を使用しています
[2022-08-15T06:01:46.198Z] > git rev-parse --show-toplevel [24ms]
[2022-08-15T06:01:46.198Z] fatal: not a git repository (or any of the parent directories): .git
[2022-08-15T06:01:46.211Z] > git rev-parse --show-toplevel [1ms]
[2022-08-15T06:01:46.211Z] fatal: not a git repository (or any of the parent directories): .git
[2022-08-15T06:01:46.221Z] > git rev-parse --show-toplevel [1ms]
[2022-08-15T06:01:46.221Z] fatal: not a git repository (or any of the parent directories): .git
[2022-08-15T06:01:46.234Z] > git rev-parse --show-toplevel [6ms]
[2022-08-15T06:01:46.234Z] fatal: not a git repository (or any of the parent directories): .git
[2022-08-15T06:01:46.242Z] > git rev-parse --show-toplevel [0ms]
[2022-08-15T06:01:46.242Z] fatal: not a git repository (or any of the parent directories): .git
[2022-08-15T06:01:46.250Z] > git rev-parse --show-toplevel [0ms]
[2022-08-15T06:01:46.250Z] fatal: not a git repository (or any of the parent directories): .git
[2022-08-15T06:01:46.258Z] > git rev-parse --show-toplevel [1ms]
[2022-08-15T06:01:46.258Z] fatal: not a git repository (or any of the parent directories): .git
[2022-08-15T06:01:46.265Z] > git rev-parse --show-toplevel [0ms]
[2022-08-15T06:01:46.265Z] fatal: not a git repository (or any of the parent directories): .git
[2022-08-15T06:01:47.278Z] > git rev-parse --show-toplevel [13ms]
[2022-08-15T06:01:47.278Z] fatal: not a git repository (or any of the parent directories): .git
[2022-08-15T06:01:47.342Z] > git rev-parse --show-toplevel [1ms]
[2022-08-15T06:01:47.342Z] fatal: not a git repository (or any of the parent directories): .git
[2022-08-15T06:01:47.357Z] > git rev-parse --show-toplevel [1ms]
[2022-08-15T06:01:47.357Z] fatal: not a git repository (or any of the parent directories): .git
[2022-08-15T06:01:47.515Z] > git rev-parse --show-toplevel [3ms]
[2022-08-15T06:01:47.515Z] fatal: not a git repository (or any of the parent directories): .git
[2022-08-15T06:01:47.529Z] > git rev-parse --show-toplevel [5ms]
[2022-08-15T06:01:47.529Z] fatal: not a git repository (or any of the parent directories): .git
[2022-08-15T06:01:48.551Z] > git rev-parse --show-toplevel [2ms]
[2022-08-15T06:01:48.551Z] fatal: not a git repository (or any of the parent directories): .git
[2022-08-15T06:13:46.635Z] > git rev-parse --show-toplevel [1ms]
[2022-08-15T06:13:46.635Z] fatal: not a git repository (or any of the parent directories): .git
