[2022-08-26T05:57:29.262Z] ログ レベル: Info
[2022-08-26T05:57:29.268Z] [info] Git の検証が検出されました: git
[2022-08-26T05:57:29.294Z] [info] git から Git 2.34.1 を使用しています
[2022-08-26T05:57:29.336Z] > git rev-parse --show-toplevel [31ms]
[2022-08-26T05:57:29.348Z] > git rev-parse --git-dir --git-common-dir [5ms]
[2022-08-26T05:57:29.356Z] [info] Open repository: /home/miura
[2022-08-26T05:57:29.427Z] > git status -z -uall [64ms]
[2022-08-26T05:57:29.433Z] > git symbolic-ref --short HEAD [1ms]
[2022-08-26T05:57:29.438Z] > git for-each-ref --format=%(refname)%00%(upstream:short)%00%(objectname)%00%(upstream:track)%00%(upstream:remotename)%00%(upstream:remoteref) refs/heads/feature/locate-box refs/remotes/feature/locate-box [1ms]
[2022-08-26T05:57:29.447Z] > git remote --verbose [1ms]
[2022-08-26T05:57:29.447Z] > git for-each-ref --sort -committerdate --format %(refname) %(objectname) %(*objectname) [5ms]
[2022-08-26T05:57:29.561Z] > git config --get commit.template [1ms]
[2022-08-26T05:57:29.630Z] > git status -z -uall [63ms]
[2022-08-26T05:57:29.635Z] > git symbolic-ref --short HEAD [1ms]
[2022-08-26T05:57:29.640Z] > git for-each-ref --format=%(refname)%00%(upstream:short)%00%(objectname)%00%(upstream:track)%00%(upstream:remotename)%00%(upstream:remoteref) refs/heads/feature/locate-box refs/remotes/feature/locate-box [1ms]
[2022-08-26T05:57:29.650Z] > git for-each-ref --sort -committerdate --format %(refname) %(objectname) %(*objectname) [6ms]
[2022-08-26T05:57:29.650Z] > git remote --verbose [3ms]
[2022-08-26T05:57:29.661Z] > git config --get commit.template [1ms]
[2022-08-26T05:57:30.317Z] > git show --textconv :static/style.css [5ms]
[2022-08-26T05:57:30.322Z] > git ls-files --stage -- /home/miura/static/style.css [5ms]
[2022-08-26T05:57:30.327Z] > git cat-file -s 105e394a7ad784a9b73e9ae805c33f1cc4eac9ac [1ms]
[2022-08-26T05:57:30.452Z] > git check-ignore -v -z --stdin [19ms]
