[2022-08-24T09:00:54.312Z] ログ レベル: Info
[2022-08-24T09:00:54.318Z] [info] Git の検証が検出されました: git
[2022-08-24T09:00:54.358Z] [info] git から Git 2.34.1 を使用しています
[2022-08-24T09:00:54.417Z] > git rev-parse --show-toplevel [35ms]
[2022-08-24T09:00:54.434Z] > git rev-parse --git-dir --git-common-dir [4ms]
[2022-08-24T09:00:54.440Z] [info] Open repository: /home/miura
[2022-08-24T09:00:54.520Z] > git status -z -uall [68ms]
[2022-08-24T09:00:54.533Z] > git symbolic-ref --short HEAD [1ms]
[2022-08-24T09:00:54.544Z] > git for-each-ref --format=%(refname)%00%(upstream:short)%00%(objectname)%00%(upstream:track)%00%(upstream:remotename)%00%(upstream:remoteref) refs/heads/feature/shape-list refs/remotes/feature/shape-list [1ms]
[2022-08-24T09:00:54.562Z] > git remote --verbose [1ms]
[2022-08-24T09:00:54.563Z] > git for-each-ref --sort -committerdate --format %(refname) %(objectname) %(*objectname) [10ms]
[2022-08-24T09:00:54.588Z] > git config --get commit.template [1ms]
[2022-08-24T09:00:54.663Z] > git status -z -uall [65ms]
[2022-08-24T09:00:54.852Z] > git symbolic-ref --short HEAD [176ms]
[2022-08-24T09:00:54.866Z] > git for-each-ref --format=%(refname)%00%(upstream:short)%00%(objectname)%00%(upstream:track)%00%(upstream:remotename)%00%(upstream:remoteref) refs/heads/feature/shape-list refs/remotes/feature/shape-list [1ms]
[2022-08-24T09:00:54.886Z] > git for-each-ref --sort -committerdate --format %(refname) %(objectname) %(*objectname) [9ms]
[2022-08-24T09:00:54.904Z] > git remote --verbose [19ms]
[2022-08-24T09:00:55.392Z] > git config --get commit.template [469ms]
[2022-08-24T09:00:55.465Z] > git check-ignore -v -z --stdin [23ms]
[2022-08-24T09:00:56.170Z] > git show --textconv :database.py [18ms]
[2022-08-24T09:00:56.170Z] > git ls-files --stage -- /home/miura/database.py [11ms]
[2022-08-24T09:00:56.178Z] > git cat-file -s e3ba82f3486d1510e27589e6848be7e4dbad6b1b [2ms]
[2022-08-24T09:02:31.196Z] > git show --textconv :static/style.css [7ms]
[2022-08-24T09:02:31.199Z] > git ls-files --stage -- /home/miura/static/style.css [5ms]
[2022-08-24T09:02:31.205Z] > git cat-file -s 9c0ef8043f4a7098e4c38e2c57817cb2bb9bae82 [1ms]
[2022-08-24T09:02:34.909Z] > git show --textconv :templates/first-page.html [8ms]
[2022-08-24T09:02:34.913Z] > git ls-files --stage -- /home/miura/templates/first-page.html [5ms]
[2022-08-24T09:02:34.920Z] > git cat-file -s 460e5101e5f53aee10fca4cace3447f76a4df7f1 [2ms]
[2022-08-24T09:02:36.838Z] > git show --textconv :templates/next-page.html [6ms]
[2022-08-24T09:02:36.843Z] > git ls-files --stage -- /home/miura/templates/next-page.html [5ms]
[2022-08-24T09:02:36.849Z] > git cat-file -s a219c0fd46844159e09cde75adfa8a399edf1853 [1ms]
[2022-08-24T09:02:38.968Z] > git show --textconv :database.py [6ms]
[2022-08-24T09:02:38.974Z] > git ls-files --stage -- /home/miura/database.py [6ms]
[2022-08-24T09:02:38.980Z] > git cat-file -s e3ba82f3486d1510e27589e6848be7e4dbad6b1b [1ms]
[2022-08-24T09:03:35.356Z] > git show --textconv :static/style.css [6ms]
[2022-08-24T09:03:35.360Z] > git ls-files --stage -- /home/miura/static/style.css [4ms]
[2022-08-24T09:03:35.366Z] > git cat-file -s 9c0ef8043f4a7098e4c38e2c57817cb2bb9bae82 [1ms]
[2022-08-24T09:03:41.342Z] > git show --textconv :templates/first-page.html [7ms]
[2022-08-24T09:03:41.346Z] > git ls-files --stage -- /home/miura/templates/first-page.html [4ms]
[2022-08-24T09:03:41.352Z] > git cat-file -s 460e5101e5f53aee10fca4cace3447f76a4df7f1 [1ms]
[2022-08-24T09:03:43.579Z] > git show --textconv :templates/next-page.html [6ms]
[2022-08-24T09:03:43.583Z] > git ls-files --stage -- /home/miura/templates/next-page.html [5ms]
[2022-08-24T09:03:43.589Z] > git cat-file -s a219c0fd46844159e09cde75adfa8a399edf1853 [1ms]
[2022-08-24T09:03:47.536Z] > git show --textconv :index.py [18ms]
[2022-08-24T09:03:47.544Z] > git ls-files --stage -- /home/miura/index.py [9ms]
[2022-08-24T09:03:47.550Z] > git cat-file -s 36462e744cc998a882ffc13baca45ed2a6645174 [1ms]
[2022-08-24T09:07:13.049Z] > git show --textconv :templates/first-page.html [6ms]
[2022-08-24T09:07:13.053Z] > git ls-files --stage -- /home/miura/templates/first-page.html [4ms]
[2022-08-24T09:07:13.059Z] > git cat-file -s 460e5101e5f53aee10fca4cace3447f76a4df7f1 [1ms]
[2022-08-24T09:07:13.581Z] > git show --textconv :templates/next-page.html [6ms]
[2022-08-24T09:07:13.585Z] > git ls-files --stage -- /home/miura/templates/next-page.html [4ms]
[2022-08-24T09:07:13.591Z] > git cat-file -s a219c0fd46844159e09cde75adfa8a399edf1853 [1ms]
[2022-08-24T09:07:15.294Z] > git show --textconv :templates/first-page.html [7ms]
[2022-08-24T09:07:15.298Z] > git ls-files --stage -- /home/miura/templates/first-page.html [4ms]
[2022-08-24T09:07:15.304Z] > git cat-file -s 460e5101e5f53aee10fca4cace3447f76a4df7f1 [1ms]
[2022-08-24T09:07:45.403Z] > git status -z -uall [67ms]
[2022-08-24T09:07:45.411Z] > git symbolic-ref --short HEAD [1ms]
[2022-08-24T09:07:45.417Z] > git for-each-ref --format=%(refname)%00%(upstream:short)%00%(objectname)%00%(upstream:track)%00%(upstream:remotename)%00%(upstream:remoteref) refs/heads/feature/shape-list refs/remotes/feature/shape-list [1ms]
[2022-08-24T09:07:45.428Z] > git remote --verbose [2ms]
[2022-08-24T09:07:45.428Z] > git for-each-ref --sort -committerdate --format %(refname) %(objectname) %(*objectname) [6ms]
[2022-08-24T09:07:45.445Z] > git config --get commit.template [1ms]
[2022-08-24T09:07:47.426Z] > git show --textconv :index.py [7ms]
[2022-08-24T09:07:47.431Z] > git ls-files --stage -- /home/miura/index.py [6ms]
[2022-08-24T09:07:47.437Z] > git cat-file -s 36462e744cc998a882ffc13baca45ed2a6645174 [1ms]
[2022-08-24T09:07:53.768Z] > git status -z -uall [63ms]
[2022-08-24T09:07:53.776Z] > git symbolic-ref --short HEAD [1ms]
[2022-08-24T09:07:53.783Z] > git for-each-ref --format=%(refname)%00%(upstream:short)%00%(objectname)%00%(upstream:track)%00%(upstream:remotename)%00%(upstream:remoteref) refs/heads/feature/shape-list refs/remotes/feature/shape-list [1ms]
[2022-08-24T09:07:53.793Z] > git for-each-ref --sort -committerdate --format %(refname) %(objectname) %(*objectname) [5ms]
[2022-08-24T09:07:53.793Z] > git remote --verbose [1ms]
[2022-08-24T09:07:53.809Z] > git config --get commit.template [2ms]
[2022-08-24T09:08:15.118Z] > git status -z -uall [63ms]
[2022-08-24T09:08:15.126Z] > git symbolic-ref --short HEAD [1ms]
[2022-08-24T09:08:15.132Z] > git for-each-ref --format=%(refname)%00%(upstream:short)%00%(objectname)%00%(upstream:track)%00%(upstream:remotename)%00%(upstream:remoteref) refs/heads/feature/shape-list refs/remotes/feature/shape-list [1ms]
[2022-08-24T09:08:15.142Z] > git for-each-ref --sort -committerdate --format %(refname) %(objectname) %(*objectname) [5ms]
[2022-08-24T09:08:15.143Z] > git remote --verbose [2ms]
[2022-08-24T09:08:15.159Z] > git config --get commit.template [1ms]
[2022-08-24T09:08:30.853Z] > git show --textconv :templates/first-page.html [7ms]
[2022-08-24T09:08:30.858Z] > git ls-files --stage -- /home/miura/templates/first-page.html [5ms]
[2022-08-24T09:08:30.864Z] > git cat-file -s 460e5101e5f53aee10fca4cace3447f76a4df7f1 [1ms]
[2022-08-24T09:08:44.639Z] > git status -z -uall [61ms]
[2022-08-24T09:08:44.648Z] > git symbolic-ref --short HEAD [1ms]
[2022-08-24T09:08:44.655Z] > git for-each-ref --format=%(refname)%00%(upstream:short)%00%(objectname)%00%(upstream:track)%00%(upstream:remotename)%00%(upstream:remoteref) refs/heads/feature/shape-list refs/remotes/feature/shape-list [1ms]
[2022-08-24T09:08:44.665Z] > git for-each-ref --sort -committerdate --format %(refname) %(objectname) %(*objectname) [5ms]
[2022-08-24T09:08:44.666Z] > git remote --verbose [1ms]
[2022-08-24T09:08:44.681Z] > git config --get commit.template [1ms]
[2022-08-24T09:08:55.799Z] > git show --textconv :index.py [7ms]
[2022-08-24T09:08:55.804Z] > git ls-files --stage -- /home/miura/index.py [6ms]
[2022-08-24T09:08:55.810Z] > git cat-file -s 36462e744cc998a882ffc13baca45ed2a6645174 [1ms]
[2022-08-24T09:09:16.769Z] > git status -z -uall [62ms]
[2022-08-24T09:09:16.778Z] > git symbolic-ref --short HEAD [1ms]
[2022-08-24T09:09:16.784Z] > git for-each-ref --format=%(refname)%00%(upstream:short)%00%(objectname)%00%(upstream:track)%00%(upstream:remotename)%00%(upstream:remoteref) refs/heads/feature/shape-list refs/remotes/feature/shape-list [1ms]
[2022-08-24T09:09:16.793Z] > git for-each-ref --sort -committerdate --format %(refname) %(objectname) %(*objectname) [5ms]
[2022-08-24T09:09:16.794Z] > git remote --verbose [1ms]
[2022-08-24T09:09:16.807Z] > git config --get commit.template [1ms]
[2022-08-24T09:09:17.490Z] > git show --textconv :templates/first-page.html [7ms]
[2022-08-24T09:09:17.494Z] > git ls-files --stage -- /home/miura/templates/first-page.html [5ms]
[2022-08-24T09:09:17.500Z] > git cat-file -s 460e5101e5f53aee10fca4cace3447f76a4df7f1 [1ms]
[2022-08-24T09:09:19.095Z] > git show --textconv :templates/next-page.html [6ms]
[2022-08-24T09:09:19.099Z] > git ls-files --stage -- /home/miura/templates/next-page.html [4ms]
[2022-08-24T09:09:19.106Z] > git cat-file -s a219c0fd46844159e09cde75adfa8a399edf1853 [1ms]
[2022-08-24T09:09:19.802Z] > git show --textconv :templates/first-page.html [6ms]
[2022-08-24T09:09:19.806Z] > git ls-files --stage -- /home/miura/templates/first-page.html [4ms]
[2022-08-24T09:09:19.812Z] > git cat-file -s 460e5101e5f53aee10fca4cace3447f76a4df7f1 [1ms]
