[2022-08-23T03:39:40.167Z] ログ レベル: Info
[2022-08-23T03:39:40.173Z] [info] Git の検証が検出されました: git
[2022-08-23T03:39:40.200Z] [info] git から Git 2.34.1 を使用しています
[2022-08-23T03:39:40.236Z] > git rev-parse --show-toplevel [23ms]
[2022-08-23T03:39:40.236Z] fatal: not a git repository (or any of the parent directories): .git
[2022-08-23T03:39:40.243Z] > git rev-parse --show-toplevel [1ms]
[2022-08-23T03:39:40.243Z] fatal: not a git repository (or any of the parent directories): .git
[2022-08-23T03:39:40.251Z] > git rev-parse --show-toplevel [4ms]
[2022-08-23T03:39:40.251Z] fatal: not a git repository (or any of the parent directories): .git
[2022-08-23T03:39:40.256Z] > git rev-parse --show-toplevel [1ms]
[2022-08-23T03:39:40.256Z] fatal: not a git repository (or any of the parent directories): .git
[2022-08-23T03:39:40.261Z] > git rev-parse --show-toplevel [1ms]
[2022-08-23T03:39:40.261Z] fatal: not a git repository (or any of the parent directories): .git
[2022-08-23T03:39:40.265Z] > git rev-parse --show-toplevel [1ms]
[2022-08-23T03:39:40.265Z] fatal: not a git repository (or any of the parent directories): .git
[2022-08-23T03:39:40.269Z] > git rev-parse --show-toplevel [1ms]
[2022-08-23T03:39:40.269Z] fatal: not a git repository (or any of the parent directories): .git
[2022-08-23T03:39:40.274Z] > git rev-parse --show-toplevel [1ms]
[2022-08-23T03:39:40.274Z] fatal: not a git repository (or any of the parent directories): .git
[2022-08-23T03:39:40.278Z] > git rev-parse --show-toplevel [1ms]
[2022-08-23T03:39:40.278Z] fatal: not a git repository (or any of the parent directories): .git
[2022-08-23T03:39:40.283Z] > git rev-parse --show-toplevel [1ms]
[2022-08-23T03:39:40.283Z] fatal: not a git repository (or any of the parent directories): .git
[2022-08-23T03:39:41.904Z] > git rev-parse --show-toplevel [1ms]
[2022-08-23T03:39:41.904Z] fatal: not a git repository (or any of the parent directories): .git
[2022-08-23T03:40:10.718Z] > git rev-parse --show-toplevel [2ms]
[2022-08-23T03:40:10.718Z] fatal: not a git repository (or any of the parent directories): .git
[2022-08-23T03:40:19.238Z] > git rev-parse --show-toplevel [2ms]
[2022-08-23T03:40:19.238Z] fatal: not a git repository (or any of the parent directories): .git
[2022-08-23T03:40:24.577Z] > git rev-parse --show-toplevel [2ms]
[2022-08-23T03:40:24.577Z] fatal: not a git repository (or any of the parent directories): .git
[2022-08-23T03:40:31.342Z] > git rev-parse --show-toplevel [3ms]
[2022-08-23T03:40:31.342Z] fatal: not a git repository (or any of the parent directories): .git
[2022-08-23T03:40:35.026Z] > git rev-parse --show-toplevel [3ms]
[2022-08-23T03:40:35.026Z] fatal: not a git repository (or any of the parent directories): .git
[2022-08-23T03:40:38.548Z] > git rev-parse --show-toplevel [2ms]
[2022-08-23T03:40:38.548Z] fatal: not a git repository (or any of the parent directories): .git
[2022-08-23T03:40:47.865Z] > git rev-parse --show-toplevel [4ms]
[2022-08-23T03:40:47.865Z] fatal: not a git repository (or any of the parent directories): .git
[2022-08-23T03:40:55.594Z] > git rev-parse --show-toplevel [2ms]
[2022-08-23T03:40:55.594Z] fatal: not a git repository (or any of the parent directories): .git
[2022-08-23T03:41:19.584Z] > git rev-parse --show-toplevel [3ms]
[2022-08-23T03:41:19.584Z] fatal: not a git repository (or any of the parent directories): .git
[2022-08-23T03:41:22.752Z] > git rev-parse --show-toplevel [2ms]
[2022-08-23T03:41:22.752Z] fatal: not a git repository (or any of the parent directories): .git
[2022-08-23T03:41:28.783Z] > git rev-parse --show-toplevel [2ms]
[2022-08-23T03:41:28.783Z] fatal: not a git repository (or any of the parent directories): .git
[2022-08-23T03:41:34.811Z] > git rev-parse --show-toplevel [2ms]
[2022-08-23T03:41:34.811Z] fatal: not a git repository (or any of the parent directories): .git
[2022-08-23T03:41:35.566Z] > git rev-parse --show-toplevel [2ms]
[2022-08-23T03:41:35.566Z] fatal: not a git repository (or any of the parent directories): .git
[2022-08-23T03:41:38.535Z] > git rev-parse --show-toplevel [1ms]
[2022-08-23T03:41:38.536Z] fatal: not a git repository (or any of the parent directories): .git
[2022-08-23T03:41:39.508Z] > git rev-parse --show-toplevel [1ms]
[2022-08-23T03:41:39.508Z] fatal: not a git repository (or any of the parent directories): .git
[2022-08-23T03:41:55.968Z] > git rev-parse --show-toplevel [1ms]
[2022-08-23T03:41:55.968Z] fatal: not a git repository (or any of the parent directories): .git
[2022-08-23T03:46:46.426Z] > git rev-parse --show-toplevel [2ms]
[2022-08-23T03:46:46.426Z] fatal: not a git repository (or any of the parent directories): .git
[2022-08-23T03:46:50.432Z] > git rev-parse --show-toplevel [1ms]
[2022-08-23T03:46:50.432Z] fatal: not a git repository (or any of the parent directories): .git
[2022-08-23T03:48:29.069Z] > git rev-parse --show-toplevel [1ms]
[2022-08-23T03:48:29.069Z] fatal: not a git repository (or any of the parent directories): .git
[2022-08-23T03:49:21.466Z] > git rev-parse --show-toplevel [1ms]
[2022-08-23T03:49:21.466Z] fatal: not a git repository (or any of the parent directories): .git
[2022-08-23T03:49:23.124Z] > git rev-parse --show-toplevel [2ms]
[2022-08-23T03:49:23.124Z] fatal: not a git repository (or any of the parent directories): .git
[2022-08-23T03:49:57.296Z] > git rev-parse --show-toplevel [3ms]
[2022-08-23T03:49:57.296Z] fatal: not a git repository (or any of the parent directories): .git
[2022-08-23T03:49:58.930Z] > git rev-parse --show-toplevel [1ms]
[2022-08-23T03:49:58.930Z] fatal: not a git repository (or any of the parent directories): .git
[2022-08-23T03:49:59.967Z] > git rev-parse --show-toplevel [1ms]
[2022-08-23T03:49:59.967Z] fatal: not a git repository (or any of the parent directories): .git
[2022-08-23T03:50:06.523Z] > git rev-parse --show-toplevel [5ms]
[2022-08-23T03:50:06.523Z] fatal: not a git repository (or any of the parent directories): .git
[2022-08-23T03:50:07.128Z] > git rev-parse --show-toplevel [3ms]
[2022-08-23T03:50:07.128Z] fatal: not a git repository (or any of the parent directories): .git
[2022-08-23T03:51:29.744Z] > git rev-parse --show-toplevel [1ms]
[2022-08-23T03:51:29.744Z] fatal: not a git repository (or any of the parent directories): .git
[2022-08-23T03:52:23.017Z] > git rev-parse --show-toplevel [2ms]
[2022-08-23T03:52:23.017Z] fatal: not a git repository (or any of the parent directories): .git
[2022-08-23T03:56:10.197Z] > git rev-parse --show-toplevel [2ms]
[2022-08-23T03:56:10.197Z] fatal: not a git repository (or any of the parent directories): .git
[2022-08-23T03:56:13.221Z] > git rev-parse --show-toplevel [4ms]
[2022-08-23T03:56:13.221Z] fatal: not a git repository (or any of the parent directories): .git
[2022-08-23T03:56:16.081Z] > git rev-parse --show-toplevel [1ms]
[2022-08-23T03:56:16.081Z] fatal: not a git repository (or any of the parent directories): .git
[2022-08-23T03:56:26.900Z] > git rev-parse --show-toplevel [1ms]
[2022-08-23T03:56:26.900Z] fatal: not a git repository (or any of the parent directories): .git
[2022-08-23T03:56:39.941Z] > git rev-parse --show-toplevel [3ms]
[2022-08-23T03:56:39.941Z] fatal: not a git repository (or any of the parent directories): .git
[2022-08-23T04:00:21.356Z] > git rev-parse --show-toplevel [1ms]
[2022-08-23T04:00:21.356Z] fatal: not a git repository (or any of the parent directories): .git
