[2022-08-17 16:05:34.158] [exthost] [info] Extension host with pid 31437 started
[2022-08-17 16:05:34.160] [exthost] [error] Error: EEXIST: file already exists, open '/home/miura/.vscode-server/data/User/workspaceStorage/79b5f0cc56094051dcea441296b611d0/vscode.lock'
[2022-08-17 16:05:34.164] [exthost] [info] Lock '/home/miura/.vscode-server/data/User/workspaceStorage/79b5f0cc56094051dcea441296b611d0/vscode.lock': Could not acquire lock, checking if the file is stale.
[2022-08-17 16:05:34.167] [exthost] [info] Lock '/home/miura/.vscode-server/data/User/workspaceStorage/79b5f0cc56094051dcea441296b611d0/vscode.lock': The lock does not look stale, elapsed: 312 ms, giving up.
[2022-08-17 16:05:34.169] [exthost] [info] Lock '/home/miura/.vscode-server/data/User/workspaceStorage/79b5f0cc56094051dcea441296b611d0-1/vscode.lock': Lock acquired.
[2022-08-17 16:05:34.460] [exthost] [info] ExtensionService#_doActivateExtension vscode.html-language-features, startup: false, activationEvent: 'onLanguage:html'
[2022-08-17 16:05:34.520] [exthost] [info] ExtensionService#_doActivateExtension vscode.debug-auto-launch, startup: true, activationEvent: '*'
[2022-08-17 16:05:34.523] [exthost] [info] ExtensionService#_doActivateExtension vscode.git-base, startup: true, activationEvent: '*', root cause: vscode.git
[2022-08-17 16:05:34.526] [exthost] [info] ExtensionService#_doActivateExtension vscode.ipynb, startup: true, activationEvent: '*'
[2022-08-17 16:05:35.859] [exthost] [info] ExtensionService#_doActivateExtension vscode.git, startup: true, activationEvent: '*'
[2022-08-17 16:05:35.929] [exthost] [info] ExtensionService#_doActivateExtension vscode.github, startup: true, activationEvent: '*'
[2022-08-17 16:05:36.607] [exthost] [info] ExtensionService#_doActivateExtension vscode.emmet, startup: false, activationEvent: 'onStartupFinished'
[2022-08-17 16:05:36.622] [exthost] [info] ExtensionService#_doActivateExtension vscode.merge-conflict, startup: false, activationEvent: 'onStartupFinished'
[2022-08-17 16:05:36.626] [exthost] [info] Eager extensions activated
[2022-08-17 16:11:08.345] [exthost] [info] ExtensionService#_doActivateExtension ms-python.python, startup: false, activationEvent: 'onLanguage:python'
[2022-08-17 16:11:08.651] [exthost] [info] ExtensionService#_doActivateExtension ms-toolsai.jupyter, startup: false, activationEvent: 'onLanguage:python'
[2022-08-17 16:11:09.607] [exthost] [info] ExtensionService#_doActivateExtension ms-toolsai.jupyter-renderers, startup: false, activationEvent: 'api', root cause: ms-toolsai.jupyter
[2022-08-17 16:11:09.803] [exthost] [info] ExtensionService#_doActivateExtension ms-python.vscode-pylance, startup: false, activationEvent: 'onLanguage:python'
[2022-08-17 16:11:10.536] [exthost] [info] ExtensionService#_doActivateExtension vscode.configuration-editing, startup: false, activationEvent: 'onLanguage:jsonc'
[2022-08-17 16:11:10.541] [exthost] [info] ExtensionService#_doActivateExtension vscode.json-language-features, startup: false, activationEvent: 'onLanguage:jsonc'
[2022-08-17 16:11:10.600] [exthost] [info] ExtensionService#_doActivateExtension vscode.typescript-language-features, startup: false, activationEvent: 'onLanguage:jsonc'
[2022-08-17 16:18:31.150] [exthost] [info] ExtensionService#_doActivateExtension vscode.css-language-features, startup: false, activationEvent: 'onLanguage:css'
[2022-08-17 16:51:07.518] [exthost] [error] [vscode.emmet] provider FAILED
[2022-08-17 16:51:07.519] [exthost] [error] TypeError: Cannot read properties of undefined (reading 'find')
	at t.DefaultCompletionItemProvider.provideCompletionItemsInternal (/home/miura/.vscode-server/bin/6d9b74a70ca9c7733b29f0456fd8195364076dda/extensions/emmet/dist/node/emmetNodeMain.js:1:187296)
	at t.DefaultCompletionItemProvider.provideCompletionItems (/home/miura/.vscode-server/bin/6d9b74a70ca9c7733b29f0456fd8195364076dda/extensions/emmet/dist/node/emmetNodeMain.js:1:185653)
	at te.provideCompletionItems (/home/miura/.vscode-server/bin/6d9b74a70ca9c7733b29f0456fd8195364076dda/out/vs/workbench/api/node/extensionHostProcess.js:87:51894)
	at /home/miura/.vscode-server/bin/6d9b74a70ca9c7733b29f0456fd8195364076dda/out/vs/workbench/api/node/extensionHostProcess.js:87:77036
	at Z._withAdapter (/home/miura/.vscode-server/bin/6d9b74a70ca9c7733b29f0456fd8195364076dda/out/vs/workbench/api/node/extensionHostProcess.js:87:67207)
	at Z.$provideCompletionItems (/home/miura/.vscode-server/bin/6d9b74a70ca9c7733b29f0456fd8195364076dda/out/vs/workbench/api/node/extensionHostProcess.js:87:77011)
	at o._doInvokeHandler (/home/miura/.vscode-server/bin/6d9b74a70ca9c7733b29f0456fd8195364076dda/out/vs/workbench/api/node/extensionHostProcess.js:95:13691)
	at o._invokeHandler (/home/miura/.vscode-server/bin/6d9b74a70ca9c7733b29f0456fd8195364076dda/out/vs/workbench/api/node/extensionHostProcess.js:95:13373)
	at o._receiveRequest (/home/miura/.vscode-server/bin/6d9b74a70ca9c7733b29f0456fd8195364076dda/out/vs/workbench/api/node/extensionHostProcess.js:95:12092)
	at o._receiveOneMessage (/home/miura/.vscode-server/bin/6d9b74a70ca9c7733b29f0456fd8195364076dda/out/vs/workbench/api/node/extensionHostProcess.js:95:10845)
	at /home/miura/.vscode-server/bin/6d9b74a70ca9c7733b29f0456fd8195364076dda/out/vs/workbench/api/node/extensionHostProcess.js:95:8952
	at b.invoke (/home/miura/.vscode-server/bin/6d9b74a70ca9c7733b29f0456fd8195364076dda/out/vs/workbench/api/node/extensionHostProcess.js:61:145)
	at w.deliver (/home/miura/.vscode-server/bin/6d9b74a70ca9c7733b29f0456fd8195364076dda/out/vs/workbench/api/node/extensionHostProcess.js:61:2266)
	at p.fire (/home/miura/.vscode-server/bin/6d9b74a70ca9c7733b29f0456fd8195364076dda/out/vs/workbench/api/node/extensionHostProcess.js:61:1844)
	at c.fire (/home/miura/.vscode-server/bin/6d9b74a70ca9c7733b29f0456fd8195364076dda/out/vs/workbench/api/node/extensionHostProcess.js:69:19006)
	at /home/miura/.vscode-server/bin/6d9b74a70ca9c7733b29f0456fd8195364076dda/out/vs/workbench/api/node/extensionHostProcess.js:111:17079
	at b.invoke (/home/miura/.vscode-server/bin/6d9b74a70ca9c7733b29f0456fd8195364076dda/out/vs/workbench/api/node/extensionHostProcess.js:61:145)
	at w.deliver (/home/miura/.vscode-server/bin/6d9b74a70ca9c7733b29f0456fd8195364076dda/out/vs/workbench/api/node/extensionHostProcess.js:61:2266)
	at p.fire (/home/miura/.vscode-server/bin/6d9b74a70ca9c7733b29f0456fd8195364076dda/out/vs/workbench/api/node/extensionHostProcess.js:61:1844)
	at c.fire (/home/miura/.vscode-server/bin/6d9b74a70ca9c7733b29f0456fd8195364076dda/out/vs/workbench/api/node/extensionHostProcess.js:69:19006)
	at i._receiveMessage (/home/miura/.vscode-server/bin/6d9b74a70ca9c7733b29f0456fd8195364076dda/out/vs/workbench/api/node/extensionHostProcess.js:69:23593)
	at /home/miura/.vscode-server/bin/6d9b74a70ca9c7733b29f0456fd8195364076dda/out/vs/workbench/api/node/extensionHostProcess.js:69:21127
	at b.invoke (/home/miura/.vscode-server/bin/6d9b74a70ca9c7733b29f0456fd8195364076dda/out/vs/workbench/api/node/extensionHostProcess.js:61:145)
	at w.deliver (/home/miura/.vscode-server/bin/6d9b74a70ca9c7733b29f0456fd8195364076dda/out/vs/workbench/api/node/extensionHostProcess.js:61:2266)
	at p.fire (/home/miura/.vscode-server/bin/6d9b74a70ca9c7733b29f0456fd8195364076dda/out/vs/workbench/api/node/extensionHostProcess.js:61:1844)
	at p.acceptChunk (/home/miura/.vscode-server/bin/6d9b74a70ca9c7733b29f0456fd8195364076dda/out/vs/workbench/api/node/extensionHostProcess.js:69:15837)
	at /home/miura/.vscode-server/bin/6d9b74a70ca9c7733b29f0456fd8195364076dda/out/vs/workbench/api/node/extensionHostProcess.js:69:14967
	at b.invoke (/home/miura/.vscode-server/bin/6d9b74a70ca9c7733b29f0456fd8195364076dda/out/vs/workbench/api/node/extensionHostProcess.js:61:145)
	at w.deliver (/home/miura/.vscode-server/bin/6d9b74a70ca9c7733b29f0456fd8195364076dda/out/vs/workbench/api/node/extensionHostProcess.js:61:2266)
	at p.fire (/home/miura/.vscode-server/bin/6d9b74a70ca9c7733b29f0456fd8195364076dda/out/vs/workbench/api/node/extensionHostProcess.js:61:1844)
	at p._processReadQueue (/home/miura/.vscode-server/bin/6d9b74a70ca9c7733b29f0456fd8195364076dda/out/vs/workbench/api/node/extensionHostProcess.js:69:33785)
[2022-08-17 17:07:34.952] [exthost] [error] [ms-python.python] provider FAILED
[2022-08-17 17:07:34.952] [exthost] [error] Error: name must not be falsy
	at Function.validate (/home/miura/.vscode-server/bin/6d9b74a70ca9c7733b29f0456fd8195364076dda/out/vs/workbench/api/node/extensionHostProcess.js:78:131745)
	at new t (/home/miura/.vscode-server/bin/6d9b74a70ca9c7733b29f0456fd8195364076dda/out/vs/workbench/api/node/extensionHostProcess.js:78:131694)
	at new t (/home/miura/.vscode-server/bin/6d9b74a70ca9c7733b29f0456fd8195364076dda/out/vs/workbench/api/node/extensionHostProcess.js:78:117222)
	at G (/home/miura/.vscode-server/extensions/ms-python.python-2022.12.0/out/client/extension.js:2:2297898)
	at c (/home/miura/.vscode-server/extensions/ms-python.python-2022.12.0/out/client/extension.js:2:2335083)
	at Object.t.map (/home/miura/.vscode-server/extensions/ms-python.python-2022.12.0/out/client/extension.js:2:2335169)
	at Object.asDocumentSymbols (/home/miura/.vscode-server/extensions/ms-python.python-2022.12.0/out/client/extension.js:2:2305716)
	at /home/miura/.vscode-server/extensions/ms-python.python-2022.12.0/out/client/extension.js:2:2244261
	at async a.provideDocumentSymbols (/home/miura/.vscode-server/bin/6d9b74a70ca9c7733b29f0456fd8195364076dda/out/vs/workbench/api/node/extensionHostProcess.js:87:37442)
[2022-08-17 17:07:36.878] [exthost] [error] [ms-python.python] provider FAILED
[2022-08-17 17:07:36.878] [exthost] [error] Error: name must not be falsy
	at Function.validate (/home/miura/.vscode-server/bin/6d9b74a70ca9c7733b29f0456fd8195364076dda/out/vs/workbench/api/node/extensionHostProcess.js:78:131745)
	at new t (/home/miura/.vscode-server/bin/6d9b74a70ca9c7733b29f0456fd8195364076dda/out/vs/workbench/api/node/extensionHostProcess.js:78:131694)
	at new t (/home/miura/.vscode-server/bin/6d9b74a70ca9c7733b29f0456fd8195364076dda/out/vs/workbench/api/node/extensionHostProcess.js:78:117222)
	at G (/home/miura/.vscode-server/extensions/ms-python.python-2022.12.0/out/client/extension.js:2:2297898)
	at c (/home/miura/.vscode-server/extensions/ms-python.python-2022.12.0/out/client/extension.js:2:2335083)
	at Object.t.map (/home/miura/.vscode-server/extensions/ms-python.python-2022.12.0/out/client/extension.js:2:2335169)
	at Object.asDocumentSymbols (/home/miura/.vscode-server/extensions/ms-python.python-2022.12.0/out/client/extension.js:2:2305716)
	at /home/miura/.vscode-server/extensions/ms-python.python-2022.12.0/out/client/extension.js:2:2244261
	at async a.provideDocumentSymbols (/home/miura/.vscode-server/bin/6d9b74a70ca9c7733b29f0456fd8195364076dda/out/vs/workbench/api/node/extensionHostProcess.js:87:37442)
[2022-08-17 18:06:21.952] [exthost] [error] [ms-python.python] provider FAILED
[2022-08-17 18:06:21.952] [exthost] [error] Error: name must not be falsy
	at Function.validate (/home/miura/.vscode-server/bin/6d9b74a70ca9c7733b29f0456fd8195364076dda/out/vs/workbench/api/node/extensionHostProcess.js:78:131745)
	at new t (/home/miura/.vscode-server/bin/6d9b74a70ca9c7733b29f0456fd8195364076dda/out/vs/workbench/api/node/extensionHostProcess.js:78:131694)
	at new t (/home/miura/.vscode-server/bin/6d9b74a70ca9c7733b29f0456fd8195364076dda/out/vs/workbench/api/node/extensionHostProcess.js:78:117222)
	at G (/home/miura/.vscode-server/extensions/ms-python.python-2022.12.0/out/client/extension.js:2:2297898)
	at c (/home/miura/.vscode-server/extensions/ms-python.python-2022.12.0/out/client/extension.js:2:2335083)
	at Object.t.map (/home/miura/.vscode-server/extensions/ms-python.python-2022.12.0/out/client/extension.js:2:2335169)
	at Object.asDocumentSymbols (/home/miura/.vscode-server/extensions/ms-python.python-2022.12.0/out/client/extension.js:2:2305716)
	at /home/miura/.vscode-server/extensions/ms-python.python-2022.12.0/out/client/extension.js:2:2244261
	at async a.provideDocumentSymbols (/home/miura/.vscode-server/bin/6d9b74a70ca9c7733b29f0456fd8195364076dda/out/vs/workbench/api/node/extensionHostProcess.js:87:37442)
[2022-08-17 18:29:27.524] [exthost] [info] Extension host terminating: received terminate message from renderer
[2022-08-17 18:29:27.525] [exthost] [info] Lock '/home/miura/.vscode-server/data/User/workspaceStorage/79b5f0cc56094051dcea441296b611d0-1/vscode.lock': Marking the lockfile as scheduled to be released in 6000 ms.
[2022-08-17 18:29:27.563] [exthost] [info] Extension host with pid 31437 exiting with code 0
