[2022-08-23T04:39:50.961Z] ログ レベル: Info
[2022-08-23T04:39:50.966Z] [info] Git の検証が検出されました: git
[2022-08-23T04:39:51.007Z] [info] git から Git 2.34.1 を使用しています
[2022-08-23T04:39:51.055Z] > git rev-parse --show-toplevel [31ms]
[2022-08-23T04:39:51.055Z] fatal: not a git repository (or any of the parent directories): .git
[2022-08-23T04:39:51.076Z] > git rev-parse --show-toplevel [6ms]
[2022-08-23T04:39:51.076Z] fatal: not a git repository (or any of the parent directories): .git
[2022-08-23T04:39:51.087Z] > git rev-parse --show-toplevel [1ms]
[2022-08-23T04:39:51.087Z] fatal: not a git repository (or any of the parent directories): .git
[2022-08-23T04:39:51.096Z] > git rev-parse --show-toplevel [1ms]
[2022-08-23T04:39:51.096Z] fatal: not a git repository (or any of the parent directories): .git
[2022-08-23T04:39:51.105Z] > git rev-parse --show-toplevel [1ms]
[2022-08-23T04:39:51.105Z] fatal: not a git repository (or any of the parent directories): .git
[2022-08-23T04:39:51.113Z] > git rev-parse --show-toplevel [1ms]
[2022-08-23T04:39:51.113Z] fatal: not a git repository (or any of the parent directories): .git
[2022-08-23T04:39:51.122Z] > git rev-parse --show-toplevel [1ms]
[2022-08-23T04:39:51.122Z] fatal: not a git repository (or any of the parent directories): .git
[2022-08-23T04:39:51.130Z] > git rev-parse --show-toplevel [0ms]
[2022-08-23T04:39:51.130Z] fatal: not a git repository (or any of the parent directories): .git
[2022-08-23T04:39:51.139Z] > git rev-parse --show-toplevel [1ms]
[2022-08-23T04:39:51.139Z] fatal: not a git repository (or any of the parent directories): .git
[2022-08-23T04:39:51.147Z] > git rev-parse --show-toplevel [1ms]
[2022-08-23T04:39:51.147Z] fatal: not a git repository (or any of the parent directories): .git
[2022-08-23T04:39:52.419Z] > git rev-parse --show-toplevel [4ms]
[2022-08-23T04:39:52.420Z] fatal: not a git repository (or any of the parent directories): .git
[2022-08-23T04:39:52.524Z] > git rev-parse --show-toplevel [1ms]
[2022-08-23T04:39:52.524Z] fatal: not a git repository (or any of the parent directories): .git
[2022-08-23T04:39:52.603Z] > git rev-parse --show-toplevel [2ms]
[2022-08-23T04:39:52.603Z] fatal: not a git repository (or any of the parent directories): .git
[2022-08-23T04:39:52.615Z] > git rev-parse --show-toplevel [2ms]
[2022-08-23T04:39:52.615Z] fatal: not a git repository (or any of the parent directories): .git
[2022-08-23T04:39:52.860Z] > git rev-parse --show-toplevel [1ms]
[2022-08-23T04:39:52.860Z] fatal: not a git repository (or any of the parent directories): .git
[2022-08-23T04:40:02.117Z] > git rev-parse --show-toplevel [2ms]
[2022-08-23T04:40:02.117Z] fatal: not a git repository (or any of the parent directories): .git
[2022-08-23T04:42:45.423Z] > git rev-parse --show-toplevel [1ms]
[2022-08-23T04:42:45.423Z] fatal: not a git repository (or any of the parent directories): .git
[2022-08-23T04:43:31.832Z] > git rev-parse --show-toplevel [1ms]
[2022-08-23T04:43:31.832Z] fatal: not a git repository (or any of the parent directories): .git
[2022-08-23T04:44:08.909Z] > git rev-parse --show-toplevel [2ms]
[2022-08-23T04:44:08.909Z] fatal: not a git repository (or any of the parent directories): .git
[2022-08-23T04:44:11.363Z] > git rev-parse --show-toplevel [2ms]
[2022-08-23T04:44:11.363Z] fatal: not a git repository (or any of the parent directories): .git
[2022-08-23T04:44:16.044Z] > git rev-parse --show-toplevel [3ms]
[2022-08-23T04:44:16.044Z] fatal: not a git repository (or any of the parent directories): .git
[2022-08-23T04:44:19.918Z] > git rev-parse --show-toplevel [2ms]
[2022-08-23T04:44:19.918Z] fatal: not a git repository (or any of the parent directories): .git
[2022-08-23T04:46:41.445Z] > git rev-parse --show-toplevel [2ms]
[2022-08-23T04:46:41.445Z] fatal: not a git repository (or any of the parent directories): .git
[2022-08-23T04:47:22.490Z] > git rev-parse --show-toplevel [1ms]
[2022-08-23T04:47:22.490Z] fatal: not a git repository (or any of the parent directories): .git
[2022-08-23T04:47:27.484Z] > git rev-parse --show-toplevel [5ms]
[2022-08-23T04:47:27.484Z] fatal: not a git repository (or any of the parent directories): .git
[2022-08-23T04:49:53.483Z] > git rev-parse --show-toplevel [2ms]
[2022-08-23T04:49:53.483Z] fatal: not a git repository (or any of the parent directories): .git
[2022-08-23T04:49:56.588Z] > git rev-parse --show-toplevel [2ms]
[2022-08-23T04:49:56.588Z] fatal: not a git repository (or any of the parent directories): .git
[2022-08-23T04:52:12.245Z] > git rev-parse --show-toplevel [2ms]
[2022-08-23T04:52:12.245Z] fatal: not a git repository (or any of the parent directories): .git
[2022-08-23T04:53:58.103Z] > git rev-parse --show-toplevel [1ms]
[2022-08-23T04:53:58.103Z] fatal: not a git repository (or any of the parent directories): .git
[2022-08-23T04:54:03.740Z] > git rev-parse --show-toplevel [2ms]
[2022-08-23T04:54:03.740Z] fatal: not a git repository (or any of the parent directories): .git
[2022-08-23T04:54:04.985Z] > git rev-parse --show-toplevel [1ms]
[2022-08-23T04:54:04.985Z] fatal: not a git repository (or any of the parent directories): .git
[2022-08-23T05:02:41.720Z] > git rev-parse --show-toplevel [1ms]
[2022-08-23T05:02:41.720Z] fatal: not a git repository (or any of the parent directories): .git
[2022-08-23T05:03:14.580Z] > git rev-parse --show-toplevel [2ms]
[2022-08-23T05:03:14.580Z] fatal: not a git repository (or any of the parent directories): .git
[2022-08-23T05:03:20.165Z] > git rev-parse --show-toplevel [3ms]
[2022-08-23T05:03:20.165Z] fatal: not a git repository (or any of the parent directories): .git
[2022-08-23T05:03:21.659Z] > git rev-parse --show-toplevel [3ms]
[2022-08-23T05:03:21.659Z] fatal: not a git repository (or any of the parent directories): .git
[2022-08-23T05:04:11.999Z] > git rev-parse --show-toplevel [2ms]
[2022-08-23T05:04:11.999Z] fatal: not a git repository (or any of the parent directories): .git
[2022-08-23T05:04:23.737Z] > git rev-parse --show-toplevel [2ms]
[2022-08-23T05:04:23.737Z] fatal: not a git repository (or any of the parent directories): .git
[2022-08-23T05:08:00.290Z] > git rev-parse --show-toplevel [2ms]
[2022-08-23T05:08:00.290Z] fatal: not a git repository (or any of the parent directories): .git
[2022-08-23T05:10:22.841Z] > git rev-parse --show-toplevel [1ms]
[2022-08-23T05:10:22.841Z] fatal: not a git repository (or any of the parent directories): .git
[2022-08-23T05:23:01.923Z] > git rev-parse --show-toplevel [0ms]
[2022-08-23T05:23:01.924Z] fatal: not a git repository (or any of the parent directories): .git
[2022-08-23T05:23:09.042Z] > git rev-parse --show-toplevel [2ms]
[2022-08-23T05:23:09.042Z] fatal: not a git repository (or any of the parent directories): .git
[2022-08-23T05:24:13.299Z] > git rev-parse --show-toplevel [1ms]
[2022-08-23T05:24:13.299Z] fatal: not a git repository (or any of the parent directories): .git
[2022-08-23T05:24:16.800Z] > git rev-parse --show-toplevel [1ms]
[2022-08-23T05:24:16.800Z] fatal: not a git repository (or any of the parent directories): .git
[2022-08-23T05:25:08.575Z] > git rev-parse --show-toplevel [1ms]
[2022-08-23T05:25:08.575Z] fatal: not a git repository (or any of the parent directories): .git
[2022-08-23T05:29:02.814Z] > git rev-parse --show-toplevel [1ms]
[2022-08-23T05:29:02.814Z] fatal: not a git repository (or any of the parent directories): .git
