[2022-08-19T08:44:21.251Z] ログ レベル: Info
[2022-08-19T08:44:21.256Z] [info] Git の検証が検出されました: git
[2022-08-19T08:44:21.282Z] [info] git から Git 2.34.1 を使用しています
[2022-08-19T08:44:21.321Z] > git rev-parse --show-toplevel [28ms]
[2022-08-19T08:44:21.321Z] fatal: not a git repository (or any of the parent directories): .git
[2022-08-19T08:44:21.330Z] > git rev-parse --show-toplevel [1ms]
[2022-08-19T08:44:21.330Z] fatal: not a git repository (or any of the parent directories): .git
[2022-08-19T08:44:21.338Z] > git rev-parse --show-toplevel [4ms]
[2022-08-19T08:44:21.338Z] fatal: not a git repository (or any of the parent directories): .git
[2022-08-19T08:44:21.344Z] > git rev-parse --show-toplevel [2ms]
[2022-08-19T08:44:21.344Z] fatal: not a git repository (or any of the parent directories): .git
[2022-08-19T08:44:21.350Z] > git rev-parse --show-toplevel [2ms]
[2022-08-19T08:44:21.350Z] fatal: not a git repository (or any of the parent directories): .git
[2022-08-19T08:44:21.356Z] > git rev-parse --show-toplevel [2ms]
[2022-08-19T08:44:21.356Z] fatal: not a git repository (or any of the parent directories): .git
[2022-08-19T08:44:21.367Z] > git rev-parse --show-toplevel [7ms]
[2022-08-19T08:44:21.367Z] fatal: not a git repository (or any of the parent directories): .git
[2022-08-19T08:44:21.374Z] > git rev-parse --show-toplevel [3ms]
[2022-08-19T08:44:21.374Z] fatal: not a git repository (or any of the parent directories): .git
[2022-08-19T08:44:21.379Z] > git rev-parse --show-toplevel [2ms]
[2022-08-19T08:44:21.379Z] fatal: not a git repository (or any of the parent directories): .git
[2022-08-19T08:44:21.384Z] > git rev-parse --show-toplevel [2ms]
[2022-08-19T08:44:21.384Z] fatal: not a git repository (or any of the parent directories): .git
[2022-08-19T08:44:23.231Z] > git rev-parse --show-toplevel [0ms]
[2022-08-19T08:44:23.231Z] fatal: not a git repository (or any of the parent directories): .git
[2022-08-19T08:44:23.348Z] > git rev-parse --show-toplevel [1ms]
[2022-08-19T08:44:23.348Z] fatal: not a git repository (or any of the parent directories): .git
[2022-08-19T09:00:05.409Z] > git rev-parse --show-toplevel [2ms]
[2022-08-19T09:00:05.409Z] fatal: not a git repository (or any of the parent directories): .git
[2022-08-19T09:00:57.299Z] > git rev-parse --show-toplevel [1ms]
[2022-08-19T09:00:57.299Z] fatal: not a git repository (or any of the parent directories): .git
[2022-08-19T09:01:26.907Z] > git rev-parse --show-toplevel [1ms]
[2022-08-19T09:01:26.907Z] fatal: not a git repository (or any of the parent directories): .git
[2022-08-19T09:01:34.240Z] > git rev-parse --show-toplevel [3ms]
[2022-08-19T09:01:34.240Z] fatal: not a git repository (or any of the parent directories): .git
[2022-08-19T09:02:51.594Z] > git rev-parse --show-toplevel [4ms]
[2022-08-19T09:02:51.594Z] fatal: not a git repository (or any of the parent directories): .git
[2022-08-19T09:02:56.511Z] > git rev-parse --show-toplevel [2ms]
[2022-08-19T09:02:56.511Z] fatal: not a git repository (or any of the parent directories): .git
[2022-08-19T09:03:00.571Z] > git rev-parse --show-toplevel [2ms]
[2022-08-19T09:03:00.571Z] fatal: not a git repository (or any of the parent directories): .git
[2022-08-19T09:03:02.799Z] > git rev-parse --show-toplevel [2ms]
[2022-08-19T09:03:02.799Z] fatal: not a git repository (or any of the parent directories): .git
[2022-08-19T09:03:57.096Z] > git rev-parse --show-toplevel [2ms]
[2022-08-19T09:03:57.096Z] fatal: not a git repository (or any of the parent directories): .git
[2022-08-19T09:04:02.250Z] > git rev-parse --show-toplevel [2ms]
[2022-08-19T09:04:02.250Z] fatal: not a git repository (or any of the parent directories): .git
[2022-08-19T09:04:27.289Z] > git rev-parse --show-toplevel [3ms]
[2022-08-19T09:04:27.289Z] fatal: not a git repository (or any of the parent directories): .git
[2022-08-19T09:04:28.812Z] > git rev-parse --show-toplevel [2ms]
[2022-08-19T09:04:28.812Z] fatal: not a git repository (or any of the parent directories): .git
[2022-08-19T09:11:22.618Z] > git rev-parse --show-toplevel [3ms]
[2022-08-19T09:11:22.618Z] fatal: not a git repository (or any of the parent directories): .git
[2022-08-19T09:11:43.147Z] > git rev-parse --show-toplevel [3ms]
[2022-08-19T09:11:43.147Z] fatal: not a git repository (or any of the parent directories): .git
[2022-08-19T09:12:39.281Z] > git rev-parse --show-toplevel [1ms]
[2022-08-19T09:12:39.281Z] fatal: not a git repository (or any of the parent directories): .git
[2022-08-19T09:13:19.641Z] > git rev-parse --show-toplevel [1ms]
[2022-08-19T09:13:19.641Z] fatal: not a git repository (or any of the parent directories): .git
[2022-08-19T09:13:51.216Z] > git rev-parse --show-toplevel [1ms]
[2022-08-19T09:13:51.216Z] fatal: not a git repository (or any of the parent directories): .git
[2022-08-19T09:14:06.931Z] > git rev-parse --show-toplevel [2ms]
[2022-08-19T09:14:06.931Z] fatal: not a git repository (or any of the parent directories): .git
[2022-08-19T09:14:10.318Z] > git rev-parse --show-toplevel [2ms]
[2022-08-19T09:14:10.318Z] fatal: not a git repository (or any of the parent directories): .git
[2022-08-19T09:14:13.719Z] > git rev-parse --show-toplevel [1ms]
[2022-08-19T09:14:13.719Z] fatal: not a git repository (or any of the parent directories): .git
[2022-08-19T09:14:18.284Z] > git rev-parse --show-toplevel [1ms]
[2022-08-19T09:14:18.284Z] fatal: not a git repository (or any of the parent directories): .git
[2022-08-19T09:14:35.714Z] > git rev-parse --show-toplevel [2ms]
[2022-08-19T09:14:35.714Z] fatal: not a git repository (or any of the parent directories): .git
[2022-08-19T09:14:36.879Z] > git rev-parse --show-toplevel [1ms]
[2022-08-19T09:14:36.879Z] fatal: not a git repository (or any of the parent directories): .git
[2022-08-19T09:14:41.323Z] > git rev-parse --show-toplevel [2ms]
[2022-08-19T09:14:41.323Z] fatal: not a git repository (or any of the parent directories): .git
[2022-08-19T09:15:16.400Z] > git rev-parse --show-toplevel [1ms]
[2022-08-19T09:15:16.400Z] fatal: not a git repository (or any of the parent directories): .git
[2022-08-19T09:15:19.437Z] > git rev-parse --show-toplevel [1ms]
[2022-08-19T09:15:19.437Z] fatal: not a git repository (or any of the parent directories): .git
[2022-08-19T09:23:20.874Z] > git rev-parse --show-toplevel [3ms]
[2022-08-19T09:23:20.874Z] fatal: not a git repository (or any of the parent directories): .git
[2022-08-19T09:23:23.556Z] > git rev-parse --show-toplevel [1ms]
[2022-08-19T09:23:23.556Z] fatal: not a git repository (or any of the parent directories): .git
[2022-08-19T09:25:02.071Z] > git rev-parse --show-toplevel [2ms]
[2022-08-19T09:25:02.071Z] fatal: not a git repository (or any of the parent directories): .git
[2022-08-19T09:27:12.488Z] > git rev-parse --show-toplevel [2ms]
[2022-08-19T09:27:12.488Z] fatal: not a git repository (or any of the parent directories): .git
[2022-08-19T09:27:17.645Z] > git rev-parse --show-toplevel [6ms]
[2022-08-19T09:27:17.645Z] fatal: not a git repository (or any of the parent directories): .git
[2022-08-19T09:34:45.612Z] > git rev-parse --show-toplevel [5ms]
[2022-08-19T09:34:45.612Z] fatal: not a git repository (or any of the parent directories): .git
[2022-08-19T09:34:51.386Z] > git rev-parse --show-toplevel [1ms]
[2022-08-19T09:34:51.386Z] fatal: not a git repository (or any of the parent directories): .git
[2022-08-19T09:43:26.182Z] > git rev-parse --show-toplevel [3ms]
[2022-08-19T09:43:26.182Z] fatal: not a git repository (or any of the parent directories): .git
[2022-08-19T09:43:35.105Z] > git rev-parse --show-toplevel [1ms]
[2022-08-19T09:43:35.105Z] fatal: not a git repository (or any of the parent directories): .git
[2022-08-19T09:43:38.076Z] > git rev-parse --show-toplevel [1ms]
[2022-08-19T09:43:38.076Z] fatal: not a git repository (or any of the parent directories): .git
[2022-08-19T09:46:26.552Z] > git rev-parse --show-toplevel [2ms]
[2022-08-19T09:46:26.552Z] fatal: not a git repository (or any of the parent directories): .git
[2022-08-19T09:46:28.901Z] > git rev-parse --show-toplevel [1ms]
[2022-08-19T09:46:28.902Z] fatal: not a git repository (or any of the parent directories): .git
[2022-08-19T09:50:33.744Z] > git rev-parse --show-toplevel [2ms]
[2022-08-19T09:50:33.744Z] fatal: not a git repository (or any of the parent directories): .git
[2022-08-19T09:50:39.598Z] > git rev-parse --show-toplevel [4ms]
[2022-08-19T09:50:39.598Z] fatal: not a git repository (or any of the parent directories): .git
[2022-08-19T09:53:48.190Z] > git rev-parse --show-toplevel [2ms]
[2022-08-19T09:53:48.190Z] fatal: not a git repository (or any of the parent directories): .git
