[2022-08-22 17:12:47.361] [exthost] [info] Extension host with pid 955226 started
[2022-08-22 17:12:47.371] [exthost] [info] Lock '/home/miura/.vscode-server/data/User/workspaceStorage/79b5f0cc56094051dcea441296b611d0/vscode.lock': Lock acquired.
[2022-08-22 17:12:47.564] [exthost] [info] ExtensionService#_doActivateExtension ms-python.python, startup: false, activationEvent: 'onLanguage:python'
[2022-08-22 17:12:47.834] [exthost] [info] ExtensionService#_doActivateExtension ms-toolsai.jupyter, startup: false, activationEvent: 'onLanguage:python'
[2022-08-22 17:12:48.136] [exthost] [info] ExtensionService#_doActivateExtension vscode.debug-auto-launch, startup: true, activationEvent: '*'
[2022-08-22 17:12:48.139] [exthost] [info] ExtensionService#_doActivateExtension vscode.git-base, startup: true, activationEvent: '*', root cause: vscode.git
[2022-08-22 17:12:48.144] [exthost] [info] ExtensionService#_doActivateExtension vscode.ipynb, startup: true, activationEvent: '*'
[2022-08-22 17:12:48.365] [exthost] [info] ExtensionService#_doActivateExtension vscode.git, startup: true, activationEvent: '*'
[2022-08-22 17:12:48.431] [exthost] [info] ExtensionService#_doActivateExtension vscode.github, startup: true, activationEvent: '*'
[2022-08-22 17:12:48.837] [exthost] [info] ExtensionService#_doActivateExtension ms-toolsai.jupyter-renderers, startup: false, activationEvent: 'api', root cause: ms-toolsai.jupyter
[2022-08-22 17:12:49.028] [exthost] [info] ExtensionService#_doActivateExtension vscode.emmet, startup: false, activationEvent: 'onStartupFinished'
[2022-08-22 17:12:49.044] [exthost] [info] ExtensionService#_doActivateExtension vscode.merge-conflict, startup: false, activationEvent: 'onStartupFinished'
[2022-08-22 17:12:49.048] [exthost] [info] Eager extensions activated
[2022-08-22 17:12:49.659] [exthost] [info] ExtensionService#_doActivateExtension ms-python.vscode-pylance, startup: false, activationEvent: 'onLanguage:python'
[2022-08-22 17:12:50.613] [exthost] [info] ExtensionService#_doActivateExtension vscode.configuration-editing, startup: false, activationEvent: 'onLanguage:jsonc'
[2022-08-22 17:12:50.618] [exthost] [info] ExtensionService#_doActivateExtension vscode.json-language-features, startup: false, activationEvent: 'onLanguage:jsonc'
[2022-08-22 17:12:50.678] [exthost] [info] ExtensionService#_doActivateExtension vscode.typescript-language-features, startup: false, activationEvent: 'onLanguage:jsonc'
[2022-08-22 17:16:21.025] [exthost] [info] ExtensionService#_doActivateExtension vscode.css-language-features, startup: false, activationEvent: 'onLanguage:css'
[2022-08-22 17:40:22.101] [exthost] [info] Extension host terminating: renderer disconnected for too long (2)
[2022-08-22 17:40:22.102] [exthost] [info] Lock '/home/miura/.vscode-server/data/User/workspaceStorage/79b5f0cc56094051dcea441296b611d0/vscode.lock': Marking the lockfile as scheduled to be released in 6000 ms.
[2022-08-22 17:40:22.125] [exthost] [info] Extension host with pid 955226 exiting with code 0
