[2022-08-26T05:16:25.230Z] ログ レベル: Info
[2022-08-26T05:16:25.235Z] [info] Git の検証が検出されました: git
[2022-08-26T05:16:25.261Z] [info] git から Git 2.34.1 を使用しています
[2022-08-26T05:16:25.295Z] > git rev-parse --show-toplevel [23ms]
[2022-08-26T05:16:25.312Z] > git rev-parse --git-dir --git-common-dir [11ms]
[2022-08-26T05:16:25.320Z] [info] Open repository: /home/miura
[2022-08-26T05:16:25.397Z] > git status -z -uall [70ms]
[2022-08-26T05:16:25.403Z] > git symbolic-ref --short HEAD [1ms]
[2022-08-26T05:16:25.408Z] > git for-each-ref --format=%(refname)%00%(upstream:short)%00%(objectname)%00%(upstream:track)%00%(upstream:remotename)%00%(upstream:remoteref) refs/heads/feature/locate-box refs/remotes/feature/locate-box [1ms]
[2022-08-26T05:16:25.418Z] > git remote --verbose [2ms]
[2022-08-26T05:16:25.418Z] > git for-each-ref --sort -committerdate --format %(refname) %(objectname) %(*objectname) [6ms]
[2022-08-26T05:16:25.430Z] > git config --get commit.template [1ms]
[2022-08-26T05:16:25.496Z] > git status -z -uall [61ms]
[2022-08-26T05:16:25.501Z] > git symbolic-ref --short HEAD [1ms]
[2022-08-26T05:16:25.505Z] > git for-each-ref --format=%(refname)%00%(upstream:short)%00%(objectname)%00%(upstream:track)%00%(upstream:remotename)%00%(upstream:remoteref) refs/heads/feature/locate-box refs/remotes/feature/locate-box [1ms]
[2022-08-26T05:16:25.512Z] > git for-each-ref --sort -committerdate --format %(refname) %(objectname) %(*objectname) [3ms]
[2022-08-26T05:16:25.513Z] > git remote --verbose [1ms]
[2022-08-26T05:16:25.520Z] > git config --get commit.template [1ms]
[2022-08-26T05:16:26.245Z] > git check-ignore -v -z --stdin [19ms]
[2022-08-26T05:16:26.397Z] > git show --textconv :static/style.css [5ms]
[2022-08-26T05:16:26.401Z] > git ls-files --stage -- /home/miura/static/style.css [5ms]
[2022-08-26T05:16:26.406Z] > git cat-file -s 105e394a7ad784a9b73e9ae805c33f1cc4eac9ac [1ms]
[2022-08-26T05:17:04.041Z] > git status -z -uall [61ms]
[2022-08-26T05:17:04.047Z] > git symbolic-ref --short HEAD [1ms]
[2022-08-26T05:17:04.053Z] > git for-each-ref --format=%(refname)%00%(upstream:short)%00%(objectname)%00%(upstream:track)%00%(upstream:remotename)%00%(upstream:remoteref) refs/heads/feature/locate-box refs/remotes/feature/locate-box [1ms]
[2022-08-26T05:17:04.062Z] > git for-each-ref --sort -committerdate --format %(refname) %(objectname) %(*objectname) [5ms]
[2022-08-26T05:17:04.062Z] > git remote --verbose [2ms]
[2022-08-26T05:17:04.071Z] > git config --get commit.template [0ms]
[2022-08-26T05:17:17.002Z] > git show --textconv :index.py [15ms]
[2022-08-26T05:17:17.006Z] > git ls-files --stage -- /home/miura/index.py [8ms]
[2022-08-26T05:17:17.019Z] > git cat-file -s d8c668d948834d5c22522e202ec860e150a7cb2a [2ms]
[2022-08-26T05:17:20.504Z] > git status -z -uall [61ms]
[2022-08-26T05:17:20.517Z] > git symbolic-ref --short HEAD [1ms]
[2022-08-26T05:17:20.538Z] > git for-each-ref --format=%(refname)%00%(upstream:short)%00%(objectname)%00%(upstream:track)%00%(upstream:remotename)%00%(upstream:remoteref) refs/heads/feature/locate-box refs/remotes/feature/locate-box [10ms]
[2022-08-26T05:17:20.557Z] > git for-each-ref --sort -committerdate --format %(refname) %(objectname) %(*objectname) [9ms]
[2022-08-26T05:17:20.558Z] > git remote --verbose [2ms]
[2022-08-26T05:17:20.573Z] > git config --get commit.template [1ms]
[2022-08-26T05:17:42.178Z] > git status -z -uall [60ms]
[2022-08-26T05:17:42.185Z] > git symbolic-ref --short HEAD [1ms]
[2022-08-26T05:17:42.192Z] > git for-each-ref --format=%(refname)%00%(upstream:short)%00%(objectname)%00%(upstream:track)%00%(upstream:remotename)%00%(upstream:remoteref) refs/heads/feature/locate-box refs/remotes/feature/locate-box [1ms]
[2022-08-26T05:17:42.202Z] > git for-each-ref --sort -committerdate --format %(refname) %(objectname) %(*objectname) [5ms]
[2022-08-26T05:17:42.203Z] > git remote --verbose [1ms]
[2022-08-26T05:17:42.216Z] > git config --get commit.template [1ms]
[2022-08-26T05:18:41.325Z] > git show --textconv :static/style.css [6ms]
[2022-08-26T05:18:41.329Z] > git ls-files --stage -- /home/miura/static/style.css [5ms]
[2022-08-26T05:18:41.334Z] > git cat-file -s 105e394a7ad784a9b73e9ae805c33f1cc4eac9ac [1ms]
[2022-08-26T05:19:51.999Z] > git status -z -uall [62ms]
[2022-08-26T05:19:52.008Z] > git symbolic-ref --short HEAD [1ms]
[2022-08-26T05:19:52.015Z] > git for-each-ref --format=%(refname)%00%(upstream:short)%00%(objectname)%00%(upstream:track)%00%(upstream:remotename)%00%(upstream:remoteref) refs/heads/feature/locate-box refs/remotes/feature/locate-box [1ms]
[2022-08-26T05:19:52.025Z] > git for-each-ref --sort -committerdate --format %(refname) %(objectname) %(*objectname) [5ms]
[2022-08-26T05:19:52.025Z] > git remote --verbose [1ms]
[2022-08-26T05:19:52.036Z] > git config --get commit.template [1ms]
[2022-08-26T05:19:52.852Z] > git show --textconv :index.py [6ms]
[2022-08-26T05:19:52.857Z] > git ls-files --stage -- /home/miura/index.py [5ms]
[2022-08-26T05:19:52.864Z] > git cat-file -s d8c668d948834d5c22522e202ec860e150a7cb2a [1ms]
[2022-08-26T05:19:57.595Z] > git status -z -uall [61ms]
[2022-08-26T05:19:57.603Z] > git symbolic-ref --short HEAD [1ms]
[2022-08-26T05:19:57.609Z] > git for-each-ref --format=%(refname)%00%(upstream:short)%00%(objectname)%00%(upstream:track)%00%(upstream:remotename)%00%(upstream:remoteref) refs/heads/feature/locate-box refs/remotes/feature/locate-box [1ms]
[2022-08-26T05:19:57.620Z] > git for-each-ref --sort -committerdate --format %(refname) %(objectname) %(*objectname) [6ms]
[2022-08-26T05:19:57.620Z] > git remote --verbose [1ms]
[2022-08-26T05:19:57.630Z] > git config --get commit.template [0ms]
[2022-08-26T05:21:13.990Z] > git status -z -uall [64ms]
[2022-08-26T05:21:13.998Z] > git symbolic-ref --short HEAD [1ms]
[2022-08-26T05:21:14.004Z] > git for-each-ref --format=%(refname)%00%(upstream:short)%00%(objectname)%00%(upstream:track)%00%(upstream:remotename)%00%(upstream:remoteref) refs/heads/feature/locate-box refs/remotes/feature/locate-box [1ms]
[2022-08-26T05:21:14.014Z] > git for-each-ref --sort -committerdate --format %(refname) %(objectname) %(*objectname) [5ms]
[2022-08-26T05:21:14.015Z] > git remote --verbose [2ms]
[2022-08-26T05:21:14.026Z] > git config --get commit.template [1ms]
[2022-08-26T05:21:14.874Z] > git show --textconv :static/style.css [8ms]
[2022-08-26T05:21:14.878Z] > git ls-files --stage -- /home/miura/static/style.css [5ms]
[2022-08-26T05:21:14.884Z] > git cat-file -s 105e394a7ad784a9b73e9ae805c33f1cc4eac9ac [1ms]
[2022-08-26T05:21:45.608Z] > git status -z -uall [61ms]
[2022-08-26T05:21:45.616Z] > git symbolic-ref --short HEAD [1ms]
[2022-08-26T05:21:45.622Z] > git for-each-ref --format=%(refname)%00%(upstream:short)%00%(objectname)%00%(upstream:track)%00%(upstream:remotename)%00%(upstream:remoteref) refs/heads/feature/locate-box refs/remotes/feature/locate-box [1ms]
[2022-08-26T05:21:45.632Z] > git for-each-ref --sort -committerdate --format %(refname) %(objectname) %(*objectname) [5ms]
[2022-08-26T05:21:45.632Z] > git remote --verbose [1ms]
[2022-08-26T05:21:45.641Z] > git config --get commit.template [0ms]
[2022-08-26T05:22:03.838Z] > git status -z -uall [62ms]
[2022-08-26T05:22:03.846Z] > git symbolic-ref --short HEAD [1ms]
[2022-08-26T05:22:03.852Z] > git for-each-ref --format=%(refname)%00%(upstream:short)%00%(objectname)%00%(upstream:track)%00%(upstream:remotename)%00%(upstream:remoteref) refs/heads/feature/locate-box refs/remotes/feature/locate-box [1ms]
[2022-08-26T05:22:03.864Z] > git for-each-ref --sort -committerdate --format %(refname) %(objectname) %(*objectname) [7ms]
[2022-08-26T05:22:03.864Z] > git remote --verbose [1ms]
[2022-08-26T05:22:03.872Z] > git config --get commit.template [0ms]
[2022-08-26T05:23:13.640Z] > git status -z -uall [63ms]
[2022-08-26T05:23:13.647Z] > git symbolic-ref --short HEAD [1ms]
[2022-08-26T05:23:13.654Z] > git for-each-ref --format=%(refname)%00%(upstream:short)%00%(objectname)%00%(upstream:track)%00%(upstream:remotename)%00%(upstream:remoteref) refs/heads/feature/locate-box refs/remotes/feature/locate-box [1ms]
[2022-08-26T05:23:13.666Z] > git for-each-ref --sort -committerdate --format %(refname) %(objectname) %(*objectname) [7ms]
[2022-08-26T05:23:13.667Z] > git remote --verbose [3ms]
[2022-08-26T05:23:13.675Z] > git config --get commit.template [1ms]
[2022-08-26T05:23:40.338Z] > git status -z -uall [62ms]
[2022-08-26T05:23:40.346Z] > git symbolic-ref --short HEAD [1ms]
[2022-08-26T05:23:40.352Z] > git for-each-ref --format=%(refname)%00%(upstream:short)%00%(objectname)%00%(upstream:track)%00%(upstream:remotename)%00%(upstream:remoteref) refs/heads/feature/locate-box refs/remotes/feature/locate-box [1ms]
[2022-08-26T05:23:40.362Z] > git for-each-ref --sort -committerdate --format %(refname) %(objectname) %(*objectname) [5ms]
[2022-08-26T05:23:40.363Z] > git remote --verbose [1ms]
[2022-08-26T05:23:40.372Z] > git config --get commit.template [1ms]
[2022-08-26T05:23:54.322Z] > git status -z -uall [61ms]
[2022-08-26T05:23:54.329Z] > git symbolic-ref --short HEAD [1ms]
[2022-08-26T05:23:54.336Z] > git for-each-ref --format=%(refname)%00%(upstream:short)%00%(objectname)%00%(upstream:track)%00%(upstream:remotename)%00%(upstream:remoteref) refs/heads/feature/locate-box refs/remotes/feature/locate-box [1ms]
[2022-08-26T05:23:54.346Z] > git for-each-ref --sort -committerdate --format %(refname) %(objectname) %(*objectname) [6ms]
[2022-08-26T05:23:54.346Z] > git remote --verbose [1ms]
[2022-08-26T05:23:54.355Z] > git config --get commit.template [1ms]
[2022-08-26T05:24:07.974Z] > git status -z -uall [62ms]
[2022-08-26T05:24:07.982Z] > git symbolic-ref --short HEAD [1ms]
[2022-08-26T05:24:07.988Z] > git for-each-ref --format=%(refname)%00%(upstream:short)%00%(objectname)%00%(upstream:track)%00%(upstream:remotename)%00%(upstream:remoteref) refs/heads/feature/locate-box refs/remotes/feature/locate-box [1ms]
[2022-08-26T05:24:07.998Z] > git for-each-ref --sort -committerdate --format %(refname) %(objectname) %(*objectname) [5ms]
[2022-08-26T05:24:07.998Z] > git remote --verbose [1ms]
[2022-08-26T05:24:08.008Z] > git config --get commit.template [1ms]
[2022-08-26T05:24:33.181Z] > git status -z -uall [61ms]
[2022-08-26T05:24:33.189Z] > git symbolic-ref --short HEAD [1ms]
[2022-08-26T05:24:33.196Z] > git for-each-ref --format=%(refname)%00%(upstream:short)%00%(objectname)%00%(upstream:track)%00%(upstream:remotename)%00%(upstream:remoteref) refs/heads/feature/locate-box refs/remotes/feature/locate-box [1ms]
[2022-08-26T05:24:33.206Z] > git for-each-ref --sort -committerdate --format %(refname) %(objectname) %(*objectname) [5ms]
[2022-08-26T05:24:33.206Z] > git remote --verbose [1ms]
[2022-08-26T05:24:33.215Z] > git config --get commit.template [1ms]
[2022-08-26T05:25:02.319Z] > git status -z -uall [61ms]
[2022-08-26T05:25:02.327Z] > git symbolic-ref --short HEAD [1ms]
[2022-08-26T05:25:02.333Z] > git for-each-ref --format=%(refname)%00%(upstream:short)%00%(objectname)%00%(upstream:track)%00%(upstream:remotename)%00%(upstream:remoteref) refs/heads/feature/locate-box refs/remotes/feature/locate-box [1ms]
[2022-08-26T05:25:02.342Z] > git for-each-ref --sort -committerdate --format %(refname) %(objectname) %(*objectname) [5ms]
[2022-08-26T05:25:02.343Z] > git remote --verbose [1ms]
[2022-08-26T05:25:02.355Z] > git config --get commit.template [1ms]
[2022-08-26T05:25:11.038Z] > git status -z -uall [60ms]
[2022-08-26T05:25:11.046Z] > git symbolic-ref --short HEAD [1ms]
[2022-08-26T05:25:11.053Z] > git for-each-ref --format=%(refname)%00%(upstream:short)%00%(objectname)%00%(upstream:track)%00%(upstream:remotename)%00%(upstream:remoteref) refs/heads/feature/locate-box refs/remotes/feature/locate-box [1ms]
[2022-08-26T05:25:11.064Z] > git for-each-ref --sort -committerdate --format %(refname) %(objectname) %(*objectname) [7ms]
[2022-08-26T05:25:11.064Z] > git remote --verbose [2ms]
[2022-08-26T05:25:11.072Z] > git config --get commit.template [1ms]
[2022-08-26T05:25:47.222Z] > git status -z -uall [67ms]
[2022-08-26T05:25:47.230Z] > git symbolic-ref --short HEAD [1ms]
[2022-08-26T05:25:47.236Z] > git for-each-ref --format=%(refname)%00%(upstream:short)%00%(objectname)%00%(upstream:track)%00%(upstream:remotename)%00%(upstream:remoteref) refs/heads/feature/locate-box refs/remotes/feature/locate-box [1ms]
[2022-08-26T05:25:47.246Z] > git for-each-ref --sort -committerdate --format %(refname) %(objectname) %(*objectname) [5ms]
[2022-08-26T05:25:47.246Z] > git remote --verbose [1ms]
[2022-08-26T05:25:47.255Z] > git config --get commit.template [1ms]
[2022-08-26T05:26:17.040Z] > git status -z -uall [63ms]
[2022-08-26T05:26:17.048Z] > git symbolic-ref --short HEAD [1ms]
[2022-08-26T05:26:17.054Z] > git for-each-ref --format=%(refname)%00%(upstream:short)%00%(objectname)%00%(upstream:track)%00%(upstream:remotename)%00%(upstream:remoteref) refs/heads/feature/locate-box refs/remotes/feature/locate-box [1ms]
[2022-08-26T05:26:17.064Z] > git for-each-ref --sort -committerdate --format %(refname) %(objectname) %(*objectname) [5ms]
[2022-08-26T05:26:17.064Z] > git remote --verbose [0ms]
[2022-08-26T05:26:17.074Z] > git config --get commit.template [1ms]
[2022-08-26T05:26:34.674Z] > git show --textconv :templates/next-page.html [6ms]
[2022-08-26T05:26:34.677Z] > git ls-files --stage -- /home/miura/templates/next-page.html [4ms]
[2022-08-26T05:26:34.684Z] > git cat-file -s 5843a65260c8e262916ee75c72f5f5c95d3b663a [1ms]
[2022-08-26T05:27:05.381Z] > git status -z -uall [60ms]
[2022-08-26T05:27:05.389Z] > git symbolic-ref --short HEAD [1ms]
[2022-08-26T05:27:05.395Z] > git for-each-ref --format=%(refname)%00%(upstream:short)%00%(objectname)%00%(upstream:track)%00%(upstream:remotename)%00%(upstream:remoteref) refs/heads/feature/locate-box refs/remotes/feature/locate-box [1ms]
[2022-08-26T05:27:05.406Z] > git for-each-ref --sort -committerdate --format %(refname) %(objectname) %(*objectname) [5ms]
[2022-08-26T05:27:05.408Z] > git remote --verbose [3ms]
[2022-08-26T05:27:05.417Z] > git config --get commit.template [1ms]
[2022-08-26T05:27:12.140Z] > git show --textconv :index.py [6ms]
[2022-08-26T05:27:12.145Z] > git ls-files --stage -- /home/miura/index.py [5ms]
[2022-08-26T05:27:12.152Z] > git cat-file -s d8c668d948834d5c22522e202ec860e150a7cb2a [1ms]
[2022-08-26T05:27:17.929Z] > git status -z -uall [62ms]
[2022-08-26T05:27:17.937Z] > git symbolic-ref --short HEAD [1ms]
[2022-08-26T05:27:17.943Z] > git for-each-ref --format=%(refname)%00%(upstream:short)%00%(objectname)%00%(upstream:track)%00%(upstream:remotename)%00%(upstream:remoteref) refs/heads/feature/locate-box refs/remotes/feature/locate-box [1ms]
[2022-08-26T05:27:17.953Z] > git for-each-ref --sort -committerdate --format %(refname) %(objectname) %(*objectname) [5ms]
[2022-08-26T05:27:17.953Z] > git remote --verbose [1ms]
[2022-08-26T05:27:17.963Z] > git config --get commit.template [0ms]
[2022-08-26T05:28:48.271Z] > git show --textconv :static/style.css [6ms]
[2022-08-26T05:28:48.275Z] > git ls-files --stage -- /home/miura/static/style.css [4ms]
[2022-08-26T05:28:48.282Z] > git cat-file -s 105e394a7ad784a9b73e9ae805c33f1cc4eac9ac [1ms]
[2022-08-26T05:28:58.062Z] > git status -z -uall [61ms]
[2022-08-26T05:28:58.070Z] > git symbolic-ref --short HEAD [1ms]
[2022-08-26T05:28:58.077Z] > git for-each-ref --format=%(refname)%00%(upstream:short)%00%(objectname)%00%(upstream:track)%00%(upstream:remotename)%00%(upstream:remoteref) refs/heads/feature/locate-box refs/remotes/feature/locate-box [1ms]
[2022-08-26T05:28:58.086Z] > git for-each-ref --sort -committerdate --format %(refname) %(objectname) %(*objectname) [5ms]
[2022-08-26T05:28:58.086Z] > git remote --verbose [1ms]
[2022-08-26T05:28:58.098Z] > git config --get commit.template [0ms]
[2022-08-26T05:29:03.508Z] > git status -z -uall [61ms]
[2022-08-26T05:29:03.516Z] > git symbolic-ref --short HEAD [1ms]
[2022-08-26T05:29:03.523Z] > git for-each-ref --format=%(refname)%00%(upstream:short)%00%(objectname)%00%(upstream:track)%00%(upstream:remotename)%00%(upstream:remoteref) refs/heads/feature/locate-box refs/remotes/feature/locate-box [1ms]
[2022-08-26T05:29:03.533Z] > git for-each-ref --sort -committerdate --format %(refname) %(objectname) %(*objectname) [5ms]
[2022-08-26T05:29:03.534Z] > git remote --verbose [1ms]
[2022-08-26T05:29:03.543Z] > git config --get commit.template [1ms]
[2022-08-26T05:29:21.405Z] > git status -z -uall [61ms]
[2022-08-26T05:29:21.413Z] > git symbolic-ref --short HEAD [1ms]
[2022-08-26T05:29:21.419Z] > git for-each-ref --format=%(refname)%00%(upstream:short)%00%(objectname)%00%(upstream:track)%00%(upstream:remotename)%00%(upstream:remoteref) refs/heads/feature/locate-box refs/remotes/feature/locate-box [1ms]
[2022-08-26T05:29:21.429Z] > git for-each-ref --sort -committerdate --format %(refname) %(objectname) %(*objectname) [5ms]
[2022-08-26T05:29:21.429Z] > git remote --verbose [1ms]
[2022-08-26T05:29:21.438Z] > git config --get commit.template [1ms]
[2022-08-26T05:29:40.473Z] > git status -z -uall [61ms]
[2022-08-26T05:29:40.481Z] > git symbolic-ref --short HEAD [1ms]
[2022-08-26T05:29:40.487Z] > git for-each-ref --format=%(refname)%00%(upstream:short)%00%(objectname)%00%(upstream:track)%00%(upstream:remotename)%00%(upstream:remoteref) refs/heads/feature/locate-box refs/remotes/feature/locate-box [1ms]
[2022-08-26T05:29:40.497Z] > git for-each-ref --sort -committerdate --format %(refname) %(objectname) %(*objectname) [5ms]
[2022-08-26T05:29:40.498Z] > git remote --verbose [1ms]
[2022-08-26T05:29:40.507Z] > git config --get commit.template [2ms]
[2022-08-26T05:30:18.162Z] > git status -z -uall [64ms]
[2022-08-26T05:30:18.169Z] > git symbolic-ref --short HEAD [1ms]
[2022-08-26T05:30:18.176Z] > git for-each-ref --format=%(refname)%00%(upstream:short)%00%(objectname)%00%(upstream:track)%00%(upstream:remotename)%00%(upstream:remoteref) refs/heads/feature/locate-box refs/remotes/feature/locate-box [1ms]
[2022-08-26T05:30:18.186Z] > git for-each-ref --sort -committerdate --format %(refname) %(objectname) %(*objectname) [6ms]
[2022-08-26T05:30:18.186Z] > git remote --verbose [1ms]
[2022-08-26T05:30:18.196Z] > git config --get commit.template [1ms]
