[2022-08-24 16:21:39.217] [exthost] [info] Extension host with pid 3023249 started
[2022-08-24 16:21:39.226] [exthost] [info] Lock '/home/miura/.vscode-server/data/User/workspaceStorage/79b5f0cc56094051dcea441296b611d0/vscode.lock': Lock acquired.
[2022-08-24 16:21:39.853] [exthost] [info] ExtensionService#_doActivateExtension ms-python.python, startup: false, activationEvent: 'onLanguage:python'
[2022-08-24 16:21:40.126] [exthost] [info] ExtensionService#_doActivateExtension ms-toolsai.jupyter, startup: false, activationEvent: 'onLanguage:python'
[2022-08-24 16:21:40.437] [exthost] [info] ExtensionService#_doActivateExtension vscode.debug-auto-launch, startup: true, activationEvent: '*'
[2022-08-24 16:21:40.440] [exthost] [info] ExtensionService#_doActivateExtension vscode.git-base, startup: true, activationEvent: '*', root cause: vscode.git
[2022-08-24 16:21:40.445] [exthost] [info] ExtensionService#_doActivateExtension vscode.ipynb, startup: true, activationEvent: '*'
[2022-08-24 16:21:41.000] [exthost] [info] ExtensionService#_doActivateExtension vscode.git, startup: true, activationEvent: '*'
[2022-08-24 16:21:41.069] [exthost] [info] ExtensionService#_doActivateExtension vscode.github, startup: true, activationEvent: '*'
[2022-08-24 16:21:41.612] [exthost] [info] ExtensionService#_doActivateExtension ms-toolsai.jupyter-renderers, startup: false, activationEvent: 'api', root cause: ms-toolsai.jupyter
[2022-08-24 16:21:41.802] [exthost] [info] ExtensionService#_doActivateExtension vscode.emmet, startup: false, activationEvent: 'onStartupFinished'
[2022-08-24 16:21:41.819] [exthost] [info] ExtensionService#_doActivateExtension vscode.merge-conflict, startup: false, activationEvent: 'onStartupFinished'
[2022-08-24 16:21:41.823] [exthost] [info] Eager extensions activated
[2022-08-24 16:21:41.907] [exthost] [info] ExtensionService#_doActivateExtension ms-python.vscode-pylance, startup: false, activationEvent: 'onLanguage:python'
[2022-08-24 16:21:42.154] [exthost] [warning] [Decorations] CAPPING events from decorations provider vscode.git 398
[2022-08-24 16:21:42.448] [exthost] [warning] [Decorations] CAPPING events from decorations provider vscode.git 402
[2022-08-24 16:21:43.829] [exthost] [info] ExtensionService#_doActivateExtension vscode.configuration-editing, startup: false, activationEvent: 'onLanguage:jsonc'
[2022-08-24 16:21:43.835] [exthost] [info] ExtensionService#_doActivateExtension vscode.json-language-features, startup: false, activationEvent: 'onLanguage:jsonc'
[2022-08-24 16:21:43.897] [exthost] [info] ExtensionService#_doActivateExtension vscode.typescript-language-features, startup: false, activationEvent: 'onLanguage:jsonc'
[2022-08-24 16:35:07.540] [exthost] [info] ExtensionService#_doActivateExtension vscode.html-language-features, startup: false, activationEvent: 'onLanguage:html'
[2022-08-24 16:48:29.731] [exthost] [warning] [Decorations] CAPPING events from decorations provider vscode.git 406
[2022-08-24 16:48:48.219] [exthost] [warning] [Decorations] CAPPING events from decorations provider vscode.git 407
[2022-08-24 16:49:33.137] [exthost] [warning] [Decorations] CAPPING events from decorations provider vscode.git 407
[2022-08-24 17:33:57.176] [exthost] [info] Extension host terminating: renderer disconnected for too long (2)
[2022-08-24 17:33:57.177] [exthost] [info] Lock '/home/miura/.vscode-server/data/User/workspaceStorage/79b5f0cc56094051dcea441296b611d0/vscode.lock': Marking the lockfile as scheduled to be released in 6000 ms.
[2022-08-24 17:33:57.207] [exthost] [info] Extension host with pid 3023249 exiting with code 0
