[2022-08-23T05:34:08.245Z] ログ レベル: Info
[2022-08-23T05:34:08.251Z] [info] Git の検証が検出されました: git
[2022-08-23T05:34:08.285Z] [info] git から Git 2.34.1 を使用しています
[2022-08-23T05:34:08.326Z] > git rev-parse --show-toplevel [24ms]
[2022-08-23T05:34:08.326Z] fatal: not a git repository (or any of the parent directories): .git
[2022-08-23T05:34:08.344Z] > git rev-parse --show-toplevel [6ms]
[2022-08-23T05:34:08.344Z] fatal: not a git repository (or any of the parent directories): .git
[2022-08-23T05:34:08.353Z] > git rev-parse --show-toplevel [1ms]
[2022-08-23T05:34:08.353Z] fatal: not a git repository (or any of the parent directories): .git
[2022-08-23T05:34:08.362Z] > git rev-parse --show-toplevel [0ms]
[2022-08-23T05:34:08.362Z] fatal: not a git repository (or any of the parent directories): .git
[2022-08-23T05:34:08.371Z] > git rev-parse --show-toplevel [1ms]
[2022-08-23T05:34:08.371Z] fatal: not a git repository (or any of the parent directories): .git
[2022-08-23T05:34:08.595Z] > git rev-parse --show-toplevel [217ms]
[2022-08-23T05:34:08.595Z] fatal: not a git repository (or any of the parent directories): .git
[2022-08-23T05:34:08.613Z] > git rev-parse --show-toplevel [6ms]
[2022-08-23T05:34:08.613Z] fatal: not a git repository (or any of the parent directories): .git
[2022-08-23T05:34:08.624Z] > git rev-parse --show-toplevel [1ms]
[2022-08-23T05:34:08.624Z] fatal: not a git repository (or any of the parent directories): .git
[2022-08-23T05:34:08.649Z] > git rev-parse --show-toplevel [16ms]
[2022-08-23T05:34:08.649Z] fatal: not a git repository (or any of the parent directories): .git
[2022-08-23T05:34:08.666Z] > git rev-parse --show-toplevel [8ms]
[2022-08-23T05:34:08.666Z] fatal: not a git repository (or any of the parent directories): .git
[2022-08-23T05:34:09.069Z] > git rev-parse --show-toplevel [1ms]
[2022-08-23T05:34:09.069Z] fatal: not a git repository (or any of the parent directories): .git
[2022-08-23T05:34:09.128Z] > git rev-parse --show-toplevel [1ms]
[2022-08-23T05:34:09.128Z] fatal: not a git repository (or any of the parent directories): .git
[2022-08-23T05:34:09.366Z] > git rev-parse --show-toplevel [1ms]
[2022-08-23T05:34:09.366Z] fatal: not a git repository (or any of the parent directories): .git
[2022-08-23T05:34:09.386Z] > git rev-parse --show-toplevel [1ms]
[2022-08-23T05:34:09.386Z] fatal: not a git repository (or any of the parent directories): .git
[2022-08-23T05:34:09.402Z] > git rev-parse --show-toplevel [7ms]
[2022-08-23T05:34:09.402Z] fatal: not a git repository (or any of the parent directories): .git
[2022-08-23T05:40:06.882Z] > git rev-parse --show-toplevel [3ms]
[2022-08-23T05:40:06.882Z] fatal: not a git repository (or any of the parent directories): .git
[2022-08-23T05:50:13.674Z] > git rev-parse --show-toplevel [3ms]
[2022-08-23T05:50:13.674Z] fatal: not a git repository (or any of the parent directories): .git
[2022-08-23T05:50:16.353Z] > git rev-parse --show-toplevel [2ms]
[2022-08-23T05:50:16.353Z] fatal: not a git repository (or any of the parent directories): .git
[2022-08-23T05:53:40.143Z] > git rev-parse --show-toplevel [1ms]
[2022-08-23T05:53:40.143Z] fatal: not a git repository (or any of the parent directories): .git
[2022-08-23T05:53:48.263Z] > git rev-parse --show-toplevel [1ms]
[2022-08-23T05:53:48.263Z] fatal: not a git repository (or any of the parent directories): .git
[2022-08-23T05:53:50.149Z] > git rev-parse --show-toplevel [3ms]
[2022-08-23T05:53:50.149Z] fatal: not a git repository (or any of the parent directories): .git
[2022-08-23T05:53:58.655Z] > git rev-parse --show-toplevel [2ms]
[2022-08-23T05:53:58.655Z] fatal: not a git repository (or any of the parent directories): .git
[2022-08-23T05:55:36.641Z] > git rev-parse --show-toplevel [1ms]
[2022-08-23T05:55:36.641Z] fatal: not a git repository (or any of the parent directories): .git
[2022-08-23T05:55:39.062Z] > git rev-parse --show-toplevel [2ms]
[2022-08-23T05:55:39.062Z] fatal: not a git repository (or any of the parent directories): .git
[2022-08-23T06:15:30.303Z] > git rev-parse --show-toplevel [1ms]
[2022-08-23T06:15:30.303Z] fatal: not a git repository (or any of the parent directories): .git
