[2022-08-25T09:20:51.463Z] ログ レベル: Info
[2022-08-25T09:20:51.472Z] [info] Git の検証が検出されました: git
[2022-08-25T09:20:51.515Z] [info] git から Git 2.34.1 を使用しています
[2022-08-25T09:20:51.552Z] > git rev-parse --show-toplevel [25ms]
[2022-08-25T09:20:51.568Z] > git rev-parse --git-dir --git-common-dir [9ms]
[2022-08-25T09:20:51.579Z] [info] Open repository: /home/miura
[2022-08-25T09:20:51.682Z] > git status -z -uall [93ms]
[2022-08-25T09:20:51.688Z] > git symbolic-ref --short HEAD [1ms]
[2022-08-25T09:20:51.693Z] > git for-each-ref --format=%(refname)%00%(upstream:short)%00%(objectname)%00%(upstream:track)%00%(upstream:remotename)%00%(upstream:remoteref) refs/heads/feature/get-name refs/remotes/feature/get-name [1ms]
[2022-08-25T09:20:51.701Z] > git remote --verbose [1ms]
[2022-08-25T09:20:51.702Z] > git for-each-ref --sort -committerdate --format %(refname) %(objectname) %(*objectname) [5ms]
[2022-08-25T09:20:51.802Z] > git config --get commit.template [2ms]
[2022-08-25T09:20:52.884Z] > git status -z -uall [1076ms]
[2022-08-25T09:20:52.901Z] > git symbolic-ref --short HEAD [9ms]
[2022-08-25T09:20:52.910Z] > git for-each-ref --format=%(refname)%00%(upstream:short)%00%(objectname)%00%(upstream:track)%00%(upstream:remotename)%00%(upstream:remoteref) refs/heads/feature/get-name refs/remotes/feature/get-name [3ms]
[2022-08-25T09:20:52.922Z] > git for-each-ref --sort -committerdate --format %(refname) %(objectname) %(*objectname) [7ms]
[2022-08-25T09:20:52.924Z] > git remote --verbose [4ms]
[2022-08-25T09:20:53.034Z] > git config --get commit.template [4ms]
[2022-08-25T09:20:54.964Z] > git check-ignore -v -z --stdin [20ms]
[2022-08-25T09:20:55.001Z] > git show --textconv :static/style.css [7ms]
[2022-08-25T09:20:55.006Z] > git ls-files --stage -- /home/miura/static/style.css [6ms]
[2022-08-25T09:20:55.013Z] > git cat-file -s 6d7707f451c5567b21ff06e28604135f8c468bdf [1ms]
[2022-08-25T09:20:56.742Z] > git show --textconv :templates/first-page.html [8ms]
[2022-08-25T09:20:56.747Z] > git ls-files --stage -- /home/miura/templates/first-page.html [5ms]
[2022-08-25T09:20:56.754Z] > git cat-file -s 4496023d24ef0bd6bacd3a5fdc60389ec29a7c83 [1ms]
[2022-08-25T09:20:58.182Z] > git show --textconv :templates/next-page.html [7ms]
[2022-08-25T09:20:58.187Z] > git ls-files --stage -- /home/miura/templates/next-page.html [6ms]
[2022-08-25T09:20:58.194Z] > git cat-file -s 6151b4cfd2001ab14e2ae65df7f11e3af896795a [2ms]
[2022-08-25T09:20:59.118Z] > git show --textconv :static/style.css [7ms]
[2022-08-25T09:20:59.124Z] > git ls-files --stage -- /home/miura/static/style.css [6ms]
[2022-08-25T09:20:59.131Z] > git cat-file -s 6d7707f451c5567b21ff06e28604135f8c468bdf [1ms]
[2022-08-25T09:21:19.041Z] > git status -z -uall [87ms]
[2022-08-25T09:21:19.048Z] > git symbolic-ref --short HEAD [1ms]
[2022-08-25T09:21:19.054Z] > git for-each-ref --format=%(refname)%00%(upstream:short)%00%(objectname)%00%(upstream:track)%00%(upstream:remotename)%00%(upstream:remoteref) refs/heads/feature/get-name refs/remotes/feature/get-name [1ms]
[2022-08-25T09:21:19.063Z] > git for-each-ref --sort -committerdate --format %(refname) %(objectname) %(*objectname) [5ms]
[2022-08-25T09:21:19.064Z] > git remote --verbose [2ms]
[2022-08-25T09:21:19.146Z] > git config --get commit.template [2ms]
[2022-08-25T09:21:22.826Z] > git show --textconv :index.py [14ms]
[2022-08-25T09:21:22.832Z] > git ls-files --stage -- /home/miura/index.py [10ms]
[2022-08-25T09:21:22.849Z] > git cat-file -s 1eaa08385698ece55818cc11b267b5f7afc257ec [6ms]
[2022-08-25T09:21:25.570Z] > git status -z -uall [96ms]
[2022-08-25T09:21:25.594Z] > git symbolic-ref --short HEAD [1ms]
[2022-08-25T09:21:25.608Z] > git for-each-ref --format=%(refname)%00%(upstream:short)%00%(objectname)%00%(upstream:track)%00%(upstream:remotename)%00%(upstream:remoteref) refs/heads/feature/get-name refs/remotes/feature/get-name [1ms]
[2022-08-25T09:21:25.631Z] > git for-each-ref --sort -committerdate --format %(refname) %(objectname) %(*objectname) [11ms]
[2022-08-25T09:21:25.638Z] > git remote --verbose [7ms]
[2022-08-25T09:21:27.672Z] > git config --get commit.template [1901ms]
[2022-08-25T09:21:32.773Z] > git status -z -uall [83ms]
[2022-08-25T09:21:32.789Z] > git symbolic-ref --short HEAD [1ms]
[2022-08-25T09:21:32.803Z] > git for-each-ref --format=%(refname)%00%(upstream:short)%00%(objectname)%00%(upstream:track)%00%(upstream:remotename)%00%(upstream:remoteref) refs/heads/feature/get-name refs/remotes/feature/get-name [1ms]
[2022-08-25T09:21:32.826Z] > git for-each-ref --sort -committerdate --format %(refname) %(objectname) %(*objectname) [11ms]
[2022-08-25T09:21:32.827Z] > git remote --verbose [1ms]
[2022-08-25T09:21:32.903Z] > git config --get commit.template [2ms]
[2022-08-25T09:21:58.898Z] > git show --textconv :templates/next-page.html [7ms]
[2022-08-25T09:21:58.902Z] > git ls-files --stage -- /home/miura/templates/next-page.html [5ms]
[2022-08-25T09:21:58.909Z] > git cat-file -s 6151b4cfd2001ab14e2ae65df7f11e3af896795a [1ms]
[2022-08-25T09:21:59.530Z] > git show --textconv :static/style.css [7ms]
[2022-08-25T09:21:59.534Z] > git ls-files --stage -- /home/miura/static/style.css [5ms]
[2022-08-25T09:21:59.540Z] > git cat-file -s 6d7707f451c5567b21ff06e28604135f8c468bdf [1ms]
[2022-08-25T09:22:17.180Z] > git show --textconv :templates/next-page.html [7ms]
[2022-08-25T09:22:17.185Z] > git ls-files --stage -- /home/miura/templates/next-page.html [4ms]
[2022-08-25T09:22:17.191Z] > git cat-file -s 6151b4cfd2001ab14e2ae65df7f11e3af896795a [1ms]
[2022-08-25T09:22:17.285Z] > git status -z -uall [84ms]
[2022-08-25T09:22:17.294Z] > git symbolic-ref --short HEAD [1ms]
[2022-08-25T09:22:17.301Z] > git for-each-ref --format=%(refname)%00%(upstream:short)%00%(objectname)%00%(upstream:track)%00%(upstream:remotename)%00%(upstream:remoteref) refs/heads/feature/get-name refs/remotes/feature/get-name [1ms]
[2022-08-25T09:22:17.315Z] > git for-each-ref --sort -committerdate --format %(refname) %(objectname) %(*objectname) [6ms]
[2022-08-25T09:22:17.315Z] > git remote --verbose [1ms]
[2022-08-25T09:22:17.390Z] > git config --get commit.template [3ms]
[2022-08-25T09:22:26.831Z] > git status -z -uall [81ms]
[2022-08-25T09:22:26.841Z] > git symbolic-ref --short HEAD [1ms]
[2022-08-25T09:22:26.849Z] > git for-each-ref --format=%(refname)%00%(upstream:short)%00%(objectname)%00%(upstream:track)%00%(upstream:remotename)%00%(upstream:remoteref) refs/heads/feature/get-name refs/remotes/feature/get-name [1ms]
[2022-08-25T09:22:26.863Z] > git for-each-ref --sort -committerdate --format %(refname) %(objectname) %(*objectname) [7ms]
[2022-08-25T09:22:26.863Z] > git remote --verbose [1ms]
[2022-08-25T09:22:26.939Z] > git config --get commit.template [1ms]
[2022-08-25T09:22:36.274Z] > git show --textconv :index.py [8ms]
[2022-08-25T09:22:36.279Z] > git ls-files --stage -- /home/miura/index.py [5ms]
[2022-08-25T09:22:36.288Z] > git cat-file -s 1eaa08385698ece55818cc11b267b5f7afc257ec [1ms]
[2022-08-25T09:22:41.278Z] > git status -z -uall [81ms]
[2022-08-25T09:22:41.289Z] > git symbolic-ref --short HEAD [1ms]
[2022-08-25T09:22:41.300Z] > git for-each-ref --format=%(refname)%00%(upstream:short)%00%(objectname)%00%(upstream:track)%00%(upstream:remotename)%00%(upstream:remoteref) refs/heads/feature/get-name refs/remotes/feature/get-name [1ms]
[2022-08-25T09:22:41.315Z] > git for-each-ref --sort -committerdate --format %(refname) %(objectname) %(*objectname) [7ms]
[2022-08-25T09:22:41.315Z] > git remote --verbose [1ms]
[2022-08-25T09:22:41.387Z] > git config --get commit.template [1ms]
[2022-08-25T09:22:59.697Z] > git status -z -uall [83ms]
[2022-08-25T09:22:59.708Z] > git symbolic-ref --short HEAD [1ms]
[2022-08-25T09:22:59.718Z] > git for-each-ref --format=%(refname)%00%(upstream:short)%00%(objectname)%00%(upstream:track)%00%(upstream:remotename)%00%(upstream:remoteref) refs/heads/feature/get-name refs/remotes/feature/get-name [1ms]
[2022-08-25T09:22:59.732Z] > git for-each-ref --sort -committerdate --format %(refname) %(objectname) %(*objectname) [7ms]
[2022-08-25T09:22:59.732Z] > git remote --verbose [1ms]
[2022-08-25T09:22:59.808Z] > git config --get commit.template [1ms]
[2022-08-25T09:24:26.743Z] > git show --textconv :static/style.css [8ms]
[2022-08-25T09:24:26.747Z] > git ls-files --stage -- /home/miura/static/style.css [5ms]
[2022-08-25T09:24:26.753Z] > git cat-file -s 6d7707f451c5567b21ff06e28604135f8c468bdf [1ms]
