[2022-08-23 13:39:48.890] [exthost] [info] Extension host with pid 1843082 started
[2022-08-23 13:39:48.900] [exthost] [info] Lock '/home/miura/.vscode-server/data/User/workspaceStorage/79b5f0cc56094051dcea441296b611d0/vscode.lock': Lock acquired.
[2022-08-23 13:39:49.350] [exthost] [info] ExtensionService#_doActivateExtension ms-python.python, startup: false, activationEvent: 'onLanguage:python'
[2022-08-23 13:39:49.614] [exthost] [info] ExtensionService#_doActivateExtension ms-toolsai.jupyter, startup: false, activationEvent: 'onLanguage:python'
[2022-08-23 13:39:49.924] [exthost] [info] ExtensionService#_doActivateExtension vscode.debug-auto-launch, startup: true, activationEvent: '*'
[2022-08-23 13:39:49.928] [exthost] [info] ExtensionService#_doActivateExtension vscode.git-base, startup: true, activationEvent: '*', root cause: vscode.git
[2022-08-23 13:39:49.933] [exthost] [info] ExtensionService#_doActivateExtension vscode.ipynb, startup: true, activationEvent: '*'
[2022-08-23 13:39:50.399] [exthost] [info] ExtensionService#_doActivateExtension vscode.git, startup: true, activationEvent: '*'
[2022-08-23 13:39:50.467] [exthost] [info] ExtensionService#_doActivateExtension vscode.github, startup: true, activationEvent: '*'
[2022-08-23 13:39:50.835] [exthost] [info] ExtensionService#_doActivateExtension ms-toolsai.jupyter-renderers, startup: false, activationEvent: 'api', root cause: ms-toolsai.jupyter
[2022-08-23 13:39:51.026] [exthost] [info] ExtensionService#_doActivateExtension vscode.emmet, startup: false, activationEvent: 'onStartupFinished'
[2022-08-23 13:39:51.043] [exthost] [info] ExtensionService#_doActivateExtension vscode.merge-conflict, startup: false, activationEvent: 'onStartupFinished'
[2022-08-23 13:39:51.047] [exthost] [info] Eager extensions activated
[2022-08-23 13:39:51.375] [exthost] [info] ExtensionService#_doActivateExtension ms-python.vscode-pylance, startup: false, activationEvent: 'onLanguage:python'
[2022-08-23 13:39:53.365] [exthost] [info] ExtensionService#_doActivateExtension vscode.configuration-editing, startup: false, activationEvent: 'onLanguage:jsonc'
[2022-08-23 13:39:53.370] [exthost] [info] ExtensionService#_doActivateExtension vscode.json-language-features, startup: false, activationEvent: 'onLanguage:jsonc'
[2022-08-23 13:39:53.431] [exthost] [info] ExtensionService#_doActivateExtension vscode.typescript-language-features, startup: false, activationEvent: 'onLanguage:jsonc'
[2022-08-23 13:44:08.838] [exthost] [info] ExtensionService#_doActivateExtension vscode.html-language-features, startup: false, activationEvent: 'onLanguage:html'
[2022-08-23 14:39:03.623] [exthost] [info] Extension host terminating: renderer disconnected for too long (2)
[2022-08-23 14:39:03.624] [exthost] [info] Lock '/home/miura/.vscode-server/data/User/workspaceStorage/79b5f0cc56094051dcea441296b611d0/vscode.lock': Marking the lockfile as scheduled to be released in 6000 ms.
[2022-08-23 14:39:03.654] [exthost] [info] Extension host with pid 1843082 exiting with code 0
