[2022-08-26T09:26:00.647Z] ログ レベル: Info
[2022-08-26T09:26:00.653Z] [info] Git の検証が検出されました: git
[2022-08-26T09:26:00.691Z] [info] git から Git 2.34.1 を使用しています
[2022-08-26T09:26:00.726Z] > git rev-parse --show-toplevel [24ms]
[2022-08-26T09:26:00.737Z] > git rev-parse --git-dir --git-common-dir [5ms]
[2022-08-26T09:26:00.743Z] [info] Open repository: /home/miura
[2022-08-26T09:26:00.831Z] > git status -z -uall [81ms]
[2022-08-26T09:26:00.837Z] > git symbolic-ref --short HEAD [1ms]
[2022-08-26T09:26:00.843Z] > git for-each-ref --format=%(refname)%00%(upstream:short)%00%(objectname)%00%(upstream:track)%00%(upstream:remotename)%00%(upstream:remoteref) refs/heads/feature/locate-box refs/remotes/feature/locate-box [1ms]
[2022-08-26T09:26:00.852Z] > git remote --verbose [1ms]
[2022-08-26T09:26:00.852Z] > git for-each-ref --sort -committerdate --format %(refname) %(objectname) %(*objectname) [5ms]
[2022-08-26T09:26:00.864Z] > git config --get commit.template [1ms]
[2022-08-26T09:26:00.930Z] > git status -z -uall [61ms]
[2022-08-26T09:26:00.936Z] > git symbolic-ref --short HEAD [1ms]
[2022-08-26T09:26:00.940Z] > git for-each-ref --format=%(refname)%00%(upstream:short)%00%(objectname)%00%(upstream:track)%00%(upstream:remotename)%00%(upstream:remoteref) refs/heads/feature/locate-box refs/remotes/feature/locate-box [1ms]
[2022-08-26T09:26:00.947Z] > git for-each-ref --sort -committerdate --format %(refname) %(objectname) %(*objectname) [4ms]
[2022-08-26T09:26:00.948Z] > git remote --verbose [2ms]
[2022-08-26T09:26:00.956Z] > git config --get commit.template [1ms]
[2022-08-26T09:26:01.668Z] > git check-ignore -v -z --stdin [18ms]
[2022-08-26T09:26:02.309Z] > git show --textconv :static/style.css [5ms]
[2022-08-26T09:26:02.314Z] > git ls-files --stage -- /home/miura/static/style.css [6ms]
[2022-08-26T09:26:02.319Z] > git cat-file -s d0c16c498a573fb60ee6985ae517efb318978ff7 [1ms]
[2022-08-26T09:26:06.993Z] > git status -z -uall [61ms]
[2022-08-26T09:26:07.000Z] > git symbolic-ref --short HEAD [2ms]
[2022-08-26T09:26:07.005Z] > git for-each-ref --format=%(refname)%00%(upstream:short)%00%(objectname)%00%(upstream:track)%00%(upstream:remotename)%00%(upstream:remoteref) refs/heads/feature/locate-box refs/remotes/feature/locate-box [1ms]
[2022-08-26T09:26:07.013Z] > git for-each-ref --sort -committerdate --format %(refname) %(objectname) %(*objectname) [4ms]
[2022-08-26T09:26:07.013Z] > git remote --verbose [1ms]
[2022-08-26T09:26:07.020Z] > git config --get commit.template [0ms]
[2022-08-26T09:26:34.672Z] > git status -z -uall [62ms]
[2022-08-26T09:26:34.677Z] > git symbolic-ref --short HEAD [1ms]
[2022-08-26T09:26:34.681Z] > git for-each-ref --format=%(refname)%00%(upstream:short)%00%(objectname)%00%(upstream:track)%00%(upstream:remotename)%00%(upstream:remoteref) refs/heads/feature/locate-box refs/remotes/feature/locate-box [1ms]
[2022-08-26T09:26:34.688Z] > git for-each-ref --sort -committerdate --format %(refname) %(objectname) %(*objectname) [3ms]
[2022-08-26T09:26:34.689Z] > git remote --verbose [1ms]
[2022-08-26T09:26:34.697Z] > git config --get commit.template [0ms]
[2022-08-26T09:26:45.558Z] > git status -z -uall [61ms]
[2022-08-26T09:26:45.564Z] > git symbolic-ref --short HEAD [1ms]
[2022-08-26T09:26:45.569Z] > git for-each-ref --format=%(refname)%00%(upstream:short)%00%(objectname)%00%(upstream:track)%00%(upstream:remotename)%00%(upstream:remoteref) refs/heads/feature/locate-box refs/remotes/feature/locate-box [1ms]
[2022-08-26T09:26:45.577Z] > git remote --verbose [2ms]
[2022-08-26T09:26:45.577Z] > git for-each-ref --sort -committerdate --format %(refname) %(objectname) %(*objectname) [5ms]
[2022-08-26T09:26:45.585Z] > git config --get commit.template [1ms]
[2022-08-26T09:26:56.661Z] > git status -z -uall [60ms]
[2022-08-26T09:26:56.667Z] > git symbolic-ref --short HEAD [1ms]
[2022-08-26T09:26:56.671Z] > git for-each-ref --format=%(refname)%00%(upstream:short)%00%(objectname)%00%(upstream:track)%00%(upstream:remotename)%00%(upstream:remoteref) refs/heads/feature/locate-box refs/remotes/feature/locate-box [1ms]
[2022-08-26T09:26:56.677Z] > git for-each-ref --sort -committerdate --format %(refname) %(objectname) %(*objectname) [3ms]
[2022-08-26T09:26:56.678Z] > git remote --verbose [1ms]
[2022-08-26T09:26:56.685Z] > git config --get commit.template [0ms]
[2022-08-26T09:27:12.874Z] > git status -z -uall [61ms]
[2022-08-26T09:27:12.880Z] > git symbolic-ref --short HEAD [1ms]
[2022-08-26T09:27:12.884Z] > git for-each-ref --format=%(refname)%00%(upstream:short)%00%(objectname)%00%(upstream:track)%00%(upstream:remotename)%00%(upstream:remoteref) refs/heads/feature/locate-box refs/remotes/feature/locate-box [1ms]
[2022-08-26T09:27:12.890Z] > git for-each-ref --sort -committerdate --format %(refname) %(objectname) %(*objectname) [3ms]
[2022-08-26T09:27:12.890Z] > git remote --verbose [0ms]
[2022-08-26T09:27:12.898Z] > git config --get commit.template [0ms]
[2022-08-26T09:27:21.596Z] > git status -z -uall [61ms]
[2022-08-26T09:27:21.602Z] > git symbolic-ref --short HEAD [0ms]
[2022-08-26T09:27:21.607Z] > git for-each-ref --format=%(refname)%00%(upstream:short)%00%(objectname)%00%(upstream:track)%00%(upstream:remotename)%00%(upstream:remoteref) refs/heads/feature/locate-box refs/remotes/feature/locate-box [1ms]
[2022-08-26T09:27:21.614Z] > git for-each-ref --sort -committerdate --format %(refname) %(objectname) %(*objectname) [4ms]
[2022-08-26T09:27:21.614Z] > git remote --verbose [1ms]
[2022-08-26T09:27:21.621Z] > git config --get commit.template [1ms]
[2022-08-26T09:28:39.213Z] > git status -z -uall [62ms]
[2022-08-26T09:28:39.219Z] > git symbolic-ref --short HEAD [1ms]
[2022-08-26T09:28:39.223Z] > git for-each-ref --format=%(refname)%00%(upstream:short)%00%(objectname)%00%(upstream:track)%00%(upstream:remotename)%00%(upstream:remoteref) refs/heads/feature/locate-box refs/remotes/feature/locate-box [1ms]
[2022-08-26T09:28:39.230Z] > git for-each-ref --sort -committerdate --format %(refname) %(objectname) %(*objectname) [4ms]
[2022-08-26T09:28:39.231Z] > git remote --verbose [1ms]
[2022-08-26T09:28:39.238Z] > git config --get commit.template [1ms]
[2022-08-26T09:29:31.886Z] > git status -z -uall [60ms]
[2022-08-26T09:29:31.891Z] > git symbolic-ref --short HEAD [1ms]
[2022-08-26T09:29:31.895Z] > git for-each-ref --format=%(refname)%00%(upstream:short)%00%(objectname)%00%(upstream:track)%00%(upstream:remotename)%00%(upstream:remoteref) refs/heads/feature/locate-box refs/remotes/feature/locate-box [1ms]
[2022-08-26T09:29:31.902Z] > git for-each-ref --sort -committerdate --format %(refname) %(objectname) %(*objectname) [4ms]
[2022-08-26T09:29:31.902Z] > git remote --verbose [1ms]
[2022-08-26T09:29:31.910Z] > git config --get commit.template [1ms]
[2022-08-26T09:29:55.299Z] > git status -z -uall [60ms]
[2022-08-26T09:29:55.304Z] > git symbolic-ref --short HEAD [0ms]
[2022-08-26T09:29:55.309Z] > git for-each-ref --format=%(refname)%00%(upstream:short)%00%(objectname)%00%(upstream:track)%00%(upstream:remotename)%00%(upstream:remoteref) refs/heads/feature/locate-box refs/remotes/feature/locate-box [1ms]
[2022-08-26T09:29:55.316Z] > git for-each-ref --sort -committerdate --format %(refname) %(objectname) %(*objectname) [4ms]
[2022-08-26T09:29:55.316Z] > git remote --verbose [1ms]
[2022-08-26T09:29:55.323Z] > git config --get commit.template [0ms]
[2022-08-26T09:30:05.769Z] > git status -z -uall [61ms]
[2022-08-26T09:30:05.774Z] > git symbolic-ref --short HEAD [1ms]
[2022-08-26T09:30:05.779Z] > git for-each-ref --format=%(refname)%00%(upstream:short)%00%(objectname)%00%(upstream:track)%00%(upstream:remotename)%00%(upstream:remoteref) refs/heads/feature/locate-box refs/remotes/feature/locate-box [0ms]
[2022-08-26T09:30:05.785Z] > git for-each-ref --sort -committerdate --format %(refname) %(objectname) %(*objectname) [3ms]
[2022-08-26T09:30:05.786Z] > git remote --verbose [1ms]
[2022-08-26T09:30:05.793Z] > git config --get commit.template [1ms]
[2022-08-26T09:55:28.485Z] > git status -z -uall [67ms]
[2022-08-26T09:55:28.491Z] > git symbolic-ref --short HEAD [1ms]
[2022-08-26T09:55:28.496Z] > git for-each-ref --format=%(refname)%00%(upstream:short)%00%(objectname)%00%(upstream:track)%00%(upstream:remotename)%00%(upstream:remoteref) refs/heads/feature/locate-box refs/remotes/feature/locate-box [1ms]
[2022-08-26T09:55:28.503Z] > git for-each-ref --sort -committerdate --format %(refname) %(objectname) %(*objectname) [4ms]
[2022-08-26T09:55:28.503Z] > git remote --verbose [1ms]
[2022-08-26T09:55:28.511Z] > git config --get commit.template [1ms]
[2022-08-26T09:55:52.284Z] > git status -z -uall [67ms]
[2022-08-26T09:55:52.290Z] > git symbolic-ref --short HEAD [1ms]
[2022-08-26T09:55:52.294Z] > git for-each-ref --format=%(refname)%00%(upstream:short)%00%(objectname)%00%(upstream:track)%00%(upstream:remotename)%00%(upstream:remoteref) refs/heads/feature/locate-box refs/remotes/feature/locate-box [1ms]
[2022-08-26T09:55:52.301Z] > git for-each-ref --sort -committerdate --format %(refname) %(objectname) %(*objectname) [4ms]
[2022-08-26T09:55:52.301Z] > git remote --verbose [1ms]
[2022-08-26T09:55:52.310Z] > git config --get commit.template [1ms]
[2022-08-26T09:55:52.389Z] > git ls-files --stage -- /home/miura/static/style.css [5ms]
[2022-08-26T09:55:52.393Z] > git cat-file -s 886a39a353fbb8b1ffb92b70c90c305607acf6a6 [1ms]
[2022-08-26T09:55:52.452Z] > git show --textconv :static/style.css [5ms]
[2022-08-26T09:56:15.181Z] > git status -z -uall [63ms]
[2022-08-26T09:56:15.187Z] > git symbolic-ref --short HEAD [1ms]
[2022-08-26T09:56:15.191Z] > git for-each-ref --format=%(refname)%00%(upstream:short)%00%(objectname)%00%(upstream:track)%00%(upstream:remotename)%00%(upstream:remoteref) refs/heads/feature/locate-box refs/remotes/feature/locate-box [1ms]
[2022-08-26T09:56:15.198Z] > git for-each-ref --sort -committerdate --format %(refname) %(objectname) %(*objectname) [4ms]
[2022-08-26T09:56:15.198Z] > git remote --verbose [1ms]
[2022-08-26T09:56:15.204Z] > git config --get commit.template [1ms]
[2022-08-26T09:56:15.284Z] > git ls-files --stage -- /home/miura/static/style.css [5ms]
[2022-08-26T09:56:15.288Z] > git cat-file -s 886a39a353fbb8b1ffb92b70c90c305607acf6a6 [1ms]
[2022-08-26T09:56:15.335Z] > git show --textconv :static/style.css [5ms]
[2022-08-26T09:56:22.239Z] > git status -z -uall [61ms]
[2022-08-26T09:56:22.245Z] > git symbolic-ref --short HEAD [1ms]
[2022-08-26T09:56:22.249Z] > git for-each-ref --format=%(refname)%00%(upstream:short)%00%(objectname)%00%(upstream:track)%00%(upstream:remotename)%00%(upstream:remoteref) refs/heads/feature/locate-box refs/remotes/feature/locate-box [1ms]
[2022-08-26T09:56:22.256Z] > git for-each-ref --sort -committerdate --format %(refname) %(objectname) %(*objectname) [3ms]
[2022-08-26T09:56:22.257Z] > git remote --verbose [1ms]
[2022-08-26T09:56:22.262Z] > git config --get commit.template [1ms]
