[2022-08-15T08:31:15.926Z] ログ レベル: Info
[2022-08-15T08:31:15.931Z] [info] Git の検証が検出されました: git
[2022-08-15T08:31:15.967Z] [info] git から Git 2.34.1 を使用しています
[2022-08-15T08:31:16.010Z] > git rev-parse --show-toplevel [28ms]
[2022-08-15T08:31:16.010Z] fatal: not a git repository (or any of the parent directories): .git
[2022-08-15T08:31:16.024Z] > git rev-parse --show-toplevel [2ms]
[2022-08-15T08:31:16.024Z] fatal: not a git repository (or any of the parent directories): .git
[2022-08-15T08:31:16.038Z] > git rev-parse --show-toplevel [7ms]
[2022-08-15T08:31:16.038Z] fatal: not a git repository (or any of the parent directories): .git
[2022-08-15T08:31:16.047Z] > git rev-parse --show-toplevel [1ms]
[2022-08-15T08:31:16.047Z] fatal: not a git repository (or any of the parent directories): .git
[2022-08-15T08:31:16.055Z] > git rev-parse --show-toplevel [1ms]
[2022-08-15T08:31:16.055Z] fatal: not a git repository (or any of the parent directories): .git
[2022-08-15T08:31:16.063Z] > git rev-parse --show-toplevel [1ms]
[2022-08-15T08:31:16.063Z] fatal: not a git repository (or any of the parent directories): .git
[2022-08-15T08:31:16.070Z] > git rev-parse --show-toplevel [0ms]
[2022-08-15T08:31:16.070Z] fatal: not a git repository (or any of the parent directories): .git
[2022-08-15T08:31:16.078Z] > git rev-parse --show-toplevel [1ms]
[2022-08-15T08:31:16.078Z] fatal: not a git repository (or any of the parent directories): .git
[2022-08-15T08:31:18.398Z] > git rev-parse --show-toplevel [4ms]
[2022-08-15T08:31:18.398Z] fatal: not a git repository (or any of the parent directories): .git
[2022-08-15T08:31:18.416Z] > git rev-parse --show-toplevel [1ms]
[2022-08-15T08:31:18.416Z] fatal: not a git repository (or any of the parent directories): .git
[2022-08-15T08:31:18.451Z] > git rev-parse --show-toplevel [9ms]
[2022-08-15T08:31:18.451Z] fatal: not a git repository (or any of the parent directories): .git
[2022-08-15T08:31:18.462Z] > git rev-parse --show-toplevel [2ms]
[2022-08-15T08:31:18.462Z] fatal: not a git repository (or any of the parent directories): .git
[2022-08-15T08:37:59.461Z] > git rev-parse --show-toplevel [3ms]
[2022-08-15T08:37:59.461Z] fatal: not a git repository (or any of the parent directories): .git
[2022-08-15T09:00:15.455Z] > git rev-parse --show-toplevel [1ms]
[2022-08-15T09:00:15.455Z] fatal: not a git repository (or any of the parent directories): .git
