[2022-08-19T00:33:25.122Z] ログ レベル: Info
[2022-08-19T00:33:25.128Z] [info] Git の検証が検出されました: git
[2022-08-19T00:33:25.153Z] [info] git から Git 2.34.1 を使用しています
[2022-08-19T00:33:25.193Z] > git rev-parse --show-toplevel [29ms]
[2022-08-19T00:33:25.193Z] fatal: not a git repository (or any of the parent directories): .git
[2022-08-19T00:33:25.202Z] > git rev-parse --show-toplevel [2ms]
[2022-08-19T00:33:25.202Z] fatal: not a git repository (or any of the parent directories): .git
[2022-08-19T00:33:25.209Z] > git rev-parse --show-toplevel [3ms]
[2022-08-19T00:33:25.209Z] fatal: not a git repository (or any of the parent directories): .git
[2022-08-19T00:33:25.218Z] > git rev-parse --show-toplevel [5ms]
[2022-08-19T00:33:25.218Z] fatal: not a git repository (or any of the parent directories): .git
[2022-08-19T00:33:25.225Z] > git rev-parse --show-toplevel [3ms]
[2022-08-19T00:33:25.225Z] fatal: not a git repository (or any of the parent directories): .git
[2022-08-19T00:33:25.231Z] > git rev-parse --show-toplevel [2ms]
[2022-08-19T00:33:25.231Z] fatal: not a git repository (or any of the parent directories): .git
[2022-08-19T00:33:25.239Z] > git rev-parse --show-toplevel [4ms]
[2022-08-19T00:33:25.239Z] fatal: not a git repository (or any of the parent directories): .git
[2022-08-19T00:33:25.244Z] > git rev-parse --show-toplevel [2ms]
[2022-08-19T00:33:25.245Z] fatal: not a git repository (or any of the parent directories): .git
[2022-08-19T00:33:25.249Z] > git rev-parse --show-toplevel [1ms]
[2022-08-19T00:33:25.249Z] fatal: not a git repository (or any of the parent directories): .git
[2022-08-19T00:33:25.254Z] > git rev-parse --show-toplevel [2ms]
[2022-08-19T00:33:25.254Z] fatal: not a git repository (or any of the parent directories): .git
[2022-08-19T00:33:28.123Z] > git rev-parse --show-toplevel [1ms]
[2022-08-19T00:33:28.123Z] fatal: not a git repository (or any of the parent directories): .git
[2022-08-19T00:33:28.512Z] > git rev-parse --show-toplevel [1ms]
[2022-08-19T00:33:28.512Z] fatal: not a git repository (or any of the parent directories): .git
[2022-08-19T01:54:52.509Z] > git rev-parse --show-toplevel [2ms]
[2022-08-19T01:54:52.509Z] fatal: not a git repository (or any of the parent directories): .git
