[2022-08-15T04:03:07.072Z] ログ レベル: Info
[2022-08-15T04:03:07.077Z] [info] Git の検証が検出されました: git
[2022-08-15T04:03:07.111Z] [info] git から Git 2.34.1 を使用しています
[2022-08-15T04:03:07.151Z] > git rev-parse --show-toplevel [24ms]
[2022-08-15T04:03:07.151Z] fatal: not a git repository (or any of the parent directories): .git
[2022-08-15T04:03:07.168Z] > git rev-parse --show-toplevel [6ms]
[2022-08-15T04:03:07.168Z] fatal: not a git repository (or any of the parent directories): .git
[2022-08-15T04:03:07.177Z] > git rev-parse --show-toplevel [1ms]
[2022-08-15T04:03:07.177Z] fatal: not a git repository (or any of the parent directories): .git
[2022-08-15T04:03:07.185Z] > git rev-parse --show-toplevel [1ms]
[2022-08-15T04:03:07.185Z] fatal: not a git repository (or any of the parent directories): .git
[2022-08-15T04:03:07.192Z] > git rev-parse --show-toplevel [0ms]
[2022-08-15T04:03:07.192Z] fatal: not a git repository (or any of the parent directories): .git
[2022-08-15T04:03:07.388Z] > git rev-parse --show-toplevel [189ms]
[2022-08-15T04:03:07.388Z] fatal: not a git repository (or any of the parent directories): .git
[2022-08-15T04:03:07.402Z] > git rev-parse --show-toplevel [6ms]
[2022-08-15T04:03:07.402Z] fatal: not a git repository (or any of the parent directories): .git
[2022-08-15T04:03:07.412Z] > git rev-parse --show-toplevel [2ms]
[2022-08-15T04:03:07.412Z] fatal: not a git repository (or any of the parent directories): .git
[2022-08-15T04:03:11.059Z] > git rev-parse --show-toplevel [1ms]
[2022-08-15T04:03:11.059Z] fatal: not a git repository (or any of the parent directories): .git
[2022-08-15T04:03:11.954Z] > git rev-parse --show-toplevel [7ms]
[2022-08-15T04:03:11.954Z] fatal: not a git repository (or any of the parent directories): .git
[2022-08-15T04:03:12.006Z] > git rev-parse --show-toplevel [1ms]
[2022-08-15T04:03:12.006Z] fatal: not a git repository (or any of the parent directories): .git
[2022-08-15T04:03:12.119Z] > git rev-parse --show-toplevel [0ms]
[2022-08-15T04:03:12.119Z] fatal: not a git repository (or any of the parent directories): .git
[2022-08-15T04:03:12.138Z] > git rev-parse --show-toplevel [1ms]
[2022-08-15T04:03:12.138Z] fatal: not a git repository (or any of the parent directories): .git
[2022-08-15T04:03:12.150Z] > git rev-parse --show-toplevel [5ms]
[2022-08-15T04:03:12.150Z] fatal: not a git repository (or any of the parent directories): .git
[2022-08-15T04:03:12.522Z] > git rev-parse --show-toplevel [1ms]
[2022-08-15T04:03:12.522Z] fatal: not a git repository (or any of the parent directories): .git
[2022-08-15T04:03:12.761Z] > git rev-parse --show-toplevel [2ms]
[2022-08-15T04:03:12.761Z] fatal: not a git repository (or any of the parent directories): .git
[2022-08-15T04:52:41.529Z] > git rev-parse --show-toplevel [6ms]
[2022-08-15T04:52:41.529Z] fatal: not a git repository (or any of the parent directories): .git
[2022-08-15T04:53:09.788Z] > git rev-parse --show-toplevel [3ms]
[2022-08-15T04:53:09.788Z] fatal: not a git repository (or any of the parent directories): .git
[2022-08-15T04:55:20.836Z] > git rev-parse --show-toplevel [1ms]
[2022-08-15T04:55:20.836Z] fatal: not a git repository (or any of the parent directories): .git
[2022-08-15T05:02:28.271Z] > git rev-parse --show-toplevel [0ms]
[2022-08-15T05:02:28.271Z] fatal: not a git repository (or any of the parent directories): .git
