[2022-08-23T07:38:32.299Z] ログ レベル: Info
[2022-08-23T07:38:32.304Z] [info] Git の検証が検出されました: git
[2022-08-23T07:38:32.343Z] [info] git から Git 2.34.1 を使用しています
[2022-08-23T07:38:32.387Z] > git rev-parse --show-toplevel [27ms]
[2022-08-23T07:38:32.406Z] > git rev-parse --git-dir --git-common-dir [6ms]
[2022-08-23T07:38:32.412Z] [info] Open repository: /home/miura
[2022-08-23T07:38:32.642Z] > git status -z -uall [218ms]
[2022-08-23T07:38:32.660Z] > git symbolic-ref --short HEAD [6ms]
[2022-08-23T07:38:32.688Z] > git for-each-ref --format=%(refname)%00%(upstream:short)%00%(objectname)%00%(upstream:track)%00%(upstream:remotename)%00%(upstream:remoteref) refs/heads/master refs/remotes/master [17ms]
[2022-08-23T07:38:32.708Z] > git remote --verbose [2ms]
[2022-08-23T07:38:32.708Z] > git for-each-ref --sort -committerdate --format %(refname) %(objectname) %(*objectname) [10ms]
[2022-08-23T07:38:32.733Z] > git config --get commit.template [6ms]
[2022-08-23T07:38:32.837Z] > git status -z -uall [93ms]
[2022-08-23T07:38:32.851Z] > git symbolic-ref --short HEAD [2ms]
[2022-08-23T07:38:32.861Z] > git for-each-ref --format=%(refname)%00%(upstream:short)%00%(objectname)%00%(upstream:track)%00%(upstream:remotename)%00%(upstream:remoteref) refs/heads/master refs/remotes/master [1ms]
[2022-08-23T07:38:32.880Z] > git for-each-ref --sort -committerdate --format %(refname) %(objectname) %(*objectname) [10ms]
[2022-08-23T07:38:32.880Z] > git remote --verbose [1ms]
[2022-08-23T07:38:32.894Z] > git config --get commit.template [2ms]
[2022-08-23T07:38:33.258Z] > git check-ignore -v -z --stdin [18ms]
[2022-08-23T07:38:33.283Z] > git show --textconv :index.py [11ms]
[2022-08-23T07:38:33.287Z] > git ls-files --stage -- /home/miura/index.py [5ms]
[2022-08-23T07:38:33.402Z] > git cat-file -s 714fc71f387addc60c00b1a29d802f90de3f212b [106ms]
[2022-08-23T07:46:09.318Z] > git check-ignore -v -z --stdin [8ms]
[2022-08-23T07:46:15.616Z] > git check-ignore -v -z --stdin [10ms]
[2022-08-23T07:46:17.277Z] > git check-ignore -v -z --stdin [8ms]
[2022-08-23T07:50:00.402Z] > git ls-files --stage -- /home/miura/index.py [5ms]
[2022-08-23T07:50:00.409Z] > git cat-file -s 714fc71f387addc60c00b1a29d802f90de3f212b [1ms]
[2022-08-23T07:51:36.600Z] > git status -z -uall [56ms]
[2022-08-23T07:51:36.607Z] > git symbolic-ref --short HEAD [1ms]
[2022-08-23T07:51:36.613Z] > git for-each-ref --format=%(refname)%00%(upstream:short)%00%(objectname)%00%(upstream:track)%00%(upstream:remotename)%00%(upstream:remoteref) refs/heads/feature/return-comment-list refs/remotes/feature/return-comment-list [1ms]
[2022-08-23T07:51:36.623Z] > git remote --verbose [1ms]
[2022-08-23T07:51:36.623Z] > git for-each-ref --sort -committerdate --format %(refname) %(objectname) %(*objectname) [5ms]
[2022-08-23T07:51:36.632Z] > git config --get commit.template [1ms]
[2022-08-23T07:51:36.784Z] > git ls-files --stage -- /home/miura/index.py [6ms]
[2022-08-23T07:51:36.790Z] > git cat-file -s 714fc71f387addc60c00b1a29d802f90de3f212b [1ms]
[2022-08-23T07:51:36.890Z] > git show --textconv :index.py [5ms]
[2022-08-23T07:51:45.692Z] > git status -z -uall [53ms]
[2022-08-23T07:51:45.699Z] > git symbolic-ref --short HEAD [1ms]
[2022-08-23T07:51:45.705Z] > git for-each-ref --format=%(refname)%00%(upstream:short)%00%(objectname)%00%(upstream:track)%00%(upstream:remotename)%00%(upstream:remoteref) refs/heads/feature/return-comment-list refs/remotes/feature/return-comment-list [1ms]
[2022-08-23T07:51:45.714Z] > git for-each-ref --sort -committerdate --format %(refname) %(objectname) %(*objectname) [5ms]
[2022-08-23T07:51:45.715Z] > git remote --verbose [2ms]
[2022-08-23T07:51:45.722Z] > git config --get commit.template [1ms]
[2022-08-23T07:53:18.291Z] > git status -z -uall [56ms]
[2022-08-23T07:53:18.298Z] > git symbolic-ref --short HEAD [1ms]
[2022-08-23T07:53:18.305Z] > git for-each-ref --format=%(refname)%00%(upstream:short)%00%(objectname)%00%(upstream:track)%00%(upstream:remotename)%00%(upstream:remoteref) refs/heads/feature/return-comment-list refs/remotes/feature/return-comment-list [1ms]
[2022-08-23T07:53:18.314Z] > git for-each-ref --sort -committerdate --format %(refname) %(objectname) %(*objectname) [4ms]
[2022-08-23T07:53:18.315Z] > git remote --verbose [1ms]
[2022-08-23T07:53:18.322Z] > git config --get commit.template [1ms]
[2022-08-23T07:53:26.054Z] > git status -z -uall [54ms]
[2022-08-23T07:53:26.061Z] > git symbolic-ref --short HEAD [1ms]
[2022-08-23T07:53:26.067Z] > git for-each-ref --format=%(refname)%00%(upstream:short)%00%(objectname)%00%(upstream:track)%00%(upstream:remotename)%00%(upstream:remoteref) refs/heads/feature/return-comment-list refs/remotes/feature/return-comment-list [1ms]
[2022-08-23T07:53:26.076Z] > git for-each-ref --sort -committerdate --format %(refname) %(objectname) %(*objectname) [4ms]
[2022-08-23T07:53:26.077Z] > git remote --verbose [1ms]
[2022-08-23T07:53:26.085Z] > git config --get commit.template [0ms]
[2022-08-23T07:53:26.143Z] > git ls-files --stage -- /home/miura/index.py [5ms]
[2022-08-23T07:53:26.148Z] > git cat-file -s 714fc71f387addc60c00b1a29d802f90de3f212b [1ms]
[2022-08-23T07:53:26.221Z] > git show --textconv :index.py [4ms]
[2022-08-23T07:54:03.102Z] > git status -z -uall [53ms]
[2022-08-23T07:54:03.110Z] > git symbolic-ref --short HEAD [1ms]
[2022-08-23T07:54:03.116Z] > git for-each-ref --format=%(refname)%00%(upstream:short)%00%(objectname)%00%(upstream:track)%00%(upstream:remotename)%00%(upstream:remoteref) refs/heads/feature/return-comment-list refs/remotes/feature/return-comment-list [1ms]
[2022-08-23T07:54:03.125Z] > git for-each-ref --sort -committerdate --format %(refname) %(objectname) %(*objectname) [5ms]
[2022-08-23T07:54:03.125Z] > git remote --verbose [1ms]
[2022-08-23T07:54:03.132Z] > git config --get commit.template [1ms]
[2022-08-23T07:54:20.774Z] > git status -z -uall [53ms]
[2022-08-23T07:54:20.781Z] > git symbolic-ref --short HEAD [1ms]
[2022-08-23T07:54:20.787Z] > git for-each-ref --format=%(refname)%00%(upstream:short)%00%(objectname)%00%(upstream:track)%00%(upstream:remotename)%00%(upstream:remoteref) refs/heads/feature/return-comment-list refs/remotes/feature/return-comment-list [1ms]
[2022-08-23T07:54:20.795Z] > git for-each-ref --sort -committerdate --format %(refname) %(objectname) %(*objectname) [4ms]
[2022-08-23T07:54:20.796Z] > git remote --verbose [1ms]
[2022-08-23T07:54:20.803Z] > git config --get commit.template [1ms]
[2022-08-23T07:54:31.784Z] > git status -z -uall [53ms]
[2022-08-23T07:54:31.791Z] > git symbolic-ref --short HEAD [1ms]
[2022-08-23T07:54:31.797Z] > git for-each-ref --format=%(refname)%00%(upstream:short)%00%(objectname)%00%(upstream:track)%00%(upstream:remotename)%00%(upstream:remoteref) refs/heads/master refs/remotes/master [1ms]
[2022-08-23T07:54:31.807Z] > git remote --verbose [2ms]
[2022-08-23T07:54:31.807Z] > git for-each-ref --sort -committerdate --format %(refname) %(objectname) %(*objectname) [6ms]
[2022-08-23T07:54:31.814Z] > git config --get commit.template [1ms]
[2022-08-23T07:54:32.193Z] > git ls-files --stage -- /home/miura/index.py [6ms]
[2022-08-23T07:54:32.199Z] > git cat-file -s 714fc71f387addc60c00b1a29d802f90de3f212b [1ms]
[2022-08-23T07:54:32.246Z] > git show --textconv :index.py [4ms]
[2022-08-23T07:54:38.647Z] > git status -z -uall [54ms]
[2022-08-23T07:54:38.655Z] > git symbolic-ref --short HEAD [1ms]
[2022-08-23T07:54:38.661Z] > git for-each-ref --format=%(refname)%00%(upstream:short)%00%(objectname)%00%(upstream:track)%00%(upstream:remotename)%00%(upstream:remoteref) refs/heads/master refs/remotes/master [1ms]
[2022-08-23T07:54:38.671Z] > git for-each-ref --sort -committerdate --format %(refname) %(objectname) %(*objectname) [5ms]
[2022-08-23T07:54:38.672Z] > git remote --verbose [2ms]
[2022-08-23T07:54:38.678Z] > git config --get commit.template [1ms]
