[2022-08-24T07:21:41.741Z] ログ レベル: Info
[2022-08-24T07:21:41.746Z] [info] Git の検証が検出されました: git
[2022-08-24T07:21:41.783Z] [info] git から Git 2.34.1 を使用しています
[2022-08-24T07:21:41.828Z] > git rev-parse --show-toplevel [29ms]
[2022-08-24T07:21:41.845Z] > git rev-parse --git-dir --git-common-dir [4ms]
[2022-08-24T07:21:41.851Z] [info] Open repository: /home/miura
[2022-08-24T07:21:42.078Z] > git status -z -uall [214ms]
[2022-08-24T07:21:42.097Z] > git symbolic-ref --short HEAD [6ms]
[2022-08-24T07:21:42.109Z] > git for-each-ref --format=%(refname)%00%(upstream:short)%00%(objectname)%00%(upstream:track)%00%(upstream:remotename)%00%(upstream:remoteref) refs/heads/feature/shape-list refs/remotes/feature/shape-list [2ms]
[2022-08-24T07:21:42.128Z] > git for-each-ref --sort -committerdate --format %(refname) %(objectname) %(*objectname) [10ms]
[2022-08-24T07:21:42.143Z] > git remote --verbose [17ms]
[2022-08-24T07:21:42.173Z] > git config --get commit.template [5ms]
[2022-08-24T07:21:42.398Z] > git status -z -uall [214ms]
[2022-08-24T07:21:42.413Z] > git symbolic-ref --short HEAD [2ms]
[2022-08-24T07:21:42.425Z] > git for-each-ref --format=%(refname)%00%(upstream:short)%00%(objectname)%00%(upstream:track)%00%(upstream:remotename)%00%(upstream:remoteref) refs/heads/feature/shape-list refs/remotes/feature/shape-list [1ms]
[2022-08-24T07:21:42.442Z] > git for-each-ref --sort -committerdate --format %(refname) %(objectname) %(*objectname) [9ms]
[2022-08-24T07:21:42.443Z] > git remote --verbose [2ms]
[2022-08-24T07:21:42.460Z] > git config --get commit.template [1ms]
[2022-08-24T07:21:42.822Z] > git check-ignore -v -z --stdin [21ms]
[2022-08-24T07:21:43.352Z] > git show --textconv :index.py [32ms]
[2022-08-24T07:21:43.352Z] > git ls-files --stage -- /home/miura/index.py [21ms]
[2022-08-24T07:21:43.363Z] > git cat-file -s 36462e744cc998a882ffc13baca45ed2a6645174 [2ms]
[2022-08-24T07:23:16.231Z] > git show --textconv :database.py [8ms]
[2022-08-24T07:23:16.235Z] > git ls-files --stage -- /home/miura/database.py [6ms]
[2022-08-24T07:23:16.242Z] > git cat-file -s e3ba82f3486d1510e27589e6848be7e4dbad6b1b [2ms]
[2022-08-24T07:35:02.776Z] > git show --textconv :index.py [6ms]
[2022-08-24T07:35:02.781Z] > git ls-files --stage -- /home/miura/index.py [5ms]
[2022-08-24T07:35:02.787Z] > git cat-file -s 36462e744cc998a882ffc13baca45ed2a6645174 [1ms]
[2022-08-24T07:35:07.987Z] > git show --textconv :templates/next-page.html [7ms]
[2022-08-24T07:35:07.991Z] > git ls-files --stage -- /home/miura/templates/next-page.html [5ms]
[2022-08-24T07:35:07.997Z] > git cat-file -s a219c0fd46844159e09cde75adfa8a399edf1853 [0ms]
[2022-08-24T07:35:08.457Z] > git show --textconv :templates/first-page.html [7ms]
[2022-08-24T07:35:08.461Z] > git ls-files --stage -- /home/miura/templates/first-page.html [5ms]
[2022-08-24T07:35:08.467Z] > git cat-file -s 460e5101e5f53aee10fca4cace3447f76a4df7f1 [1ms]
[2022-08-24T07:43:18.363Z] > git show --textconv :templates/next-page.html [8ms]
[2022-08-24T07:43:18.366Z] > git ls-files --stage -- /home/miura/templates/next-page.html [4ms]
[2022-08-24T07:43:18.373Z] > git cat-file -s a219c0fd46844159e09cde75adfa8a399edf1853 [1ms]
[2022-08-24T07:43:23.565Z] > git show --textconv :templates/first-page.html [10ms]
[2022-08-24T07:43:23.565Z] > git ls-files --stage -- /home/miura/templates/first-page.html [5ms]
[2022-08-24T07:43:23.573Z] > git cat-file -s 460e5101e5f53aee10fca4cace3447f76a4df7f1 [2ms]
[2022-08-24T07:48:29.697Z] > git status -z -uall [67ms]
[2022-08-24T07:48:29.705Z] > git symbolic-ref --short HEAD [1ms]
[2022-08-24T07:48:29.713Z] > git for-each-ref --format=%(refname)%00%(upstream:short)%00%(objectname)%00%(upstream:track)%00%(upstream:remotename)%00%(upstream:remoteref) refs/heads/feature/shape-list refs/remotes/feature/shape-list [1ms]
[2022-08-24T07:48:29.724Z] > git for-each-ref --sort -committerdate --format %(refname) %(objectname) %(*objectname) [6ms]
[2022-08-24T07:48:29.724Z] > git remote --verbose [1ms]
[2022-08-24T07:48:29.739Z] > git config --get commit.template [0ms]
[2022-08-24T07:48:41.079Z] > git show --textconv :index.py [9ms]
[2022-08-24T07:48:41.083Z] > git ls-files --stage -- /home/miura/index.py [6ms]
[2022-08-24T07:48:41.090Z] > git cat-file -s 36462e744cc998a882ffc13baca45ed2a6645174 [1ms]
[2022-08-24T07:48:48.187Z] > git status -z -uall [63ms]
[2022-08-24T07:48:48.195Z] > git symbolic-ref --short HEAD [1ms]
[2022-08-24T07:48:48.202Z] > git for-each-ref --format=%(refname)%00%(upstream:short)%00%(objectname)%00%(upstream:track)%00%(upstream:remotename)%00%(upstream:remoteref) refs/heads/feature/shape-list refs/remotes/feature/shape-list [1ms]
[2022-08-24T07:48:48.214Z] > git for-each-ref --sort -committerdate --format %(refname) %(objectname) %(*objectname) [6ms]
[2022-08-24T07:48:48.214Z] > git remote --verbose [1ms]
[2022-08-24T07:48:48.235Z] > git config --get commit.template [1ms]
[2022-08-24T07:49:33.104Z] > git status -z -uall [64ms]
[2022-08-24T07:49:33.112Z] > git symbolic-ref --short HEAD [0ms]
[2022-08-24T07:49:33.120Z] > git for-each-ref --format=%(refname)%00%(upstream:short)%00%(objectname)%00%(upstream:track)%00%(upstream:remotename)%00%(upstream:remoteref) refs/heads/feature/shape-list refs/remotes/feature/shape-list [1ms]
[2022-08-24T07:49:33.130Z] > git for-each-ref --sort -committerdate --format %(refname) %(objectname) %(*objectname) [5ms]
[2022-08-24T07:49:33.131Z] > git remote --verbose [2ms]
[2022-08-24T07:49:33.146Z] > git config --get commit.template [0ms]
[2022-08-24T07:49:52.182Z] > git show --textconv :templates/next-page.html [7ms]
[2022-08-24T07:49:52.186Z] > git ls-files --stage -- /home/miura/templates/next-page.html [5ms]
[2022-08-24T07:49:52.193Z] > git cat-file -s a219c0fd46844159e09cde75adfa8a399edf1853 [1ms]
[2022-08-24T07:50:22.999Z] > git show --textconv :templates/first-page.html [7ms]
[2022-08-24T07:50:23.003Z] > git ls-files --stage -- /home/miura/templates/first-page.html [5ms]
[2022-08-24T07:50:23.010Z] > git cat-file -s 460e5101e5f53aee10fca4cace3447f76a4df7f1 [1ms]
[2022-08-24T08:19:39.433Z] > git show --textconv :database.py [7ms]
[2022-08-24T08:19:39.438Z] > git ls-files --stage -- /home/miura/database.py [6ms]
[2022-08-24T08:19:39.444Z] > git cat-file -s e3ba82f3486d1510e27589e6848be7e4dbad6b1b [1ms]
