[2022-08-23T06:27:23.286Z] ログ レベル: Info
[2022-08-23T06:27:23.292Z] [info] Git の検証が検出されました: git
[2022-08-23T06:27:23.326Z] [info] git から Git 2.34.1 を使用しています
[2022-08-23T06:27:23.368Z] > git rev-parse --show-toplevel [25ms]
[2022-08-23T06:27:23.368Z] fatal: not a git repository (or any of the parent directories): .git
[2022-08-23T06:27:23.387Z] > git rev-parse --show-toplevel [6ms]
[2022-08-23T06:27:23.387Z] fatal: not a git repository (or any of the parent directories): .git
[2022-08-23T06:27:23.398Z] > git rev-parse --show-toplevel [2ms]
[2022-08-23T06:27:23.398Z] fatal: not a git repository (or any of the parent directories): .git
[2022-08-23T06:27:23.407Z] > git rev-parse --show-toplevel [1ms]
[2022-08-23T06:27:23.407Z] fatal: not a git repository (or any of the parent directories): .git
[2022-08-23T06:27:23.618Z] > git rev-parse --show-toplevel [203ms]
[2022-08-23T06:27:23.618Z] fatal: not a git repository (or any of the parent directories): .git
[2022-08-23T06:27:23.637Z] > git rev-parse --show-toplevel [6ms]
[2022-08-23T06:27:23.637Z] fatal: not a git repository (or any of the parent directories): .git
[2022-08-23T06:27:23.649Z] > git rev-parse --show-toplevel [2ms]
[2022-08-23T06:27:23.649Z] fatal: not a git repository (or any of the parent directories): .git
[2022-08-23T06:27:23.676Z] > git rev-parse --show-toplevel [18ms]
[2022-08-23T06:27:23.676Z] fatal: not a git repository (or any of the parent directories): .git
[2022-08-23T06:27:23.686Z] > git rev-parse --show-toplevel [1ms]
[2022-08-23T06:27:23.686Z] fatal: not a git repository (or any of the parent directories): .git
[2022-08-23T06:27:23.702Z] > git rev-parse --show-toplevel [8ms]
[2022-08-23T06:27:23.702Z] fatal: not a git repository (or any of the parent directories): .git
[2022-08-23T06:27:24.593Z] > git rev-parse --show-toplevel [23ms]
[2022-08-23T06:27:24.593Z] fatal: not a git repository (or any of the parent directories): .git
[2022-08-23T06:27:24.612Z] > git rev-parse --show-toplevel [1ms]
[2022-08-23T06:27:24.612Z] fatal: not a git repository (or any of the parent directories): .git
[2022-08-23T06:37:28.432Z] > git rev-parse --show-toplevel [1ms]
[2022-08-23T06:37:28.439Z] > git rev-parse --git-dir --git-common-dir [1ms]
[2022-08-23T06:37:28.446Z] [info] Open repository: /home/miura
[2022-08-23T06:37:28.858Z] > git show --textconv :index.py [7ms]
[2022-08-23T06:37:28.859Z] > git ls-files --stage -- /home/miura/index.py [2ms]
[2022-08-23T06:37:28.966Z] > git status -z -uall [512ms]
[2022-08-23T06:37:29.056Z] > git check-ignore -v -z --stdin [1ms]
[2022-08-23T06:37:35.726Z] > git symbolic-ref --short HEAD [2ms]
[2022-08-23T06:37:35.733Z] > git for-each-ref --format=%(refname)%00%(upstream:short)%00%(objectname)%00%(upstream:track)%00%(upstream:remotename)%00%(upstream:remoteref) refs/heads/master refs/remotes/master [1ms]
[2022-08-23T06:37:35.744Z] > git for-each-ref --sort -committerdate --format %(refname) %(objectname) %(*objectname) [6ms]
[2022-08-23T06:37:35.744Z] > git remote --verbose [1ms]
[2022-08-23T06:37:38.070Z] > git config --get commit.template [15ms]
[2022-08-23T06:37:38.197Z] > git status -z -uall [115ms]
[2022-08-23T06:37:38.200Z] > git symbolic-ref --short HEAD [6ms]
[2022-08-23T06:37:38.211Z] > git for-each-ref --format=%(refname)%00%(upstream:short)%00%(objectname)%00%(upstream:track)%00%(upstream:remotename)%00%(upstream:remoteref) refs/heads/master refs/remotes/master [2ms]
[2022-08-23T06:37:38.227Z] > git for-each-ref --sort -committerdate --format %(refname) %(objectname) %(*objectname) [9ms]
[2022-08-23T06:37:38.227Z] > git remote --verbose [2ms]
[2022-08-23T06:37:42.318Z] > git config --get commit.template [3959ms]
[2022-08-23T06:38:00.624Z] > git show --textconv :.gitignore [8ms]
[2022-08-23T06:38:00.625Z] > git ls-files --stage -- /home/miura/.gitignore [2ms]
[2022-08-23T06:38:04.388Z] > git show --textconv :index.py [6ms]
[2022-08-23T06:38:04.389Z] > git ls-files --stage -- /home/miura/index.py [1ms]
