[2022-08-24T04:03:49.332Z] ログ レベル: Info
[2022-08-24T04:03:49.338Z] [info] Git の検証が検出されました: git
[2022-08-24T04:03:49.364Z] [info] git から Git 2.34.1 を使用しています
[2022-08-24T04:03:49.408Z] > git rev-parse --show-toplevel [32ms]
[2022-08-24T04:03:49.418Z] > git rev-parse --git-dir --git-common-dir [3ms]
[2022-08-24T04:03:49.425Z] [info] Open repository: /home/miura
[2022-08-24T04:03:49.543Z] > git status -z -uall [111ms]
[2022-08-24T04:03:49.549Z] > git symbolic-ref --short HEAD [1ms]
[2022-08-24T04:03:49.554Z] > git for-each-ref --format=%(refname)%00%(upstream:short)%00%(objectname)%00%(upstream:track)%00%(upstream:remotename)%00%(upstream:remoteref) refs/heads/feature/shape-list refs/remotes/feature/shape-list [1ms]
[2022-08-24T04:03:49.575Z] > git for-each-ref --sort -committerdate --format %(refname) %(objectname) %(*objectname) [5ms]
[2022-08-24T04:03:49.576Z] > git remote --verbose [3ms]
[2022-08-24T04:03:49.614Z] > git config --get commit.template [22ms]
[2022-08-24T04:03:49.809Z] > git status -z -uall [189ms]
[2022-08-24T04:03:49.817Z] > git symbolic-ref --short HEAD [3ms]
[2022-08-24T04:03:49.823Z] > git for-each-ref --format=%(refname)%00%(upstream:short)%00%(objectname)%00%(upstream:track)%00%(upstream:remotename)%00%(upstream:remoteref) refs/heads/feature/shape-list refs/remotes/feature/shape-list [1ms]
[2022-08-24T04:03:49.831Z] > git for-each-ref --sort -committerdate --format %(refname) %(objectname) %(*objectname) [5ms]
[2022-08-24T04:03:49.832Z] > git remote --verbose [2ms]
[2022-08-24T04:03:49.843Z] > git config --get commit.template [1ms]
[2022-08-24T04:03:50.161Z] > git check-ignore -v -z --stdin [27ms]
[2022-08-24T04:03:50.163Z] > git show --textconv :templates/first-page.html [7ms]
[2022-08-24T04:03:50.167Z] > git ls-files --stage -- /home/miura/templates/first-page.html [7ms]
[2022-08-24T04:03:50.172Z] > git cat-file -s 460e5101e5f53aee10fca4cace3447f76a4df7f1 [1ms]
[2022-08-24T04:08:09.083Z] > git show --textconv :templates/next-page.html [6ms]
[2022-08-24T04:08:09.086Z] > git ls-files --stage -- /home/miura/templates/next-page.html [5ms]
[2022-08-24T04:08:09.091Z] > git cat-file -s a219c0fd46844159e09cde75adfa8a399edf1853 [1ms]
[2022-08-24T04:18:11.078Z] > git show --textconv :static/style.css [6ms]
[2022-08-24T04:18:11.081Z] > git ls-files --stage -- /home/miura/static/style.css [5ms]
[2022-08-24T04:18:11.085Z] > git cat-file -s 9c0ef8043f4a7098e4c38e2c57817cb2bb9bae82 [1ms]
[2022-08-24T04:18:15.235Z] > git show --textconv :templates/next-page.html [5ms]
[2022-08-24T04:18:15.239Z] > git ls-files --stage -- /home/miura/templates/next-page.html [5ms]
[2022-08-24T04:18:15.244Z] > git cat-file -s a219c0fd46844159e09cde75adfa8a399edf1853 [1ms]
[2022-08-24T04:18:33.608Z] > git show --textconv :static/style.css [5ms]
[2022-08-24T04:18:33.612Z] > git ls-files --stage -- /home/miura/static/style.css [5ms]
[2022-08-24T04:18:33.617Z] > git cat-file -s 9c0ef8043f4a7098e4c38e2c57817cb2bb9bae82 [1ms]
[2022-08-24T04:18:37.211Z] > git show --textconv :templates/next-page.html [5ms]
[2022-08-24T04:18:37.215Z] > git ls-files --stage -- /home/miura/templates/next-page.html [5ms]
[2022-08-24T04:18:37.220Z] > git cat-file -s a219c0fd46844159e09cde75adfa8a399edf1853 [1ms]
[2022-08-24T04:18:42.545Z] > git status -z -uall [66ms]
[2022-08-24T04:18:42.551Z] > git symbolic-ref --short HEAD [0ms]
[2022-08-24T04:18:42.556Z] > git for-each-ref --format=%(refname)%00%(upstream:short)%00%(objectname)%00%(upstream:track)%00%(upstream:remotename)%00%(upstream:remoteref) refs/heads/feature/shape-list refs/remotes/feature/shape-list [1ms]
[2022-08-24T04:18:42.564Z] > git remote --verbose [2ms]
[2022-08-24T04:18:42.564Z] > git for-each-ref --sort -committerdate --format %(refname) %(objectname) %(*objectname) [5ms]
[2022-08-24T04:18:42.578Z] > git config --get commit.template [1ms]
[2022-08-24T04:19:08.022Z] > git show --textconv :static/style.css [5ms]
[2022-08-24T04:19:08.026Z] > git ls-files --stage -- /home/miura/static/style.css [5ms]
[2022-08-24T04:19:08.031Z] > git cat-file -s 9c0ef8043f4a7098e4c38e2c57817cb2bb9bae82 [1ms]
[2022-08-24T04:19:09.218Z] > git show --textconv :templates/next-page.html [5ms]
[2022-08-24T04:19:09.222Z] > git ls-files --stage -- /home/miura/templates/next-page.html [5ms]
[2022-08-24T04:19:09.226Z] > git cat-file -s a219c0fd46844159e09cde75adfa8a399edf1853 [1ms]
[2022-08-24T04:19:12.966Z] > git status -z -uall [62ms]
[2022-08-24T04:19:12.971Z] > git symbolic-ref --short HEAD [1ms]
[2022-08-24T04:19:12.976Z] > git for-each-ref --format=%(refname)%00%(upstream:short)%00%(objectname)%00%(upstream:track)%00%(upstream:remotename)%00%(upstream:remoteref) refs/heads/feature/shape-list refs/remotes/feature/shape-list [1ms]
[2022-08-24T04:19:12.984Z] > git for-each-ref --sort -committerdate --format %(refname) %(objectname) %(*objectname) [4ms]
[2022-08-24T04:19:12.984Z] > git remote --verbose [1ms]
[2022-08-24T04:19:12.998Z] > git config --get commit.template [1ms]
[2022-08-24T04:19:57.402Z] > git status -z -uall [62ms]
[2022-08-24T04:19:57.408Z] > git symbolic-ref --short HEAD [1ms]
[2022-08-24T04:19:57.413Z] > git for-each-ref --format=%(refname)%00%(upstream:short)%00%(objectname)%00%(upstream:track)%00%(upstream:remotename)%00%(upstream:remoteref) refs/heads/feature/shape-list refs/remotes/feature/shape-list [1ms]
[2022-08-24T04:19:57.420Z] > git for-each-ref --sort -committerdate --format %(refname) %(objectname) %(*objectname) [4ms]
[2022-08-24T04:19:57.421Z] > git remote --verbose [1ms]
[2022-08-24T04:19:57.434Z] > git config --get commit.template [1ms]
[2022-08-24T04:19:59.344Z] > git show --textconv :index.py [14ms]
[2022-08-24T04:19:59.347Z] > git ls-files --stage -- /home/miura/index.py [7ms]
[2022-08-24T04:19:59.357Z] > git cat-file -s 36462e744cc998a882ffc13baca45ed2a6645174 [1ms]
[2022-08-24T04:20:06.025Z] > git status -z -uall [63ms]
[2022-08-24T04:20:06.039Z] > git symbolic-ref --short HEAD [1ms]
[2022-08-24T04:20:06.050Z] > git for-each-ref --format=%(refname)%00%(upstream:short)%00%(objectname)%00%(upstream:track)%00%(upstream:remotename)%00%(upstream:remoteref) refs/heads/feature/shape-list refs/remotes/feature/shape-list [1ms]
[2022-08-24T04:20:06.068Z] > git for-each-ref --sort -committerdate --format %(refname) %(objectname) %(*objectname) [9ms]
[2022-08-24T04:20:06.069Z] > git remote --verbose [2ms]
[2022-08-24T04:20:06.092Z] > git config --get commit.template [5ms]
