[2022-08-15T05:17:15.531Z] ログ レベル: Info
[2022-08-15T05:17:15.536Z] [info] Git の検証が検出されました: git
[2022-08-15T05:17:15.570Z] [info] git から Git 2.34.1 を使用しています
[2022-08-15T05:17:15.610Z] > git rev-parse --show-toplevel [24ms]
[2022-08-15T05:17:15.610Z] fatal: not a git repository (or any of the parent directories): .git
[2022-08-15T05:17:15.628Z] > git rev-parse --show-toplevel [6ms]
[2022-08-15T05:17:15.628Z] fatal: not a git repository (or any of the parent directories): .git
[2022-08-15T05:17:15.637Z] > git rev-parse --show-toplevel [1ms]
[2022-08-15T05:17:15.637Z] fatal: not a git repository (or any of the parent directories): .git
[2022-08-15T05:17:15.645Z] > git rev-parse --show-toplevel [1ms]
[2022-08-15T05:17:15.645Z] fatal: not a git repository (or any of the parent directories): .git
[2022-08-15T05:17:15.653Z] > git rev-parse --show-toplevel [1ms]
[2022-08-15T05:17:15.653Z] fatal: not a git repository (or any of the parent directories): .git
[2022-08-15T05:17:15.852Z] > git rev-parse --show-toplevel [193ms]
[2022-08-15T05:17:15.852Z] fatal: not a git repository (or any of the parent directories): .git
[2022-08-15T05:17:15.868Z] > git rev-parse --show-toplevel [5ms]
[2022-08-15T05:17:15.868Z] fatal: not a git repository (or any of the parent directories): .git
[2022-08-15T05:17:15.879Z] > git rev-parse --show-toplevel [2ms]
[2022-08-15T05:17:15.879Z] fatal: not a git repository (or any of the parent directories): .git
[2022-08-15T05:17:17.169Z] > git rev-parse --show-toplevel [1ms]
[2022-08-15T05:17:17.169Z] fatal: not a git repository (or any of the parent directories): .git
[2022-08-15T05:17:17.193Z] > git rev-parse --show-toplevel [1ms]
[2022-08-15T05:17:17.193Z] fatal: not a git repository (or any of the parent directories): .git
[2022-08-15T05:17:17.207Z] > git rev-parse --show-toplevel [1ms]
[2022-08-15T05:17:17.207Z] fatal: not a git repository (or any of the parent directories): .git
[2022-08-15T05:17:17.366Z] > git rev-parse --show-toplevel [0ms]
[2022-08-15T05:17:17.366Z] fatal: not a git repository (or any of the parent directories): .git
[2022-08-15T05:17:17.376Z] > git rev-parse --show-toplevel [1ms]
[2022-08-15T05:17:17.376Z] fatal: not a git repository (or any of the parent directories): .git
