[2022-08-18T03:58:41.606Z] ログ レベル: Info
[2022-08-18T03:58:41.612Z] [info] Git の検証が検出されました: git
[2022-08-18T03:58:41.638Z] [info] git から Git 2.34.1 を使用しています
[2022-08-18T03:58:41.681Z] > git rev-parse --show-toplevel [30ms]
[2022-08-18T03:58:41.681Z] fatal: not a git repository (or any of the parent directories): .git
[2022-08-18T03:58:41.693Z] > git rev-parse --show-toplevel [4ms]
[2022-08-18T03:58:41.693Z] fatal: not a git repository (or any of the parent directories): .git
[2022-08-18T03:58:41.699Z] > git rev-parse --show-toplevel [1ms]
[2022-08-18T03:58:41.699Z] fatal: not a git repository (or any of the parent directories): .git
[2022-08-18T03:58:41.705Z] > git rev-parse --show-toplevel [2ms]
[2022-08-18T03:58:41.705Z] fatal: not a git repository (or any of the parent directories): .git
[2022-08-18T03:58:41.716Z] > git rev-parse --show-toplevel [3ms]
[2022-08-18T03:58:41.716Z] fatal: not a git repository (or any of the parent directories): .git
[2022-08-18T03:58:41.721Z] > git rev-parse --show-toplevel [1ms]
[2022-08-18T03:58:41.721Z] fatal: not a git repository (or any of the parent directories): .git
[2022-08-18T03:58:41.727Z] > git rev-parse --show-toplevel [2ms]
[2022-08-18T03:58:41.727Z] fatal: not a git repository (or any of the parent directories): .git
[2022-08-18T03:58:41.731Z] > git rev-parse --show-toplevel [1ms]
[2022-08-18T03:58:41.731Z] fatal: not a git repository (or any of the parent directories): .git
[2022-08-18T03:58:41.738Z] > git rev-parse --show-toplevel [2ms]
[2022-08-18T03:58:41.738Z] fatal: not a git repository (or any of the parent directories): .git
[2022-08-18T03:58:41.742Z] > git rev-parse --show-toplevel [1ms]
[2022-08-18T03:58:41.742Z] fatal: not a git repository (or any of the parent directories): .git
[2022-08-18T03:58:44.185Z] > git rev-parse --show-toplevel [1ms]
[2022-08-18T03:58:44.185Z] fatal: not a git repository (or any of the parent directories): .git
[2022-08-18T03:58:44.212Z] > git rev-parse --show-toplevel [1ms]
[2022-08-18T03:58:44.212Z] fatal: not a git repository (or any of the parent directories): .git
[2022-08-18T03:58:44.242Z] > git rev-parse --show-toplevel [1ms]
[2022-08-18T03:58:44.242Z] fatal: not a git repository (or any of the parent directories): .git
[2022-08-18T03:58:44.304Z] > git rev-parse --show-toplevel [1ms]
[2022-08-18T03:58:44.304Z] fatal: not a git repository (or any of the parent directories): .git
[2022-08-18T03:58:44.309Z] > git rev-parse --show-toplevel [1ms]
[2022-08-18T03:58:44.309Z] fatal: not a git repository (or any of the parent directories): .git
[2022-08-18T04:18:48.956Z] > git rev-parse --show-toplevel [1ms]
[2022-08-18T04:18:48.956Z] fatal: not a git repository (or any of the parent directories): .git
[2022-08-18T04:18:59.893Z] > git rev-parse --show-toplevel [1ms]
[2022-08-18T04:18:59.893Z] fatal: not a git repository (or any of the parent directories): .git
[2022-08-18T04:25:17.480Z] > git rev-parse --show-toplevel [2ms]
[2022-08-18T04:25:17.480Z] fatal: not a git repository (or any of the parent directories): .git
[2022-08-18T04:25:21.606Z] > git rev-parse --show-toplevel [2ms]
[2022-08-18T04:25:21.606Z] fatal: not a git repository (or any of the parent directories): .git
[2022-08-18T04:49:27.511Z] > git rev-parse --show-toplevel [1ms]
[2022-08-18T04:49:27.511Z] fatal: not a git repository (or any of the parent directories): .git
[2022-08-18T04:49:34.977Z] > git rev-parse --show-toplevel [3ms]
[2022-08-18T04:49:34.977Z] fatal: not a git repository (or any of the parent directories): .git
[2022-08-18T05:03:18.662Z] > git rev-parse --show-toplevel [1ms]
[2022-08-18T05:03:18.662Z] fatal: not a git repository (or any of the parent directories): .git
[2022-08-18T05:03:43.464Z] > git rev-parse --show-toplevel [1ms]
[2022-08-18T05:03:43.464Z] fatal: not a git repository (or any of the parent directories): .git
[2022-08-18T05:13:34.198Z] > git rev-parse --show-toplevel [2ms]
[2022-08-18T05:13:34.198Z] fatal: not a git repository (or any of the parent directories): .git
[2022-08-18T05:14:15.389Z] > git rev-parse --show-toplevel [2ms]
[2022-08-18T05:14:15.389Z] fatal: not a git repository (or any of the parent directories): .git
[2022-08-18T05:14:17.937Z] > git rev-parse --show-toplevel [2ms]
[2022-08-18T05:14:17.937Z] fatal: not a git repository (or any of the parent directories): .git
[2022-08-18T05:14:35.014Z] > git rev-parse --show-toplevel [1ms]
[2022-08-18T05:14:35.014Z] fatal: not a git repository (or any of the parent directories): .git
[2022-08-18T05:21:58.195Z] > git rev-parse --show-toplevel [1ms]
[2022-08-18T05:21:58.195Z] fatal: not a git repository (or any of the parent directories): .git
