[2022-08-26T05:42:55.530Z] ログ レベル: Info
[2022-08-26T05:42:55.536Z] [info] Git の検証が検出されました: git
[2022-08-26T05:42:55.562Z] [info] git から Git 2.34.1 を使用しています
[2022-08-26T05:42:55.596Z] > git rev-parse --show-toplevel [24ms]
[2022-08-26T05:42:55.606Z] > git rev-parse --git-dir --git-common-dir [4ms]
[2022-08-26T05:42:55.614Z] [info] Open repository: /home/miura
[2022-08-26T05:42:55.704Z] > git status -z -uall [83ms]
[2022-08-26T05:42:55.711Z] > git symbolic-ref --short HEAD [2ms]
[2022-08-26T05:42:55.717Z] > git for-each-ref --format=%(refname)%00%(upstream:short)%00%(objectname)%00%(upstream:track)%00%(upstream:remotename)%00%(upstream:remoteref) refs/heads/feature/locate-box refs/remotes/feature/locate-box [2ms]
[2022-08-26T05:42:55.725Z] > git for-each-ref --sort -committerdate --format %(refname) %(objectname) %(*objectname) [4ms]
[2022-08-26T05:42:55.726Z] > git remote --verbose [2ms]
[2022-08-26T05:42:55.743Z] > git config --get commit.template [4ms]
[2022-08-26T05:42:55.809Z] > git status -z -uall [61ms]
[2022-08-26T05:42:55.814Z] > git symbolic-ref --short HEAD [1ms]
[2022-08-26T05:42:55.818Z] > git for-each-ref --format=%(refname)%00%(upstream:short)%00%(objectname)%00%(upstream:track)%00%(upstream:remotename)%00%(upstream:remoteref) refs/heads/feature/locate-box refs/remotes/feature/locate-box [1ms]
[2022-08-26T05:42:55.825Z] > git for-each-ref --sort -committerdate --format %(refname) %(objectname) %(*objectname) [3ms]
[2022-08-26T05:42:55.826Z] > git remote --verbose [1ms]
[2022-08-26T05:42:55.834Z] > git config --get commit.template [1ms]
[2022-08-26T05:42:56.268Z] > git check-ignore -v -z --stdin [20ms]
[2022-08-26T05:42:56.322Z] > git show --textconv :static/style.css [5ms]
[2022-08-26T05:42:56.327Z] > git ls-files --stage -- /home/miura/static/style.css [5ms]
[2022-08-26T05:42:56.332Z] > git cat-file -s 105e394a7ad784a9b73e9ae805c33f1cc4eac9ac [1ms]
[2022-08-26T05:43:08.726Z] > git status -z -uall [61ms]
[2022-08-26T05:43:08.732Z] > git symbolic-ref --short HEAD [2ms]
[2022-08-26T05:43:08.737Z] > git for-each-ref --format=%(refname)%00%(upstream:short)%00%(objectname)%00%(upstream:track)%00%(upstream:remotename)%00%(upstream:remoteref) refs/heads/feature/locate-box refs/remotes/feature/locate-box [1ms]
[2022-08-26T05:43:08.744Z] > git for-each-ref --sort -committerdate --format %(refname) %(objectname) %(*objectname) [4ms]
[2022-08-26T05:43:08.744Z] > git remote --verbose [1ms]
[2022-08-26T05:43:08.757Z] > git config --get commit.template [1ms]
[2022-08-26T05:43:43.216Z] > git status -z -uall [60ms]
[2022-08-26T05:43:43.221Z] > git symbolic-ref --short HEAD [1ms]
[2022-08-26T05:43:43.226Z] > git for-each-ref --format=%(refname)%00%(upstream:short)%00%(objectname)%00%(upstream:track)%00%(upstream:remotename)%00%(upstream:remoteref) refs/heads/feature/locate-box refs/remotes/feature/locate-box [1ms]
[2022-08-26T05:43:43.233Z] > git for-each-ref --sort -committerdate --format %(refname) %(objectname) %(*objectname) [4ms]
[2022-08-26T05:43:43.233Z] > git remote --verbose [1ms]
[2022-08-26T05:43:43.245Z] > git config --get commit.template [1ms]
[2022-08-26T05:44:05.476Z] > git status -z -uall [60ms]
[2022-08-26T05:44:05.481Z] > git symbolic-ref --short HEAD [1ms]
[2022-08-26T05:44:05.486Z] > git for-each-ref --format=%(refname)%00%(upstream:short)%00%(objectname)%00%(upstream:track)%00%(upstream:remotename)%00%(upstream:remoteref) refs/heads/feature/locate-box refs/remotes/feature/locate-box [1ms]
[2022-08-26T05:44:05.493Z] > git for-each-ref --sort -committerdate --format %(refname) %(objectname) %(*objectname) [4ms]
[2022-08-26T05:44:05.494Z] > git remote --verbose [2ms]
[2022-08-26T05:44:05.505Z] > git config --get commit.template [1ms]
[2022-08-26T05:44:18.325Z] > git status -z -uall [61ms]
[2022-08-26T05:44:18.330Z] > git symbolic-ref --short HEAD [1ms]
[2022-08-26T05:44:18.335Z] > git for-each-ref --format=%(refname)%00%(upstream:short)%00%(objectname)%00%(upstream:track)%00%(upstream:remotename)%00%(upstream:remoteref) refs/heads/feature/locate-box refs/remotes/feature/locate-box [1ms]
[2022-08-26T05:44:18.342Z] > git for-each-ref --sort -committerdate --format %(refname) %(objectname) %(*objectname) [4ms]
[2022-08-26T05:44:18.342Z] > git remote --verbose [1ms]
[2022-08-26T05:44:18.351Z] > git config --get commit.template [1ms]
[2022-08-26T05:44:28.828Z] > git status -z -uall [63ms]
[2022-08-26T05:44:28.833Z] > git symbolic-ref --short HEAD [1ms]
[2022-08-26T05:44:28.837Z] > git for-each-ref --format=%(refname)%00%(upstream:short)%00%(objectname)%00%(upstream:track)%00%(upstream:remotename)%00%(upstream:remoteref) refs/heads/feature/locate-box refs/remotes/feature/locate-box [1ms]
[2022-08-26T05:44:28.844Z] > git for-each-ref --sort -committerdate --format %(refname) %(objectname) %(*objectname) [4ms]
[2022-08-26T05:44:28.845Z] > git remote --verbose [2ms]
[2022-08-26T05:44:28.853Z] > git config --get commit.template [1ms]
[2022-08-26T05:44:43.514Z] > git status -z -uall [61ms]
[2022-08-26T05:44:43.519Z] > git symbolic-ref --short HEAD [1ms]
[2022-08-26T05:44:43.524Z] > git for-each-ref --format=%(refname)%00%(upstream:short)%00%(objectname)%00%(upstream:track)%00%(upstream:remotename)%00%(upstream:remoteref) refs/heads/feature/locate-box refs/remotes/feature/locate-box [1ms]
[2022-08-26T05:44:43.533Z] > git for-each-ref --sort -committerdate --format %(refname) %(objectname) %(*objectname) [6ms]
[2022-08-26T05:44:43.533Z] > git remote --verbose [3ms]
[2022-08-26T05:44:43.541Z] > git config --get commit.template [1ms]
[2022-08-26T05:45:14.548Z] > git show --textconv :templates/next-page.html [20ms]
[2022-08-26T05:45:14.549Z] > git ls-files --stage -- /home/miura/templates/next-page.html [17ms]
[2022-08-26T05:45:14.557Z] > git cat-file -s 5843a65260c8e262916ee75c72f5f5c95d3b663a [4ms]
[2022-08-26T05:45:15.614Z] > git check-ignore -v -z --stdin [7ms]
[2022-08-26T05:45:45.838Z] > git show --textconv :static/style.css [6ms]
[2022-08-26T05:45:45.842Z] > git ls-files --stage -- /home/miura/static/style.css [5ms]
[2022-08-26T05:45:45.846Z] > git cat-file -s 105e394a7ad784a9b73e9ae805c33f1cc4eac9ac [1ms]
[2022-08-26T05:45:58.404Z] > git status -z -uall [61ms]
[2022-08-26T05:45:58.409Z] > git symbolic-ref --short HEAD [1ms]
[2022-08-26T05:45:58.415Z] > git for-each-ref --format=%(refname)%00%(upstream:short)%00%(objectname)%00%(upstream:track)%00%(upstream:remotename)%00%(upstream:remoteref) refs/heads/feature/locate-box refs/remotes/feature/locate-box [2ms]
[2022-08-26T05:45:58.422Z] > git for-each-ref --sort -committerdate --format %(refname) %(objectname) %(*objectname) [4ms]
[2022-08-26T05:45:58.423Z] > git remote --verbose [2ms]
[2022-08-26T05:45:58.432Z] > git config --get commit.template [1ms]
[2022-08-26T05:46:02.840Z] > git show --textconv :index.py [14ms]
[2022-08-26T05:46:02.843Z] > git ls-files --stage -- /home/miura/index.py [7ms]
[2022-08-26T05:46:02.854Z] > git cat-file -s d8c668d948834d5c22522e202ec860e150a7cb2a [2ms]
[2022-08-26T05:46:10.218Z] > git status -z -uall [63ms]
[2022-08-26T05:46:10.231Z] > git symbolic-ref --short HEAD [1ms]
[2022-08-26T05:46:10.241Z] > git for-each-ref --format=%(refname)%00%(upstream:short)%00%(objectname)%00%(upstream:track)%00%(upstream:remotename)%00%(upstream:remoteref) refs/heads/feature/locate-box refs/remotes/feature/locate-box [1ms]
[2022-08-26T05:46:10.259Z] > git for-each-ref --sort -committerdate --format %(refname) %(objectname) %(*objectname) [9ms]
[2022-08-26T05:46:10.260Z] > git remote --verbose [1ms]
[2022-08-26T05:46:10.274Z] > git config --get commit.template [0ms]
[2022-08-26T05:46:23.331Z] > git status -z -uall [62ms]
[2022-08-26T05:46:23.338Z] > git symbolic-ref --short HEAD [1ms]
[2022-08-26T05:46:23.344Z] > git for-each-ref --format=%(refname)%00%(upstream:short)%00%(objectname)%00%(upstream:track)%00%(upstream:remotename)%00%(upstream:remoteref) refs/heads/feature/locate-box refs/remotes/feature/locate-box [0ms]
[2022-08-26T05:46:23.355Z] > git for-each-ref --sort -committerdate --format %(refname) %(objectname) %(*objectname) [6ms]
[2022-08-26T05:46:23.355Z] > git remote --verbose [1ms]
[2022-08-26T05:46:23.366Z] > git config --get commit.template [1ms]
[2022-08-26T05:46:28.433Z] > git status -z -uall [59ms]
[2022-08-26T05:46:28.443Z] > git symbolic-ref --short HEAD [1ms]
[2022-08-26T05:46:28.450Z] > git for-each-ref --format=%(refname)%00%(upstream:short)%00%(objectname)%00%(upstream:track)%00%(upstream:remotename)%00%(upstream:remoteref) refs/heads/feature/locate-box refs/remotes/feature/locate-box [1ms]
[2022-08-26T05:46:28.460Z] > git for-each-ref --sort -committerdate --format %(refname) %(objectname) %(*objectname) [6ms]
[2022-08-26T05:46:28.460Z] > git remote --verbose [1ms]
[2022-08-26T05:46:28.470Z] > git config --get commit.template [1ms]
[2022-08-26T05:46:43.491Z] > git show --textconv :templates/next-page.html [6ms]
[2022-08-26T05:46:43.496Z] > git ls-files --stage -- /home/miura/templates/next-page.html [5ms]
[2022-08-26T05:46:43.502Z] > git cat-file -s 5843a65260c8e262916ee75c72f5f5c95d3b663a [1ms]
[2022-08-26T05:47:12.910Z] > git status -z -uall [61ms]
[2022-08-26T05:47:12.918Z] > git symbolic-ref --short HEAD [1ms]
[2022-08-26T05:47:12.924Z] > git for-each-ref --format=%(refname)%00%(upstream:short)%00%(objectname)%00%(upstream:track)%00%(upstream:remotename)%00%(upstream:remoteref) refs/heads/feature/locate-box refs/remotes/feature/locate-box [1ms]
[2022-08-26T05:47:12.933Z] > git for-each-ref --sort -committerdate --format %(refname) %(objectname) %(*objectname) [5ms]
[2022-08-26T05:47:12.934Z] > git remote --verbose [1ms]
[2022-08-26T05:47:12.946Z] > git config --get commit.template [1ms]
[2022-08-26T05:47:13.837Z] > git show --textconv :index.py [6ms]
[2022-08-26T05:47:13.842Z] > git ls-files --stage -- /home/miura/index.py [5ms]
[2022-08-26T05:47:13.849Z] > git cat-file -s d8c668d948834d5c22522e202ec860e150a7cb2a [1ms]
[2022-08-26T05:47:19.050Z] > git status -z -uall [60ms]
[2022-08-26T05:47:19.058Z] > git symbolic-ref --short HEAD [1ms]
[2022-08-26T05:47:19.065Z] > git for-each-ref --format=%(refname)%00%(upstream:short)%00%(objectname)%00%(upstream:track)%00%(upstream:remotename)%00%(upstream:remoteref) refs/heads/feature/locate-box refs/remotes/feature/locate-box [1ms]
[2022-08-26T05:47:19.074Z] > git for-each-ref --sort -committerdate --format %(refname) %(objectname) %(*objectname) [5ms]
[2022-08-26T05:47:19.075Z] > git remote --verbose [1ms]
[2022-08-26T05:47:19.086Z] > git config --get commit.template [1ms]
[2022-08-26T05:47:24.155Z] > git status -z -uall [60ms]
[2022-08-26T05:47:24.163Z] > git symbolic-ref --short HEAD [1ms]
[2022-08-26T05:47:24.169Z] > git for-each-ref --format=%(refname)%00%(upstream:short)%00%(objectname)%00%(upstream:track)%00%(upstream:remotename)%00%(upstream:remoteref) refs/heads/feature/locate-box refs/remotes/feature/locate-box [1ms]
[2022-08-26T05:47:24.180Z] > git for-each-ref --sort -committerdate --format %(refname) %(objectname) %(*objectname) [6ms]
[2022-08-26T05:47:24.180Z] > git remote --verbose [1ms]
[2022-08-26T05:47:24.191Z] > git config --get commit.template [0ms]
[2022-08-26T05:48:17.061Z] > git show --textconv :static/style.css [8ms]
[2022-08-26T05:48:17.064Z] > git ls-files --stage -- /home/miura/static/style.css [5ms]
[2022-08-26T05:48:17.070Z] > git cat-file -s 105e394a7ad784a9b73e9ae805c33f1cc4eac9ac [1ms]
[2022-08-26T05:48:50.614Z] > git status -z -uall [63ms]
[2022-08-26T05:48:50.622Z] > git symbolic-ref --short HEAD [1ms]
[2022-08-26T05:48:50.628Z] > git for-each-ref --format=%(refname)%00%(upstream:short)%00%(objectname)%00%(upstream:track)%00%(upstream:remotename)%00%(upstream:remoteref) refs/heads/feature/locate-box refs/remotes/feature/locate-box [1ms]
[2022-08-26T05:48:50.638Z] > git for-each-ref --sort -committerdate --format %(refname) %(objectname) %(*objectname) [5ms]
[2022-08-26T05:48:50.638Z] > git remote --verbose [1ms]
[2022-08-26T05:48:50.648Z] > git config --get commit.template [0ms]
[2022-08-26T05:48:51.853Z] > git show --textconv :index.py [6ms]
[2022-08-26T05:48:51.859Z] > git ls-files --stage -- /home/miura/index.py [6ms]
[2022-08-26T05:48:51.866Z] > git cat-file -s d8c668d948834d5c22522e202ec860e150a7cb2a [1ms]
[2022-08-26T05:48:56.918Z] > git status -z -uall [65ms]
[2022-08-26T05:48:56.926Z] > git symbolic-ref --short HEAD [1ms]
[2022-08-26T05:48:56.932Z] > git for-each-ref --format=%(refname)%00%(upstream:short)%00%(objectname)%00%(upstream:track)%00%(upstream:remotename)%00%(upstream:remoteref) refs/heads/feature/locate-box refs/remotes/feature/locate-box [1ms]
[2022-08-26T05:48:56.943Z] > git remote --verbose [2ms]
[2022-08-26T05:48:56.943Z] > git for-each-ref --sort -committerdate --format %(refname) %(objectname) %(*objectname) [6ms]
[2022-08-26T05:48:56.953Z] > git config --get commit.template [1ms]
[2022-08-26T05:49:45.766Z] > git status -z -uall [61ms]
[2022-08-26T05:49:45.774Z] > git symbolic-ref --short HEAD [1ms]
[2022-08-26T05:49:45.780Z] > git for-each-ref --format=%(refname)%00%(upstream:short)%00%(objectname)%00%(upstream:track)%00%(upstream:remotename)%00%(upstream:remoteref) refs/heads/feature/locate-box refs/remotes/feature/locate-box [1ms]
[2022-08-26T05:49:45.791Z] > git for-each-ref --sort -committerdate --format %(refname) %(objectname) %(*objectname) [6ms]
[2022-08-26T05:49:45.792Z] > git remote --verbose [2ms]
[2022-08-26T05:49:45.802Z] > git config --get commit.template [1ms]
[2022-08-26T05:49:46.523Z] > git show --textconv :static/style.css [6ms]
[2022-08-26T05:49:46.527Z] > git ls-files --stage -- /home/miura/static/style.css [4ms]
[2022-08-26T05:49:46.534Z] > git cat-file -s 105e394a7ad784a9b73e9ae805c33f1cc4eac9ac [1ms]
[2022-08-26T05:50:07.071Z] > git status -z -uall [61ms]
[2022-08-26T05:50:07.078Z] > git symbolic-ref --short HEAD [1ms]
[2022-08-26T05:50:07.084Z] > git for-each-ref --format=%(refname)%00%(upstream:short)%00%(objectname)%00%(upstream:track)%00%(upstream:remotename)%00%(upstream:remoteref) refs/heads/feature/locate-box refs/remotes/feature/locate-box [0ms]
[2022-08-26T05:50:07.094Z] > git for-each-ref --sort -committerdate --format %(refname) %(objectname) %(*objectname) [5ms]
[2022-08-26T05:50:07.095Z] > git remote --verbose [1ms]
[2022-08-26T05:50:07.109Z] > git config --get commit.template [5ms]
[2022-08-26T05:50:07.409Z] > git show --textconv :index.py [7ms]
[2022-08-26T05:50:07.415Z] > git ls-files --stage -- /home/miura/index.py [7ms]
[2022-08-26T05:50:07.422Z] > git cat-file -s d8c668d948834d5c22522e202ec860e150a7cb2a [1ms]
[2022-08-26T05:50:12.177Z] > git status -z -uall [60ms]
[2022-08-26T05:50:12.185Z] > git symbolic-ref --short HEAD [1ms]
[2022-08-26T05:50:12.191Z] > git for-each-ref --format=%(refname)%00%(upstream:short)%00%(objectname)%00%(upstream:track)%00%(upstream:remotename)%00%(upstream:remoteref) refs/heads/feature/locate-box refs/remotes/feature/locate-box [1ms]
[2022-08-26T05:50:12.202Z] > git for-each-ref --sort -committerdate --format %(refname) %(objectname) %(*objectname) [6ms]
[2022-08-26T05:50:12.202Z] > git remote --verbose [1ms]
[2022-08-26T05:50:12.214Z] > git config --get commit.template [2ms]
[2022-08-26T05:50:36.679Z] > git status -z -uall [61ms]
[2022-08-26T05:50:36.687Z] > git symbolic-ref --short HEAD [1ms]
[2022-08-26T05:50:36.694Z] > git for-each-ref --format=%(refname)%00%(upstream:short)%00%(objectname)%00%(upstream:track)%00%(upstream:remotename)%00%(upstream:remoteref) refs/heads/feature/locate-box refs/remotes/feature/locate-box [1ms]
[2022-08-26T05:50:36.704Z] > git for-each-ref --sort -committerdate --format %(refname) %(objectname) %(*objectname) [5ms]
[2022-08-26T05:50:36.705Z] > git remote --verbose [1ms]
[2022-08-26T05:50:36.715Z] > git config --get commit.template [1ms]
[2022-08-26T05:50:57.858Z] > git show --textconv :templates/next-page.html [6ms]
[2022-08-26T05:50:57.862Z] > git ls-files --stage -- /home/miura/templates/next-page.html [4ms]
[2022-08-26T05:50:57.869Z] > git cat-file -s 5843a65260c8e262916ee75c72f5f5c95d3b663a [1ms]
[2022-08-26T05:51:23.388Z] > git status -z -uall [61ms]
[2022-08-26T05:51:23.396Z] > git symbolic-ref --short HEAD [1ms]
[2022-08-26T05:51:23.403Z] > git for-each-ref --format=%(refname)%00%(upstream:short)%00%(objectname)%00%(upstream:track)%00%(upstream:remotename)%00%(upstream:remoteref) refs/heads/feature/locate-box refs/remotes/feature/locate-box [1ms]
[2022-08-26T05:51:23.414Z] > git for-each-ref --sort -committerdate --format %(refname) %(objectname) %(*objectname) [6ms]
[2022-08-26T05:51:23.414Z] > git remote --verbose [1ms]
[2022-08-26T05:51:23.425Z] > git config --get commit.template [1ms]
[2022-08-26T05:51:39.887Z] > git status -z -uall [60ms]
[2022-08-26T05:51:39.895Z] > git symbolic-ref --short HEAD [1ms]
[2022-08-26T05:51:39.902Z] > git for-each-ref --format=%(refname)%00%(upstream:short)%00%(objectname)%00%(upstream:track)%00%(upstream:remotename)%00%(upstream:remoteref) refs/heads/feature/locate-box refs/remotes/feature/locate-box [1ms]
[2022-08-26T05:51:39.912Z] > git for-each-ref --sort -committerdate --format %(refname) %(objectname) %(*objectname) [5ms]
[2022-08-26T05:51:39.913Z] > git remote --verbose [1ms]
[2022-08-26T05:51:39.928Z] > git config --get commit.template [5ms]
[2022-08-26T05:51:40.424Z] > git show --textconv :index.py [7ms]
[2022-08-26T05:51:40.431Z] > git ls-files --stage -- /home/miura/index.py [7ms]
[2022-08-26T05:51:40.437Z] > git cat-file -s d8c668d948834d5c22522e202ec860e150a7cb2a [1ms]
[2022-08-26T05:51:46.858Z] > git status -z -uall [62ms]
[2022-08-26T05:51:46.868Z] > git symbolic-ref --short HEAD [3ms]
[2022-08-26T05:51:46.874Z] > git for-each-ref --format=%(refname)%00%(upstream:short)%00%(objectname)%00%(upstream:track)%00%(upstream:remotename)%00%(upstream:remoteref) refs/heads/feature/locate-box refs/remotes/feature/locate-box [1ms]
[2022-08-26T05:51:46.884Z] > git for-each-ref --sort -committerdate --format %(refname) %(objectname) %(*objectname) [5ms]
[2022-08-26T05:51:46.885Z] > git remote --verbose [2ms]
[2022-08-26T05:51:46.895Z] > git config --get commit.template [0ms]
[2022-08-26T05:52:30.209Z] > git show --textconv :static/style.css [6ms]
[2022-08-26T05:52:30.214Z] > git ls-files --stage -- /home/miura/static/style.css [5ms]
[2022-08-26T05:52:30.220Z] > git cat-file -s 105e394a7ad784a9b73e9ae805c33f1cc4eac9ac [1ms]
[2022-08-26T05:52:32.336Z] > git show --textconv :templates/next-page.html [7ms]
[2022-08-26T05:52:32.340Z] > git ls-files --stage -- /home/miura/templates/next-page.html [4ms]
[2022-08-26T05:52:32.346Z] > git cat-file -s 5843a65260c8e262916ee75c72f5f5c95d3b663a [1ms]
[2022-08-26T05:52:41.882Z] > git status -z -uall [62ms]
[2022-08-26T05:52:41.890Z] > git symbolic-ref --short HEAD [1ms]
[2022-08-26T05:52:41.896Z] > git for-each-ref --format=%(refname)%00%(upstream:short)%00%(objectname)%00%(upstream:track)%00%(upstream:remotename)%00%(upstream:remoteref) refs/heads/feature/locate-box refs/remotes/feature/locate-box [1ms]
[2022-08-26T05:52:41.907Z] > git for-each-ref --sort -committerdate --format %(refname) %(objectname) %(*objectname) [6ms]
[2022-08-26T05:52:41.908Z] > git remote --verbose [2ms]
[2022-08-26T05:52:41.918Z] > git config --get commit.template [1ms]
[2022-08-26T05:52:42.492Z] > git show --textconv :index.py [8ms]
[2022-08-26T05:52:42.497Z] > git ls-files --stage -- /home/miura/index.py [6ms]
[2022-08-26T05:52:42.504Z] > git cat-file -s d8c668d948834d5c22522e202ec860e150a7cb2a [1ms]
[2022-08-26T05:52:46.989Z] > git status -z -uall [63ms]
[2022-08-26T05:52:46.997Z] > git symbolic-ref --short HEAD [1ms]
[2022-08-26T05:52:47.004Z] > git for-each-ref --format=%(refname)%00%(upstream:short)%00%(objectname)%00%(upstream:track)%00%(upstream:remotename)%00%(upstream:remoteref) refs/heads/feature/locate-box refs/remotes/feature/locate-box [1ms]
[2022-08-26T05:52:47.015Z] > git for-each-ref --sort -committerdate --format %(refname) %(objectname) %(*objectname) [5ms]
[2022-08-26T05:52:47.015Z] > git remote --verbose [1ms]
[2022-08-26T05:52:47.026Z] > git config --get commit.template [0ms]
[2022-08-26T05:52:52.098Z] > git status -z -uall [64ms]
[2022-08-26T05:52:52.106Z] > git symbolic-ref --short HEAD [1ms]
[2022-08-26T05:52:52.113Z] > git for-each-ref --format=%(refname)%00%(upstream:short)%00%(objectname)%00%(upstream:track)%00%(upstream:remotename)%00%(upstream:remoteref) refs/heads/feature/locate-box refs/remotes/feature/locate-box [1ms]
[2022-08-26T05:52:52.123Z] > git for-each-ref --sort -committerdate --format %(refname) %(objectname) %(*objectname) [5ms]
[2022-08-26T05:52:52.123Z] > git remote --verbose [1ms]
[2022-08-26T05:52:52.137Z] > git config --get commit.template [1ms]
[2022-08-26T05:53:57.857Z] > git show --textconv :templates/next-page.html [7ms]
[2022-08-26T05:53:57.861Z] > git ls-files --stage -- /home/miura/templates/next-page.html [4ms]
[2022-08-26T05:53:57.868Z] > git cat-file -s 5843a65260c8e262916ee75c72f5f5c95d3b663a [1ms]
[2022-08-26T05:54:30.491Z] > git status -z -uall [60ms]
[2022-08-26T05:54:30.499Z] > git symbolic-ref --short HEAD [1ms]
[2022-08-26T05:54:30.506Z] > git for-each-ref --format=%(refname)%00%(upstream:short)%00%(objectname)%00%(upstream:track)%00%(upstream:remotename)%00%(upstream:remoteref) refs/heads/feature/locate-box refs/remotes/feature/locate-box [1ms]
[2022-08-26T05:54:30.516Z] > git for-each-ref --sort -committerdate --format %(refname) %(objectname) %(*objectname) [5ms]
[2022-08-26T05:54:30.517Z] > git remote --verbose [1ms]
[2022-08-26T05:54:30.527Z] > git config --get commit.template [1ms]
[2022-08-26T05:54:31.246Z] > git show --textconv :index.py [7ms]
[2022-08-26T05:54:31.252Z] > git ls-files --stage -- /home/miura/index.py [6ms]
[2022-08-26T05:54:31.258Z] > git cat-file -s d8c668d948834d5c22522e202ec860e150a7cb2a [1ms]
[2022-08-26T05:54:35.596Z] > git status -z -uall [61ms]
[2022-08-26T05:54:35.604Z] > git symbolic-ref --short HEAD [1ms]
[2022-08-26T05:54:35.611Z] > git for-each-ref --format=%(refname)%00%(upstream:short)%00%(objectname)%00%(upstream:track)%00%(upstream:remotename)%00%(upstream:remoteref) refs/heads/feature/locate-box refs/remotes/feature/locate-box [1ms]
[2022-08-26T05:54:35.621Z] > git for-each-ref --sort -committerdate --format %(refname) %(objectname) %(*objectname) [5ms]
[2022-08-26T05:54:35.621Z] > git remote --verbose [1ms]
[2022-08-26T05:54:35.632Z] > git config --get commit.template [1ms]
[2022-08-26T05:54:40.701Z] > git status -z -uall [61ms]
[2022-08-26T05:54:40.709Z] > git symbolic-ref --short HEAD [1ms]
[2022-08-26T05:54:40.716Z] > git for-each-ref --format=%(refname)%00%(upstream:short)%00%(objectname)%00%(upstream:track)%00%(upstream:remotename)%00%(upstream:remoteref) refs/heads/feature/locate-box refs/remotes/feature/locate-box [1ms]
[2022-08-26T05:54:40.726Z] > git for-each-ref --sort -committerdate --format %(refname) %(objectname) %(*objectname) [5ms]
[2022-08-26T05:54:40.727Z] > git remote --verbose [1ms]
[2022-08-26T05:54:40.738Z] > git config --get commit.template [1ms]
[2022-08-26T05:54:59.892Z] > git show --textconv :templates/next-page.html [7ms]
[2022-08-26T05:54:59.896Z] > git ls-files --stage -- /home/miura/templates/next-page.html [4ms]
[2022-08-26T05:54:59.903Z] > git cat-file -s 5843a65260c8e262916ee75c72f5f5c95d3b663a [1ms]
[2022-08-26T05:55:00.928Z] > git show --textconv :static/style.css [7ms]
[2022-08-26T05:55:00.933Z] > git ls-files --stage -- /home/miura/static/style.css [4ms]
[2022-08-26T05:55:00.939Z] > git cat-file -s 105e394a7ad784a9b73e9ae805c33f1cc4eac9ac [1ms]
