[2022-08-17T07:05:36.563Z] ログ レベル: Info
[2022-08-17T07:05:36.569Z] [info] Git の検証が検出されました: git
[2022-08-17T07:05:36.594Z] [info] git から Git 2.34.1 を使用しています
[2022-08-17T07:05:36.633Z] > git rev-parse --show-toplevel [28ms]
[2022-08-17T07:05:36.633Z] fatal: not a git repository (or any of the parent directories): .git
[2022-08-17T07:05:36.643Z] > git rev-parse --show-toplevel [2ms]
[2022-08-17T07:05:36.643Z] fatal: not a git repository (or any of the parent directories): .git
[2022-08-17T07:05:36.650Z] > git rev-parse --show-toplevel [3ms]
[2022-08-17T07:05:36.650Z] fatal: not a git repository (or any of the parent directories): .git
[2022-08-17T07:05:36.654Z] > git rev-parse --show-toplevel [0ms]
[2022-08-17T07:05:36.654Z] fatal: not a git repository (or any of the parent directories): .git
[2022-08-17T07:05:36.659Z] > git rev-parse --show-toplevel [1ms]
[2022-08-17T07:05:36.659Z] fatal: not a git repository (or any of the parent directories): .git
[2022-08-17T07:05:36.672Z] > git rev-parse --show-toplevel [9ms]
[2022-08-17T07:05:36.672Z] fatal: not a git repository (or any of the parent directories): .git
[2022-08-17T07:05:36.677Z] > git rev-parse --show-toplevel [2ms]
[2022-08-17T07:05:36.677Z] fatal: not a git repository (or any of the parent directories): .git
[2022-08-17T07:05:36.684Z] > git rev-parse --show-toplevel [0ms]
[2022-08-17T07:05:36.684Z] fatal: not a git repository (or any of the parent directories): .git
[2022-08-17T07:05:38.160Z] > git rev-parse --show-toplevel [1ms]
[2022-08-17T07:05:38.160Z] fatal: not a git repository (or any of the parent directories): .git
[2022-08-17T07:05:38.482Z] > git rev-parse --show-toplevel [0ms]
[2022-08-17T07:05:38.482Z] fatal: not a git repository (or any of the parent directories): .git
[2022-08-17T07:05:38.516Z] > git rev-parse --show-toplevel [0ms]
[2022-08-17T07:05:38.516Z] fatal: not a git repository (or any of the parent directories): .git
[2022-08-17T07:05:38.521Z] > git rev-parse --show-toplevel [0ms]
[2022-08-17T07:05:38.521Z] fatal: not a git repository (or any of the parent directories): .git
[2022-08-17T07:11:08.948Z] > git rev-parse --show-toplevel [3ms]
[2022-08-17T07:11:08.948Z] fatal: not a git repository (or any of the parent directories): .git
[2022-08-17T07:14:44.862Z] > git rev-parse --show-toplevel [3ms]
[2022-08-17T07:14:44.862Z] fatal: not a git repository (or any of the parent directories): .git
[2022-08-17T07:18:31.197Z] > git rev-parse --show-toplevel [1ms]
[2022-08-17T07:18:31.197Z] fatal: not a git repository (or any of the parent directories): .git
[2022-08-17T07:18:43.049Z] > git rev-parse --show-toplevel [2ms]
[2022-08-17T07:18:43.049Z] fatal: not a git repository (or any of the parent directories): .git
[2022-08-17T07:21:56.886Z] > git rev-parse --show-toplevel [2ms]
[2022-08-17T07:21:56.886Z] fatal: not a git repository (or any of the parent directories): .git
[2022-08-17T07:21:58.076Z] > git rev-parse --show-toplevel [1ms]
[2022-08-17T07:21:58.076Z] fatal: not a git repository (or any of the parent directories): .git
[2022-08-17T07:21:59.915Z] > git rev-parse --show-toplevel [3ms]
[2022-08-17T07:21:59.915Z] fatal: not a git repository (or any of the parent directories): .git
[2022-08-17T07:22:04.422Z] > git rev-parse --show-toplevel [1ms]
[2022-08-17T07:22:04.422Z] fatal: not a git repository (or any of the parent directories): .git
[2022-08-17T07:24:40.354Z] > git rev-parse --show-toplevel [2ms]
[2022-08-17T07:24:40.354Z] fatal: not a git repository (or any of the parent directories): .git
[2022-08-17T07:24:44.634Z] > git rev-parse --show-toplevel [2ms]
[2022-08-17T07:24:44.634Z] fatal: not a git repository (or any of the parent directories): .git
[2022-08-17T07:25:09.005Z] > git rev-parse --show-toplevel [2ms]
[2022-08-17T07:25:09.005Z] fatal: not a git repository (or any of the parent directories): .git
[2022-08-17T07:26:29.252Z] > git rev-parse --show-toplevel [2ms]
[2022-08-17T07:26:29.252Z] fatal: not a git repository (or any of the parent directories): .git
[2022-08-17T07:27:44.852Z] > git rev-parse --show-toplevel [1ms]
[2022-08-17T07:27:44.852Z] fatal: not a git repository (or any of the parent directories): .git
[2022-08-17T07:28:40.318Z] > git rev-parse --show-toplevel [1ms]
[2022-08-17T07:28:40.318Z] fatal: not a git repository (or any of the parent directories): .git
[2022-08-17T07:31:42.251Z] > git rev-parse --show-toplevel [2ms]
[2022-08-17T07:31:42.251Z] fatal: not a git repository (or any of the parent directories): .git
[2022-08-17T07:33:01.050Z] > git rev-parse --show-toplevel [2ms]
[2022-08-17T07:33:01.050Z] fatal: not a git repository (or any of the parent directories): .git
[2022-08-17T07:34:12.053Z] > git rev-parse --show-toplevel [2ms]
[2022-08-17T07:34:12.053Z] fatal: not a git repository (or any of the parent directories): .git
[2022-08-17T07:37:11.206Z] > git rev-parse --show-toplevel [2ms]
[2022-08-17T07:37:11.206Z] fatal: not a git repository (or any of the parent directories): .git
[2022-08-17T07:37:13.083Z] > git rev-parse --show-toplevel [1ms]
[2022-08-17T07:37:13.083Z] fatal: not a git repository (or any of the parent directories): .git
[2022-08-17T07:37:17.409Z] > git rev-parse --show-toplevel [1ms]
[2022-08-17T07:37:17.409Z] fatal: not a git repository (or any of the parent directories): .git
[2022-08-17T07:42:45.828Z] > git rev-parse --show-toplevel [1ms]
[2022-08-17T07:42:45.828Z] fatal: not a git repository (or any of the parent directories): .git
[2022-08-17T07:42:51.916Z] > git rev-parse --show-toplevel [1ms]
[2022-08-17T07:42:51.916Z] fatal: not a git repository (or any of the parent directories): .git
[2022-08-17T07:54:33.617Z] > git rev-parse --show-toplevel [2ms]
[2022-08-17T07:54:33.617Z] fatal: not a git repository (or any of the parent directories): .git
[2022-08-17T07:54:37.586Z] > git rev-parse --show-toplevel [1ms]
[2022-08-17T07:54:37.586Z] fatal: not a git repository (or any of the parent directories): .git
[2022-08-17T07:54:52.682Z] > git rev-parse --show-toplevel [4ms]
[2022-08-17T07:54:52.682Z] fatal: not a git repository (or any of the parent directories): .git
[2022-08-17T07:55:48.349Z] > git rev-parse --show-toplevel [1ms]
[2022-08-17T07:55:48.349Z] fatal: not a git repository (or any of the parent directories): .git
[2022-08-17T07:58:51.566Z] > git rev-parse --show-toplevel [1ms]
[2022-08-17T07:58:51.566Z] fatal: not a git repository (or any of the parent directories): .git
[2022-08-17T07:59:28.266Z] > git rev-parse --show-toplevel [2ms]
[2022-08-17T07:59:28.266Z] fatal: not a git repository (or any of the parent directories): .git
[2022-08-17T07:59:58.884Z] > git rev-parse --show-toplevel [2ms]
[2022-08-17T07:59:58.884Z] fatal: not a git repository (or any of the parent directories): .git
[2022-08-17T08:00:01.642Z] > git rev-parse --show-toplevel [2ms]
[2022-08-17T08:00:01.642Z] fatal: not a git repository (or any of the parent directories): .git
[2022-08-17T08:01:53.357Z] > git rev-parse --show-toplevel [2ms]
[2022-08-17T08:01:53.357Z] fatal: not a git repository (or any of the parent directories): .git
[2022-08-17T08:01:56.994Z] > git rev-parse --show-toplevel [2ms]
[2022-08-17T08:01:56.994Z] fatal: not a git repository (or any of the parent directories): .git
[2022-08-17T08:02:35.116Z] > git rev-parse --show-toplevel [1ms]
[2022-08-17T08:02:35.116Z] fatal: not a git repository (or any of the parent directories): .git
[2022-08-17T08:03:14.750Z] > git rev-parse --show-toplevel [3ms]
[2022-08-17T08:03:14.750Z] fatal: not a git repository (or any of the parent directories): .git
[2022-08-17T08:06:08.428Z] > git rev-parse --show-toplevel [0ms]
[2022-08-17T08:06:08.428Z] fatal: not a git repository (or any of the parent directories): .git
[2022-08-17T08:06:19.293Z] > git rev-parse --show-toplevel [2ms]
[2022-08-17T08:06:19.293Z] fatal: not a git repository (or any of the parent directories): .git
[2022-08-17T08:06:23.880Z] > git rev-parse --show-toplevel [1ms]
[2022-08-17T08:06:23.881Z] fatal: not a git repository (or any of the parent directories): .git
[2022-08-17T08:14:16.492Z] > git rev-parse --show-toplevel [3ms]
[2022-08-17T08:14:16.492Z] fatal: not a git repository (or any of the parent directories): .git
[2022-08-17T08:15:06.332Z] > git rev-parse --show-toplevel [2ms]
[2022-08-17T08:15:06.332Z] fatal: not a git repository (or any of the parent directories): .git
[2022-08-17T08:27:05.305Z] > git rev-parse --show-toplevel [3ms]
[2022-08-17T08:27:05.305Z] fatal: not a git repository (or any of the parent directories): .git
[2022-08-17T08:27:50.904Z] > git rev-parse --show-toplevel [2ms]
[2022-08-17T08:27:50.904Z] fatal: not a git repository (or any of the parent directories): .git
[2022-08-17T08:29:01.981Z] > git rev-parse --show-toplevel [1ms]
[2022-08-17T08:29:01.981Z] fatal: not a git repository (or any of the parent directories): .git
[2022-08-17T08:29:06.940Z] > git rev-parse --show-toplevel [2ms]
[2022-08-17T08:29:06.940Z] fatal: not a git repository (or any of the parent directories): .git
[2022-08-17T08:40:02.978Z] > git rev-parse --show-toplevel [2ms]
[2022-08-17T08:40:02.978Z] fatal: not a git repository (or any of the parent directories): .git
[2022-08-17T08:40:05.058Z] > git rev-parse --show-toplevel [2ms]
[2022-08-17T08:40:05.058Z] fatal: not a git repository (or any of the parent directories): .git
[2022-08-17T08:44:16.231Z] > git rev-parse --show-toplevel [1ms]
[2022-08-17T08:44:16.231Z] fatal: not a git repository (or any of the parent directories): .git
[2022-08-17T08:51:24.255Z] > git rev-parse --show-toplevel [1ms]
[2022-08-17T08:51:24.255Z] fatal: not a git repository (or any of the parent directories): .git
[2022-08-17T08:57:02.464Z] > git rev-parse --show-toplevel [4ms]
[2022-08-17T08:57:02.464Z] fatal: not a git repository (or any of the parent directories): .git
[2022-08-17T08:57:03.661Z] > git rev-parse --show-toplevel [1ms]
[2022-08-17T08:57:03.661Z] fatal: not a git repository (or any of the parent directories): .git
[2022-08-17T08:57:32.092Z] > git rev-parse --show-toplevel [2ms]
[2022-08-17T08:57:32.092Z] fatal: not a git repository (or any of the parent directories): .git
[2022-08-17T08:57:32.738Z] > git rev-parse --show-toplevel [1ms]
[2022-08-17T08:57:32.738Z] fatal: not a git repository (or any of the parent directories): .git
[2022-08-17T08:57:35.123Z] > git rev-parse --show-toplevel [2ms]
[2022-08-17T08:57:35.123Z] fatal: not a git repository (or any of the parent directories): .git
[2022-08-17T09:02:48.562Z] > git rev-parse --show-toplevel [2ms]
[2022-08-17T09:02:48.562Z] fatal: not a git repository (or any of the parent directories): .git
[2022-08-17T09:04:55.159Z] > git rev-parse --show-toplevel [2ms]
[2022-08-17T09:04:55.159Z] fatal: not a git repository (or any of the parent directories): .git
