[Info  - 4:11:10 PM] (31512) Pylance language server 2022.8.20 (pyright 888eb243) starting
[Info  - 4:11:10 PM] (31512) Server root directory: /home/miura/.vscode-server/extensions/ms-python.vscode-pylance-2022.8.20/dist
[Info  - 4:11:10 PM] (31512) Starting service instance "miura"
[Info  - 4:11:10 PM] (31512) Notebook support: LSP
[Info  - 4:11:10 PM] (31512) Interactive window support: LSP
[Info  - 4:11:11 PM] (31512) No configuration file found.
[Info  - 4:11:11 PM] (31512) No pyproject.toml file found.
[Info  - 4:11:11 PM] (31512) Setting pythonPath for service "miura": "/usr/bin/python3"
[Warn  - 4:11:11 PM] (31512) stubPath /home/miura/typings is not a valid directory.
[Info  - 4:11:11 PM] (31512) Assuming Python version 3.10
[Info  - 4:11:11 PM] (31512) Assuming Python platform Linux
[Info  - 4:11:11 PM] (31512) Searching for source files
[Info  - 4:11:11 PM] (31512) Found 8 source files
[Info  - 4:11:11 PM] (31512) Background analysis(1) root directory: /home/miura/.vscode-server/extensions/ms-python.vscode-pylance-2022.8.20/dist
[Info  - 4:11:11 PM] (31512) Background analysis(1) started
[Info  - 5:13:14 PM] (31512) Searching for source files
[Info  - 5:13:14 PM] (31512) Found 8 source files
[Info  - 5:26:37 PM] (31512) Searching for source files
[Info  - 5:26:37 PM] (31512) Found 8 source files
[Info  - 5:35:31 PM] (31512) Searching for source files
[Info  - 5:35:31 PM] (31512) Found 8 source files
