[2022-08-15T02:40:43.919Z] ログ レベル: Info
[2022-08-15T02:40:43.925Z] [info] Git の検証が検出されました: git
[2022-08-15T02:40:43.955Z] [info] git から Git 2.34.1 を使用しています
[2022-08-15T02:40:43.993Z] > git rev-parse --show-toplevel [24ms]
[2022-08-15T02:40:43.993Z] fatal: not a git repository (or any of the parent directories): .git
[2022-08-15T02:40:44.004Z] > git rev-parse --show-toplevel [1ms]
[2022-08-15T02:40:44.004Z] fatal: not a git repository (or any of the parent directories): .git
[2022-08-15T02:40:44.012Z] > git rev-parse --show-toplevel [1ms]
[2022-08-15T02:40:44.012Z] fatal: not a git repository (or any of the parent directories): .git
[2022-08-15T02:40:44.019Z] > git rev-parse --show-toplevel [1ms]
[2022-08-15T02:40:44.019Z] fatal: not a git repository (or any of the parent directories): .git
[2022-08-15T02:40:44.026Z] > git rev-parse --show-toplevel [1ms]
[2022-08-15T02:40:44.026Z] fatal: not a git repository (or any of the parent directories): .git
[2022-08-15T02:40:44.033Z] > git rev-parse --show-toplevel [0ms]
[2022-08-15T02:40:44.033Z] fatal: not a git repository (or any of the parent directories): .git
[2022-08-15T02:40:44.040Z] > git rev-parse --show-toplevel [0ms]
[2022-08-15T02:40:44.040Z] fatal: not a git repository (or any of the parent directories): .git
[2022-08-15T02:40:44.049Z] > git rev-parse --show-toplevel [0ms]
[2022-08-15T02:40:44.049Z] fatal: not a git repository (or any of the parent directories): .git
[2022-08-15T02:40:45.106Z] > git rev-parse --show-toplevel [1ms]
[2022-08-15T02:40:45.106Z] fatal: not a git repository (or any of the parent directories): .git
[2022-08-15T02:45:56.352Z] > git rev-parse --show-toplevel [2ms]
[2022-08-15T02:45:56.352Z] fatal: not a git repository (or any of the parent directories): .git
[2022-08-15T02:53:06.099Z] > git rev-parse --show-toplevel [2ms]
[2022-08-15T02:53:06.099Z] fatal: not a git repository (or any of the parent directories): .git
[2022-08-15T02:54:48.619Z] > git rev-parse --show-toplevel [2ms]
[2022-08-15T02:54:48.619Z] fatal: not a git repository (or any of the parent directories): .git
[2022-08-15T02:59:06.713Z] > git rev-parse --show-toplevel [7ms]
[2022-08-15T02:59:06.713Z] fatal: not a git repository (or any of the parent directories): .git
[2022-08-15T03:00:11.529Z] > git rev-parse --show-toplevel [1ms]
[2022-08-15T03:00:11.529Z] fatal: not a git repository (or any of the parent directories): .git
[2022-08-15T03:00:20.497Z] > git rev-parse --show-toplevel [2ms]
[2022-08-15T03:00:20.497Z] fatal: not a git repository (or any of the parent directories): .git
[2022-08-15T03:00:45.008Z] > git rev-parse --show-toplevel [0ms]
[2022-08-15T03:00:45.008Z] fatal: not a git repository (or any of the parent directories): .git
[2022-08-15T03:01:38.724Z] > git rev-parse --show-toplevel [3ms]
[2022-08-15T03:01:38.724Z] fatal: not a git repository (or any of the parent directories): .git
[2022-08-15T03:01:40.163Z] > git rev-parse --show-toplevel [1ms]
[2022-08-15T03:01:40.163Z] fatal: not a git repository (or any of the parent directories): .git
[2022-08-15T03:01:41.024Z] > git rev-parse --show-toplevel [2ms]
[2022-08-15T03:01:41.024Z] fatal: not a git repository (or any of the parent directories): .git
[2022-08-15T03:01:45.672Z] > git rev-parse --show-toplevel [2ms]
[2022-08-15T03:01:45.672Z] fatal: not a git repository (or any of the parent directories): .git
