[2022-08-22T06:43:23.556Z] ログ レベル: Info
[2022-08-22T06:43:23.562Z] [info] Git の検証が検出されました: git
[2022-08-22T06:43:23.588Z] [info] git から Git 2.34.1 を使用しています
[2022-08-22T06:43:23.626Z] > git rev-parse --show-toplevel [25ms]
[2022-08-22T06:43:23.626Z] fatal: not a git repository (or any of the parent directories): .git
[2022-08-22T06:43:23.640Z] > git rev-parse --show-toplevel [5ms]
[2022-08-22T06:43:23.640Z] fatal: not a git repository (or any of the parent directories): .git
[2022-08-22T06:43:23.646Z] > git rev-parse --show-toplevel [2ms]
[2022-08-22T06:43:23.646Z] fatal: not a git repository (or any of the parent directories): .git
[2022-08-22T06:43:23.652Z] > git rev-parse --show-toplevel [2ms]
[2022-08-22T06:43:23.652Z] fatal: not a git repository (or any of the parent directories): .git
[2022-08-22T06:43:23.660Z] > git rev-parse --show-toplevel [3ms]
[2022-08-22T06:43:23.660Z] fatal: not a git repository (or any of the parent directories): .git
[2022-08-22T06:43:23.682Z] > git rev-parse --show-toplevel [18ms]
[2022-08-22T06:43:23.682Z] fatal: not a git repository (or any of the parent directories): .git
[2022-08-22T06:43:23.690Z] > git rev-parse --show-toplevel [4ms]
[2022-08-22T06:43:23.690Z] fatal: not a git repository (or any of the parent directories): .git
[2022-08-22T06:43:23.699Z] > git rev-parse --show-toplevel [5ms]
[2022-08-22T06:43:23.699Z] fatal: not a git repository (or any of the parent directories): .git
[2022-08-22T06:43:23.705Z] > git rev-parse --show-toplevel [2ms]
[2022-08-22T06:43:23.705Z] fatal: not a git repository (or any of the parent directories): .git
[2022-08-22T06:43:23.711Z] > git rev-parse --show-toplevel [3ms]
[2022-08-22T06:43:23.711Z] fatal: not a git repository (or any of the parent directories): .git
[2022-08-22T06:43:25.143Z] > git rev-parse --show-toplevel [1ms]
[2022-08-22T06:43:25.143Z] fatal: not a git repository (or any of the parent directories): .git
[2022-08-22T06:43:25.202Z] > git rev-parse --show-toplevel [2ms]
[2022-08-22T06:43:25.202Z] fatal: not a git repository (or any of the parent directories): .git
[2022-08-22T07:03:22.276Z] > git rev-parse --show-toplevel [2ms]
[2022-08-22T07:03:22.276Z] fatal: not a git repository (or any of the parent directories): .git
[2022-08-22T07:03:22.831Z] > git rev-parse --show-toplevel [2ms]
[2022-08-22T07:03:22.831Z] fatal: not a git repository (or any of the parent directories): .git
[2022-08-22T07:13:40.546Z] > git rev-parse --show-toplevel [4ms]
[2022-08-22T07:13:40.546Z] fatal: not a git repository (or any of the parent directories): .git
[2022-08-22T07:15:32.385Z] > git rev-parse --show-toplevel [2ms]
[2022-08-22T07:15:32.385Z] fatal: not a git repository (or any of the parent directories): .git
[2022-08-22T07:17:22.204Z] > git rev-parse --show-toplevel [2ms]
[2022-08-22T07:17:22.204Z] fatal: not a git repository (or any of the parent directories): .git
[2022-08-22T07:18:00.936Z] > git rev-parse --show-toplevel [1ms]
[2022-08-22T07:18:00.936Z] fatal: not a git repository (or any of the parent directories): .git
[2022-08-22T07:18:01.989Z] > git rev-parse --show-toplevel [2ms]
[2022-08-22T07:18:01.989Z] fatal: not a git repository (or any of the parent directories): .git
[2022-08-22T07:18:27.460Z] > git rev-parse --show-toplevel [3ms]
[2022-08-22T07:18:27.460Z] fatal: not a git repository (or any of the parent directories): .git
[2022-08-22T07:18:35.552Z] > git rev-parse --show-toplevel [1ms]
[2022-08-22T07:18:35.552Z] fatal: not a git repository (or any of the parent directories): .git
[2022-08-22T07:18:35.564Z] > git rev-parse --show-toplevel [3ms]
[2022-08-22T07:18:35.564Z] fatal: not a git repository (or any of the parent directories): .git
[2022-08-22T07:19:38.863Z] > git rev-parse --show-toplevel [2ms]
[2022-08-22T07:19:38.863Z] fatal: not a git repository (or any of the parent directories): .git
[2022-08-22T07:19:39.566Z] > git rev-parse --show-toplevel [2ms]
[2022-08-22T07:19:39.566Z] fatal: not a git repository (or any of the parent directories): .git
[2022-08-22T07:19:41.842Z] > git rev-parse --show-toplevel [7ms]
[2022-08-22T07:19:41.842Z] fatal: not a git repository (or any of the parent directories): .git
[2022-08-22T07:19:42.845Z] > git rev-parse --show-toplevel [1ms]
[2022-08-22T07:19:42.845Z] fatal: not a git repository (or any of the parent directories): .git
[2022-08-22T07:19:45.444Z] > git rev-parse --show-toplevel [4ms]
[2022-08-22T07:19:45.444Z] fatal: not a git repository (or any of the parent directories): .git
[2022-08-22T07:47:38.445Z] > git rev-parse --show-toplevel [4ms]
[2022-08-22T07:47:38.445Z] fatal: not a git repository (or any of the parent directories): .git
[2022-08-22T07:47:43.089Z] > git rev-parse --show-toplevel [2ms]
[2022-08-22T07:47:43.089Z] fatal: not a git repository (or any of the parent directories): .git
[2022-08-22T07:47:44.289Z] > git rev-parse --show-toplevel [2ms]
[2022-08-22T07:47:44.289Z] fatal: not a git repository (or any of the parent directories): .git
[2022-08-22T07:47:47.106Z] > git rev-parse --show-toplevel [2ms]
[2022-08-22T07:47:47.106Z] fatal: not a git repository (or any of the parent directories): .git
[2022-08-22T07:49:17.516Z] > git rev-parse --show-toplevel [4ms]
[2022-08-22T07:49:17.516Z] fatal: not a git repository (or any of the parent directories): .git
[2022-08-22T07:49:24.183Z] > git rev-parse --show-toplevel [1ms]
[2022-08-22T07:49:24.183Z] fatal: not a git repository (or any of the parent directories): .git
[2022-08-22T08:00:24.391Z] > git rev-parse --show-toplevel [2ms]
[2022-08-22T08:00:24.391Z] fatal: not a git repository (or any of the parent directories): .git
