[2022-08-26T07:33:00.761Z] ログ レベル: Info
[2022-08-26T07:33:00.767Z] [info] Git の検証が検出されました: git
[2022-08-26T07:33:00.794Z] [info] git から Git 2.34.1 を使用しています
[2022-08-26T07:33:00.831Z] > git rev-parse --show-toplevel [24ms]
[2022-08-26T07:33:00.839Z] > git rev-parse --git-dir --git-common-dir [0ms]
[2022-08-26T07:33:00.845Z] [info] Open repository: /home/miura
[2022-08-26T07:33:00.918Z] > git status -z -uall [66ms]
[2022-08-26T07:33:00.924Z] > git symbolic-ref --short HEAD [1ms]
[2022-08-26T07:33:00.947Z] > git for-each-ref --format=%(refname)%00%(upstream:short)%00%(objectname)%00%(upstream:track)%00%(upstream:remotename)%00%(upstream:remoteref) refs/heads/feature/locate-box refs/remotes/feature/locate-box [19ms]
[2022-08-26T07:33:00.956Z] > git remote --verbose [1ms]
[2022-08-26T07:33:00.957Z] > git for-each-ref --sort -committerdate --format %(refname) %(objectname) %(*objectname) [6ms]
[2022-08-26T07:33:00.967Z] > git config --get commit.template [1ms]
[2022-08-26T07:33:01.036Z] > git status -z -uall [63ms]
[2022-08-26T07:33:01.041Z] > git symbolic-ref --short HEAD [1ms]
[2022-08-26T07:33:01.046Z] > git for-each-ref --format=%(refname)%00%(upstream:short)%00%(objectname)%00%(upstream:track)%00%(upstream:remotename)%00%(upstream:remoteref) refs/heads/feature/locate-box refs/remotes/feature/locate-box [1ms]
[2022-08-26T07:33:01.053Z] > git for-each-ref --sort -committerdate --format %(refname) %(objectname) %(*objectname) [4ms]
[2022-08-26T07:33:01.053Z] > git remote --verbose [1ms]
[2022-08-26T07:33:01.059Z] > git config --get commit.template [1ms]
[2022-08-26T07:33:01.540Z] > git check-ignore -v -z --stdin [20ms]
[2022-08-26T07:33:01.588Z] > git show --textconv :.gitignore [5ms]
[2022-08-26T07:33:01.594Z] > git ls-files --stage -- /home/miura/.gitignore [7ms]
[2022-08-26T07:33:01.598Z] > git cat-file -s 4cb512ec1f69ca61da8f4e280399077945848a06 [1ms]
[2022-08-26T07:33:11.488Z] > git status -z -uall [62ms]
[2022-08-26T07:33:11.493Z] > git symbolic-ref --short HEAD [1ms]
[2022-08-26T07:33:11.498Z] > git for-each-ref --format=%(refname)%00%(upstream:short)%00%(objectname)%00%(upstream:track)%00%(upstream:remotename)%00%(upstream:remoteref) refs/heads/feature/locate-box refs/remotes/feature/locate-box [1ms]
[2022-08-26T07:33:11.504Z] > git for-each-ref --sort -committerdate --format %(refname) %(objectname) %(*objectname) [3ms]
[2022-08-26T07:33:11.505Z] > git remote --verbose [2ms]
[2022-08-26T07:33:11.510Z] > git config --get commit.template [0ms]
[2022-08-26T07:33:11.579Z] > git ls-files --stage -- /home/miura/.gitignore [5ms]
[2022-08-26T07:33:11.584Z] > git cat-file -s 4cb512ec1f69ca61da8f4e280399077945848a06 [1ms]
[2022-08-26T07:33:11.632Z] > git show --textconv :.gitignore [5ms]
[2022-08-26T07:33:15.217Z] > git ls-files --stage -- /home/miura/.gitignore [6ms]
[2022-08-26T07:33:15.221Z] > git cat-file -s 4cb512ec1f69ca61da8f4e280399077945848a06 [1ms]
[2022-08-26T07:33:15.265Z] > git show --textconv :.gitignore [5ms]
[2022-08-26T07:33:16.577Z] > git status -z -uall [61ms]
[2022-08-26T07:33:16.582Z] > git symbolic-ref --short HEAD [1ms]
[2022-08-26T07:33:16.586Z] > git for-each-ref --format=%(refname)%00%(upstream:short)%00%(objectname)%00%(upstream:track)%00%(upstream:remotename)%00%(upstream:remoteref) refs/heads/feature/locate-box refs/remotes/feature/locate-box [1ms]
[2022-08-26T07:33:16.593Z] > git for-each-ref --sort -committerdate --format %(refname) %(objectname) %(*objectname) [4ms]
[2022-08-26T07:33:16.593Z] > git remote --verbose [1ms]
[2022-08-26T07:33:16.598Z] > git config --get commit.template [0ms]
[2022-08-26T07:33:30.927Z] > git status -z -uall [60ms]
[2022-08-26T07:33:30.933Z] > git symbolic-ref --short HEAD [1ms]
[2022-08-26T07:33:30.937Z] > git for-each-ref --format=%(refname)%00%(upstream:short)%00%(objectname)%00%(upstream:track)%00%(upstream:remotename)%00%(upstream:remoteref) refs/heads/feature/locate-box refs/remotes/feature/locate-box [1ms]
[2022-08-26T07:33:30.943Z] > git for-each-ref --sort -committerdate --format %(refname) %(objectname) %(*objectname) [3ms]
[2022-08-26T07:33:30.944Z] > git remote --verbose [1ms]
[2022-08-26T07:33:30.950Z] > git config --get commit.template [1ms]
[2022-08-26T07:33:31.033Z] > git ls-files --stage -- /home/miura/.gitignore [6ms]
[2022-08-26T07:33:31.036Z] > git cat-file -s 4cb512ec1f69ca61da8f4e280399077945848a06 [1ms]
[2022-08-26T07:33:31.083Z] > git show --textconv :.gitignore [5ms]
[2022-08-26T07:36:32.058Z] > git check-ignore -v -z --stdin [19ms]
[2022-08-26T07:36:32.471Z] > git status -z -uall [64ms]
[2022-08-26T07:36:32.476Z] > git symbolic-ref --short HEAD [1ms]
[2022-08-26T07:36:32.480Z] > git for-each-ref --format=%(refname)%00%(upstream:short)%00%(objectname)%00%(upstream:track)%00%(upstream:remotename)%00%(upstream:remoteref) refs/heads/feature/locate-box refs/remotes/feature/locate-box [1ms]
[2022-08-26T07:36:32.486Z] > git for-each-ref --sort -committerdate --format %(refname) %(objectname) %(*objectname) [3ms]
[2022-08-26T07:36:32.486Z] > git remote --verbose [1ms]
[2022-08-26T07:36:32.491Z] > git config --get commit.template [1ms]
