[2022-08-15T01:17:09.207Z] Log level: Info
[2022-08-15T01:17:09.212Z] [info] Validating found git in: git
[2022-08-15T01:17:09.245Z] [info] Using git 2.34.1 from git
[2022-08-15T01:17:09.289Z] > git rev-parse --show-toplevel [25ms]
[2022-08-15T01:17:09.289Z] fatal: not a git repository (or any of the parent directories): .git
[2022-08-15T01:17:09.304Z] > git rev-parse --show-toplevel [2ms]
[2022-08-15T01:17:09.304Z] fatal: not a git repository (or any of the parent directories): .git
[2022-08-15T01:17:09.316Z] > git rev-parse --show-toplevel [2ms]
[2022-08-15T01:17:09.316Z] fatal: not a git repository (or any of the parent directories): .git
[2022-08-15T01:17:09.331Z] > git rev-parse --show-toplevel [6ms]
[2022-08-15T01:17:09.331Z] fatal: not a git repository (or any of the parent directories): .git
[2022-08-15T01:17:09.342Z] > git rev-parse --show-toplevel [1ms]
[2022-08-15T01:17:09.342Z] fatal: not a git repository (or any of the parent directories): .git
[2022-08-15T01:17:09.353Z] > git rev-parse --show-toplevel [1ms]
[2022-08-15T01:17:09.353Z] fatal: not a git repository (or any of the parent directories): .git
[2022-08-15T01:17:09.363Z] > git rev-parse --show-toplevel [1ms]
[2022-08-15T01:17:09.363Z] fatal: not a git repository (or any of the parent directories): .git
[2022-08-15T01:17:09.375Z] > git rev-parse --show-toplevel [1ms]
[2022-08-15T01:17:09.375Z] fatal: not a git repository (or any of the parent directories): .git
[2022-08-15T01:18:07.701Z] > git rev-parse --show-toplevel [2ms]
[2022-08-15T01:18:07.701Z] fatal: not a git repository (or any of the parent directories): .git
[2022-08-15T01:18:53.920Z] > git rev-parse --show-toplevel [3ms]
[2022-08-15T01:18:53.920Z] fatal: not a git repository (or any of the parent directories): .git
[2022-08-15T02:05:52.745Z] > git rev-parse --show-toplevel [10ms]
[2022-08-15T02:05:52.745Z] fatal: not a git repository (or any of the parent directories): .git
[2022-08-15T02:10:18.820Z] > git rev-parse --show-toplevel [4ms]
[2022-08-15T02:10:18.820Z] fatal: not a git repository (or any of the parent directories): .git
[2022-08-15T02:10:52.585Z] > git rev-parse --show-toplevel [3ms]
[2022-08-15T02:10:52.585Z] fatal: not a git repository (or any of the parent directories): .git
[2022-08-15T02:10:54.891Z] > git rev-parse --show-toplevel [3ms]
[2022-08-15T02:10:54.891Z] fatal: not a git repository (or any of the parent directories): .git
[2022-08-15T02:10:55.915Z] > git rev-parse --show-toplevel [1ms]
[2022-08-15T02:10:55.915Z] fatal: not a git repository (or any of the parent directories): .git
