[2022-08-16T00:43:56.075Z] ログ レベル: Info
[2022-08-16T00:43:56.081Z] [info] Git の検証が検出されました: git
[2022-08-16T00:43:56.114Z] [info] git から Git 2.34.1 を使用しています
[2022-08-16T00:43:56.154Z] > git rev-parse --show-toplevel [24ms]
[2022-08-16T00:43:56.154Z] fatal: not a git repository (or any of the parent directories): .git
[2022-08-16T00:43:56.173Z] > git rev-parse --show-toplevel [6ms]
[2022-08-16T00:43:56.173Z] fatal: not a git repository (or any of the parent directories): .git
[2022-08-16T00:43:56.184Z] > git rev-parse --show-toplevel [2ms]
[2022-08-16T00:43:56.184Z] fatal: not a git repository (or any of the parent directories): .git
[2022-08-16T00:43:56.192Z] > git rev-parse --show-toplevel [0ms]
[2022-08-16T00:43:56.192Z] fatal: not a git repository (or any of the parent directories): .git
[2022-08-16T00:43:56.203Z] > git rev-parse --show-toplevel [1ms]
[2022-08-16T00:43:56.203Z] fatal: not a git repository (or any of the parent directories): .git
[2022-08-16T00:43:56.213Z] > git rev-parse --show-toplevel [1ms]
[2022-08-16T00:43:56.213Z] fatal: not a git repository (or any of the parent directories): .git
[2022-08-16T00:43:56.222Z] > git rev-parse --show-toplevel [1ms]
[2022-08-16T00:43:56.222Z] fatal: not a git repository (or any of the parent directories): .git
[2022-08-16T00:43:56.230Z] > git rev-parse --show-toplevel [1ms]
[2022-08-16T00:43:56.230Z] fatal: not a git repository (or any of the parent directories): .git
[2022-08-16T00:43:57.871Z] > git rev-parse --show-toplevel [1ms]
[2022-08-16T00:43:57.871Z] fatal: not a git repository (or any of the parent directories): .git
[2022-08-16T00:43:57.956Z] > git rev-parse --show-toplevel [1ms]
[2022-08-16T00:43:57.956Z] fatal: not a git repository (or any of the parent directories): .git
[2022-08-16T00:43:57.987Z] > git rev-parse --show-toplevel [6ms]
[2022-08-16T00:43:57.987Z] fatal: not a git repository (or any of the parent directories): .git
[2022-08-16T00:43:58.406Z] > git rev-parse --show-toplevel [3ms]
[2022-08-16T00:43:58.406Z] fatal: not a git repository (or any of the parent directories): .git
[2022-08-16T00:43:58.418Z] > git rev-parse --show-toplevel [2ms]
[2022-08-16T00:43:58.418Z] fatal: not a git repository (or any of the parent directories): .git
[2022-08-16T00:44:05.245Z] > git rev-parse --show-toplevel [2ms]
[2022-08-16T00:44:05.245Z] fatal: not a git repository (or any of the parent directories): .git
[2022-08-16T00:45:45.044Z] > git rev-parse --show-toplevel [2ms]
[2022-08-16T00:45:45.044Z] fatal: not a git repository (or any of the parent directories): .git
[2022-08-16T00:45:54.516Z] > git rev-parse --show-toplevel [1ms]
[2022-08-16T00:45:54.516Z] fatal: not a git repository (or any of the parent directories): .git
[2022-08-16T00:45:58.652Z] > git rev-parse --show-toplevel [2ms]
[2022-08-16T00:45:58.652Z] fatal: not a git repository (or any of the parent directories): .git
[2022-08-16T00:53:52.969Z] > git rev-parse --show-toplevel [2ms]
[2022-08-16T00:53:52.969Z] fatal: not a git repository (or any of the parent directories): .git
[2022-08-16T01:14:14.246Z] > git rev-parse --show-toplevel [2ms]
[2022-08-16T01:14:14.246Z] fatal: not a git repository (or any of the parent directories): .git
[2022-08-16T01:35:03.319Z] > git rev-parse --show-toplevel [1ms]
[2022-08-16T01:35:03.319Z] fatal: not a git repository (or any of the parent directories): .git
