[2022-08-25T00:33:45.743Z] ログ レベル: Info
[2022-08-25T00:33:45.749Z] [info] Git の検証が検出されました: git
[2022-08-25T00:33:45.779Z] [info] git から Git 2.34.1 を使用しています
[2022-08-25T00:33:45.816Z] > git rev-parse --show-toplevel [25ms]
[2022-08-25T00:33:45.826Z] > git rev-parse --git-dir --git-common-dir [3ms]
[2022-08-25T00:33:45.833Z] [info] Open repository: /home/miura
[2022-08-25T00:33:45.932Z] > git status -z -uall [93ms]
[2022-08-25T00:33:45.940Z] > git symbolic-ref --short HEAD [3ms]
[2022-08-25T00:33:45.946Z] > git for-each-ref --format=%(refname)%00%(upstream:short)%00%(objectname)%00%(upstream:track)%00%(upstream:remotename)%00%(upstream:remoteref) refs/heads/feature/shape-list refs/remotes/feature/shape-list [1ms]
[2022-08-25T00:33:45.955Z] > git for-each-ref --sort -committerdate --format %(refname) %(objectname) %(*objectname) [5ms]
[2022-08-25T00:33:45.955Z] > git remote --verbose [2ms]
[2022-08-25T00:33:45.977Z] > git config --get commit.template [2ms]
[2022-08-25T00:33:46.229Z] > git status -z -uall [247ms]
[2022-08-25T00:33:46.236Z] > git symbolic-ref --short HEAD [2ms]
[2022-08-25T00:33:46.242Z] > git for-each-ref --format=%(refname)%00%(upstream:short)%00%(objectname)%00%(upstream:track)%00%(upstream:remotename)%00%(upstream:remoteref) refs/heads/feature/shape-list refs/remotes/feature/shape-list [2ms]
[2022-08-25T00:33:46.252Z] > git for-each-ref --sort -committerdate --format %(refname) %(objectname) %(*objectname) [6ms]
[2022-08-25T00:33:46.253Z] > git remote --verbose [4ms]
[2022-08-25T00:33:46.266Z] > git config --get commit.template [3ms]
[2022-08-25T00:33:46.648Z] > git check-ignore -v -z --stdin [36ms]
[2022-08-25T00:33:47.013Z] > git show --textconv :templates/first-page.html [6ms]
[2022-08-25T00:33:47.019Z] > git ls-files --stage -- /home/miura/templates/first-page.html [7ms]
[2022-08-25T00:33:47.024Z] > git cat-file -s 460e5101e5f53aee10fca4cace3447f76a4df7f1 [1ms]
[2022-08-25T00:37:13.928Z] > git show --textconv :index.py [15ms]
[2022-08-25T00:37:13.930Z] > git ls-files --stage -- /home/miura/index.py [8ms]
[2022-08-25T00:37:13.940Z] > git cat-file -s 36462e744cc998a882ffc13baca45ed2a6645174 [1ms]
[2022-08-25T00:37:15.029Z] > git show --textconv :templates/next-page.html [11ms]
[2022-08-25T00:37:15.034Z] > git ls-files --stage -- /home/miura/templates/next-page.html [6ms]
[2022-08-25T00:37:15.044Z] > git cat-file -s a219c0fd46844159e09cde75adfa8a399edf1853 [1ms]
[2022-08-25T00:37:27.110Z] > git status -z -uall [65ms]
[2022-08-25T00:37:27.124Z] > git symbolic-ref --short HEAD [1ms]
[2022-08-25T00:37:27.135Z] > git for-each-ref --format=%(refname)%00%(upstream:short)%00%(objectname)%00%(upstream:track)%00%(upstream:remotename)%00%(upstream:remoteref) refs/heads/feature/shape-list refs/remotes/feature/shape-list [1ms]
[2022-08-25T00:37:27.154Z] > git remote --verbose [2ms]
[2022-08-25T00:37:27.154Z] > git for-each-ref --sort -committerdate --format %(refname) %(objectname) %(*objectname) [10ms]
[2022-08-25T00:37:27.183Z] > git config --get commit.template [5ms]
[2022-08-25T00:39:07.330Z] > git status -z -uall [72ms]
[2022-08-25T00:39:07.338Z] > git symbolic-ref --short HEAD [1ms]
[2022-08-25T00:39:07.345Z] > git for-each-ref --format=%(refname)%00%(upstream:short)%00%(objectname)%00%(upstream:track)%00%(upstream:remotename)%00%(upstream:remoteref) refs/heads/feature/shape-list refs/remotes/feature/shape-list [1ms]
[2022-08-25T00:39:07.355Z] > git for-each-ref --sort -committerdate --format %(refname) %(objectname) %(*objectname) [5ms]
[2022-08-25T00:39:07.355Z] > git remote --verbose [1ms]
[2022-08-25T00:39:07.376Z] > git config --get commit.template [1ms]
[2022-08-25T00:39:10.710Z] > git ls-files --stage -- /home/miura/templates/next-page.html [5ms]
[2022-08-25T00:39:10.717Z] > git cat-file -s a219c0fd46844159e09cde75adfa8a399edf1853 [1ms]
[2022-08-25T00:39:10.767Z] > git show --textconv :templates/next-page.html [4ms]
[2022-08-25T00:39:12.446Z] > git status -z -uall [62ms]
[2022-08-25T00:39:12.454Z] > git symbolic-ref --short HEAD [1ms]
[2022-08-25T00:39:12.460Z] > git for-each-ref --format=%(refname)%00%(upstream:short)%00%(objectname)%00%(upstream:track)%00%(upstream:remotename)%00%(upstream:remoteref) refs/heads/feature/shape-list refs/remotes/feature/shape-list [1ms]
[2022-08-25T00:39:12.469Z] > git for-each-ref --sort -committerdate --format %(refname) %(objectname) %(*objectname) [4ms]
[2022-08-25T00:39:12.470Z] > git remote --verbose [1ms]
[2022-08-25T00:39:12.485Z] > git config --get commit.template [1ms]
[2022-08-25T00:39:36.637Z] > git status -z -uall [90ms]
[2022-08-25T00:39:36.646Z] > git symbolic-ref --short HEAD [0ms]
[2022-08-25T00:39:36.653Z] > git for-each-ref --format=%(refname)%00%(upstream:short)%00%(objectname)%00%(upstream:track)%00%(upstream:remotename)%00%(upstream:remoteref) refs/heads/feature/shape-list refs/remotes/feature/shape-list [1ms]
[2022-08-25T00:39:36.663Z] > git for-each-ref --sort -committerdate --format %(refname) %(objectname) %(*objectname) [5ms]
[2022-08-25T00:39:36.663Z] > git remote --verbose [1ms]
[2022-08-25T00:39:36.686Z] > git config --get commit.template [1ms]
[2022-08-25T00:39:36.709Z] > git ls-files --stage -- /home/miura/templates/next-page.html [5ms]
[2022-08-25T00:39:36.715Z] > git cat-file -s 6151b4cfd2001ab14e2ae65df7f11e3af896795a [1ms]
[2022-08-25T00:39:36.762Z] > git show --textconv :templates/next-page.html [4ms]
[2022-08-25T00:39:40.186Z] > git ls-files --stage -- /home/miura/templates/next-page.html [5ms]
[2022-08-25T00:39:40.192Z] > git cat-file -s 6151b4cfd2001ab14e2ae65df7f11e3af896795a [1ms]
[2022-08-25T00:39:40.240Z] > git show --textconv :templates/next-page.html [6ms]
[2022-08-25T00:39:41.797Z] > git status -z -uall [102ms]
[2022-08-25T00:39:41.805Z] > git symbolic-ref --short HEAD [1ms]
[2022-08-25T00:39:41.812Z] > git for-each-ref --format=%(refname)%00%(upstream:short)%00%(objectname)%00%(upstream:track)%00%(upstream:remotename)%00%(upstream:remoteref) refs/heads/feature/shape-list refs/remotes/feature/shape-list [1ms]
[2022-08-25T00:39:41.823Z] > git for-each-ref --sort -committerdate --format %(refname) %(objectname) %(*objectname) [6ms]
[2022-08-25T00:39:41.823Z] > git remote --verbose [1ms]
[2022-08-25T00:39:41.838Z] > git config --get commit.template [1ms]
[2022-08-25T00:40:24.820Z] > git status -z -uall [98ms]
[2022-08-25T00:40:24.828Z] > git symbolic-ref --short HEAD [1ms]
[2022-08-25T00:40:24.834Z] > git for-each-ref --format=%(refname)%00%(upstream:short)%00%(objectname)%00%(upstream:track)%00%(upstream:remotename)%00%(upstream:remoteref) refs/heads/feature/shape-list refs/remotes/feature/shape-list [1ms]
[2022-08-25T00:40:24.843Z] > git for-each-ref --sort -committerdate --format %(refname) %(objectname) %(*objectname) [5ms]
[2022-08-25T00:40:24.844Z] > git remote --verbose [1ms]
[2022-08-25T00:40:24.874Z] > git config --get commit.template [8ms]
[2022-08-25T00:40:24.879Z] > git ls-files --stage -- /home/miura/templates/next-page.html [5ms]
[2022-08-25T00:40:24.884Z] > git cat-file -s 6151b4cfd2001ab14e2ae65df7f11e3af896795a [0ms]
[2022-08-25T00:40:25.206Z] > git show --textconv :templates/next-page.html [5ms]
[2022-08-25T00:40:48.384Z] > git status -z -uall [86ms]
[2022-08-25T00:40:48.392Z] > git symbolic-ref --short HEAD [1ms]
[2022-08-25T00:40:48.400Z] > git for-each-ref --format=%(refname)%00%(upstream:short)%00%(objectname)%00%(upstream:track)%00%(upstream:remotename)%00%(upstream:remoteref) refs/heads/feature/shape-list refs/remotes/feature/shape-list [1ms]
[2022-08-25T00:40:48.409Z] > git for-each-ref --sort -committerdate --format %(refname) %(objectname) %(*objectname) [5ms]
[2022-08-25T00:40:48.410Z] > git remote --verbose [2ms]
[2022-08-25T00:40:48.425Z] > git config --get commit.template [0ms]
[2022-08-25T00:40:48.475Z] > git ls-files --stage -- /home/miura/templates/next-page.html [5ms]
[2022-08-25T00:40:48.487Z] > git cat-file -s 6151b4cfd2001ab14e2ae65df7f11e3af896795a [7ms]
[2022-08-25T00:40:48.749Z] > git show --textconv :templates/next-page.html [5ms]
[2022-08-25T00:41:09.437Z] > git status -z -uall [88ms]
[2022-08-25T00:41:09.446Z] > git symbolic-ref --short HEAD [1ms]
[2022-08-25T00:41:09.453Z] > git for-each-ref --format=%(refname)%00%(upstream:short)%00%(objectname)%00%(upstream:track)%00%(upstream:remotename)%00%(upstream:remoteref) refs/heads/feature/shape-list refs/remotes/feature/shape-list [2ms]
[2022-08-25T00:41:09.462Z] > git for-each-ref --sort -committerdate --format %(refname) %(objectname) %(*objectname) [4ms]
[2022-08-25T00:41:09.463Z] > git remote --verbose [1ms]
[2022-08-25T00:41:09.481Z] > git config --get commit.template [2ms]
[2022-08-25T00:41:09.511Z] > git ls-files --stage -- /home/miura/templates/next-page.html [5ms]
[2022-08-25T00:41:09.516Z] > git cat-file -s 6151b4cfd2001ab14e2ae65df7f11e3af896795a [1ms]
[2022-08-25T00:41:09.792Z] > git show --textconv :templates/next-page.html [5ms]
[2022-08-25T00:41:32.048Z] > git status -z -uall [61ms]
[2022-08-25T00:41:32.056Z] > git symbolic-ref --short HEAD [1ms]
[2022-08-25T00:41:32.063Z] > git for-each-ref --format=%(refname)%00%(upstream:short)%00%(objectname)%00%(upstream:track)%00%(upstream:remotename)%00%(upstream:remoteref) refs/heads/feature/shape-list refs/remotes/feature/shape-list [1ms]
[2022-08-25T00:41:32.073Z] > git for-each-ref --sort -committerdate --format %(refname) %(objectname) %(*objectname) [5ms]
[2022-08-25T00:41:32.073Z] > git remote --verbose [1ms]
[2022-08-25T00:41:32.085Z] > git config --get commit.template [1ms]
[2022-08-25T00:41:32.236Z] > git ls-files --stage -- /home/miura/templates/next-page.html [5ms]
[2022-08-25T00:41:32.243Z] > git cat-file -s 6151b4cfd2001ab14e2ae65df7f11e3af896795a [1ms]
[2022-08-25T00:41:32.293Z] > git show --textconv :templates/next-page.html [5ms]
[2022-08-25T00:41:40.782Z] > git status -z -uall [62ms]
[2022-08-25T00:41:40.790Z] > git symbolic-ref --short HEAD [1ms]
[2022-08-25T00:41:40.796Z] > git for-each-ref --format=%(refname)%00%(upstream:short)%00%(objectname)%00%(upstream:track)%00%(upstream:remotename)%00%(upstream:remoteref) refs/heads/feature/shape-list refs/remotes/feature/shape-list [1ms]
[2022-08-25T00:41:40.805Z] > git for-each-ref --sort -committerdate --format %(refname) %(objectname) %(*objectname) [5ms]
[2022-08-25T00:41:40.806Z] > git remote --verbose [1ms]
[2022-08-25T00:41:40.812Z] > git config --get commit.template [1ms]
[2022-08-25T00:44:44.138Z] > git status -z -uall [71ms]
[2022-08-25T00:44:44.146Z] > git symbolic-ref --short HEAD [1ms]
[2022-08-25T00:44:44.153Z] > git for-each-ref --format=%(refname)%00%(upstream:short)%00%(objectname)%00%(upstream:track)%00%(upstream:remotename)%00%(upstream:remoteref) refs/heads/feature/shape-list refs/remotes/feature/shape-list [1ms]
[2022-08-25T00:44:44.164Z] > git for-each-ref --sort -committerdate --format %(refname) %(objectname) %(*objectname) [6ms]
[2022-08-25T00:44:44.164Z] > git remote --verbose [1ms]
[2022-08-25T00:44:44.171Z] > git config --get commit.template [1ms]
[2022-08-25T00:51:39.083Z] > git status -z -uall [60ms]
[2022-08-25T00:51:39.091Z] > git symbolic-ref --short HEAD [1ms]
[2022-08-25T00:51:39.097Z] > git for-each-ref --format=%(refname)%00%(upstream:short)%00%(objectname)%00%(upstream:track)%00%(upstream:remotename)%00%(upstream:remoteref) refs/heads/feature/shape-list refs/remotes/feature/shape-list [1ms]
[2022-08-25T00:51:39.106Z] > git for-each-ref --sort -committerdate --format %(refname) %(objectname) %(*objectname) [5ms]
[2022-08-25T00:51:39.106Z] > git remote --verbose [1ms]
[2022-08-25T00:51:39.113Z] > git config --get commit.template [0ms]
[2022-08-25T00:51:39.180Z] > git ls-files --stage -- /home/miura/templates/next-page.html [5ms]
[2022-08-25T00:51:39.186Z] > git cat-file -s 6151b4cfd2001ab14e2ae65df7f11e3af896795a [0ms]
[2022-08-25T00:51:39.401Z] > git show --textconv :templates/next-page.html [5ms]
[2022-08-25T00:53:31.428Z] > git status -z -uall [65ms]
[2022-08-25T00:53:31.436Z] > git symbolic-ref --short HEAD [1ms]
[2022-08-25T00:53:31.442Z] > git for-each-ref --format=%(refname)%00%(upstream:short)%00%(objectname)%00%(upstream:track)%00%(upstream:remotename)%00%(upstream:remoteref) refs/heads/feature/get-name refs/remotes/feature/get-name [1ms]
[2022-08-25T00:53:31.451Z] > git for-each-ref --sort -committerdate --format %(refname) %(objectname) %(*objectname) [5ms]
[2022-08-25T00:53:31.452Z] > git remote --verbose [1ms]
[2022-08-25T00:53:31.458Z] > git config --get commit.template [0ms]
[2022-08-25T00:53:31.617Z] > git ls-files --stage -- /home/miura/templates/next-page.html [4ms]
[2022-08-25T00:53:31.624Z] > git cat-file -s 6151b4cfd2001ab14e2ae65df7f11e3af896795a [1ms]
[2022-08-25T00:53:31.673Z] > git show --textconv :templates/next-page.html [5ms]
[2022-08-25T00:53:38.524Z] > git status -z -uall [62ms]
[2022-08-25T00:53:38.531Z] > git symbolic-ref --short HEAD [1ms]
[2022-08-25T00:53:38.537Z] > git for-each-ref --format=%(refname)%00%(upstream:short)%00%(objectname)%00%(upstream:track)%00%(upstream:remotename)%00%(upstream:remoteref) refs/heads/feature/get-name refs/remotes/feature/get-name [1ms]
[2022-08-25T00:53:38.548Z] > git for-each-ref --sort -committerdate --format %(refname) %(objectname) %(*objectname) [4ms]
[2022-08-25T00:53:38.549Z] > git remote --verbose [1ms]
[2022-08-25T00:53:38.555Z] > git config --get commit.template [1ms]
[2022-08-25T00:53:38.633Z] > git ls-files --stage -- /home/miura/templates/next-page.html [4ms]
[2022-08-25T00:53:38.639Z] > git cat-file -s 6151b4cfd2001ab14e2ae65df7f11e3af896795a [1ms]
[2022-08-25T00:53:38.692Z] > git show --textconv :templates/next-page.html [6ms]
[2022-08-25T00:53:45.680Z] > git status -z -uall [62ms]
[2022-08-25T00:53:45.688Z] > git symbolic-ref --short HEAD [1ms]
[2022-08-25T00:53:45.694Z] > git for-each-ref --format=%(refname)%00%(upstream:short)%00%(objectname)%00%(upstream:track)%00%(upstream:remotename)%00%(upstream:remoteref) refs/heads/feature/get-name refs/remotes/feature/get-name [1ms]
[2022-08-25T00:53:45.705Z] > git for-each-ref --sort -committerdate --format %(refname) %(objectname) %(*objectname) [5ms]
[2022-08-25T00:53:45.705Z] > git remote --verbose [1ms]
[2022-08-25T00:53:45.711Z] > git config --get commit.template [1ms]
[2022-08-25T00:53:45.889Z] > git ls-files --stage -- /home/miura/templates/next-page.html [5ms]
[2022-08-25T00:53:45.896Z] > git cat-file -s 6151b4cfd2001ab14e2ae65df7f11e3af896795a [1ms]
[2022-08-25T00:53:45.941Z] > git show --textconv :templates/next-page.html [5ms]
[2022-08-25T00:53:56.117Z] > git status -z -uall [61ms]
[2022-08-25T00:53:56.124Z] > git symbolic-ref --short HEAD [1ms]
[2022-08-25T00:53:56.130Z] > git for-each-ref --format=%(refname)%00%(upstream:short)%00%(objectname)%00%(upstream:track)%00%(upstream:remotename)%00%(upstream:remoteref) refs/heads/feature/get-name refs/remotes/feature/get-name [1ms]
[2022-08-25T00:53:56.140Z] > git for-each-ref --sort -committerdate --format %(refname) %(objectname) %(*objectname) [5ms]
[2022-08-25T00:53:56.140Z] > git remote --verbose [1ms]
[2022-08-25T00:53:56.146Z] > git config --get commit.template [1ms]
[2022-08-25T00:55:09.959Z] > git status -z -uall [62ms]
[2022-08-25T00:55:09.967Z] > git symbolic-ref --short HEAD [1ms]
[2022-08-25T00:55:09.973Z] > git for-each-ref --format=%(refname)%00%(upstream:short)%00%(objectname)%00%(upstream:track)%00%(upstream:remotename)%00%(upstream:remoteref) refs/heads/feature/get-name refs/remotes/feature/get-name [1ms]
[2022-08-25T00:55:09.982Z] > git for-each-ref --sort -committerdate --format %(refname) %(objectname) %(*objectname) [5ms]
[2022-08-25T00:55:09.982Z] > git remote --verbose [1ms]
[2022-08-25T00:55:09.992Z] > git config --get commit.template [1ms]
[2022-08-25T00:55:10.173Z] > git ls-files --stage -- /home/miura/templates/next-page.html [5ms]
[2022-08-25T00:55:10.179Z] > git cat-file -s 6151b4cfd2001ab14e2ae65df7f11e3af896795a [1ms]
[2022-08-25T00:55:10.228Z] > git show --textconv :templates/next-page.html [5ms]
[2022-08-25T00:55:39.103Z] > git show --textconv :index.py [6ms]
[2022-08-25T00:55:39.109Z] > git ls-files --stage -- /home/miura/index.py [7ms]
[2022-08-25T00:55:39.115Z] > git cat-file -s 1eaa08385698ece55818cc11b267b5f7afc257ec [1ms]
[2022-08-25T00:55:46.880Z] > git status -z -uall [61ms]
[2022-08-25T00:55:46.888Z] > git symbolic-ref --short HEAD [1ms]
[2022-08-25T00:55:46.894Z] > git for-each-ref --format=%(refname)%00%(upstream:short)%00%(objectname)%00%(upstream:track)%00%(upstream:remotename)%00%(upstream:remoteref) refs/heads/feature/get-name refs/remotes/feature/get-name [1ms]
[2022-08-25T00:55:46.904Z] > git for-each-ref --sort -committerdate --format %(refname) %(objectname) %(*objectname) [5ms]
[2022-08-25T00:55:46.904Z] > git remote --verbose [1ms]
[2022-08-25T00:55:46.911Z] > git config --get commit.template [1ms]
[2022-08-25T00:55:47.533Z] > git show --textconv :templates/first-page.html [6ms]
[2022-08-25T00:55:47.537Z] > git ls-files --stage -- /home/miura/templates/first-page.html [4ms]
[2022-08-25T00:55:47.543Z] > git cat-file -s 4496023d24ef0bd6bacd3a5fdc60389ec29a7c83 [1ms]
[2022-08-25T00:55:51.227Z] > git show --textconv :templates/next-page.html [6ms]
[2022-08-25T00:55:51.231Z] > git ls-files --stage -- /home/miura/templates/next-page.html [4ms]
[2022-08-25T00:55:51.237Z] > git cat-file -s 6151b4cfd2001ab14e2ae65df7f11e3af896795a [1ms]
[2022-08-25T00:56:16.601Z] > git show --textconv :templates/first-page.html [7ms]
[2022-08-25T00:56:16.605Z] > git ls-files --stage -- /home/miura/templates/first-page.html [5ms]
[2022-08-25T00:56:16.611Z] > git cat-file -s 4496023d24ef0bd6bacd3a5fdc60389ec29a7c83 [1ms]
[2022-08-25T00:57:04.842Z] > git status -z -uall [75ms]
[2022-08-25T00:57:04.857Z] > git symbolic-ref --short HEAD [0ms]
[2022-08-25T00:57:04.864Z] > git for-each-ref --format=%(refname)%00%(upstream:short)%00%(objectname)%00%(upstream:track)%00%(upstream:remotename)%00%(upstream:remoteref) refs/heads/feature/get-name refs/remotes/feature/get-name [1ms]
[2022-08-25T00:57:04.878Z] > git remote --verbose [4ms]
[2022-08-25T00:57:04.878Z] > git for-each-ref --sort -committerdate --format %(refname) %(objectname) %(*objectname) [8ms]
[2022-08-25T00:57:04.889Z] > git config --get commit.template [1ms]
[2022-08-25T00:57:06.914Z] > git show --textconv :index.py [6ms]
[2022-08-25T00:57:06.919Z] > git ls-files --stage -- /home/miura/index.py [5ms]
[2022-08-25T00:57:06.925Z] > git cat-file -s 1eaa08385698ece55818cc11b267b5f7afc257ec [1ms]
[2022-08-25T00:57:29.506Z] > git status -z -uall [67ms]
[2022-08-25T00:57:29.515Z] > git symbolic-ref --short HEAD [1ms]
[2022-08-25T00:57:29.523Z] > git for-each-ref --format=%(refname)%00%(upstream:short)%00%(objectname)%00%(upstream:track)%00%(upstream:remotename)%00%(upstream:remoteref) refs/heads/feature/get-name refs/remotes/feature/get-name [1ms]
[2022-08-25T00:57:29.533Z] > git for-each-ref --sort -committerdate --format %(refname) %(objectname) %(*objectname) [5ms]
[2022-08-25T00:57:29.534Z] > git remote --verbose [1ms]
[2022-08-25T00:57:29.540Z] > git config --get commit.template [0ms]
[2022-08-25T00:58:54.121Z] > git status -z -uall [63ms]
[2022-08-25T00:58:54.129Z] > git symbolic-ref --short HEAD [1ms]
[2022-08-25T00:58:54.136Z] > git for-each-ref --format=%(refname)%00%(upstream:short)%00%(objectname)%00%(upstream:track)%00%(upstream:remotename)%00%(upstream:remoteref) refs/heads/feature/get-name refs/remotes/feature/get-name [1ms]
[2022-08-25T00:58:54.147Z] > git for-each-ref --sort -committerdate --format %(refname) %(objectname) %(*objectname) [5ms]
[2022-08-25T00:58:54.148Z] > git remote --verbose [1ms]
[2022-08-25T00:58:54.155Z] > git config --get commit.template [1ms]
[2022-08-25T00:59:24.519Z] > git status -z -uall [64ms]
[2022-08-25T00:59:24.528Z] > git symbolic-ref --short HEAD [1ms]
[2022-08-25T00:59:24.535Z] > git for-each-ref --format=%(refname)%00%(upstream:short)%00%(objectname)%00%(upstream:track)%00%(upstream:remotename)%00%(upstream:remoteref) refs/heads/feature/get-name refs/remotes/feature/get-name [1ms]
[2022-08-25T00:59:24.546Z] > git remote --verbose [0ms]
[2022-08-25T00:59:24.546Z] > git for-each-ref --sort -committerdate --format %(refname) %(objectname) %(*objectname) [6ms]
[2022-08-25T00:59:24.552Z] > git config --get commit.template [0ms]
[2022-08-25T00:59:59.824Z] > git status -z -uall [62ms]
[2022-08-25T00:59:59.832Z] > git symbolic-ref --short HEAD [1ms]
[2022-08-25T00:59:59.838Z] > git for-each-ref --format=%(refname)%00%(upstream:short)%00%(objectname)%00%(upstream:track)%00%(upstream:remotename)%00%(upstream:remoteref) refs/heads/feature/get-name refs/remotes/feature/get-name [1ms]
[2022-08-25T00:59:59.848Z] > git for-each-ref --sort -committerdate --format %(refname) %(objectname) %(*objectname) [5ms]
[2022-08-25T00:59:59.848Z] > git remote --verbose [1ms]
[2022-08-25T00:59:59.854Z] > git config --get commit.template [0ms]
[2022-08-25T01:01:12.338Z] > git status -z -uall [66ms]
[2022-08-25T01:01:12.349Z] > git symbolic-ref --short HEAD [2ms]
[2022-08-25T01:01:12.356Z] > git for-each-ref --format=%(refname)%00%(upstream:short)%00%(objectname)%00%(upstream:track)%00%(upstream:remotename)%00%(upstream:remoteref) refs/heads/feature/get-name refs/remotes/feature/get-name [1ms]
[2022-08-25T01:01:12.367Z] > git remote --verbose [0ms]
[2022-08-25T01:01:12.368Z] > git for-each-ref --sort -committerdate --format %(refname) %(objectname) %(*objectname) [7ms]
[2022-08-25T01:01:12.375Z] > git config --get commit.template [2ms]
[2022-08-25T01:01:12.507Z] > git show --textconv :database.py [6ms]
[2022-08-25T01:01:12.512Z] > git ls-files --stage -- /home/miura/database.py [5ms]
[2022-08-25T01:01:12.518Z] > git cat-file -s e3ba82f3486d1510e27589e6848be7e4dbad6b1b [1ms]
[2022-08-25T01:04:29.438Z] > git status -z -uall [61ms]
[2022-08-25T01:04:29.446Z] > git symbolic-ref --short HEAD [1ms]
[2022-08-25T01:04:29.452Z] > git for-each-ref --format=%(refname)%00%(upstream:short)%00%(objectname)%00%(upstream:track)%00%(upstream:remotename)%00%(upstream:remoteref) refs/heads/feature/get-name refs/remotes/feature/get-name [1ms]
[2022-08-25T01:04:29.463Z] > git for-each-ref --sort -committerdate --format %(refname) %(objectname) %(*objectname) [6ms]
[2022-08-25T01:04:29.463Z] > git remote --verbose [1ms]
[2022-08-25T01:04:29.470Z] > git config --get commit.template [1ms]
[2022-08-25T01:04:30.512Z] > git show --textconv :index.py [6ms]
[2022-08-25T01:04:30.517Z] > git ls-files --stage -- /home/miura/index.py [5ms]
[2022-08-25T01:04:30.523Z] > git cat-file -s 1eaa08385698ece55818cc11b267b5f7afc257ec [1ms]
[2022-08-25T01:04:41.623Z] > git status -z -uall [65ms]
[2022-08-25T01:04:41.634Z] > git symbolic-ref --short HEAD [1ms]
[2022-08-25T01:04:41.642Z] > git for-each-ref --format=%(refname)%00%(upstream:short)%00%(objectname)%00%(upstream:track)%00%(upstream:remotename)%00%(upstream:remoteref) refs/heads/feature/get-name refs/remotes/feature/get-name [1ms]
[2022-08-25T01:04:41.653Z] > git for-each-ref --sort -committerdate --format %(refname) %(objectname) %(*objectname) [6ms]
[2022-08-25T01:04:41.653Z] > git remote --verbose [1ms]
[2022-08-25T01:04:41.662Z] > git config --get commit.template [1ms]
[2022-08-25T01:06:44.320Z] > git status -z -uall [81ms]
[2022-08-25T01:06:44.341Z] > git show --textconv :templates/first-page.html [5ms]
[2022-08-25T01:06:44.342Z] > git symbolic-ref --short HEAD [14ms]
[2022-08-25T01:06:44.347Z] > git ls-files --stage -- /home/miura/templates/first-page.html [6ms]
[2022-08-25T01:06:44.353Z] > git for-each-ref --format=%(refname)%00%(upstream:short)%00%(objectname)%00%(upstream:track)%00%(upstream:remotename)%00%(upstream:remoteref) refs/heads/feature/get-name refs/remotes/feature/get-name [7ms]
[2022-08-25T01:06:44.362Z] > git for-each-ref --sort -committerdate --format %(refname) %(objectname) %(*objectname) [5ms]
[2022-08-25T01:06:44.363Z] > git cat-file -s 4496023d24ef0bd6bacd3a5fdc60389ec29a7c83 [11ms]
[2022-08-25T01:06:44.363Z] > git remote --verbose [2ms]
[2022-08-25T01:06:44.370Z] > git config --get commit.template [1ms]
[2022-08-25T01:06:46.319Z] > git show --textconv :templates/next-page.html [6ms]
[2022-08-25T01:06:46.322Z] > git ls-files --stage -- /home/miura/templates/next-page.html [5ms]
[2022-08-25T01:06:46.328Z] > git cat-file -s 6151b4cfd2001ab14e2ae65df7f11e3af896795a [1ms]
[2022-08-25T01:06:52.094Z] > git show --textconv :static/style.css [7ms]
[2022-08-25T01:06:52.099Z] > git ls-files --stage -- /home/miura/static/style.css [5ms]
[2022-08-25T01:06:52.107Z] > git cat-file -s 6d7707f451c5567b21ff06e28604135f8c468bdf [2ms]
[2022-08-25T01:06:53.000Z] > git show --textconv :database.py [6ms]
[2022-08-25T01:06:53.005Z] > git ls-files --stage -- /home/miura/database.py [5ms]
[2022-08-25T01:06:53.012Z] > git cat-file -s e3ba82f3486d1510e27589e6848be7e4dbad6b1b [1ms]
[2022-08-25T01:10:52.657Z] > git status -z -uall [62ms]
[2022-08-25T01:10:52.665Z] > git symbolic-ref --short HEAD [1ms]
[2022-08-25T01:10:52.671Z] > git for-each-ref --format=%(refname)%00%(upstream:short)%00%(objectname)%00%(upstream:track)%00%(upstream:remotename)%00%(upstream:remoteref) refs/heads/feature/get-name refs/remotes/feature/get-name [1ms]
[2022-08-25T01:10:52.681Z] > git for-each-ref --sort -committerdate --format %(refname) %(objectname) %(*objectname) [5ms]
[2022-08-25T01:10:52.681Z] > git remote --verbose [1ms]
[2022-08-25T01:10:52.688Z] > git config --get commit.template [1ms]
[2022-08-25T01:15:08.720Z] > git status -z -uall [64ms]
[2022-08-25T01:15:08.728Z] > git symbolic-ref --short HEAD [0ms]
[2022-08-25T01:15:08.735Z] > git for-each-ref --format=%(refname)%00%(upstream:short)%00%(objectname)%00%(upstream:track)%00%(upstream:remotename)%00%(upstream:remoteref) refs/heads/feature/get-name refs/remotes/feature/get-name [1ms]
[2022-08-25T01:15:08.744Z] > git for-each-ref --sort -committerdate --format %(refname) %(objectname) %(*objectname) [5ms]
[2022-08-25T01:15:08.744Z] > git remote --verbose [1ms]
[2022-08-25T01:15:08.751Z] > git config --get commit.template [1ms]
[2022-08-25T01:15:13.820Z] > git status -z -uall [59ms]
[2022-08-25T01:15:13.827Z] > git symbolic-ref --short HEAD [1ms]
[2022-08-25T01:15:13.833Z] > git for-each-ref --format=%(refname)%00%(upstream:short)%00%(objectname)%00%(upstream:track)%00%(upstream:remotename)%00%(upstream:remoteref) refs/heads/feature/get-name refs/remotes/feature/get-name [1ms]
[2022-08-25T01:15:13.843Z] > git for-each-ref --sort -committerdate --format %(refname) %(objectname) %(*objectname) [5ms]
[2022-08-25T01:15:13.843Z] > git remote --verbose [1ms]
[2022-08-25T01:15:13.850Z] > git config --get commit.template [1ms]
[2022-08-25T01:15:26.028Z] > git status -z -uall [61ms]
[2022-08-25T01:15:26.036Z] > git symbolic-ref --short HEAD [1ms]
[2022-08-25T01:15:26.043Z] > git for-each-ref --format=%(refname)%00%(upstream:short)%00%(objectname)%00%(upstream:track)%00%(upstream:remotename)%00%(upstream:remoteref) refs/heads/feature/get-name refs/remotes/feature/get-name [1ms]
[2022-08-25T01:15:26.052Z] > git for-each-ref --sort -committerdate --format %(refname) %(objectname) %(*objectname) [5ms]
[2022-08-25T01:15:26.053Z] > git remote --verbose [1ms]
[2022-08-25T01:15:26.066Z] > git config --get commit.template [7ms]
[2022-08-25T01:15:30.937Z] > git show --textconv :index.py [7ms]
[2022-08-25T01:15:30.942Z] > git ls-files --stage -- /home/miura/index.py [5ms]
[2022-08-25T01:15:30.950Z] > git cat-file -s 1eaa08385698ece55818cc11b267b5f7afc257ec [1ms]
[2022-08-25T01:15:37.219Z] > git status -z -uall [60ms]
[2022-08-25T01:15:37.227Z] > git symbolic-ref --short HEAD [1ms]
[2022-08-25T01:15:37.234Z] > git for-each-ref --format=%(refname)%00%(upstream:short)%00%(objectname)%00%(upstream:track)%00%(upstream:remotename)%00%(upstream:remoteref) refs/heads/feature/get-name refs/remotes/feature/get-name [1ms]
[2022-08-25T01:15:37.244Z] > git for-each-ref --sort -committerdate --format %(refname) %(objectname) %(*objectname) [5ms]
[2022-08-25T01:15:37.244Z] > git remote --verbose [0ms]
[2022-08-25T01:15:37.256Z] > git config --get commit.template [1ms]
[2022-08-25T01:16:04.090Z] > git show --textconv :database.py [9ms]
[2022-08-25T01:16:04.096Z] > git ls-files --stage -- /home/miura/database.py [6ms]
[2022-08-25T01:16:04.101Z] > git cat-file -s e3ba82f3486d1510e27589e6848be7e4dbad6b1b [1ms]
[2022-08-25T01:18:28.198Z] > git status -z -uall [62ms]
[2022-08-25T01:18:28.206Z] > git symbolic-ref --short HEAD [1ms]
[2022-08-25T01:18:28.212Z] > git for-each-ref --format=%(refname)%00%(upstream:short)%00%(objectname)%00%(upstream:track)%00%(upstream:remotename)%00%(upstream:remoteref) refs/heads/feature/get-name refs/remotes/feature/get-name [1ms]
[2022-08-25T01:18:28.222Z] > git for-each-ref --sort -committerdate --format %(refname) %(objectname) %(*objectname) [5ms]
[2022-08-25T01:18:28.222Z] > git remote --verbose [1ms]
[2022-08-25T01:18:28.230Z] > git config --get commit.template [1ms]
[2022-08-25T01:18:28.437Z] > git show --textconv :index.py [6ms]
[2022-08-25T01:18:28.442Z] > git ls-files --stage -- /home/miura/index.py [5ms]
[2022-08-25T01:18:28.449Z] > git cat-file -s 1eaa08385698ece55818cc11b267b5f7afc257ec [1ms]
[2022-08-25T01:19:21.707Z] > git show --textconv :database.py [6ms]
[2022-08-25T01:19:21.713Z] > git ls-files --stage -- /home/miura/database.py [6ms]
[2022-08-25T01:19:21.719Z] > git cat-file -s e3ba82f3486d1510e27589e6848be7e4dbad6b1b [1ms]
[2022-08-25T01:20:02.561Z] > git show --textconv :google.py [8ms]
[2022-08-25T01:20:02.566Z] > git ls-files --stage -- /home/miura/google.py [5ms]
[2022-08-25T01:20:02.573Z] > git cat-file -s f893fa5aaecc63affa0e7585cebdc91f4cfe0ee1 [1ms]
[2022-08-25T01:20:04.854Z] > git show --textconv :database.py [8ms]
[2022-08-25T01:20:04.858Z] > git ls-files --stage -- /home/miura/database.py [5ms]
[2022-08-25T01:20:04.865Z] > git cat-file -s e3ba82f3486d1510e27589e6848be7e4dbad6b1b [1ms]
[2022-08-25T01:20:07.343Z] > git show --textconv :google.py [8ms]
[2022-08-25T01:20:07.347Z] > git ls-files --stage -- /home/miura/google.py [5ms]
[2022-08-25T01:20:07.354Z] > git cat-file -s f893fa5aaecc63affa0e7585cebdc91f4cfe0ee1 [1ms]
[2022-08-25T01:22:38.805Z] > git show --textconv :index.py [6ms]
[2022-08-25T01:22:38.810Z] > git ls-files --stage -- /home/miura/index.py [5ms]
[2022-08-25T01:22:38.817Z] > git cat-file -s 1eaa08385698ece55818cc11b267b5f7afc257ec [1ms]
[2022-08-25T01:23:04.707Z] > git show --textconv :templates/first-page.html [6ms]
[2022-08-25T01:23:04.711Z] > git ls-files --stage -- /home/miura/templates/first-page.html [4ms]
[2022-08-25T01:23:04.718Z] > git cat-file -s 4496023d24ef0bd6bacd3a5fdc60389ec29a7c83 [2ms]
[2022-08-25T01:24:30.307Z] > git show --textconv :index.py [7ms]
[2022-08-25T01:24:30.312Z] > git ls-files --stage -- /home/miura/index.py [5ms]
[2022-08-25T01:24:30.319Z] > git cat-file -s 1eaa08385698ece55818cc11b267b5f7afc257ec [1ms]
[2022-08-25T01:24:48.701Z] > git show --textconv :templates/next-page.html [7ms]
[2022-08-25T01:24:48.705Z] > git ls-files --stage -- /home/miura/templates/next-page.html [5ms]
[2022-08-25T01:24:48.712Z] > git cat-file -s 6151b4cfd2001ab14e2ae65df7f11e3af896795a [1ms]
[2022-08-25T01:24:53.970Z] > git show --textconv :templates/first-page.html [6ms]
[2022-08-25T01:24:53.974Z] > git ls-files --stage -- /home/miura/templates/first-page.html [4ms]
[2022-08-25T01:24:53.981Z] > git cat-file -s 4496023d24ef0bd6bacd3a5fdc60389ec29a7c83 [1ms]
[2022-08-25T01:24:56.461Z] > git show --textconv :index.py [7ms]
[2022-08-25T01:24:56.466Z] > git ls-files --stage -- /home/miura/index.py [6ms]
[2022-08-25T01:24:56.472Z] > git cat-file -s 1eaa08385698ece55818cc11b267b5f7afc257ec [1ms]
[2022-08-25T01:29:20.103Z] > git show --textconv :database.py [7ms]
[2022-08-25T01:29:20.108Z] > git ls-files --stage -- /home/miura/database.py [6ms]
[2022-08-25T01:29:20.116Z] > git cat-file -s e3ba82f3486d1510e27589e6848be7e4dbad6b1b [1ms]
[2022-08-25T01:31:36.974Z] > git show --textconv :templates/next-page.html [6ms]
[2022-08-25T01:31:36.979Z] > git ls-files --stage -- /home/miura/templates/next-page.html [5ms]
[2022-08-25T01:31:36.985Z] > git cat-file -s 6151b4cfd2001ab14e2ae65df7f11e3af896795a [1ms]
[2022-08-25T01:31:38.543Z] > git show --textconv :templates/first-page.html [7ms]
[2022-08-25T01:31:38.547Z] > git ls-files --stage -- /home/miura/templates/first-page.html [5ms]
[2022-08-25T01:31:38.556Z] > git cat-file -s 4496023d24ef0bd6bacd3a5fdc60389ec29a7c83 [1ms]
[2022-08-25T01:31:41.656Z] > git show --textconv :templates/next-page.html [6ms]
[2022-08-25T01:31:41.661Z] > git ls-files --stage -- /home/miura/templates/next-page.html [5ms]
[2022-08-25T01:31:41.667Z] > git cat-file -s 6151b4cfd2001ab14e2ae65df7f11e3af896795a [1ms]
[2022-08-25T01:33:52.300Z] > git status -z -uall [62ms]
[2022-08-25T01:33:52.310Z] > git symbolic-ref --short HEAD [1ms]
[2022-08-25T01:33:52.318Z] > git for-each-ref --format=%(refname)%00%(upstream:short)%00%(objectname)%00%(upstream:track)%00%(upstream:remotename)%00%(upstream:remoteref) refs/heads/feature/get-name refs/remotes/feature/get-name [1ms]
[2022-08-25T01:33:52.331Z] > git for-each-ref --sort -committerdate --format %(refname) %(objectname) %(*objectname) [8ms]
[2022-08-25T01:33:52.331Z] > git remote --verbose [1ms]
[2022-08-25T01:33:52.339Z] > git config --get commit.template [1ms]
[2022-08-25T01:36:44.712Z] > git status -z -uall [61ms]
[2022-08-25T01:36:44.720Z] > git symbolic-ref --short HEAD [1ms]
[2022-08-25T01:36:44.727Z] > git for-each-ref --format=%(refname)%00%(upstream:short)%00%(objectname)%00%(upstream:track)%00%(upstream:remotename)%00%(upstream:remoteref) refs/heads/feature/get-name refs/remotes/feature/get-name [1ms]
[2022-08-25T01:36:44.738Z] > git for-each-ref --sort -committerdate --format %(refname) %(objectname) %(*objectname) [6ms]
[2022-08-25T01:36:44.738Z] > git remote --verbose [1ms]
[2022-08-25T01:36:44.745Z] > git config --get commit.template [1ms]
[2022-08-25T01:37:12.107Z] > git show --textconv :index.py [8ms]
[2022-08-25T01:37:12.112Z] > git ls-files --stage -- /home/miura/index.py [6ms]
[2022-08-25T01:37:12.120Z] > git cat-file -s 1eaa08385698ece55818cc11b267b5f7afc257ec [2ms]
[2022-08-25T01:37:28.958Z] > git status -z -uall [64ms]
[2022-08-25T01:37:28.967Z] > git symbolic-ref --short HEAD [1ms]
[2022-08-25T01:37:28.973Z] > git for-each-ref --format=%(refname)%00%(upstream:short)%00%(objectname)%00%(upstream:track)%00%(upstream:remotename)%00%(upstream:remoteref) refs/heads/feature/get-name refs/remotes/feature/get-name [1ms]
[2022-08-25T01:37:28.984Z] > git for-each-ref --sort -committerdate --format %(refname) %(objectname) %(*objectname) [6ms]
[2022-08-25T01:37:28.984Z] > git remote --verbose [1ms]
[2022-08-25T01:37:28.991Z] > git config --get commit.template [1ms]
[2022-08-25T01:37:36.801Z] > git show --textconv :templates/next-page.html [6ms]
[2022-08-25T01:37:36.806Z] > git ls-files --stage -- /home/miura/templates/next-page.html [5ms]
[2022-08-25T01:37:36.813Z] > git cat-file -s 6151b4cfd2001ab14e2ae65df7f11e3af896795a [2ms]
[2022-08-25T01:38:00.471Z] > git status -z -uall [61ms]
[2022-08-25T01:38:00.480Z] > git symbolic-ref --short HEAD [1ms]
[2022-08-25T01:38:00.486Z] > git for-each-ref --format=%(refname)%00%(upstream:short)%00%(objectname)%00%(upstream:track)%00%(upstream:remotename)%00%(upstream:remoteref) refs/heads/feature/get-name refs/remotes/feature/get-name [1ms]
[2022-08-25T01:38:00.497Z] > git for-each-ref --sort -committerdate --format %(refname) %(objectname) %(*objectname) [6ms]
[2022-08-25T01:38:00.497Z] > git remote --verbose [1ms]
[2022-08-25T01:38:00.505Z] > git config --get commit.template [1ms]
[2022-08-25T01:39:07.554Z] > git status -z -uall [60ms]
[2022-08-25T01:39:07.562Z] > git symbolic-ref --short HEAD [1ms]
[2022-08-25T01:39:07.568Z] > git for-each-ref --format=%(refname)%00%(upstream:short)%00%(objectname)%00%(upstream:track)%00%(upstream:remotename)%00%(upstream:remoteref) refs/heads/feature/get-name refs/remotes/feature/get-name [1ms]
[2022-08-25T01:39:07.578Z] > git for-each-ref --sort -committerdate --format %(refname) %(objectname) %(*objectname) [5ms]
[2022-08-25T01:39:07.579Z] > git remote --verbose [1ms]
[2022-08-25T01:39:07.587Z] > git config --get commit.template [2ms]
[2022-08-25T01:39:48.479Z] > git status -z -uall [59ms]
[2022-08-25T01:39:48.487Z] > git symbolic-ref --short HEAD [0ms]
[2022-08-25T01:39:48.493Z] > git for-each-ref --format=%(refname)%00%(upstream:short)%00%(objectname)%00%(upstream:track)%00%(upstream:remotename)%00%(upstream:remoteref) refs/heads/feature/get-name refs/remotes/feature/get-name [1ms]
[2022-08-25T01:39:48.503Z] > git for-each-ref --sort -committerdate --format %(refname) %(objectname) %(*objectname) [5ms]
[2022-08-25T01:39:48.503Z] > git remote --verbose [1ms]
[2022-08-25T01:39:48.510Z] > git config --get commit.template [0ms]
[2022-08-25T01:40:18.202Z] > git status -z -uall [60ms]
[2022-08-25T01:40:18.211Z] > git symbolic-ref --short HEAD [0ms]
[2022-08-25T01:40:18.217Z] > git for-each-ref --format=%(refname)%00%(upstream:short)%00%(objectname)%00%(upstream:track)%00%(upstream:remotename)%00%(upstream:remoteref) refs/heads/feature/get-name refs/remotes/feature/get-name [1ms]
[2022-08-25T01:40:18.226Z] > git for-each-ref --sort -committerdate --format %(refname) %(objectname) %(*objectname) [5ms]
[2022-08-25T01:40:18.227Z] > git remote --verbose [1ms]
[2022-08-25T01:40:18.235Z] > git config --get commit.template [1ms]
[2022-08-25T01:40:37.243Z] > git show --textconv :index.py [7ms]
[2022-08-25T01:40:37.248Z] > git ls-files --stage -- /home/miura/index.py [5ms]
[2022-08-25T01:40:37.255Z] > git cat-file -s 1eaa08385698ece55818cc11b267b5f7afc257ec [1ms]
[2022-08-25T01:41:16.746Z] > git status -z -uall [61ms]
[2022-08-25T01:41:16.754Z] > git symbolic-ref --short HEAD [1ms]
[2022-08-25T01:41:16.761Z] > git for-each-ref --format=%(refname)%00%(upstream:short)%00%(objectname)%00%(upstream:track)%00%(upstream:remotename)%00%(upstream:remoteref) refs/heads/feature/get-name refs/remotes/feature/get-name [1ms]
[2022-08-25T01:41:16.775Z] > git remote --verbose [4ms]
[2022-08-25T01:41:16.776Z] > git for-each-ref --sort -committerdate --format %(refname) %(objectname) %(*objectname) [9ms]
[2022-08-25T01:41:16.783Z] > git config --get commit.template [1ms]
[2022-08-25T01:41:20.275Z] > git show --textconv :templates/next-page.html [7ms]
[2022-08-25T01:41:20.279Z] > git ls-files --stage -- /home/miura/templates/next-page.html [5ms]
[2022-08-25T01:41:20.285Z] > git cat-file -s 6151b4cfd2001ab14e2ae65df7f11e3af896795a [1ms]
[2022-08-25T01:42:58.189Z] > git status -z -uall [62ms]
[2022-08-25T01:42:58.198Z] > git symbolic-ref --short HEAD [1ms]
[2022-08-25T01:42:58.205Z] > git for-each-ref --format=%(refname)%00%(upstream:short)%00%(objectname)%00%(upstream:track)%00%(upstream:remotename)%00%(upstream:remoteref) refs/heads/feature/get-name refs/remotes/feature/get-name [1ms]
[2022-08-25T01:42:58.215Z] > git for-each-ref --sort -committerdate --format %(refname) %(objectname) %(*objectname) [5ms]
[2022-08-25T01:42:58.215Z] > git remote --verbose [1ms]
[2022-08-25T01:42:58.223Z] > git config --get commit.template [1ms]
[2022-08-25T01:43:03.962Z] > git show --textconv :index.py [7ms]
[2022-08-25T01:43:03.967Z] > git ls-files --stage -- /home/miura/index.py [5ms]
[2022-08-25T01:43:03.974Z] > git cat-file -s 1eaa08385698ece55818cc11b267b5f7afc257ec [1ms]
[2022-08-25T01:43:27.970Z] > git status -z -uall [60ms]
[2022-08-25T01:43:27.979Z] > git symbolic-ref --short HEAD [1ms]
[2022-08-25T01:43:27.985Z] > git for-each-ref --format=%(refname)%00%(upstream:short)%00%(objectname)%00%(upstream:track)%00%(upstream:remotename)%00%(upstream:remoteref) refs/heads/feature/get-name refs/remotes/feature/get-name [1ms]
[2022-08-25T01:43:27.995Z] > git for-each-ref --sort -committerdate --format %(refname) %(objectname) %(*objectname) [5ms]
[2022-08-25T01:43:27.995Z] > git remote --verbose [1ms]
[2022-08-25T01:43:28.003Z] > git config --get commit.template [1ms]
[2022-08-25T01:44:10.460Z] > git show --textconv :templates/next-page.html [6ms]
[2022-08-25T01:44:10.464Z] > git ls-files --stage -- /home/miura/templates/next-page.html [5ms]
[2022-08-25T01:44:10.470Z] > git cat-file -s 6151b4cfd2001ab14e2ae65df7f11e3af896795a [1ms]
[2022-08-25T01:44:28.996Z] > git status -z -uall [60ms]
[2022-08-25T01:44:29.004Z] > git symbolic-ref --short HEAD [1ms]
[2022-08-25T01:44:29.011Z] > git for-each-ref --format=%(refname)%00%(upstream:short)%00%(objectname)%00%(upstream:track)%00%(upstream:remotename)%00%(upstream:remoteref) refs/heads/feature/get-name refs/remotes/feature/get-name [1ms]
[2022-08-25T01:44:29.021Z] > git for-each-ref --sort -committerdate --format %(refname) %(objectname) %(*objectname) [5ms]
[2022-08-25T01:44:29.021Z] > git remote --verbose [1ms]
[2022-08-25T01:44:29.029Z] > git config --get commit.template [1ms]
[2022-08-25T01:45:09.332Z] > git show --textconv :index.py [6ms]
[2022-08-25T01:45:09.337Z] > git ls-files --stage -- /home/miura/index.py [5ms]
[2022-08-25T01:45:09.344Z] > git cat-file -s 1eaa08385698ece55818cc11b267b5f7afc257ec [1ms]
[2022-08-25T01:45:15.595Z] > git status -z -uall [59ms]
[2022-08-25T01:45:15.603Z] > git symbolic-ref --short HEAD [1ms]
[2022-08-25T01:45:15.610Z] > git for-each-ref --format=%(refname)%00%(upstream:short)%00%(objectname)%00%(upstream:track)%00%(upstream:remotename)%00%(upstream:remoteref) refs/heads/feature/get-name refs/remotes/feature/get-name [1ms]
[2022-08-25T01:45:15.620Z] > git for-each-ref --sort -committerdate --format %(refname) %(objectname) %(*objectname) [5ms]
[2022-08-25T01:45:15.620Z] > git remote --verbose [1ms]
[2022-08-25T01:45:15.628Z] > git config --get commit.template [1ms]
[2022-08-25T01:45:45.288Z] > git status -z -uall [60ms]
[2022-08-25T01:45:45.296Z] > git symbolic-ref --short HEAD [1ms]
[2022-08-25T01:45:45.303Z] > git for-each-ref --format=%(refname)%00%(upstream:short)%00%(objectname)%00%(upstream:track)%00%(upstream:remotename)%00%(upstream:remoteref) refs/heads/feature/get-name refs/remotes/feature/get-name [1ms]
[2022-08-25T01:45:45.313Z] > git for-each-ref --sort -committerdate --format %(refname) %(objectname) %(*objectname) [5ms]
[2022-08-25T01:45:45.313Z] > git remote --verbose [1ms]
[2022-08-25T01:45:45.320Z] > git config --get commit.template [1ms]
[2022-08-25T01:46:10.028Z] > git show --textconv :templates/next-page.html [7ms]
[2022-08-25T01:46:10.032Z] > git ls-files --stage -- /home/miura/templates/next-page.html [5ms]
[2022-08-25T01:46:10.038Z] > git cat-file -s 6151b4cfd2001ab14e2ae65df7f11e3af896795a [1ms]
[2022-08-25T01:47:01.497Z] > git status -z -uall [62ms]
[2022-08-25T01:47:01.505Z] > git symbolic-ref --short HEAD [1ms]
[2022-08-25T01:47:01.511Z] > git for-each-ref --format=%(refname)%00%(upstream:short)%00%(objectname)%00%(upstream:track)%00%(upstream:remotename)%00%(upstream:remoteref) refs/heads/feature/get-name refs/remotes/feature/get-name [1ms]
[2022-08-25T01:47:01.522Z] > git for-each-ref --sort -committerdate --format %(refname) %(objectname) %(*objectname) [5ms]
[2022-08-25T01:47:01.522Z] > git remote --verbose [0ms]
[2022-08-25T01:47:01.530Z] > git config --get commit.template [1ms]
[2022-08-25T01:47:10.069Z] > git show --textconv :index.py [6ms]
[2022-08-25T01:47:10.075Z] > git ls-files --stage -- /home/miura/index.py [6ms]
[2022-08-25T01:47:10.081Z] > git cat-file -s 1eaa08385698ece55818cc11b267b5f7afc257ec [1ms]
[2022-08-25T01:48:27.531Z] > git status -z -uall [61ms]
[2022-08-25T01:48:27.539Z] > git symbolic-ref --short HEAD [1ms]
[2022-08-25T01:48:27.546Z] > git for-each-ref --format=%(refname)%00%(upstream:short)%00%(objectname)%00%(upstream:track)%00%(upstream:remotename)%00%(upstream:remoteref) refs/heads/feature/get-name refs/remotes/feature/get-name [1ms]
[2022-08-25T01:48:27.555Z] > git for-each-ref --sort -committerdate --format %(refname) %(objectname) %(*objectname) [5ms]
[2022-08-25T01:48:27.555Z] > git remote --verbose [0ms]
[2022-08-25T01:48:27.562Z] > git config --get commit.template [0ms]
[2022-08-25T01:48:28.932Z] > git show --textconv :templates/next-page.html [7ms]
[2022-08-25T01:48:28.936Z] > git ls-files --stage -- /home/miura/templates/next-page.html [5ms]
[2022-08-25T01:48:28.942Z] > git cat-file -s 6151b4cfd2001ab14e2ae65df7f11e3af896795a [1ms]
[2022-08-25T01:48:49.018Z] > git status -z -uall [61ms]
[2022-08-25T01:48:49.026Z] > git symbolic-ref --short HEAD [1ms]
[2022-08-25T01:48:49.032Z] > git for-each-ref --format=%(refname)%00%(upstream:short)%00%(objectname)%00%(upstream:track)%00%(upstream:remotename)%00%(upstream:remoteref) refs/heads/feature/get-name refs/remotes/feature/get-name [1ms]
[2022-08-25T01:48:49.042Z] > git for-each-ref --sort -committerdate --format %(refname) %(objectname) %(*objectname) [5ms]
[2022-08-25T01:48:49.043Z] > git remote --verbose [1ms]
[2022-08-25T01:48:49.050Z] > git config --get commit.template [1ms]
[2022-08-25T01:49:11.956Z] > git status -z -uall [66ms]
[2022-08-25T01:49:11.966Z] > git symbolic-ref --short HEAD [1ms]
[2022-08-25T01:49:11.973Z] > git for-each-ref --format=%(refname)%00%(upstream:short)%00%(objectname)%00%(upstream:track)%00%(upstream:remotename)%00%(upstream:remoteref) refs/heads/feature/get-name refs/remotes/feature/get-name [1ms]
[2022-08-25T01:49:11.985Z] > git for-each-ref --sort -committerdate --format %(refname) %(objectname) %(*objectname) [6ms]
[2022-08-25T01:49:11.985Z] > git remote --verbose [1ms]
[2022-08-25T01:49:11.993Z] > git config --get commit.template [1ms]
[2022-08-25T01:49:14.536Z] > git show --textconv :index.py [8ms]
[2022-08-25T01:49:14.540Z] > git ls-files --stage -- /home/miura/index.py [6ms]
[2022-08-25T01:49:14.546Z] > git cat-file -s 1eaa08385698ece55818cc11b267b5f7afc257ec [1ms]
[2022-08-25T01:49:21.259Z] > git status -z -uall [59ms]
[2022-08-25T01:49:21.268Z] > git symbolic-ref --short HEAD [1ms]
[2022-08-25T01:49:21.274Z] > git for-each-ref --format=%(refname)%00%(upstream:short)%00%(objectname)%00%(upstream:track)%00%(upstream:remotename)%00%(upstream:remoteref) refs/heads/feature/get-name refs/remotes/feature/get-name [1ms]
[2022-08-25T01:49:21.284Z] > git for-each-ref --sort -committerdate --format %(refname) %(objectname) %(*objectname) [5ms]
[2022-08-25T01:49:21.284Z] > git remote --verbose [1ms]
[2022-08-25T01:49:21.293Z] > git config --get commit.template [0ms]
[2022-08-25T01:50:31.246Z] > git show --textconv :templates/next-page.html [7ms]
[2022-08-25T01:50:31.250Z] > git ls-files --stage -- /home/miura/templates/next-page.html [4ms]
[2022-08-25T01:50:31.256Z] > git cat-file -s 6151b4cfd2001ab14e2ae65df7f11e3af896795a [1ms]
