[2022-08-18T00:47:25.328Z] ログ レベル: Info
[2022-08-18T00:47:25.335Z] [info] Git の検証が検出されました: git
[2022-08-18T00:47:25.371Z] [info] git から Git 2.34.1 を使用しています
[2022-08-18T00:47:25.412Z] > git rev-parse --show-toplevel [24ms]
[2022-08-18T00:47:25.412Z] fatal: not a git repository (or any of the parent directories): .git
[2022-08-18T00:47:25.426Z] > git rev-parse --show-toplevel [1ms]
[2022-08-18T00:47:25.426Z] fatal: not a git repository (or any of the parent directories): .git
[2022-08-18T00:47:25.435Z] > git rev-parse --show-toplevel [1ms]
[2022-08-18T00:47:25.436Z] fatal: not a git repository (or any of the parent directories): .git
[2022-08-18T00:47:25.449Z] > git rev-parse --show-toplevel [6ms]
[2022-08-18T00:47:25.449Z] fatal: not a git repository (or any of the parent directories): .git
[2022-08-18T00:47:25.457Z] > git rev-parse --show-toplevel [1ms]
[2022-08-18T00:47:25.457Z] fatal: not a git repository (or any of the parent directories): .git
[2022-08-18T00:47:25.466Z] > git rev-parse --show-toplevel [1ms]
[2022-08-18T00:47:25.466Z] fatal: not a git repository (or any of the parent directories): .git
[2022-08-18T00:47:25.473Z] > git rev-parse --show-toplevel [0ms]
[2022-08-18T00:47:25.473Z] fatal: not a git repository (or any of the parent directories): .git
[2022-08-18T00:47:25.481Z] > git rev-parse --show-toplevel [0ms]
[2022-08-18T00:47:25.481Z] fatal: not a git repository (or any of the parent directories): .git
[2022-08-18T00:47:25.489Z] > git rev-parse --show-toplevel [1ms]
[2022-08-18T00:47:25.489Z] fatal: not a git repository (or any of the parent directories): .git
[2022-08-18T00:47:25.497Z] > git rev-parse --show-toplevel [1ms]
[2022-08-18T00:47:25.497Z] fatal: not a git repository (or any of the parent directories): .git
[2022-08-18T00:47:26.981Z] > git rev-parse --show-toplevel [11ms]
[2022-08-18T00:47:26.981Z] fatal: not a git repository (or any of the parent directories): .git
[2022-08-18T00:47:27.001Z] > git rev-parse --show-toplevel [1ms]
[2022-08-18T00:47:27.001Z] fatal: not a git repository (or any of the parent directories): .git
[2022-08-18T00:47:27.017Z] > git rev-parse --show-toplevel [1ms]
[2022-08-18T00:47:27.017Z] fatal: not a git repository (or any of the parent directories): .git
[2022-08-18T00:47:27.040Z] > git rev-parse --show-toplevel [4ms]
[2022-08-18T00:47:27.040Z] fatal: not a git repository (or any of the parent directories): .git
[2022-08-18T00:47:27.068Z] > git rev-parse --show-toplevel [19ms]
[2022-08-18T00:47:27.068Z] fatal: not a git repository (or any of the parent directories): .git
[2022-08-18T00:47:31.732Z] > git rev-parse --show-toplevel [7ms]
[2022-08-18T00:47:31.732Z] fatal: not a git repository (or any of the parent directories): .git
[2022-08-18T01:03:27.917Z] > git rev-parse --show-toplevel [1ms]
[2022-08-18T01:03:27.917Z] fatal: not a git repository (or any of the parent directories): .git
