[2022-08-25T23:54:16.113Z] ログ レベル: Info
[2022-08-25T23:54:16.119Z] [info] Git の検証が検出されました: git
[2022-08-25T23:54:16.145Z] [info] git から Git 2.34.1 を使用しています
[2022-08-25T23:54:16.179Z] > git rev-parse --show-toplevel [23ms]
[2022-08-25T23:54:16.190Z] > git rev-parse --git-dir --git-common-dir [5ms]
[2022-08-25T23:54:16.198Z] [info] Open repository: /home/miura
[2022-08-25T23:54:16.311Z] > git status -z -uall [107ms]
[2022-08-25T23:54:16.316Z] > git symbolic-ref --short HEAD [1ms]
[2022-08-25T23:54:16.322Z] > git for-each-ref --format=%(refname)%00%(upstream:short)%00%(objectname)%00%(upstream:track)%00%(upstream:remotename)%00%(upstream:remoteref) refs/heads/feature/get-name refs/remotes/feature/get-name [2ms]
[2022-08-25T23:54:16.330Z] > git for-each-ref --sort -committerdate --format %(refname) %(objectname) %(*objectname) [5ms]
[2022-08-25T23:54:16.330Z] > git remote --verbose [1ms]
[2022-08-25T23:54:18.645Z] > git config --get commit.template [2165ms]
[2022-08-25T23:54:18.744Z] > git status -z -uall [90ms]
[2022-08-25T23:54:18.765Z] > git symbolic-ref --short HEAD [13ms]
[2022-08-25T23:54:18.774Z] > git for-each-ref --format=%(refname)%00%(upstream:short)%00%(objectname)%00%(upstream:track)%00%(upstream:remotename)%00%(upstream:remoteref) refs/heads/feature/get-name refs/remotes/feature/get-name [2ms]
[2022-08-25T23:54:18.787Z] > git for-each-ref --sort -committerdate --format %(refname) %(objectname) %(*objectname) [8ms]
[2022-08-25T23:54:18.789Z] > git remote --verbose [4ms]
[2022-08-25T23:54:18.924Z] > git config --get commit.template [9ms]
[2022-08-25T23:54:23.382Z] > git check-ignore -v -z --stdin [22ms]
[2022-08-25T23:54:23.408Z] > git show --textconv :static/style.css [8ms]
[2022-08-25T23:54:23.412Z] > git ls-files --stage -- /home/miura/static/style.css [5ms]
[2022-08-25T23:54:23.421Z] > git cat-file -s 6d7707f451c5567b21ff06e28604135f8c468bdf [2ms]
[2022-08-25T23:55:07.867Z] > git show --textconv :templates/next-page.html [6ms]
[2022-08-25T23:55:07.871Z] > git ls-files --stage -- /home/miura/templates/next-page.html [5ms]
[2022-08-25T23:55:07.877Z] > git cat-file -s 6151b4cfd2001ab14e2ae65df7f11e3af896795a [1ms]
[2022-08-25T23:55:09.283Z] > git show --textconv :static/style.css [5ms]
[2022-08-25T23:55:09.287Z] > git ls-files --stage -- /home/miura/static/style.css [4ms]
[2022-08-25T23:55:09.292Z] > git cat-file -s 6d7707f451c5567b21ff06e28604135f8c468bdf [1ms]
[2022-08-25T23:55:18.030Z] > git status -z -uall [89ms]
[2022-08-25T23:55:18.037Z] > git symbolic-ref --short HEAD [2ms]
[2022-08-25T23:55:18.043Z] > git for-each-ref --format=%(refname)%00%(upstream:short)%00%(objectname)%00%(upstream:track)%00%(upstream:remotename)%00%(upstream:remoteref) refs/heads/feature/get-name refs/remotes/feature/get-name [1ms]
[2022-08-25T23:55:18.053Z] > git for-each-ref --sort -committerdate --format %(refname) %(objectname) %(*objectname) [6ms]
[2022-08-25T23:55:18.054Z] > git remote --verbose [2ms]
[2022-08-25T23:55:22.630Z] > git config --get commit.template [4387ms]
[2022-08-25T23:56:12.376Z] > git status -z -uall [86ms]
[2022-08-25T23:56:12.383Z] > git symbolic-ref --short HEAD [1ms]
[2022-08-25T23:56:12.388Z] > git for-each-ref --format=%(refname)%00%(upstream:short)%00%(objectname)%00%(upstream:track)%00%(upstream:remotename)%00%(upstream:remoteref) refs/heads/feature/get-name refs/remotes/feature/get-name [1ms]
[2022-08-25T23:56:12.397Z] > git for-each-ref --sort -committerdate --format %(refname) %(objectname) %(*objectname) [5ms]
[2022-08-25T23:56:12.397Z] > git remote --verbose [1ms]
