[2022-08-26 11:51:39.955] [exthost] [info] Extension host with pid 745303 started
[2022-08-26 11:51:39.957] [exthost] [error] Error: EEXIST: file already exists, open '/home/miura/.vscode-server/data/User/workspaceStorage/10f28a9bcfacb3e362fb8253dbe5a6bb/vscode.lock'
[2022-08-26 11:51:39.961] [exthost] [info] Lock '/home/miura/.vscode-server/data/User/workspaceStorage/10f28a9bcfacb3e362fb8253dbe5a6bb/vscode.lock': Could not acquire lock, checking if the file is stale.
[2022-08-26 11:51:39.964] [exthost] [info] Lock '/home/miura/.vscode-server/data/User/workspaceStorage/10f28a9bcfacb3e362fb8253dbe5a6bb/vscode.lock': The lock does not look stale, elapsed: 836 ms, giving up.
[2022-08-26 11:51:39.966] [exthost] [info] Lock '/home/miura/.vscode-server/data/User/workspaceStorage/10f28a9bcfacb3e362fb8253dbe5a6bb-1/vscode.lock': Lock acquired.
[2022-08-26 11:51:40.308] [exthost] [info] ExtensionService#_doActivateExtension vscode.debug-auto-launch, startup: true, activationEvent: '*'
[2022-08-26 11:51:40.313] [exthost] [info] ExtensionService#_doActivateExtension vscode.git-base, startup: true, activationEvent: '*'
[2022-08-26 11:51:40.317] [exthost] [info] ExtensionService#_doActivateExtension vscode.ipynb, startup: true, activationEvent: '*'
[2022-08-26 11:51:40.454] [exthost] [info] ExtensionService#_doActivateExtension ms-python.python, startup: false, activationEvent: 'onLanguage:python'
[2022-08-26 11:51:40.711] [exthost] [info] ExtensionService#_doActivateExtension ms-toolsai.jupyter, startup: false, activationEvent: 'onLanguage:python'
[2022-08-26 11:51:41.067] [exthost] [info] ExtensionService#_doActivateExtension vscode.github, startup: true, activationEvent: '*'
[2022-08-26 11:51:42.960] [exthost] [info] ExtensionService#_doActivateExtension vscode.emmet, startup: false, activationEvent: 'onStartupFinished'
[2022-08-26 11:51:42.975] [exthost] [info] ExtensionService#_doActivateExtension vscode.merge-conflict, startup: false, activationEvent: 'onStartupFinished'
[2022-08-26 11:51:42.979] [exthost] [info] Eager extensions activated
[2022-08-26 11:51:43.653] [exthost] [info] ExtensionService#_doActivateExtension ms-python.vscode-pylance, startup: false, activationEvent: 'onLanguage:python'
[2022-08-26 11:51:44.587] [exthost] [info] ExtensionService#_doActivateExtension vscode.configuration-editing, startup: false, activationEvent: 'onLanguage:jsonc'
[2022-08-26 11:51:44.593] [exthost] [info] ExtensionService#_doActivateExtension vscode.json-language-features, startup: false, activationEvent: 'onLanguage:jsonc'
[2022-08-26 11:51:44.654] [exthost] [info] ExtensionService#_doActivateExtension vscode.typescript-language-features, startup: false, activationEvent: 'onLanguage:jsonc'
[2022-08-26 13:35:27.669] [exthost] [info] Extension host terminating: renderer disconnected for too long (2)
[2022-08-26 13:35:27.670] [exthost] [info] Lock '/home/miura/.vscode-server/data/User/workspaceStorage/10f28a9bcfacb3e362fb8253dbe5a6bb-1/vscode.lock': Marking the lockfile as scheduled to be released in 6000 ms.
[2022-08-26 13:35:27.690] [exthost] [info] Extension host with pid 745303 exiting with code 0
